Log file open, 08/11/22 21:19:35
LogInit: Display: Running engine for game: ActionRoguelike
LogPlatformFile: Not using cached read wrapper
LogTaskGraph: Started task graph with 5 named threads and 47 total threads with 3 sets of task threads.
LogStats: Stats thread started at 0.360932
LogD3D11RHI: Loaded GFSDK_Aftermath_Lib.x64.dll
LogICUInternationalization: ICU TimeZone Detection - Raw Offset: +9:00, Platform Override: ''
LogPluginManager: Mounting plugin Paper2D
LogPluginManager: Mounting plugin AISupport
LogPluginManager: Mounting plugin LightPropagationVolume
LogPluginManager: Mounting plugin CameraShakePreviewer
LogPluginManager: Mounting plugin ActorLayerUtilities
LogPluginManager: Mounting plugin AnimationSharing
LogPluginManager: Mounting plugin CLionSourceCodeAccess
LogPluginManager: Mounting plugin CodeLiteSourceCodeAccess
LogPluginManager: Mounting plugin GitSourceControl
LogPluginManager: Mounting plugin KDevelopSourceCodeAccess
LogPluginManager: Mounting plugin NullSourceCodeAccess
LogPluginManager: Mounting plugin PerforceSourceControl
LogPluginManager: Mounting plugin PlasticSourceControl
LogPluginManager: Mounting plugin RiderSourceCodeAccess
LogPluginManager: Mounting plugin SubversionSourceControl
LogPluginManager: Mounting plugin UObjectPlugin
LogPluginManager: Mounting plugin VisualStudioCodeSourceCodeAccess
LogPluginManager: Mounting plugin VisualStudioSourceCodeAccess
LogPluginManager: Mounting plugin XCodeSourceCodeAccess
LogPluginManager: Mounting plugin AssetManagerEditor
LogPluginManager: Mounting plugin CryptoKeys
LogPluginManager: Mounting plugin CurveEditorTools
LogPluginManager: Mounting plugin DataValidation
LogPluginManager: Mounting plugin EditorScriptingUtilities
LogPluginManager: Mounting plugin FacialAnimation
LogPluginManager: Mounting plugin GameplayTagsEditor
LogPluginManager: Mounting plugin GeometryMode
LogPluginManager: Mounting plugin MacGraphicsSwitching
LogPluginManager: Mounting plugin MaterialAnalyzer
LogPluginManager: Mounting plugin MobileLauncherProfileWizard
LogPluginManager: Mounting plugin PluginBrowser
LogPluginManager: Mounting plugin SpeedTreeImporter
LogPluginManager: Mounting plugin DatasmithContent
LogPluginManager: Mounting plugin VariantManagerContent
LogPluginManager: Mounting plugin AlembicImporter
LogPluginManager: Mounting plugin AutomationUtils
LogPluginManager: Mounting plugin BackChannel
LogPluginManager: Mounting plugin ChaosCloth
LogPluginManager: Mounting plugin ChaosClothEditor
LogPluginManager: Mounting plugin ChaosEditor
LogPluginManager: Mounting plugin ChaosNiagara
LogPluginManager: Mounting plugin ChaosSolverPlugin
LogPluginManager: Mounting plugin CharacterAI
LogPluginManager: Mounting plugin GeometryCache
LogPluginManager: Mounting plugin GeometryCollectionPlugin
LogPluginManager: Mounting plugin GeometryProcessing
LogPluginManager: Mounting plugin PlanarCut
LogPluginManager: Mounting plugin PlatformCrypto
LogPluginManager: Mounting plugin ProxyLODPlugin
LogPluginManager: Mounting plugin SkeletalReduction
LogPluginManager: Mounting plugin Niagara
LogPluginManager: Mounting plugin MagicLeap
LogPluginManager: Mounting plugin MagicLeapLightEstimation
LogPluginManager: Mounting plugin MagicLeapMedia
LogPluginManager: Mounting plugin MagicLeapPassableWorld
LogPluginManager: Mounting plugin MLSDK
LogPluginManager: Mounting plugin AndroidMedia
LogPluginManager: Mounting plugin AvfMedia
LogPluginManager: Mounting plugin ImgMedia
LogPluginManager: Mounting plugin MediaCompositing
LogPluginManager: Mounting plugin MediaPlayerEditor
LogPluginManager: Mounting plugin WebMMedia
LogPluginManager: Mounting plugin WmfMedia
LogPluginManager: Mounting plugin MeshPainting
LogPluginManager: Mounting plugin TcpMessaging
LogPluginManager: Mounting plugin UdpMessaging
LogPluginManager: Mounting plugin ActorSequence
LogPluginManager: Mounting plugin LevelSequenceEditor
LogPluginManager: Mounting plugin MatineeToLevelSequence
LogPluginManager: Mounting plugin MovieRenderPipeline
LogPluginManager: Mounting plugin TemplateSequence
LogPluginManager: Mounting plugin NetcodeUnitTest
LogPluginManager: Mounting plugin NUTUnrealEngine4
LogPluginManager: Mounting plugin OnlineSubsystemGooglePlay
LogPluginManager: Mounting plugin OnlineSubsystemIOS
LogPluginManager: Mounting plugin OnlineSubsystem
LogPluginManager: Mounting plugin OnlineSubsystemNull
LogPluginManager: Mounting plugin OnlineSubsystemUtils
LogPluginManager: Mounting plugin LauncherChunkInstaller
LogPluginManager: Mounting plugin AndroidDeviceProfileSelector
LogPluginManager: Mounting plugin AndroidMoviePlayer
LogPluginManager: Mounting plugin AndroidPermission
LogPluginManager: Mounting plugin AppleImageUtils
LogPluginManager: Mounting plugin AppleMoviePlayer
LogPluginManager: Mounting plugin ArchVisCharacter
LogPluginManager: Mounting plugin AssetTags
LogPluginManager: Mounting plugin AudioCapture
LogPluginManager: Mounting plugin CableComponent
LogPluginManager: Mounting plugin CustomMeshComponent
LogPluginManager: Mounting plugin EditableMesh
LogPluginManager: Mounting plugin ExampleDeviceProfileSelector
LogPluginManager: Mounting plugin GoogleCloudMessaging
LogPluginManager: Mounting plugin GooglePAD
LogPluginManager: Mounting plugin IOSDeviceProfileSelector
LogPluginManager: Mounting plugin LinuxDeviceProfileSelector
LogPluginManager: Mounting plugin LocationServicesBPLibrary
LogPluginManager: Mounting plugin MobilePatchingUtils
LogPluginManager: Mounting plugin OculusVR
LogPluginManager: Mounting plugin PhysXVehicles
LogPluginManager: Mounting plugin PostSplashScreen
LogPluginManager: Mounting plugin ProceduralMeshComponent
LogPluginManager: Mounting plugin RuntimePhysXCooking
LogPluginManager: Mounting plugin SignificanceManager
LogPluginManager: Mounting plugin SoundFields
LogPluginManager: Mounting plugin SteamVR
LogPluginManager: Mounting plugin Synthesis
LogPluginManager: Mounting plugin WebMMoviePlayer
LogPluginManager: Mounting plugin WindowsMoviePlayer
LogPluginManager: Mounting plugin ScreenshotTools
LogInit: Using libcurl 7.55.1-DEV
LogInit:  - built for x86_64-pc-win32
LogInit:  - supports SSL with OpenSSL/1.1.1
LogInit:  - supports HTTP deflate (compression) using libz 1.2.8
LogInit:  - other features:
LogInit:      CURL_VERSION_SSL
LogInit:      CURL_VERSION_LIBZ
LogInit:      CURL_VERSION_IPV6
LogInit:      CURL_VERSION_ASYNCHDNS
LogInit:      CURL_VERSION_LARGEFILE
LogInit:      CURL_VERSION_IDN
LogInit:  CurlRequestOptions (configurable via config and command line):
LogInit:  - bVerifyPeer = true  - Libcurl will verify peer certificate
LogInit:  - bUseHttpProxy = false  - Libcurl will NOT use HTTP proxy
LogInit:  - bDontReuseConnections = false  - Libcurl will reuse connections
LogInit:  - MaxHostConnections = 16  - Libcurl will limit the number of connections to a host
LogInit:  - LocalHostAddr = Default
LogInit:  - BufferSize = 65536
LogOnline: OSS: Creating online subsystem instance for: NULL
LogInit: WinSock: version 1.1 (2.2), MaxSocks=32767, MaxUdp=65467
LogOnline: OSS: TryLoadSubsystemAndSetDefault: Loaded subsystem for module [NULL]
LogInit: Build: ++UE4+Release-4.25-CL-14469661
LogInit: Engine Version: 4.25.4-14469661+++UE4+Release-4.25
LogInit: Compatible Engine Version: 4.25.0-13144385+++UE4+Release-4.25
LogInit: Net CL: 13144385
LogInit: OS: Windows 10 (Release 2009) (), CPU: 11th Gen Intel(R) Core(TM) i7-11800H @ 2.30GHz, GPU: Intel(R) UHD Graphics
LogInit: Compiled (64-bit): Oct 11 2020 08:10:49
LogInit: Compiled with Visual C++: 19.24.28315.00
LogInit: Build Configuration: Development
LogInit: Branch Name: ++UE4+Release-4.25
LogInit: Command Line:  -skipcompile
LogInit: Base Directory: D:/Software/Epic/UE_4.25/Engine/Binaries/Win64/
LogInit: Allocator: TBB
LogInit: Installed Engine Build: 1
LogDevObjectVersion: Number of dev versions registered: 26
LogDevObjectVersion:   Dev-Blueprints (B0D832E4-1F89-4F0D-ACCF-7EB736FD4AA2): 10
LogDevObjectVersion:   Dev-Build (E1C64328-A22C-4D53-A36C-8E866417BD8C): 0
LogDevObjectVersion:   Dev-Core (375EC13C-06E4-48FB-B500-84F0262A717E): 4
LogDevObjectVersion:   Dev-Editor (E4B068ED-F494-42E9-A231-DA0B2E46BB41): 38
LogDevObjectVersion:   Dev-Framework (CFFC743F-43B0-4480-9391-14DF171D2073): 37
LogDevObjectVersion:   Dev-Mobile (B02B49B5-BB20-44E9-A304-32B752E40360): 2
LogDevObjectVersion:   Dev-Networking (A4E4105C-59A1-49B5-A7C5-40C4547EDFEE): 0
LogDevObjectVersion:   Dev-Online (39C831C9-5AE6-47DC-9A44-9C173E1C8E7C): 0
LogDevObjectVersion:   Dev-Physics (78F01B33-EBEA-4F98-B9B4-84EACCB95AA2): 4
LogDevObjectVersion:   Dev-Platform (6631380F-2D4D-43E0-8009-CF276956A95A): 0
LogDevObjectVersion:   Dev-Rendering (12F88B9F-8875-4AFC-A67C-D90C383ABD29): 43
LogDevObjectVersion:   Dev-Sequencer (7B5AE74C-D270-4C10-A958-57980B212A5A): 12
LogDevObjectVersion:   Dev-VR (D7296918-1DD6-4BDD-9DE2-64A83CC13884): 3
LogDevObjectVersion:   Dev-LoadTimes (C2A15278-BFE7-4AFE-6C17-90FF531DF755): 1
LogDevObjectVersion:   Private-Geometry (6EACA3D4-40EC-4CC1-B786-8BED09428FC5): 3
LogDevObjectVersion:   Dev-AnimPhys (29E575DD-E0A3-4627-9D10-D276232CDCEA): 17
LogDevObjectVersion:   Dev-Anim (AF43A65D-7FD3-4947-9873-3E8ED9C1BB05): 7
LogDevObjectVersion:   Dev-ReflectionCapture (6B266CEC-1EC7-4B8F-A30B-E4D90942FC07): 1
LogDevObjectVersion:   Dev-Automation (0DF73D61-A23F-47EA-B727-89E90C41499A): 1
LogDevObjectVersion:   FortniteMain (601D1886-AC64-4F84-AA16-D3DE0DEAC7D6): 31
LogDevObjectVersion:   Dev-Enterprise (9DFFBCD6-494F-0158-E221-12823C92A888): 10
LogDevObjectVersion:   Dev-Niagara (F2AED0AC-9AFE-416F-8664-AA7FFA26D6FC): 1
LogDevObjectVersion:   Dev-Destruction (174F1F0B-B4C6-45A5-B13F-2EE8D0FB917D): 10
LogDevObjectVersion:   Dev-Physics-Ext (35F94A83-E258-406C-A318-09F59610247C): 37
LogDevObjectVersion:   Dev-PhysicsMaterial-Chaos (B68FC16E-8B1B-42E2-B453-215C058844FE): 1
LogDevObjectVersion:   Dev-CineCamera (B2E18506-4273-CFC2-A54E-F4BB758BBA07): 1
LogInit: Presizing for max 25165824 objects, including 0 objects not considered by GC, pre-allocating 0 bytes for permanent pool.
LogConfig: Applying CVar settings from Section [/Script/Engine.StreamingSettings] File [D:/Software/Git/Project/UEActionRoguelike/ActionRoguelike/Saved/Config/Windows/Engine.ini]
LogConfig: Setting CVar [[s.MinBulkDataSizeForAsyncLoading:131072]]
LogConfig: Setting CVar [[s.AsyncLoadingThreadEnabled:0]]
LogConfig: Setting CVar [[s.EventDrivenLoaderEnabled:1]]
LogConfig: Setting CVar [[s.WarnIfTimeLimitExceeded:0]]
LogConfig: Setting CVar [[s.TimeLimitExceededMultiplier:1.5]]
LogConfig: Setting CVar [[s.TimeLimitExceededMinTime:0.005]]
LogConfig: Setting CVar [[s.UseBackgroundLevelStreaming:1]]
LogConfig: Setting CVar [[s.PriorityAsyncLoadingExtraTime:15.0]]
LogConfig: Setting CVar [[s.LevelStreamingActorsUpdateTimeLimit:5.0]]
LogConfig: Setting CVar [[s.PriorityLevelStreamingActorsUpdateExtraTime:5.0]]
LogConfig: Setting CVar [[s.LevelStreamingComponentsRegistrationGranularity:10]]
LogConfig: Setting CVar [[s.UnregisterComponentsTimeLimit:1.0]]
LogConfig: Setting CVar [[s.LevelStreamingComponentsUnregistrationGranularity:5]]
LogConfig: Setting CVar [[s.FlushStreamingOnExit:1]]
LogInit: Object subsystem initialized
LogConfig: Setting CVar [[con.DebugEarlyDefault:1]]
LogConfig: Setting CVar [[r.setres:1280x720]]
[2022.08.11-12.19.36:079][  0]LogConfig: Setting CVar [[r.VSync:0]]
[2022.08.11-12.19.36:079][  0]LogConfig: Setting CVar [[r.RHICmdBypass:0]]
[2022.08.11-12.19.36:079][  0]LogConfig: Applying CVar settings from Section [/Script/Engine.RendererSettings] File [D:/Software/Git/Project/UEActionRoguelike/ActionRoguelike/Saved/Config/Windows/Engine.ini]
[2022.08.11-12.19.36:079][  0]LogConfig: Setting CVar [[r.GPUCrashDebugging:0]]
[2022.08.11-12.19.36:079][  0]LogConfig: Applying CVar settings from Section [/Script/Engine.RendererOverrideSettings] File [D:/Software/Git/Project/UEActionRoguelike/ActionRoguelike/Saved/Config/Windows/Engine.ini]
[2022.08.11-12.19.36:079][  0]LogConfig: Applying CVar settings from Section [/Script/Engine.StreamingSettings] File [D:/Software/Git/Project/UEActionRoguelike/ActionRoguelike/Saved/Config/Windows/Engine.ini]
[2022.08.11-12.19.36:079][  0]LogConfig: Setting CVar [[s.MinBulkDataSizeForAsyncLoading:131072]]
[2022.08.11-12.19.36:079][  0]LogConfig: Setting CVar [[s.AsyncLoadingThreadEnabled:0]]
[2022.08.11-12.19.36:079][  0]LogConfig: Setting CVar [[s.EventDrivenLoaderEnabled:1]]
[2022.08.11-12.19.36:079][  0]LogConfig: Setting CVar [[s.WarnIfTimeLimitExceeded:0]]
[2022.08.11-12.19.36:080][  0]LogConfig: Setting CVar [[s.TimeLimitExceededMultiplier:1.5]]
[2022.08.11-12.19.36:080][  0]LogConfig: Setting CVar [[s.TimeLimitExceededMinTime:0.005]]
[2022.08.11-12.19.36:080][  0]LogConfig: Setting CVar [[s.UseBackgroundLevelStreaming:1]]
[2022.08.11-12.19.36:080][  0]LogConfig: Setting CVar [[s.PriorityAsyncLoadingExtraTime:15.0]]
[2022.08.11-12.19.36:080][  0]LogConfig: Setting CVar [[s.LevelStreamingActorsUpdateTimeLimit:5.0]]
[2022.08.11-12.19.36:080][  0]LogConfig: Setting CVar [[s.PriorityLevelStreamingActorsUpdateExtraTime:5.0]]
[2022.08.11-12.19.36:080][  0]LogConfig: Setting CVar [[s.LevelStreamingComponentsRegistrationGranularity:10]]
[2022.08.11-12.19.36:080][  0]LogConfig: Setting CVar [[s.UnregisterComponentsTimeLimit:1.0]]
[2022.08.11-12.19.36:080][  0]LogConfig: Setting CVar [[s.LevelStreamingComponentsUnregistrationGranularity:5]]
[2022.08.11-12.19.36:080][  0]LogConfig: Setting CVar [[s.FlushStreamingOnExit:1]]
[2022.08.11-12.19.36:080][  0]LogConfig: Applying CVar settings from Section [/Script/Engine.GarbageCollectionSettings] File [D:/Software/Git/Project/UEActionRoguelike/ActionRoguelike/Saved/Config/Windows/Engine.ini]
[2022.08.11-12.19.36:080][  0]LogConfig: Setting CVar [[gc.MaxObjectsNotConsideredByGC:1]]
[2022.08.11-12.19.36:080][  0]LogConfig: Setting CVar [[gc.SizeOfPermanentObjectPool:0]]
[2022.08.11-12.19.36:080][  0]LogConfig: Setting CVar [[gc.FlushStreamingOnGC:0]]
[2022.08.11-12.19.36:080][  0]LogConfig: Setting CVar [[gc.NumRetriesBeforeForcingGC:10]]
[2022.08.11-12.19.36:080][  0]LogConfig: Setting CVar [[gc.AllowParallelGC:1]]
[2022.08.11-12.19.36:080][  0]LogConfig: Setting CVar [[gc.TimeBetweenPurgingPendingKillObjects:61.1]]
[2022.08.11-12.19.36:080][  0]LogConfig: Setting CVar [[gc.MaxObjectsInEditor:25165824]]
[2022.08.11-12.19.36:080][  0]LogConfig: Setting CVar [[gc.IncrementalBeginDestroyEnabled:1]]
[2022.08.11-12.19.36:080][  0]LogConfig: Setting CVar [[gc.CreateGCClusters:1]]
[2022.08.11-12.19.36:080][  0]LogConfig: Setting CVar [[gc.MinGCClusterSize:5]]
[2022.08.11-12.19.36:080][  0]LogConfig: Setting CVar [[gc.ActorClusteringEnabled:0]]
[2022.08.11-12.19.36:080][  0]LogConfig: Setting CVar [[gc.BlueprintClusteringEnabled:0]]
[2022.08.11-12.19.36:081][  0]LogConfig: Setting CVar [[gc.UseDisregardForGCOnDedicatedServers:0]]
[2022.08.11-12.19.36:081][  0]LogConfig: Applying CVar settings from Section [/Script/Engine.NetworkSettings] File [D:/Software/Git/Project/UEActionRoguelike/ActionRoguelike/Saved/Config/Windows/Engine.ini]
[2022.08.11-12.19.36:081][  0]LogConfig: Applying CVar settings from Section [/Script/UnrealEd.CookerSettings] File [D:/Software/Git/Project/UEActionRoguelike/ActionRoguelike/Saved/Config/Windows/Engine.ini]
[2022.08.11-12.19.36:086][  0]LogConfig: Applying CVar settings from Section [ViewDistanceQuality@3] File [D:/Software/Git/Project/UEActionRoguelike/ActionRoguelike/Saved/Config/Windows/Scalability.ini]
[2022.08.11-12.19.36:086][  0]LogConfig: Setting CVar [[r.SkeletalMeshLODBias:0]]
[2022.08.11-12.19.36:086][  0]LogConfig: Setting CVar [[r.ViewDistanceScale:1.0]]
[2022.08.11-12.19.36:086][  0]LogConfig: Applying CVar settings from Section [AntiAliasingQuality@3] File [D:/Software/Git/Project/UEActionRoguelike/ActionRoguelike/Saved/Config/Windows/Scalability.ini]
[2022.08.11-12.19.36:086][  0]LogConfig: Setting CVar [[r.PostProcessAAQuality:4]]
[2022.08.11-12.19.36:086][  0]LogConfig: Applying CVar settings from Section [ShadowQuality@3] File [D:/Software/Git/Project/UEActionRoguelike/ActionRoguelike/Saved/Config/Windows/Scalability.ini]
[2022.08.11-12.19.36:086][  0]LogConfig: Setting CVar [[r.LightFunctionQuality:1]]
[2022.08.11-12.19.36:086][  0]LogConfig: Setting CVar [[r.ShadowQuality:5]]
[2022.08.11-12.19.36:086][  0]LogConfig: Setting CVar [[r.Shadow.CSM.MaxCascades:10]]
[2022.08.11-12.19.36:086][  0]LogConfig: Setting CVar [[r.Shadow.MaxResolution:2048]]
[2022.08.11-12.19.36:086][  0]LogConfig: Setting CVar [[r.Shadow.MaxCSMResolution:2048]]
[2022.08.11-12.19.36:086][  0]LogConfig: Setting CVar [[r.Shadow.RadiusThreshold:0.01]]
[2022.08.11-12.19.36:087][  0]LogConfig: Setting CVar [[r.Shadow.DistanceScale:1.0]]
[2022.08.11-12.19.36:087][  0]LogConfig: Setting CVar [[r.Shadow.CSM.TransitionScale:1.0]]
[2022.08.11-12.19.36:087][  0]LogConfig: Setting CVar [[r.Shadow.PreShadowResolutionFactor:1.0]]
[2022.08.11-12.19.36:087][  0]LogConfig: Setting CVar [[r.DistanceFieldShadowing:1]]
[2022.08.11-12.19.36:087][  0]LogConfig: Setting CVar [[r.DistanceFieldAO:1]]
[2022.08.11-12.19.36:087][  0]LogConfig: Setting CVar [[r.AOQuality:2]]
[2022.08.11-12.19.36:087][  0]LogConfig: Setting CVar [[r.VolumetricFog:1]]
[2022.08.11-12.19.36:087][  0]LogConfig: Setting CVar [[r.VolumetricFog.GridPixelSize:8]]
[2022.08.11-12.19.36:087][  0]LogConfig: Setting CVar [[r.VolumetricFog.GridSizeZ:128]]
[2022.08.11-12.19.36:087][  0]LogConfig: Setting CVar [[r.VolumetricFog.HistoryMissSupersampleCount:4]]
[2022.08.11-12.19.36:087][  0]LogConfig: Setting CVar [[r.LightMaxDrawDistanceScale:1]]
[2022.08.11-12.19.36:087][  0]LogConfig: Setting CVar [[r.CapsuleShadows:1]]
[2022.08.11-12.19.36:087][  0]LogConfig: Applying CVar settings from Section [PostProcessQuality@3] File [D:/Software/Git/Project/UEActionRoguelike/ActionRoguelike/Saved/Config/Windows/Scalability.ini]
[2022.08.11-12.19.36:087][  0]LogConfig: Setting CVar [[r.MotionBlurQuality:4]]
[2022.08.11-12.19.36:087][  0]LogConfig: Setting CVar [[r.AmbientOcclusionMipLevelFactor:0.4]]
[2022.08.11-12.19.36:087][  0]LogConfig: Setting CVar [[r.AmbientOcclusionMaxQuality:100]]
[2022.08.11-12.19.36:087][  0]LogConfig: Setting CVar [[r.AmbientOcclusionLevels:-1]]
[2022.08.11-12.19.36:087][  0]LogConfig: Setting CVar [[r.AmbientOcclusionRadiusScale:1.0]]
[2022.08.11-12.19.36:087][  0]LogConfig: Setting CVar [[r.DepthOfFieldQuality:2]]
[2022.08.11-12.19.36:087][  0]LogConfig: Setting CVar [[r.RenderTargetPoolMin:400]]
[2022.08.11-12.19.36:087][  0]LogConfig: Setting CVar [[r.LensFlareQuality:2]]
[2022.08.11-12.19.36:087][  0]LogConfig: Setting CVar [[r.SceneColorFringeQuality:1]]
[2022.08.11-12.19.36:088][  0]LogConfig: Setting CVar [[r.EyeAdaptationQuality:2]]
[2022.08.11-12.19.36:088][  0]LogConfig: Setting CVar [[r.BloomQuality:5]]
[2022.08.11-12.19.36:088][  0]LogConfig: Setting CVar [[r.FastBlurThreshold:100]]
[2022.08.11-12.19.36:088][  0]LogConfig: Setting CVar [[r.Upscale.Quality:3]]
[2022.08.11-12.19.36:088][  0]LogConfig: Setting CVar [[r.Tonemapper.GrainQuantization:1]]
[2022.08.11-12.19.36:088][  0]LogConfig: Setting CVar [[r.LightShaftQuality:1]]
[2022.08.11-12.19.36:088][  0]LogConfig: Setting CVar [[r.Filter.SizeScale:1]]
[2022.08.11-12.19.36:088][  0]LogConfig: Setting CVar [[r.Tonemapper.Quality:5]]
[2022.08.11-12.19.36:088][  0]LogConfig: Setting CVar [[r.DOF.Gather.AccumulatorQuality:1        ; higher gathering accumulator quality]]
[2022.08.11-12.19.36:088][  0]LogConfig: Setting CVar [[r.DOF.Gather.PostfilterMethod:1          ; Median3x3 postfilering method]]
[2022.08.11-12.19.36:088][  0]LogConfig: Setting CVar [[r.DOF.Gather.EnableBokehSettings:0       ; no bokeh simulation when gathering]]
[2022.08.11-12.19.36:089][  0]LogConfig: Setting CVar [[r.DOF.Gather.RingCount:4                 ; medium number of samples when gathering]]
[2022.08.11-12.19.36:089][  0]LogConfig: Setting CVar [[r.DOF.Scatter.ForegroundCompositing:1    ; additive foreground scattering]]
[2022.08.11-12.19.36:089][  0]LogConfig: Setting CVar [[r.DOF.Scatter.BackgroundCompositing:2    ; additive background scattering]]
[2022.08.11-12.19.36:089][  0]LogConfig: Setting CVar [[r.DOF.Scatter.EnableBokehSettings:1      ; bokeh simulation when scattering]]
[2022.08.11-12.19.36:089][  0]LogConfig: Setting CVar [[r.DOF.Scatter.MaxSpriteRatio:0.1         ; only a maximum of 10% of scattered bokeh]]
[2022.08.11-12.19.36:089][  0]LogConfig: Setting CVar [[r.DOF.Recombine.Quality:1                ; cheap slight out of focus]]
[2022.08.11-12.19.36:089][  0]LogConfig: Setting CVar [[r.DOF.Recombine.EnableBokehSettings:0    ; no bokeh simulation on slight out of focus]]
[2022.08.11-12.19.36:089][  0]LogConfig: Setting CVar [[r.DOF.TemporalAAQuality:1                ; more stable temporal accumulation]]
[2022.08.11-12.19.36:089][  0]LogConfig: Setting CVar [[r.DOF.Kernel.MaxForegroundRadius:0.025]]
[2022.08.11-12.19.36:089][  0]LogConfig: Setting CVar [[r.DOF.Kernel.MaxBackgroundRadius:0.025]]
[2022.08.11-12.19.36:089][  0]LogConfig: Applying CVar settings from Section [TextureQuality@3] File [D:/Software/Git/Project/UEActionRoguelike/ActionRoguelike/Saved/Config/Windows/Scalability.ini]
[2022.08.11-12.19.36:089][  0]LogConfig: Setting CVar [[r.Streaming.MipBias:0]]
[2022.08.11-12.19.36:089][  0]LogConfig: Setting CVar [[r.Streaming.AmortizeCPUToGPUCopy:0]]
[2022.08.11-12.19.36:089][  0]LogConfig: Setting CVar [[r.Streaming.MaxNumTexturesToStreamPerFrame:0]]
[2022.08.11-12.19.36:089][  0]LogConfig: Setting CVar [[r.Streaming.Boost:1]]
[2022.08.11-12.19.36:089][  0]LogConfig: Setting CVar [[r.MaxAnisotropy:8]]
[2022.08.11-12.19.36:089][  0]LogConfig: Setting CVar [[r.VT.MaxAnisotropy:8]]
[2022.08.11-12.19.36:089][  0]LogConfig: Setting CVar [[r.Streaming.LimitPoolSizeToVRAM:0]]
[2022.08.11-12.19.36:089][  0]LogConfig: Setting CVar [[r.Streaming.PoolSize:1000]]
[2022.08.11-12.19.36:090][  0]LogConfig: Setting CVar [[r.Streaming.MaxEffectiveScreenSize:0]]
[2022.08.11-12.19.36:090][  0]LogConfig: Applying CVar settings from Section [EffectsQuality@3] File [D:/Software/Git/Project/UEActionRoguelike/ActionRoguelike/Saved/Config/Windows/Scalability.ini]
[2022.08.11-12.19.36:090][  0]LogConfig: Setting CVar [[r.TranslucencyLightingVolumeDim:64]]
[2022.08.11-12.19.36:090][  0]LogConfig: Setting CVar [[r.RefractionQuality:2]]
[2022.08.11-12.19.36:090][  0]LogConfig: Setting CVar [[r.SSR.Quality:3]]
[2022.08.11-12.19.36:090][  0]LogConfig: Setting CVar [[r.SSR.HalfResSceneColor:0]]
[2022.08.11-12.19.36:090][  0]LogConfig: Setting CVar [[r.SceneColorFormat:4]]
[2022.08.11-12.19.36:090][  0]LogConfig: Setting CVar [[r.DetailMode:2]]
[2022.08.11-12.19.36:090][  0]LogConfig: Setting CVar [[r.TranslucencyVolumeBlur:1]]
[2022.08.11-12.19.36:090][  0]LogConfig: Setting CVar [[r.MaterialQualityLevel:1 ; High quality]]
[2022.08.11-12.19.36:090][  0]LogConfig: Setting CVar [[r.SSS.Scale:1]]
[2022.08.11-12.19.36:090][  0]LogConfig: Setting CVar [[r.SSS.SampleSet:2]]
[2022.08.11-12.19.36:090][  0]LogConfig: Setting CVar [[r.SSS.Quality:1]]
[2022.08.11-12.19.36:090][  0]LogConfig: Setting CVar [[r.SSS.HalfRes:0]]
[2022.08.11-12.19.36:090][  0]LogConfig: Setting CVar [[r.SSGI.Quality:3]]
[2022.08.11-12.19.36:090][  0]LogConfig: Setting CVar [[r.EmitterSpawnRateScale:1.0]]
[2022.08.11-12.19.36:090][  0]LogConfig: Setting CVar [[r.ParticleLightQuality:2]]
[2022.08.11-12.19.36:090][  0]LogConfig: Setting CVar [[r.SkyAtmosphere.AerialPerspectiveLUT.FastApplyOnOpaque:1 ; Always have FastSkyLUT 1 in this case to avoid wrong sky]]
[2022.08.11-12.19.36:090][  0]LogConfig: Setting CVar [[r.SkyAtmosphere.AerialPerspectiveLUT.SampleCountPerSlice:1]]
[2022.08.11-12.19.36:090][  0]LogConfig: Setting CVar [[r.SkyAtmosphere.AerialPerspectiveLUT.DepthResolution:16.0]]
[2022.08.11-12.19.36:090][  0]LogConfig: Setting CVar [[r.SkyAtmosphere.FastSkyLUT:1]]
[2022.08.11-12.19.36:090][  0]LogConfig: Setting CVar [[r.SkyAtmosphere.FastSkyLUT.SampleCountMin:4.0]]
[2022.08.11-12.19.36:090][  0]LogConfig: Setting CVar [[r.SkyAtmosphere.FastSkyLUT.SampleCountMax:32.0]]
[2022.08.11-12.19.36:090][  0]LogConfig: Setting CVar [[r.SkyAtmosphere.SampleCountMin:4.0]]
[2022.08.11-12.19.36:091][  0]LogConfig: Setting CVar [[r.SkyAtmosphere.SampleCountMax:32.0]]
[2022.08.11-12.19.36:091][  0]LogConfig: Setting CVar [[r.SkyAtmosphere.TransmittanceLUT.UseSmallFormat:0]]
[2022.08.11-12.19.36:091][  0]LogConfig: Setting CVar [[r.SkyAtmosphere.TransmittanceLUT.SampleCount:10.0]]
[2022.08.11-12.19.36:091][  0]LogConfig: Setting CVar [[r.SkyAtmosphere.MultiScatteringLUT.SampleCount:15.0]]
[2022.08.11-12.19.36:091][  0]LogConfig: Applying CVar settings from Section [FoliageQuality@3] File [D:/Software/Git/Project/UEActionRoguelike/ActionRoguelike/Saved/Config/Windows/Scalability.ini]
[2022.08.11-12.19.36:091][  0]LogConfig: Setting CVar [[foliage.DensityScale:1.0]]
[2022.08.11-12.19.36:091][  0]LogConfig: Setting CVar [[grass.DensityScale:1.0]]
[2022.08.11-12.19.36:091][  0]LogConfig: Applying CVar settings from Section [ShadingQuality@3] File [D:/Software/Git/Project/UEActionRoguelike/ActionRoguelike/Saved/Config/Windows/Scalability.ini]
[2022.08.11-12.19.36:091][  0]LogConfig: Setting CVar [[r.HairStrands.SkyLighting.SampleCount:16]]
[2022.08.11-12.19.36:091][  0]LogConfig: Setting CVar [[r.HairStrands.SkyLighting.JitterIntegration:0]]
[2022.08.11-12.19.36:091][  0]LogConfig: Setting CVar [[r.HairStrands.SkyAO.SampleCount:16]]
[2022.08.11-12.19.36:091][  0]LogConfig: Setting CVar [[r.HairStrands.DeepShadow.SuperSampling:0]]
[2022.08.11-12.19.36:091][  0]LogConfig: Setting CVar [[r.HairStrands.VisibilityPPLL:0]]
[2022.08.11-12.19.36:091][  0]LogConfig: Setting CVar [[r.HairStrands.RasterizationScale:0.5]]
[2022.08.11-12.19.36:091][  0]LogConfig: Setting CVar [[r.HairStrands.VelocityRasterizationScale:1]]
[2022.08.11-12.19.36:091][  0]LogInit: Selected Device Profile: [Windows]
[2022.08.11-12.19.36:091][  0]LogInit: Applying CVar settings loaded from the selected device profile: [Windows]
[2022.08.11-12.19.36:091][  0]LogHAL: Display: Platform has ~ 32 GB [34046742528 / 34359738368 / 32], which maps to Largest [LargestMinGB=32, LargerMinGB=12, DefaultMinGB=8, SmallerMinGB=6, SmallestMinGB=0)
[2022.08.11-12.19.36:091][  0]LogInit: Going up to parent DeviceProfile []
[2022.08.11-12.19.36:091][  0]LogConfig: Applying CVar settings from Section [ViewDistanceQuality@3] File [D:/Software/Git/Project/UEActionRoguelike/ActionRoguelike/Saved/Config/Windows/Scalability.ini]
[2022.08.11-12.19.36:092][  0]LogConfig: Setting CVar [[r.SkeletalMeshLODBias:0]]
[2022.08.11-12.19.36:092][  0]LogConfig: Setting CVar [[r.ViewDistanceScale:1.0]]
[2022.08.11-12.19.36:092][  0]LogConfig: Applying CVar settings from Section [AntiAliasingQuality@3] File [D:/Software/Git/Project/UEActionRoguelike/ActionRoguelike/Saved/Config/Windows/Scalability.ini]
[2022.08.11-12.19.36:092][  0]LogConfig: Setting CVar [[r.PostProcessAAQuality:4]]
[2022.08.11-12.19.36:092][  0]LogConfig: Applying CVar settings from Section [ShadowQuality@3] File [D:/Software/Git/Project/UEActionRoguelike/ActionRoguelike/Saved/Config/Windows/Scalability.ini]
[2022.08.11-12.19.36:092][  0]LogConfig: Setting CVar [[r.LightFunctionQuality:1]]
[2022.08.11-12.19.36:092][  0]LogConfig: Setting CVar [[r.ShadowQuality:5]]
[2022.08.11-12.19.36:092][  0]LogConfig: Setting CVar [[r.Shadow.CSM.MaxCascades:10]]
[2022.08.11-12.19.36:092][  0]LogConfig: Setting CVar [[r.Shadow.MaxResolution:2048]]
[2022.08.11-12.19.36:092][  0]LogConfig: Setting CVar [[r.Shadow.MaxCSMResolution:2048]]
[2022.08.11-12.19.36:092][  0]LogConfig: Setting CVar [[r.Shadow.RadiusThreshold:0.01]]
[2022.08.11-12.19.36:092][  0]LogConfig: Setting CVar [[r.Shadow.DistanceScale:1.0]]
[2022.08.11-12.19.36:092][  0]LogConfig: Setting CVar [[r.Shadow.CSM.TransitionScale:1.0]]
[2022.08.11-12.19.36:092][  0]LogConfig: Setting CVar [[r.Shadow.PreShadowResolutionFactor:1.0]]
[2022.08.11-12.19.36:092][  0]LogConfig: Setting CVar [[r.DistanceFieldShadowing:1]]
[2022.08.11-12.19.36:092][  0]LogConfig: Setting CVar [[r.DistanceFieldAO:1]]
[2022.08.11-12.19.36:092][  0]LogConfig: Setting CVar [[r.AOQuality:2]]
[2022.08.11-12.19.36:092][  0]LogConfig: Setting CVar [[r.VolumetricFog:1]]
[2022.08.11-12.19.36:092][  0]LogConfig: Setting CVar [[r.VolumetricFog.GridPixelSize:8]]
[2022.08.11-12.19.36:092][  0]LogConfig: Setting CVar [[r.VolumetricFog.GridSizeZ:128]]
[2022.08.11-12.19.36:092][  0]LogConfig: Setting CVar [[r.VolumetricFog.HistoryMissSupersampleCount:4]]
[2022.08.11-12.19.36:092][  0]LogConfig: Setting CVar [[r.LightMaxDrawDistanceScale:1]]
[2022.08.11-12.19.36:093][  0]LogConfig: Setting CVar [[r.CapsuleShadows:1]]
[2022.08.11-12.19.36:093][  0]LogConfig: Applying CVar settings from Section [PostProcessQuality@3] File [D:/Software/Git/Project/UEActionRoguelike/ActionRoguelike/Saved/Config/Windows/Scalability.ini]
[2022.08.11-12.19.36:093][  0]LogConfig: Setting CVar [[r.MotionBlurQuality:4]]
[2022.08.11-12.19.36:093][  0]LogConfig: Setting CVar [[r.AmbientOcclusionMipLevelFactor:0.4]]
[2022.08.11-12.19.36:093][  0]LogConfig: Setting CVar [[r.AmbientOcclusionMaxQuality:100]]
[2022.08.11-12.19.36:093][  0]LogConfig: Setting CVar [[r.AmbientOcclusionLevels:-1]]
[2022.08.11-12.19.36:093][  0]LogConfig: Setting CVar [[r.AmbientOcclusionRadiusScale:1.0]]
[2022.08.11-12.19.36:093][  0]LogConfig: Setting CVar [[r.DepthOfFieldQuality:2]]
[2022.08.11-12.19.36:093][  0]LogConfig: Setting CVar [[r.RenderTargetPoolMin:400]]
[2022.08.11-12.19.36:093][  0]LogConfig: Setting CVar [[r.LensFlareQuality:2]]
[2022.08.11-12.19.36:093][  0]LogConfig: Setting CVar [[r.SceneColorFringeQuality:1]]
[2022.08.11-12.19.36:093][  0]LogConfig: Setting CVar [[r.EyeAdaptationQuality:2]]
[2022.08.11-12.19.36:093][  0]LogConfig: Setting CVar [[r.BloomQuality:5]]
[2022.08.11-12.19.36:093][  0]LogConfig: Setting CVar [[r.FastBlurThreshold:100]]
[2022.08.11-12.19.36:093][  0]LogConfig: Setting CVar [[r.Upscale.Quality:3]]
[2022.08.11-12.19.36:093][  0]LogConfig: Setting CVar [[r.Tonemapper.GrainQuantization:1]]
[2022.08.11-12.19.36:093][  0]LogConfig: Setting CVar [[r.LightShaftQuality:1]]
[2022.08.11-12.19.36:093][  0]LogConfig: Setting CVar [[r.Filter.SizeScale:1]]
[2022.08.11-12.19.36:093][  0]LogConfig: Setting CVar [[r.Tonemapper.Quality:5]]
[2022.08.11-12.19.36:093][  0]LogConfig: Setting CVar [[r.DOF.Gather.AccumulatorQuality:1        ; higher gathering accumulator quality]]
[2022.08.11-12.19.36:093][  0]LogConfig: Setting CVar [[r.DOF.Gather.PostfilterMethod:1          ; Median3x3 postfilering method]]
[2022.08.11-12.19.36:093][  0]LogConfig: Setting CVar [[r.DOF.Gather.EnableBokehSettings:0       ; no bokeh simulation when gathering]]
[2022.08.11-12.19.36:093][  0]LogConfig: Setting CVar [[r.DOF.Gather.RingCount:4                 ; medium number of samples when gathering]]
[2022.08.11-12.19.36:093][  0]LogConfig: Setting CVar [[r.DOF.Scatter.ForegroundCompositing:1    ; additive foreground scattering]]
[2022.08.11-12.19.36:093][  0]LogConfig: Setting CVar [[r.DOF.Scatter.BackgroundCompositing:2    ; additive background scattering]]
[2022.08.11-12.19.36:093][  0]LogConfig: Setting CVar [[r.DOF.Scatter.EnableBokehSettings:1      ; bokeh simulation when scattering]]
[2022.08.11-12.19.36:093][  0]LogConfig: Setting CVar [[r.DOF.Scatter.MaxSpriteRatio:0.1         ; only a maximum of 10% of scattered bokeh]]
[2022.08.11-12.19.36:094][  0]LogConfig: Setting CVar [[r.DOF.Recombine.Quality:1                ; cheap slight out of focus]]
[2022.08.11-12.19.36:094][  0]LogConfig: Setting CVar [[r.DOF.Recombine.EnableBokehSettings:0    ; no bokeh simulation on slight out of focus]]
[2022.08.11-12.19.36:094][  0]LogConfig: Setting CVar [[r.DOF.TemporalAAQuality:1                ; more stable temporal accumulation]]
[2022.08.11-12.19.36:094][  0]LogConfig: Setting CVar [[r.DOF.Kernel.MaxForegroundRadius:0.025]]
[2022.08.11-12.19.36:094][  0]LogConfig: Setting CVar [[r.DOF.Kernel.MaxBackgroundRadius:0.025]]
[2022.08.11-12.19.36:094][  0]LogConfig: Applying CVar settings from Section [TextureQuality@3] File [D:/Software/Git/Project/UEActionRoguelike/ActionRoguelike/Saved/Config/Windows/Scalability.ini]
[2022.08.11-12.19.36:094][  0]LogConfig: Setting CVar [[r.Streaming.MipBias:0]]
[2022.08.11-12.19.36:094][  0]LogConfig: Setting CVar [[r.Streaming.AmortizeCPUToGPUCopy:0]]
[2022.08.11-12.19.36:094][  0]LogConfig: Setting CVar [[r.Streaming.MaxNumTexturesToStreamPerFrame:0]]
[2022.08.11-12.19.36:094][  0]LogConfig: Setting CVar [[r.Streaming.Boost:1]]
[2022.08.11-12.19.36:094][  0]LogConfig: Setting CVar [[r.MaxAnisotropy:8]]
[2022.08.11-12.19.36:094][  0]LogConfig: Setting CVar [[r.VT.MaxAnisotropy:8]]
[2022.08.11-12.19.36:094][  0]LogConfig: Setting CVar [[r.Streaming.LimitPoolSizeToVRAM:0]]
[2022.08.11-12.19.36:094][  0]LogConfig: Setting CVar [[r.Streaming.PoolSize:1000]]
[2022.08.11-12.19.36:094][  0]LogConfig: Setting CVar [[r.Streaming.MaxEffectiveScreenSize:0]]
[2022.08.11-12.19.36:094][  0]LogConfig: Applying CVar settings from Section [EffectsQuality@3] File [D:/Software/Git/Project/UEActionRoguelike/ActionRoguelike/Saved/Config/Windows/Scalability.ini]
[2022.08.11-12.19.36:094][  0]LogConfig: Setting CVar [[r.TranslucencyLightingVolumeDim:64]]
[2022.08.11-12.19.36:094][  0]LogConfig: Setting CVar [[r.RefractionQuality:2]]
[2022.08.11-12.19.36:094][  0]LogConfig: Setting CVar [[r.SSR.Quality:3]]
[2022.08.11-12.19.36:094][  0]LogConfig: Setting CVar [[r.SSR.HalfResSceneColor:0]]
[2022.08.11-12.19.36:094][  0]LogConfig: Setting CVar [[r.SceneColorFormat:4]]
[2022.08.11-12.19.36:095][  0]LogConfig: Setting CVar [[r.DetailMode:2]]
[2022.08.11-12.19.36:095][  0]LogConfig: Setting CVar [[r.TranslucencyVolumeBlur:1]]
[2022.08.11-12.19.36:095][  0]LogConfig: Setting CVar [[r.MaterialQualityLevel:1 ; High quality]]
[2022.08.11-12.19.36:095][  0]LogConfig: Setting CVar [[r.SSS.Scale:1]]
[2022.08.11-12.19.36:095][  0]LogConfig: Setting CVar [[r.SSS.SampleSet:2]]
[2022.08.11-12.19.36:095][  0]LogConfig: Setting CVar [[r.SSS.Quality:1]]
[2022.08.11-12.19.36:095][  0]LogConfig: Setting CVar [[r.SSS.HalfRes:0]]
[2022.08.11-12.19.36:095][  0]LogConfig: Setting CVar [[r.SSGI.Quality:3]]
[2022.08.11-12.19.36:095][  0]LogConfig: Setting CVar [[r.EmitterSpawnRateScale:1.0]]
[2022.08.11-12.19.36:095][  0]LogConfig: Setting CVar [[r.ParticleLightQuality:2]]
[2022.08.11-12.19.36:095][  0]LogConfig: Setting CVar [[r.SkyAtmosphere.AerialPerspectiveLUT.FastApplyOnOpaque:1 ; Always have FastSkyLUT 1 in this case to avoid wrong sky]]
[2022.08.11-12.19.36:095][  0]LogConfig: Setting CVar [[r.SkyAtmosphere.AerialPerspectiveLUT.SampleCountPerSlice:1]]
[2022.08.11-12.19.36:095][  0]LogConfig: Setting CVar [[r.SkyAtmosphere.AerialPerspectiveLUT.DepthResolution:16.0]]
[2022.08.11-12.19.36:095][  0]LogConfig: Setting CVar [[r.SkyAtmosphere.FastSkyLUT:1]]
[2022.08.11-12.19.36:095][  0]LogConfig: Setting CVar [[r.SkyAtmosphere.FastSkyLUT.SampleCountMin:4.0]]
[2022.08.11-12.19.36:095][  0]LogConfig: Setting CVar [[r.SkyAtmosphere.FastSkyLUT.SampleCountMax:32.0]]
[2022.08.11-12.19.36:095][  0]LogConfig: Setting CVar [[r.SkyAtmosphere.SampleCountMin:4.0]]
[2022.08.11-12.19.36:095][  0]LogConfig: Setting CVar [[r.SkyAtmosphere.SampleCountMax:32.0]]
[2022.08.11-12.19.36:095][  0]LogConfig: Setting CVar [[r.SkyAtmosphere.TransmittanceLUT.UseSmallFormat:0]]
[2022.08.11-12.19.36:095][  0]LogConfig: Setting CVar [[r.SkyAtmosphere.TransmittanceLUT.SampleCount:10.0]]
[2022.08.11-12.19.36:095][  0]LogConfig: Setting CVar [[r.SkyAtmosphere.MultiScatteringLUT.SampleCount:15.0]]
[2022.08.11-12.19.36:095][  0]LogConfig: Applying CVar settings from Section [FoliageQuality@3] File [D:/Software/Git/Project/UEActionRoguelike/ActionRoguelike/Saved/Config/Windows/Scalability.ini]
[2022.08.11-12.19.36:095][  0]LogConfig: Setting CVar [[foliage.DensityScale:1.0]]
[2022.08.11-12.19.36:095][  0]LogConfig: Setting CVar [[grass.DensityScale:1.0]]
[2022.08.11-12.19.36:096][  0]LogConfig: Applying CVar settings from Section [ShadingQuality@3] File [D:/Software/Git/Project/UEActionRoguelike/ActionRoguelike/Saved/Config/Windows/Scalability.ini]
[2022.08.11-12.19.36:096][  0]LogConfig: Setting CVar [[r.HairStrands.SkyLighting.SampleCount:16]]
[2022.08.11-12.19.36:096][  0]LogConfig: Setting CVar [[r.HairStrands.SkyLighting.JitterIntegration:0]]
[2022.08.11-12.19.36:096][  0]LogConfig: Setting CVar [[r.HairStrands.SkyAO.SampleCount:16]]
[2022.08.11-12.19.36:096][  0]LogConfig: Setting CVar [[r.HairStrands.DeepShadow.SuperSampling:0]]
[2022.08.11-12.19.36:096][  0]LogConfig: Setting CVar [[r.HairStrands.VisibilityPPLL:0]]
[2022.08.11-12.19.36:096][  0]LogConfig: Setting CVar [[r.HairStrands.RasterizationScale:0.5]]
[2022.08.11-12.19.36:096][  0]LogConfig: Setting CVar [[r.HairStrands.VelocityRasterizationScale:1]]
[2022.08.11-12.19.36:096][  0]LogConfig: Applying CVar settings from Section [Startup] File [../../../Engine/Config/ConsoleVariables.ini]
[2022.08.11-12.19.36:096][  0]LogConfig: Setting CVar [[net.UseAdaptiveNetUpdateFrequency:0]]
[2022.08.11-12.19.36:096][  0]LogConfig: Setting CVar [[p.chaos.AllowCreatePhysxBodies:1]]
[2022.08.11-12.19.36:096][  0]LogConfig: Setting CVar [[fx.SkipVectorVMBackendOptimizations:1]]
[2022.08.11-12.19.36:096][  0]LogConfig: Applying CVar settings from Section [ConsoleVariables] File [D:/Software/Git/Project/UEActionRoguelike/ActionRoguelike/Saved/Config/Windows/Engine.ini]
[2022.08.11-12.19.36:096][  0]LogInit: Computer: MSI
[2022.08.11-12.19.36:097][  0]LogInit: User: win10
[2022.08.11-12.19.36:097][  0]LogInit: CPU Page size=4096, Cores=8
[2022.08.11-12.19.36:097][  0]LogInit: High frequency timer resolution =10.000000 MHz
[2022.08.11-12.19.36:097][  0]LogMemory: Memory total: Physical=31.7GB (32GB approx)
[2022.08.11-12.19.36:097][  0]LogMemory: Platform Memory Stats for Windows
[2022.08.11-12.19.36:097][  0]LogMemory: Process Physical Memory: 122.24 MB used, 122.25 MB peak
[2022.08.11-12.19.36:097][  0]LogMemory: Process Virtual Memory: 104.35 MB used, 104.35 MB peak
[2022.08.11-12.19.36:097][  0]LogMemory: Physical Memory: 14379.50 MB used,  18090.01 MB free, 32469.50 MB total
[2022.08.11-12.19.36:097][  0]LogMemory: Virtual Memory: 5210.94 MB used,  134212520.00 MB free, 134217728.00 MB total
[2022.08.11-12.19.36:143][  0]LogWindows: WindowsPlatformFeatures enabled
[2022.08.11-12.19.36:344][  0]LogInit: Physics initialised using underlying interface: PhysX
[2022.08.11-12.19.36:345][  0]LogInit: Using OS detected language (zh-CN).
[2022.08.11-12.19.36:345][  0]LogInit: Using OS detected locale (zh-CN).
[2022.08.11-12.19.36:347][  0]LogTextLocalizationManager: No specific localization for 'zh-CN' exists, so the 'zh-Hans' localization will be used.
[2022.08.11-12.19.36:427][  0]LogTextLocalizationResource: LocRes '../../../Engine/Content/Localization/Editor/zh/Editor.locres' could not be opened for reading!
[2022.08.11-12.19.36:427][  0]LogTextLocalizationResource: LocRes '../../../Engine/Content/Localization/EditorTutorials/zh/EditorTutorials.locres' could not be opened for reading!
[2022.08.11-12.19.36:427][  0]LogTextLocalizationResource: LocRes '../../../Engine/Content/Localization/Keywords/zh/Keywords.locres' could not be opened for reading!
[2022.08.11-12.19.36:428][  0]LogTextLocalizationResource: LocRes '../../../Engine/Content/Localization/Category/zh/Category.locres' could not be opened for reading!
[2022.08.11-12.19.36:428][  0]LogTextLocalizationResource: LocRes '../../../Engine/Content/Localization/ToolTips/zh/ToolTips.locres' could not be opened for reading!
[2022.08.11-12.19.36:428][  0]LogTextLocalizationResource: LocRes '../../../Engine/Content/Localization/PropertyNames/zh/PropertyNames.locres' could not be opened for reading!
[2022.08.11-12.19.36:428][  0]LogTextLocalizationResource: LocRes '../../../Engine/Content/Localization/Engine/zh/Engine.locres' could not be opened for reading!
[2022.08.11-12.19.36:428][  0]LogTextLocalizationResource: LocRes '../../../Engine/Plugins/Online/Android/OnlineSubsystemGooglePlay/Content/Localization/OnlineSubsystemGooglePlay/zh/OnlineSubsystemGooglePlay.locres' could not be opened for reading!
[2022.08.11-12.19.36:428][  0]LogTextLocalizationResource: LocRes '../../../Engine/Plugins/Online/IOS/OnlineSubsystemIOS/Content/Localization/OnlineSubsystemIOS/zh/OnlineSubsystemIOS.locres' could not be opened for reading!
[2022.08.11-12.19.36:428][  0]LogTextLocalizationResource: LocRes '../../../Engine/Plugins/Online/OnlineSubsystem/Content/Localization/OnlineSubsystem/zh/OnlineSubsystem.locres' could not be opened for reading!
[2022.08.11-12.19.36:428][  0]LogTextLocalizationResource: LocRes '../../../Engine/Plugins/Online/OnlineSubsystemUtils/Content/Localization/OnlineSubsystemUtils/zh/OnlineSubsystemUtils.locres' could not be opened for reading!
[2022.08.11-12.19.36:465][  0]LogInit: Setting process to per monitor DPI aware
[2022.08.11-12.19.36:557][  0]LogSlate: New Slate User Created.  User Index 0, Is Virtual User: 0
[2022.08.11-12.19.36:557][  0]LogSlate: Slate User Registered.  User Index 0, Is Virtual User: 0
[2022.08.11-12.19.36:681][  0]LogHMD: Failed to initialize OpenVR with code 110
[2022.08.11-12.19.36:681][  0]LogD3D11RHI: D3D11 min allowed feature level: 11_0
[2022.08.11-12.19.36:681][  0]LogD3D11RHI: D3D11 max allowed feature level: 11_0
[2022.08.11-12.19.36:681][  0]LogD3D11RHI: D3D11 adapters:
[2022.08.11-12.19.36:790][  0]LogD3D11RHI:    0. 'NVIDIA GeForce RTX 3070 Laptop GPU' (Feature Level 11_0)
[2022.08.11-12.19.36:790][  0]LogD3D11RHI:       8044/0/16234 MB DedicatedVideo/DedicatedSystem/SharedSystem, Outputs:2, VendorId:0x10de
[2022.08.11-12.19.36:836][  0]LogD3D11RHI:    1. 'Intel(R) UHD Graphics' (Feature Level 11_0)
[2022.08.11-12.19.36:836][  0]LogD3D11RHI:       128/0/16234 MB DedicatedVideo/DedicatedSystem/SharedSystem, Outputs:0, VendorId:0x8086
[2022.08.11-12.19.36:840][  0]LogD3D11RHI:    2. 'Microsoft Basic Render Driver' (Feature Level 11_0)
[2022.08.11-12.19.36:840][  0]LogD3D11RHI:       0/0/16234 MB DedicatedVideo/DedicatedSystem/SharedSystem, Outputs:0, VendorId:0x1414
[2022.08.11-12.19.36:840][  0]LogD3D11RHI: Chosen D3D11 Adapter: 0
[2022.08.11-12.19.36:846][  0]LogD3D11RHI: Creating new Direct3DDevice
[2022.08.11-12.19.36:847][  0]LogD3D11RHI:     GPU DeviceId: 0x249d (for the marketing name, search the web for "GPU Device Id")
[2022.08.11-12.19.36:847][  0]LogWindows: EnumDisplayDevices:
[2022.08.11-12.19.36:847][  0]LogWindows:    0. 'Intel(R) UHD Graphics' (P:1 D:1)
[2022.08.11-12.19.36:847][  0]LogWindows:    1. 'Intel(R) UHD Graphics' (P:0 D:0)
[2022.08.11-12.19.36:847][  0]LogWindows:    2. 'Intel(R) UHD Graphics' (P:0 D:0)
[2022.08.11-12.19.36:847][  0]LogWindows:    3. 'NVIDIA GeForce RTX 3070 Laptop GPU' (P:0 D:1)
[2022.08.11-12.19.36:848][  0]LogWindows:    4. 'NVIDIA GeForce RTX 3070 Laptop GPU' (P:0 D:0)
[2022.08.11-12.19.36:848][  0]LogWindows:    5. 'NVIDIA GeForce RTX 3070 Laptop GPU' (P:0 D:0)
[2022.08.11-12.19.36:849][  0]LogWindows:    6. 'NVIDIA GeForce RTX 3070 Laptop GPU' (P:0 D:0)
[2022.08.11-12.19.36:849][  0]LogWindows: DebugString: PrimaryIsNotTheChoosenAdapter PrimaryIsNotTheChoosenAdapter PrimaryIsNotTheChoosenAdapter FoundDriverCount:4 
[2022.08.11-12.19.36:849][  0]LogD3D11RHI:     Adapter Name: NVIDIA GeForce RTX 3070 Laptop GPU
[2022.08.11-12.19.36:849][  0]LogD3D11RHI:   Driver Version: 516.40 (internal:31.0.15.1640, unified:516.40)
[2022.08.11-12.19.36:849][  0]LogD3D11RHI:      Driver Date: 6-6-2022
[2022.08.11-12.19.36:849][  0]LogRHI: Texture pool is 5630 MB (70% of 8044 MB)
[2022.08.11-12.19.36:907][  0]LogD3D11RHI: RHI has support for 64 bit atomics
[2022.08.11-12.19.36:907][  0]LogD3D11RHI: Async texture creation enabled
[2022.08.11-12.19.36:907][  0]LogD3D11RHI: Array index from any shader is supported
[2022.08.11-12.19.36:934][  0]LogD3D11RHI: GPU Timing Frequency: 1000.000000 (Debug: 2 1)
[2022.08.11-12.19.37:255][  0]LogTargetPlatformManager: Display: Loaded TargetPlatform 'AllDesktop'
[2022.08.11-12.19.37:286][  0]LogTargetPlatformManager: Display: Loaded TargetPlatform 'Android'
[2022.08.11-12.19.37:286][  0]LogTargetPlatformManager: Display: Loaded TargetPlatform 'Android_ASTC'
[2022.08.11-12.19.37:286][  0]LogTargetPlatformManager: Display: Loaded TargetPlatform 'Android_DXT'
[2022.08.11-12.19.37:286][  0]LogTargetPlatformManager: Display: Loaded TargetPlatform 'Android_ETC2'
[2022.08.11-12.19.37:287][  0]LogTargetPlatformManager: Display: Loaded TargetPlatform 'AndroidClient'
[2022.08.11-12.19.37:287][  0]LogTargetPlatformManager: Display: Loaded TargetPlatform 'Android_ASTCClient'
[2022.08.11-12.19.37:287][  0]LogTargetPlatformManager: Display: Loaded TargetPlatform 'Android_DXTClient'
[2022.08.11-12.19.37:287][  0]LogTargetPlatformManager: Display: Loaded TargetPlatform 'Android_ETC2Client'
[2022.08.11-12.19.37:287][  0]LogTargetPlatformManager: Display: Loaded TargetPlatform 'Android_Multi'
[2022.08.11-12.19.37:287][  0]LogTargetPlatformManager: Display: Loaded TargetPlatform 'Android_MultiClient'
[2022.08.11-12.19.37:323][  0]LogTargetPlatformManager: Display: Loaded TargetPlatform 'IOSClient'
[2022.08.11-12.19.37:323][  0]LogTargetPlatformManager: Display: Loaded TargetPlatform 'IOS'
[2022.08.11-12.19.37:344][  0]LogTargetPlatformManager: Display: Loaded TargetPlatform 'Linux'
[2022.08.11-12.19.37:361][  0]LogTargetPlatformManager: Display: Loaded TargetPlatform 'LinuxNoEditor'
[2022.08.11-12.19.37:375][  0]LogTargetPlatformManager: Display: Loaded TargetPlatform 'LinuxClient'
[2022.08.11-12.19.37:394][  0]LogTargetPlatformManager: Display: Loaded TargetPlatform 'LinuxServer'
[2022.08.11-12.19.37:406][  0]LogTargetPlatformManager: Display: Loaded TargetPlatform 'LinuxAArch64NoEditor'
[2022.08.11-12.19.37:417][  0]LogTargetPlatformManager: Display: Loaded TargetPlatform 'LinuxAArch64Client'
[2022.08.11-12.19.37:429][  0]LogTargetPlatformManager: Display: Loaded TargetPlatform 'LinuxAArch64Server'
[2022.08.11-12.19.37:452][  0]LogTargetPlatformManager: Display: Loaded TargetPlatform 'Lumin'
[2022.08.11-12.19.37:453][  0]LogTargetPlatformManager: Display: Loaded TargetPlatform 'LuminClient'
[2022.08.11-12.19.37:468][  0]LogTargetPlatformManager: Display: Loaded TargetPlatform 'TVOSClient'
[2022.08.11-12.19.37:468][  0]LogTargetPlatformManager: Display: Loaded TargetPlatform 'TVOS'
[2022.08.11-12.19.37:476][  0]LogTargetPlatformManager: Display: Loaded TargetPlatform 'WindowsNoEditor'
[2022.08.11-12.19.37:489][  0]LogTargetPlatformManager: Display: Loaded TargetPlatform 'Windows'
[2022.08.11-12.19.37:501][  0]LogTargetPlatformManager: Display: Loaded TargetPlatform 'WindowsClient'
[2022.08.11-12.19.37:510][  0]LogTargetPlatformManager: Display: Loaded TargetPlatform 'WindowsServer'
[2022.08.11-12.19.37:510][  0]LogTargetPlatformManager: Display: Building Assets For Windows
[2022.08.11-12.19.37:527][  0]LogAudioDebug: Display: Lib vorbis DLL was dynamically loaded.
[2022.08.11-12.19.37:631][  0]LogShaderCompilers: Guid format shader working directory is -14 characters bigger than the processId version (../../../../../Git/Project/UEActionRoguelike/ActionRoguelike/Intermediate/Shaders/WorkingDirectory/4176/).
[2022.08.11-12.19.37:631][  0]LogShaderCompilers: Cleaned the shader compiler working directory 'C:/Users/win10/AppData/Local/Temp/UnrealShaderWorkingDir/74144A3049DCFC50EE5077886FC0DA50/'.
[2022.08.11-12.19.37:631][  0]LogXGEController: Cleaning working directory: C:/Users/win10/AppData/Local/Temp/UnrealXGEWorkingDir/
[2022.08.11-12.19.37:632][  0]LogXGEController: Cannot use XGE Controller as Incredibuild is not installed on this machine.
[2022.08.11-12.19.37:632][  0]LogShaderCompilers: Cannot use XGE Shader Compiler as Incredibuild is not installed on this machine.
[2022.08.11-12.19.37:632][  0]LogShaderCompilers: Display: Using Local Shader Compiler.
[2022.08.11-12.19.38:331][  0]LogDerivedDataCache: Display: Max Cache Size: 512 MB
[2022.08.11-12.19.38:376][  0]LogDerivedDataCache: Loaded boot cache 0.04s 76MB C:/Users/win10/AppData/Local/UnrealEngine/4.25/DerivedDataCache/Boot.ddc.
[2022.08.11-12.19.38:377][  0]LogDerivedDataCache: Display: Loaded Boot cache: C:/Users/win10/AppData/Local/UnrealEngine/4.25/DerivedDataCache/Boot.ddc
[2022.08.11-12.19.38:377][  0]LogDerivedDataCache: FDerivedDataBackendGraph:  Pak pak cache file ../../../../../Git/Project/UEActionRoguelike/ActionRoguelike/DerivedDataCache/DDC.ddp not found, will not use a pak cache.
[2022.08.11-12.19.38:377][  0]LogDerivedDataCache: Unable to find inner node Pak for hierarchical cache Hierarchy.
[2022.08.11-12.19.38:377][  0]LogDerivedDataCache: FDerivedDataBackendGraph:  CompressedPak pak cache file ../../../../../Git/Project/UEActionRoguelike/ActionRoguelike/DerivedDataCache/Compressed.ddp not found, will not use a pak cache.
[2022.08.11-12.19.38:377][  0]LogDerivedDataCache: Unable to find inner node CompressedPak for hierarchical cache Hierarchy.
[2022.08.11-12.19.38:386][  0]LogDerivedDataCache: Display: Pak cache opened for reading ../../../Engine/DerivedDataCache/Compressed.ddp.
[2022.08.11-12.19.38:387][  0]LogDerivedDataCache: FDerivedDataBackendGraph:  EnterprisePak pak cache file ../../../Enterprise/DerivedDataCache/Compressed.ddp not found, will not use a pak cache.
[2022.08.11-12.19.38:387][  0]LogDerivedDataCache: Unable to find inner node EnterprisePak for hierarchical cache Hierarchy.
[2022.08.11-12.19.38:389][  0]LogDerivedDataCache: Using Local data cache path C:/Users/win10/AppData/Local/UnrealEngine/Common/DerivedDataCache: Writable
[2022.08.11-12.19.38:389][  0]LogDerivedDataCache: Shared data cache path not found in *engine.ini, will not use an Shared cache.
[2022.08.11-12.19.38:389][  0]LogDerivedDataCache: Unable to find inner node Shared for hierarchical cache Hierarchy.
[2022.08.11-12.19.38:433][  0]LogSlate: Using FreeType 2.10.0
[2022.08.11-12.19.38:433][  0]LogSlate: SlateFontServices - WITH_FREETYPE: 1, WITH_HARFBUZZ: 1
[2022.08.11-12.19.38:455][  0]LogAssetRegistry: FAssetRegistry took 0.0035 seconds to start up
[2022.08.11-12.19.38:619][  0]LogInit: Selected Device Profile: [Windows]
[2022.08.11-12.19.38:718][  0]LogMeshReduction: Using QuadricMeshReduction for automatic static mesh reduction
[2022.08.11-12.19.38:718][  0]LogMeshReduction: Using SimplygonMeshReduction for automatic skeletal mesh reduction
[2022.08.11-12.19.38:718][  0]LogMeshReduction: Using ProxyLODMeshReduction for automatic mesh merging
[2022.08.11-12.19.38:718][  0]LogMeshReduction: No distributed automatic mesh merging module available
[2022.08.11-12.19.38:719][  0]LogMeshMerging: No distributed automatic mesh merging module available
[2022.08.11-12.19.38:732][  0]LogNetVersion: ActionRoguelike 1.0.0, NetCL: 13144385, EngineNetVer: 14, GameNetVer: 0 (Checksum: 3012751956)
[2022.08.11-12.19.39:037][  0]LogAISub: UAISubsystem::UAISubsystem AISubsystem (0000029909725600), frame # 0
[2022.08.11-12.19.39:037][  0]LogAISub: UAISubsystem::UAISubsystem AIPerceptionSystem (000002990F602AC0), frame # 0
[2022.08.11-12.19.39:039][  0]LogAISub: UAISubsystem::UAISubsystem EnvQueryManager (00000299096C9E00), frame # 0
[2022.08.11-12.19.39:088][  0]LogPackageLocalizationCache: Processed 19 localized package path(s) for 2 prioritized culture(s) in 0.045298 seconds
[2022.08.11-12.19.39:091][  0]LogUObjectArray: 15917 objects as part of root set at end of initial load.
[2022.08.11-12.19.39:091][  0]LogUObjectAllocator: 3965568 out of 0 bytes used by permanent object pool.
[2022.08.11-12.19.39:091][  0]LogUObjectArray: CloseDisregardForGC: 0/0 objects in disregard for GC pool
[2022.08.11-12.19.39:475][  0]LogTcpMessaging: Initializing TcpMessaging bridge
[2022.08.11-12.19.39:481][  0]LogUdpMessaging: Initializing bridge on interface 0.0.0.0:0 to multicast group 230.0.0.1:6666.
[2022.08.11-12.19.39:596][  0]SourceControl: 源码管理已禁用
[2022.08.11-12.19.39:596][  0]SourceControl: 源码管理已禁用
[2022.08.11-12.19.39:601][  0]SourceControl: 源码管理已禁用
[2022.08.11-12.19.39:604][  0]SourceControl: 源码管理已禁用
[2022.08.11-12.19.39:611][  0]SourceControl: 源码管理已禁用
[2022.08.11-12.19.39:913][  0]LogAndroidPermission: UAndroidPermissionCallbackProxy::GetInstance
[2022.08.11-12.19.39:940][  0]LogAudioCaptureCore: Display: No Audio Capture implementations found. Audio input will be silent.
[2022.08.11-12.19.39:940][  0]LogAudioCaptureCore: Display: No Audio Capture implementations found. Audio input will be silent.
[2022.08.11-12.19.39:999][  0]LogOcInput: OculusInput pre-init called
[2022.08.11-12.19.40:015][  0]LogWindows: Failed to load 'OVRPlugin.dll' (GetLastError=126)
[2022.08.11-12.19.40:015][  0]LogWindows: File 'OVRPlugin.dll' does not exist
[2022.08.11-12.19.40:075][  0]LogEngine: Initializing Engine...
[2022.08.11-12.19.40:076][  0]LogHMD: Failed to initialize OpenVR with code 110
[2022.08.11-12.19.40:076][  0]LogMagicLeap: Warning: VR disabled because ZI is not enabled.  To enable, in the editor, Edit -> Project Settings -> Plugins -> Magic Leap Plugin -> Enable Zero Iteration
[2022.08.11-12.19.40:077][  0]LogStats: UGameplayTagsManager::InitializeManager -  0.000 s
[2022.08.11-12.19.40:161][  0]LogInit: Initializing FReadOnlyCVARCache
[2022.08.11-12.19.40:169][  0]LogAIModule: Creating AISystem for world Untitled
[2022.08.11-12.19.40:170][  0]LogAISub: UAISubsystem::UAISubsystem EnvQueryManager (0000029913655200), frame # 0
[2022.08.11-12.19.40:170][  0]LogAISub: UAISubsystem::UAISubsystem AIPerceptionSystem (0000029913637100), frame # 0
[2022.08.11-12.19.40:183][  0]LogAudioMixer: Display: Audio Mixer Platform Settings:
[2022.08.11-12.19.40:184][  0]LogAudioMixer: Display: 	Sample Rate:						  48000
[2022.08.11-12.19.40:184][  0]LogAudioMixer: Display: 	Callback Buffer Frame Size Requested: 1024
[2022.08.11-12.19.40:184][  0]LogAudioMixer: Display: 	Callback Buffer Frame Size To Use:	  1024
[2022.08.11-12.19.40:184][  0]LogAudioMixer: Display: 	Number of buffers to queue:			  2
[2022.08.11-12.19.40:184][  0]LogAudioMixer: Display: 	Max Channels (voices):				  32
[2022.08.11-12.19.40:184][  0]LogAudioMixer: Display: 	Number of Async Source Workers:		  0
[2022.08.11-12.19.40:184][  0]LogAudio: Display: AudioDevice MaxSources: 32
[2022.08.11-12.19.40:184][  0]LogAudio: Display: Using built-in audio occlusion.
[2022.08.11-12.19.40:184][  0]LogAudioMixer: Display: Initializing audio mixer.
[2022.08.11-12.19.40:237][  0]LogAudioMixer: Display: 0: FrontLeft
[2022.08.11-12.19.40:237][  0]LogAudioMixer: Display: 1: FrontRight
[2022.08.11-12.19.40:433][  0]LogAudioMixer: Display: Using Audio Device 扬声器 (Realtek High Definition Audio)
[2022.08.11-12.19.40:436][  0]LogAudioMixer: Display: Initializing Sound Submixes...
[2022.08.11-12.19.40:437][  0]LogAudioMixer: Display: Creating Master Submix 'MasterSubmixDefault'
[2022.08.11-12.19.40:437][  0]LogAudioMixer: Display: Creating Master Submix 'MasterReverbSubmixDefault'
[2022.08.11-12.19.40:439][  0]LogAudioMixer: Display: Creating Master Submix 'MasterEQSubmixDefault'
[2022.08.11-12.19.40:441][  0]LogInit: FAudioDevice initialized.
[2022.08.11-12.19.40:441][  0]LogNetVersion: Set ProjectVersion to 1.0.0.0. Version Checksum will be recalculated on next use.
[2022.08.11-12.19.40:474][  0]LogDerivedDataCache: Saved boot cache 0.03s 76MB C:/Users/win10/AppData/Local/UnrealEngine/4.25/DerivedDataCache/Boot.ddc.
[2022.08.11-12.19.40:475][  0]LogInit: Texture streaming: Enabled
[2022.08.11-12.19.40:494][  0]LogEngineSessionManager: EngineSessionManager initialized
[2022.08.11-12.19.40:494][  0]LogEngineSessionManager: EngineSessionManager sent abnormal shutdown report. Type=Debugger, SessionId={34E39FCD-48F0-9CF4-9112-008EEEDBDD7F}
[2022.08.11-12.19.40:495][  0]LogEngineSessionManager: EngineSessionManager sent abnormal shutdown report. Type=Debugger, SessionId={DC65BAE3-47C5-9E41-7553-5AA55A277B50}
[2022.08.11-12.19.40:495][  0]LogEditorSessionSummary: Verbose: Initializing EditorSessionSummaryWriter for editor session tracking
[2022.08.11-12.19.40:496][  0]LogEditorSessionSummary: EditorSessionSummaryWriter initialized
[2022.08.11-12.19.40:532][  0]LogInit: Transaction tracking system initialized
[2022.08.11-12.19.40:558][  0]BlueprintLog: New page: 编辑器加载
[2022.08.11-12.19.40:644][  0]LocalizationService: 本地化服务已禁用
[2022.08.11-12.19.40:785][  0]LogCook: Display: Max memory allowance for cook 16384mb min free memory 0mb
[2022.08.11-12.19.40:786][  0]LogCook: Display: Mobile HDR setting 1
[2022.08.11-12.19.40:942][  0]LogFileCache: Scanning file cache for directory 'D:/Software/Git/Project/UEActionRoguelike/ActionRoguelike/Content/' took 0.01s
[2022.08.11-12.19.41:105][  0]SourceControl: 源码管理已禁用
[2022.08.11-12.19.41:105][  0]LogUnrealEdMisc: Loading editor; pre map load, took 6.127
[2022.08.11-12.19.41:106][  0]Cmd: MAP LOAD FILE="../../../../../Git/Project/UEActionRoguelike/ActionRoguelike/Content/ActionRoguelike/Maps/TestLevel.umap" TEMPLATE=0 SHOWPROGRESS=1 FEATURELEVEL=3
[2022.08.11-12.19.41:106][  0]LightingResults: New page: 光照构建
[2022.08.11-12.19.41:107][  0]LogWorld: UWorld::CleanupWorld for Untitled, bSessionEnded=true, bCleanupResources=true
[2022.08.11-12.19.41:107][  0]LogSlate: InvalidateAllWidgets triggered.  All widgets were invalidated
[2022.08.11-12.19.41:107][  0]MapCheck: New page: 地图检测
[2022.08.11-12.19.41:107][  0]LightingResults: New page: 光照构建
[2022.08.11-12.19.41:117][  0]LogAISub: UAISubsystem::~UAISubsystem EnvQueryManager (0000029913655200), frame # 0
[2022.08.11-12.19.41:117][  0]LogAISub: UAISubsystem::~UAISubsystem AIPerceptionSystem (0000029913637100), frame # 0
[2022.08.11-12.19.41:118][  0]LogUObjectHash: Compacting FUObjectHashTables data took   0.46ms
[2022.08.11-12.19.41:384][  0]LogLinker: Warning: 加载“../../../../../Git/Project/UEActionRoguelike/ActionRoguelike/Content/ExampleContent/Effects/P_Treasure_Burst.uasset”时未能加载“/Game/ExampleContent/NetworkFeatures/Materials/M_Energy_Burst”：无法找到文件。
[2022.08.11-12.19.41:384][  0]LogLinker: Warning: 加载“../../../../../Git/Project/UEActionRoguelike/ActionRoguelike/Content/ExampleContent/Effects/P_Treasure_Burst.uasset”时未能加载“/Game/ExampleContent/NetworkFeatures/Materials/M_Energy_Burst”：无法找到文件。
[2022.08.11-12.19.41:385][  0]LogLinker: Warning: 加载“../../../../../Git/Project/UEActionRoguelike/ActionRoguelike/Content/ExampleContent/Effects/P_Treasure_Burst.uasset”时未能加载“/Game/ExampleContent/NetworkFeatures/Materials/M_Gold_Pile”：无法找到文件。
[2022.08.11-12.19.41:386][  0]LogLinker: Warning: 加载“../../../../../Git/Project/UEActionRoguelike/ActionRoguelike/Content/ExampleContent/Effects/P_Treasure_Burst.uasset”时未能加载“/Game/ExampleContent/NetworkFeatures/Materials/M_Gold_Pile”：无法找到文件。
[2022.08.11-12.19.41:386][  0]LogLinker: Warning: 加载“../../../../../Git/Project/UEActionRoguelike/ActionRoguelike/Content/ExampleContent/Effects/P_Treasure_Burst.uasset”时未能加载“/Game/ExampleContent/NetworkFeatures/Materials/M_Energy_Burst”：无法找到文件。
[2022.08.11-12.19.41:386][  0]LogLinker: Warning: 加载“../../../../../Git/Project/UEActionRoguelike/ActionRoguelike/Content/ExampleContent/Effects/P_Treasure_Burst.uasset”时未能加载“/Game/ExampleContent/NetworkFeatures/Materials/M_Energy_Burst”：无法找到文件。
[2022.08.11-12.19.41:386][  0]LogLinker: Warning: 加载“../../../../../Git/Project/UEActionRoguelike/ActionRoguelike/Content/ExampleContent/Effects/P_Treasure_Burst.uasset”时未能加载“/Game/ExampleContent/NetworkFeatures/Materials/M_Gold_Pile”：无法找到文件。
[2022.08.11-12.19.41:386][  0]LogLinker: Warning: 加载“../../../../../Git/Project/UEActionRoguelike/ActionRoguelike/Content/ExampleContent/Effects/P_Treasure_Burst.uasset”时未能加载“/Game/ExampleContent/NetworkFeatures/Materials/M_Gold_Pile”：无法找到文件。
[2022.08.11-12.19.41:386][  0]LogLinker: Warning: 加载“../../../../../Git/Project/UEActionRoguelike/ActionRoguelike/Content/ExampleContent/Effects/P_Treasure_Burst.uasset”时未能加载“/Game/ExampleContent/NetworkFeatures/Meshes/SM_Coin_Small”：无法找到文件。
[2022.08.11-12.19.41:386][  0]LogLinker: Warning: 加载“../../../../../Git/Project/UEActionRoguelike/ActionRoguelike/Content/ExampleContent/Effects/P_Treasure_Burst.uasset”时未能加载“/Game/ExampleContent/NetworkFeatures/Meshes/SM_Coin_Small”：无法找到文件。
[2022.08.11-12.19.41:387][  0]LogLinker: Warning: 加载“../../../../../Git/Project/UEActionRoguelike/ActionRoguelike/Content/ExampleContent/Effects/P_Treasure_Burst.uasset”时未能加载“/Game/ExampleContent/NetworkFeatures/Meshes/SM_Open_Square”：无法找到文件。
[2022.08.11-12.19.41:387][  0]LogLinker: Warning: 加载“../../../../../Git/Project/UEActionRoguelike/ActionRoguelike/Content/ExampleContent/Effects/P_Treasure_Burst.uasset”时未能加载“/Game/ExampleContent/NetworkFeatures/Meshes/SM_Open_Square”：无法找到文件。
[2022.08.11-12.19.41:387][  0]LogLinker: Warning: 加载“../../../../../Git/Project/UEActionRoguelike/ActionRoguelike/Content/ExampleContent/Effects/P_Treasure_Burst.uasset”时未能加载“/Game/ExampleContent/NetworkFeatures/Meshes/SM_Coin_Small”：无法找到文件。
[2022.08.11-12.19.41:387][  0]LogLinker: Warning: 加载“../../../../../Git/Project/UEActionRoguelike/ActionRoguelike/Content/ExampleContent/Effects/P_Treasure_Burst.uasset”时未能加载“/Game/ExampleContent/NetworkFeatures/Meshes/SM_Coin_Small”：无法找到文件。
[2022.08.11-12.19.41:387][  0]LogLinker: Warning: 加载“../../../../../Git/Project/UEActionRoguelike/ActionRoguelike/Content/ExampleContent/Effects/P_Treasure_Burst.uasset”时未能加载“/Game/ExampleContent/NetworkFeatures/Meshes/SM_Open_Square”：无法找到文件。
[2022.08.11-12.19.41:387][  0]LogLinker: Warning: 加载“../../../../../Git/Project/UEActionRoguelike/ActionRoguelike/Content/ExampleContent/Effects/P_Treasure_Burst.uasset”时未能加载“/Game/ExampleContent/NetworkFeatures/Meshes/SM_Open_Square”：无法找到文件。
[2022.08.11-12.19.41:539][  0]LogLinker: Warning: 加载“../../../../../Git/Project/UEActionRoguelike/ActionRoguelike/Content/ExampleContent/Effects/P_Treasure_Burst.uasset”时未能加载“/Game/ExampleContent/NetworkFeatures/Materials/M_Energy_Burst”：无法找到文件。
[2022.08.11-12.19.41:539][  0]LoadErrors: 加载失败 /Game/ExampleContent/NetworkFeatures/Materials/M_Energy_Burst.M_Energy_Burst 引用者 ParticleModuleRequired_0
[2022.08.11-12.19.41:539][  0]LogLinker: Warning: 加载“../../../../../Git/Project/UEActionRoguelike/ActionRoguelike/Content/ExampleContent/Effects/P_Treasure_Burst.uasset”时未能加载“/Game/ExampleContent/NetworkFeatures/Materials/M_Energy_Burst”：无法找到文件。
[2022.08.11-12.19.41:539][  0]LoadErrors: 加载失败 /Game/ExampleContent/NetworkFeatures/Materials/M_Energy_Burst.M_Energy_Burst 引用者 ParticleModuleRequired_0
[2022.08.11-12.19.41:540][  0]LogLinker: Warning: 加载“../../../../../Git/Project/UEActionRoguelike/ActionRoguelike/Content/ExampleContent/Effects/P_Treasure_Burst.uasset”时未能加载“/Game/ExampleContent/NetworkFeatures/Materials/M_Gold_Pile”：无法找到文件。
[2022.08.11-12.19.41:540][  0]LoadErrors: 加载失败 /Game/ExampleContent/NetworkFeatures/Materials/M_Gold_Pile.M_Gold_Pile 引用者 ParticleModuleRequired_3
[2022.08.11-12.19.41:540][  0]LogLinker: Warning: 加载“../../../../../Git/Project/UEActionRoguelike/ActionRoguelike/Content/ExampleContent/Effects/P_Treasure_Burst.uasset”时未能加载“/Game/ExampleContent/NetworkFeatures/Materials/M_Gold_Pile”：无法找到文件。
[2022.08.11-12.19.41:540][  0]LoadErrors: 加载失败 /Game/ExampleContent/NetworkFeatures/Materials/M_Gold_Pile.M_Gold_Pile 引用者 ParticleModuleRequired_3
[2022.08.11-12.19.41:541][  0]LogLinker: Warning: 加载“../../../../../Git/Project/UEActionRoguelike/ActionRoguelike/Content/ExampleContent/Effects/P_Treasure_Burst.uasset”时未能加载“/Game/ExampleContent/NetworkFeatures/Meshes/SM_Open_Square”：无法找到文件。
[2022.08.11-12.19.41:541][  0]LoadErrors: 加载失败 /Game/ExampleContent/NetworkFeatures/Meshes/SM_Open_Square.SM_Open_Square 引用者 ParticleModuleTypeDataMesh_0
[2022.08.11-12.19.41:541][  0]LogLinker: Warning: 加载“../../../../../Git/Project/UEActionRoguelike/ActionRoguelike/Content/ExampleContent/Effects/P_Treasure_Burst.uasset”时未能加载“/Game/ExampleContent/NetworkFeatures/Meshes/SM_Open_Square”：无法找到文件。
[2022.08.11-12.19.41:541][  0]LoadErrors: 加载失败 /Game/ExampleContent/NetworkFeatures/Meshes/SM_Open_Square.SM_Open_Square 引用者 ParticleModuleTypeDataMesh_0
[2022.08.11-12.19.41:541][  0]LogLinker: Warning: 加载“../../../../../Git/Project/UEActionRoguelike/ActionRoguelike/Content/ExampleContent/Effects/P_Treasure_Burst.uasset”时未能加载“/Game/ExampleContent/NetworkFeatures/Meshes/SM_Coin_Small”：无法找到文件。
[2022.08.11-12.19.41:541][  0]LoadErrors: 加载失败 /Game/ExampleContent/NetworkFeatures/Meshes/SM_Coin_Small.SM_Coin_Small 引用者 ParticleModuleTypeDataMesh_1
[2022.08.11-12.19.41:541][  0]LogLinker: Warning: 加载“../../../../../Git/Project/UEActionRoguelike/ActionRoguelike/Content/ExampleContent/Effects/P_Treasure_Burst.uasset”时未能加载“/Game/ExampleContent/NetworkFeatures/Meshes/SM_Coin_Small”：无法找到文件。
[2022.08.11-12.19.41:541][  0]LoadErrors: 加载失败 /Game/ExampleContent/NetworkFeatures/Meshes/SM_Coin_Small.SM_Coin_Small 引用者 ParticleModuleTypeDataMesh_1
[2022.08.11-12.19.41:595][  0]LogMaterial: Display: Missing cached shader map for material M_Toy_Cow, compiling. 
[2022.08.11-12.19.41:597][  0]LogMaterial: Warning: D:\Software\Git\Project\UEActionRoguelike\ActionRoguelike\Content\ExampleContent\Materials\M_Toy_Cow.uasset: Failed to compile Material for platform PCD3D_SM5, Default Material will be used in game.
[2022.08.11-12.19.41:597][  0]LogMaterial: Display: 	(Node TextureSample) Texture Sample> Missing input texture
[2022.08.11-12.19.41:750][  0]LogAIModule: Creating AISystem for world TestLevel
[2022.08.11-12.19.41:751][  0]LogAISub: UAISubsystem::UAISubsystem EnvQueryManager (000002990553C200), frame # 0
[2022.08.11-12.19.41:751][  0]LogAISub: UAISubsystem::UAISubsystem AIPerceptionSystem (00000299055B1580), frame # 0
[2022.08.11-12.19.41:762][  0]LogEditorServer: Finished looking for orphan Actors (0.000 secs)
[2022.08.11-12.19.41:777][  0]LogUObjectHash: Compacting FUObjectHashTables data took   0.76ms
[2022.08.11-12.19.41:778][  0]Cmd: MAP CHECKDEP NOCLEARLOG
[2022.08.11-12.19.41:778][  0]MapCheck: 地图检测完成：0个错误、0个警告、完成用时0.138毫秒。
[2022.08.11-12.19.41:778][  0]LogFileHelpers: Loading map 'TestLevel' took 0.672
[2022.08.11-12.19.41:781][  0]LogUnrealEdMisc: Total Editor Startup Time, took 6.802
[2022.08.11-12.19.41:908][  0]LogSlate: Updating window title bar state: overlay mode, drag disabled, window buttons hidden, title bar hidden
[2022.08.11-12.19.41:913][  0]LogSlate: Updating window title bar state: overlay mode, drag disabled, window buttons hidden, title bar hidden
[2022.08.11-12.19.41:918][  0]LogSlate: Updating window title bar state: overlay mode, drag disabled, window buttons hidden, title bar hidden
[2022.08.11-12.19.41:923][  0]LogSlate: Updating window title bar state: overlay mode, drag disabled, window buttons hidden, title bar hidden
[2022.08.11-12.19.41:930][  0]LogCollectionManager: Loaded 0 collections in 0.000570 seconds
[2022.08.11-12.19.41:946][  0]LogFileCache: Scanning file cache for directory 'D:/Software/Git/Project/UEActionRoguelike/ActionRoguelike/Saved/Collections/' took 0.00s
[2022.08.11-12.19.41:946][  0]LogFileCache: Scanning file cache for directory 'D:/Software/Git/Project/UEActionRoguelike/ActionRoguelike/Content/Developers/win10/Collections/' took 0.00s
[2022.08.11-12.19.41:947][  0]LogFileCache: Scanning file cache for directory 'D:/Software/Git/Project/UEActionRoguelike/ActionRoguelike/Content/Collections/' took 0.00s
[2022.08.11-12.19.41:947][  0]LogContentBrowser: Native class hierarchy populated in 0.0073 seconds. Added 3463 classes and 827 folders.
[2022.08.11-12.19.41:949][  0]LogContentBrowser: Native class hierarchy updated for 'WidgetCarousel' in 0.0003 seconds. Added 0 classes and 0 folders.
[2022.08.11-12.19.41:988][  0]LogContentBrowser: Native class hierarchy updated for 'AddContentDialog' in 0.0003 seconds. Added 0 classes and 0 folders.
[2022.08.11-12.19.41:989][  0]LogContentBrowser: Native class hierarchy updated for 'SceneOutliner' in 0.0003 seconds. Added 2 classes and 0 folders.
[2022.08.11-12.19.42:296][  0]LogSlate: Took 0.000133 seconds to synchronously load lazily loaded font '../../../Engine/Content/Slate/Fonts/Roboto-Regular.ttf' (155K)
[2022.08.11-12.19.42:298][  0]LogSlate: Took 0.001558 seconds to synchronously load lazily loaded font '../../../Engine/Content/Slate/Fonts/DroidSansFallback.ttf' (3848K)
[2022.08.11-12.19.42:299][  0]LogSlate: Took 0.000171 seconds to synchronously load lazily loaded font '../../../Engine/Content/Slate/Fonts/Roboto-Bold.ttf' (160K)
[2022.08.11-12.19.42:302][  0]LogSlate: Took 0.000159 seconds to synchronously load lazily loaded font '../../../Engine/Content/Editor/Slate/Fonts/FontAwesome.ttf' (139K)
[2022.08.11-12.19.42:348][  0]LogRenderer: Reallocating scene render targets to support 1208x572 Format 10 NumSamples 1 (Frame:1).
[2022.08.11-12.19.42:420][  0]LogContentBrowser: Native class hierarchy updated for 'HierarchicalLODOutliner' in 0.0003 seconds. Added 0 classes and 0 folders.
[2022.08.11-12.19.42:420][  0]LogLoad: (Engine Initialization) Total time: 7.44 seconds
[2022.08.11-12.19.42:420][  0]LogLoad: (Engine Initialization) Total Blueprint compile time: 0.00 seconds
[2022.08.11-12.19.42:470][  0]LogAssetRegistry: Asset discovery search completed in 4.0175 seconds
[2022.08.11-12.19.42:473][  0]LogCollectionManager: Fixed up redirectors for 0 collections in 0.000002 seconds (updated 0 objects)
[2022.08.11-12.19.42:474][  0]LogContentStreaming: Texture pool size now 1000 MB
[2022.08.11-12.19.42:520][  0]LogSlate: Took 0.000096 seconds to synchronously load lazily loaded font '../../../Engine/Content/Slate/Fonts/Roboto-Light.ttf' (167K)
[2022.08.11-12.19.42:525][  0]LogSlate: Took 0.000085 seconds to synchronously load lazily loaded font '../../../Engine/Content/Slate/Fonts/DroidSansMono.ttf' (77K)
[2022.08.11-12.19.48:710][295]LogSlate: Window '消息日志' being destroyed
[2022.08.11-12.19.48:717][295]LogSlate: Window '消息日志' being destroyed
[2022.08.11-12.19.49:216][325]LogTemp: Repeating last play command: 新建编辑器窗口（编辑器中运行）
[2022.08.11-12.19.49:231][325]LogPlayLevel: PlayLevel: No blueprints needed recompiling
[2022.08.11-12.19.49:232][325]PIE: New page: PIE会话：TestLevel（2022年8月12日 上午6:19:49）
[2022.08.11-12.19.49:233][325]LogOnline: OSS: Creating online subsystem instance for: NULL
[2022.08.11-12.19.49:235][325]LogOnline: OSS: TryLoadSubsystemAndSetDefault: Loaded subsystem for module [NULL]
[2022.08.11-12.19.49:235][325]LogPlayLevel: Creating play world package: /Game/ActionRoguelike/Maps/UEDPIE_0_TestLevel
[2022.08.11-12.19.49:240][325]LogPlayLevel: PIE: StaticDuplicateObject took: (0.004509s)
[2022.08.11-12.19.49:240][325]LogAIModule: Creating AISystem for world TestLevel
[2022.08.11-12.19.49:241][325]LogAISub: UAISubsystem::UAISubsystem EnvQueryManager (0000029986F9CC00), frame # 325
[2022.08.11-12.19.49:241][325]LogAISub: UAISubsystem::UAISubsystem AIPerceptionSystem (0000029901CDC400), frame # 325
[2022.08.11-12.19.49:241][325]LogPlayLevel: PIE: World Init took: (0.001048s)
[2022.08.11-12.19.49:241][325]LogPlayLevel: PIE: Created PIE world by copying editor world from /Game/ActionRoguelike/Maps/TestLevel.TestLevel to /Game/ActionRoguelike/Maps/UEDPIE_0_TestLevel.TestLevel (0.005857s)
[2022.08.11-12.19.49:254][325]LogUObjectHash: Compacting FUObjectHashTables data took   0.54ms
[2022.08.11-12.19.49:255][325]LogAudioMixer: Display: Audio Mixer Platform Settings:
[2022.08.11-12.19.49:255][325]LogAudioMixer: Display: 	Sample Rate:						  48000
[2022.08.11-12.19.49:256][325]LogAudioMixer: Display: 	Callback Buffer Frame Size Requested: 1024
[2022.08.11-12.19.49:256][325]LogAudioMixer: Display: 	Callback Buffer Frame Size To Use:	  1024
[2022.08.11-12.19.49:256][325]LogAudioMixer: Display: 	Number of buffers to queue:			  2
[2022.08.11-12.19.49:256][325]LogAudioMixer: Display: 	Max Channels (voices):				  32
[2022.08.11-12.19.49:256][325]LogAudioMixer: Display: 	Number of Async Source Workers:		  0
[2022.08.11-12.19.49:256][325]LogAudio: Display: AudioDevice MaxSources: 32
[2022.08.11-12.19.49:257][325]LogAudio: Display: Using built-in audio occlusion.
[2022.08.11-12.19.49:257][325]LogAudioMixer: Display: Initializing audio mixer.
[2022.08.11-12.19.49:261][325]LogAudioMixer: Display: 0: FrontLeft
[2022.08.11-12.19.49:261][325]LogAudioMixer: Display: 1: FrontRight
[2022.08.11-12.19.49:316][325]LogAudioMixer: Display: Using Audio Device 扬声器 (Realtek High Definition Audio)
[2022.08.11-12.19.49:317][325]LogAudioMixer: Display: Initializing Sound Submixes...
[2022.08.11-12.19.49:317][325]LogAudioMixer: Display: Creating Master Submix 'MasterSubmixDefault'
[2022.08.11-12.19.49:317][325]LogAudioMixer: Display: Creating Master Submix 'MasterReverbSubmixDefault'
[2022.08.11-12.19.49:317][325]LogAudioMixer: Display: Creating Master Submix 'MasterEQSubmixDefault'
[2022.08.11-12.19.49:328][325]LogInit: FAudioDevice initialized.
[2022.08.11-12.19.49:350][325]LogSlate: Updating window title bar state: overlay mode, drag disabled, window buttons hidden, title bar hidden
[2022.08.11-12.19.49:351][325]LogLoad: Game class is 'SGameModeBP_C'
[2022.08.11-12.19.49:353][325]LogWorld: Bringing World /Game/ActionRoguelike/Maps/UEDPIE_0_TestLevel.TestLevel up for play (max tick rate 60) at 2022.08.11-21.19.49
[2022.08.11-12.19.49:354][325]LogWorld: Bringing up level for play took: 0.001963
[2022.08.11-12.19.49:354][325]LogOnline: OSS: Creating online subsystem instance for: :Context_2
[2022.08.11-12.19.49:359][325]LogContentBrowser: Native class hierarchy updated for 'MovieSceneCapture' in 0.0004 seconds. Added 20 classes and 0 folders.
[2022.08.11-12.19.49:359][325]LogScript: Warning: Script Msg: Divide by zero detected: 90.000114 / 0
Script call stack:
	Function /Game/ParagonGideon/Characters/Heroes/Gideon/Gideon_AnimBlueprint.Gideon_AnimBlueprint_C:BlueprintUpdateAnimation
	Function /Game/ParagonGideon/Characters/Heroes/Gideon/Gideon_AnimBlueprint.Gideon_AnimBlueprint_C:ExecuteUbergraph_Gideon_AnimBlueprint

[2022.08.11-12.19.49:362][325]LogNet: ReplicationDriverClass is null! Not using ReplicationDriver.
[2022.08.11-12.19.49:363][325]LogNetCore: DDoS detection status: detection enabled: 0 analytics enabled: 0
[2022.08.11-12.19.49:363][325]LogInit: WinSock: Socket queue. Rx: 131072 (config 131072) Tx: 131072 (config 131072)
[2022.08.11-12.19.49:363][325]LogNet: Created socket for bind address: 0.0.0.0 on port 17777
[2022.08.11-12.19.49:364][325]PacketHandlerLog: Loaded PacketHandler component: Engine.EngineHandlerComponentFactory (StatelessConnectHandlerComponent)
[2022.08.11-12.19.49:364][325]LogNet: GameNetDriver IpNetDriver_0 IpNetDriver listening on port 17777
[2022.08.11-12.19.49:368][325]PIE: 登陆的服务器
[2022.08.11-12.19.49:369][325]PIE: PIE总开始时间：0.138秒。
[2022.08.11-12.19.49:369][325]LogAudioMixer: Display: Audio Mixer Platform Settings:
[2022.08.11-12.19.49:370][325]LogAudioMixer: Display: 	Sample Rate:						  48000
[2022.08.11-12.19.49:370][325]LogAudioMixer: Display: 	Callback Buffer Frame Size Requested: 1024
[2022.08.11-12.19.49:370][325]LogAudioMixer: Display: 	Callback Buffer Frame Size To Use:	  1024
[2022.08.11-12.19.49:370][325]LogAudioMixer: Display: 	Number of buffers to queue:			  2
[2022.08.11-12.19.49:370][325]LogAudioMixer: Display: 	Max Channels (voices):				  32
[2022.08.11-12.19.49:370][325]LogAudioMixer: Display: 	Number of Async Source Workers:		  0
[2022.08.11-12.19.49:371][325]LogAudio: Display: AudioDevice MaxSources: 32
[2022.08.11-12.19.49:371][325]LogAudio: Display: Using built-in audio occlusion.
[2022.08.11-12.19.49:371][325]LogAudioMixer: Display: Initializing audio mixer.
[2022.08.11-12.19.49:376][325]LogAudioMixer: Display: 0: FrontLeft
[2022.08.11-12.19.49:376][325]LogAudioMixer: Display: 1: FrontRight
[2022.08.11-12.19.49:431][325]LogAudioMixer: Display: Using Audio Device 扬声器 (Realtek High Definition Audio)
[2022.08.11-12.19.49:431][325]LogAudioMixer: Display: Initializing Sound Submixes...
[2022.08.11-12.19.49:431][325]LogAudioMixer: Display: Creating Master Submix 'MasterSubmixDefault'
[2022.08.11-12.19.49:431][325]LogAudioMixer: Display: Creating Master Submix 'MasterReverbSubmixDefault'
[2022.08.11-12.19.49:432][325]LogAudioMixer: Display: Creating Master Submix 'MasterEQSubmixDefault'
[2022.08.11-12.19.49:444][325]LogInit: FAudioDevice initialized.
[2022.08.11-12.19.49:462][325]LogSlate: Updating window title bar state: overlay mode, drag disabled, window buttons hidden, title bar hidden
[2022.08.11-12.19.49:462][325]LogNet: Browse: 127.0.0.1:17777/Engine/Maps/Entry
[2022.08.11-12.19.49:463][325]LogInit: WinSock: Socket queue. Rx: 32768 (config 32768) Tx: 32768 (config 32768)
[2022.08.11-12.19.49:463][325]LogNet: Created socket for bind address: 0.0.0.0 on port 0
[2022.08.11-12.19.49:464][325]PacketHandlerLog: Loaded PacketHandler component: Engine.EngineHandlerComponentFactory (StatelessConnectHandlerComponent)
[2022.08.11-12.19.49:464][325]LogNet: Game client on port 17777, rate 10000
[2022.08.11-12.19.49:466][325]PIE: 已登陆客户端
[2022.08.11-12.19.49:467][325]PIE: PIE总开始时间：0.236秒。
[2022.08.11-12.19.49:473][325]LogTemp: Warning: Spawn bot EQS Query failed!
[2022.08.11-12.19.49:474][325]LogTemp: Warning: Spawn bot EQS Query failed!
[2022.08.11-12.19.49:474][325]LogTemp: Warning: Spawn bot EQS Query failed!
[2022.08.11-12.19.49:474][325]LogTemp: Warning: Spawn bot EQS Query failed!
[2022.08.11-12.19.49:474][325]LogTemp: Warning: Spawn bot EQS Query failed!
[2022.08.11-12.19.49:475][325]LogTemp: Warning: Spawn bot EQS Query failed!
[2022.08.11-12.19.49:475][325]LogTemp: Warning: Spawn bot EQS Query failed!
[2022.08.11-12.19.49:475][325]LogTemp: Warning: Spawn bot EQS Query failed!
[2022.08.11-12.19.49:475][325]LogTemp: Warning: Spawn bot EQS Query failed!
[2022.08.11-12.19.49:475][325]LogTemp: Warning: Spawn bot EQS Query failed!
[2022.08.11-12.19.49:476][325]LogTemp: Warning: Spawn bot EQS Query failed!
[2022.08.11-12.19.49:476][325]LogTemp: Warning: Spawn bot EQS Query failed!
[2022.08.11-12.19.49:515][325]LogRenderer: Reallocating scene render targets to support 1280x720 Format 10 NumSamples 1 (Frame:1).
[2022.08.11-12.19.50:487][382]LogNet: NotifyAcceptingConnection accepted from: 127.0.0.1:64643
[2022.08.11-12.19.50:488][382]LogHandshake: SendConnectChallenge. Timestamp: 1.288335, Cookie: 124009054073094216063167202191190227105098190106212247114217
[2022.08.11-12.19.50:489][382]LogHandshake: SendChallengeResponse. Timestamp: 1.288335, Cookie: 124009054073094216063167202191190227105098190106212247114217
[2022.08.11-12.19.50:504][383]LogNet: NotifyAcceptingConnection accepted from: 127.0.0.1:64643
[2022.08.11-12.19.50:504][383]LogHandshake: SendChallengeAck. InCookie: 124009054073094216063167202191190227105098190106212247114217
[2022.08.11-12.19.50:505][383]LogNet: Server accepting post-challenge connection from: 127.0.0.1:64643
[2022.08.11-12.19.50:505][383]PacketHandlerLog: Loaded PacketHandler component: Engine.EngineHandlerComponentFactory (StatelessConnectHandlerComponent)
[2022.08.11-12.19.50:505][383]LogNet: NotifyAcceptedConnection: Name: TestLevel, TimeStamp: 08/11/22 21:19:50, [UNetConnection] RemoteAddr: 127.0.0.1:64643, Name: IpConnection_1, Driver: GameNetDriver IpNetDriver_0, IsServer: YES, PC: NULL, Owner: NULL, UniqueId: INVALID
[2022.08.11-12.19.50:506][383]LogNet: AddClientConnection: Added client connection: [UNetConnection] RemoteAddr: 127.0.0.1:64643, Name: IpConnection_1, Driver: GameNetDriver IpNetDriver_0, IsServer: YES, PC: NULL, Owner: NULL, UniqueId: INVALID
[2022.08.11-12.19.50:507][383]LogNetVersion: ActionRoguelike 1.0.0.0, NetCL: 13144385, EngineNetVer: 14, GameNetVer: 0 (Checksum: 878756131)
[2022.08.11-12.19.50:507][383]LogNet: UPendingNetGame::SendInitialJoin: Sending hello. [UNetConnection] RemoteAddr: 127.0.0.1:17777, Name: IpConnection_0, Driver: PendingNetDriver IpNetDriver_1, IsServer: NO, PC: NULL, Owner: NULL, UniqueId: INVALID
[2022.08.11-12.19.50:521][384]LogNet: NotifyAcceptingChannel Control 0 server World /Game/ActionRoguelike/Maps/UEDPIE_0_TestLevel.TestLevel: Accepted
[2022.08.11-12.19.50:521][384]LogNet: Remote platform little endian=1
[2022.08.11-12.19.50:522][384]LogNet: This platform little endian=1
[2022.08.11-12.19.50:522][384]LogOnline: OSS: Creating online subsystem instance for: :Context_3
[2022.08.11-12.19.50:538][385]LogNet: Login request: ?Name=MSI-EDC21B4A4486F7C4C2767FA8A24E5993 userId: NULL:MSI-EDC21B4A4486F7C4C2767FA8A24E5993 platform: NULL
[2022.08.11-12.19.50:539][385]LogNet: Welcomed by server (Level: /Game/ActionRoguelike/Maps/UEDPIE_0_TestLevel, Game: /Game/ActionRoguelike/SGameModeBP.SGameModeBP_C)
[2022.08.11-12.19.50:539][385]LogLoad: LoadMap: 127.0.0.1:17777/Game/ActionRoguelike/Maps/UEDPIE_0_TestLevel?game=/Game/ActionRoguelike/SGameModeBP.SGameModeBP_C
[2022.08.11-12.19.50:539][385]LogWorld: BeginTearingDown for /Temp/Untitled_1
[2022.08.11-12.19.50:539][385]LogWorld: UWorld::CleanupWorld for Untitled, bSessionEnded=true, bCleanupResources=true
[2022.08.11-12.19.50:540][385]LogSlate: InvalidateAllWidgets triggered.  All widgets were invalidated
[2022.08.11-12.19.50:551][385]LogUObjectHash: Compacting FUObjectHashTables data took   0.57ms
[2022.08.11-12.19.50:557][385]LogAIModule: Creating AISystem for world TestLevel
[2022.08.11-12.19.50:558][385]LogAISub: UAISubsystem::UAISubsystem EnvQueryManager (00000299A1AC3E00), frame # 385
[2022.08.11-12.19.50:558][385]LogAISub: UAISubsystem::UAISubsystem AIPerceptionSystem (0000029901EF5D00), frame # 385
[2022.08.11-12.19.50:559][385]LogWorld: Bringing World /Game/ActionRoguelike/Maps/UEDPIE_1_TestLevel.TestLevel up for play (max tick rate 60) at 2022.08.11-21.19.50
[2022.08.11-12.19.50:560][385]LogWorld: Bringing up level for play took: 0.000976
[2022.08.11-12.19.50:560][385]LogEQS: Warning: Couldn't register delegate helper on non-game thread
[2022.08.11-12.19.50:560][385]LogNavigation: Warning: NavData RegistrationFailed_DataPendingKill.
[2022.08.11-12.19.50:560][385]LogLoad: Took 0.021300 seconds to LoadMap(/Game/ActionRoguelike/Maps/UEDPIE_0_TestLevel)
[2022.08.11-12.19.50:560][385]LogNavigation: Warning: NavData RegistrationFailed_DataPendingKill.
[2022.08.11-12.19.50:567][386]LogNet: Client netspeed is 10000
[2022.08.11-12.19.50:567][386]LogNet: Join request: /Engine/Maps/Entry?Name=MSI-EDC21B4A4486F7C4C2767FA8A24E5993?SplitscreenCount=1
[2022.08.11-12.19.50:568][386]LogOnlineSession: Warning: OSS: No game present to join for session (GameSession)
[2022.08.11-12.19.50:569][386]LogScript: Warning: Script Msg: Divide by zero detected: 90.000114 / 0
Script call stack:
	Function /Game/ParagonGideon/Characters/Heroes/Gideon/Gideon_AnimBlueprint.Gideon_AnimBlueprint_C:BlueprintUpdateAnimation
	Function /Game/ParagonGideon/Characters/Heroes/Gideon/Gideon_AnimBlueprint.Gideon_AnimBlueprint_C:ExecuteUbergraph_Gideon_AnimBlueprint

[2022.08.11-12.19.50:571][386]LogNet: Join succeeded: MSI-EDC21B4A4486F7C4
[2022.08.11-12.19.50:635][390]LogScript: Warning: Script Msg: Divide by zero detected: 89.999992 / 0
Script call stack:
	Function /Game/ParagonGideon/Characters/Heroes/Gideon/Gideon_AnimBlueprint.Gideon_AnimBlueprint_C:BlueprintUpdateAnimation
	Function /Game/ParagonGideon/Characters/Heroes/Gideon/Gideon_AnimBlueprint.Gideon_AnimBlueprint_C:ExecuteUbergraph_Gideon_AnimBlueprint

[2022.08.11-12.19.50:685][393]LogScript: Warning: Script Msg: Divide by zero detected: 89.999992 / 0
Script call stack:
	Function /Game/ParagonGideon/Characters/Heroes/Gideon/Gideon_AnimBlueprint.Gideon_AnimBlueprint_C:BlueprintUpdateAnimation
	Function /Game/ParagonGideon/Characters/Heroes/Gideon/Gideon_AnimBlueprint.Gideon_AnimBlueprint_C:ExecuteUbergraph_Gideon_AnimBlueprint

[2022.08.11-12.19.50:786][399]LogOnlineSession: Warning: OSS: No game present to join for session (GameSession)
[2022.08.11-12.19.51:154][400]LogOnlineSession: Warning: OSS: No game present to join for session (GameSession)
[2022.08.11-12.19.51:228][405]LogTemp: Found 0 alive bots
[2022.08.11-12.19.51:229][405]LogTemp: At maximum bot capacity. Skipping bot spawn
