Log file open, 08/01/22 22:28:25
LogInit: Display: Running engine for game: ActionRoguelike
LogPlatformFile: Not using cached read wrapper
LogTaskGraph: Started task graph with 5 named threads and 47 total threads with 3 sets of task threads.
LogStats: Stats thread started at 0.349546
LogD3D11RHI: Loaded GFSDK_Aftermath_Lib.x64.dll
LogICUInternationalization: ICU TimeZone Detection - Raw Offset: +9:00, Platform Override: ''
LogPluginManager: Mounting plugin Paper2D
LogPluginManager: Mounting plugin AISupport
LogPluginManager: Mounting plugin LightPropagationVolume
LogPluginManager: Mounting plugin CameraShakePreviewer
LogPluginManager: Mounting plugin ActorLayerUtilities
LogPluginManager: Mounting plugin AnimationSharing
LogPluginManager: Mounting plugin CLionSourceCodeAccess
LogPluginManager: Mounting plugin CodeLiteSourceCodeAccess
LogPluginManager: Mounting plugin GitSourceControl
LogPluginManager: Mounting plugin KDevelopSourceCodeAccess
LogPluginManager: Mounting plugin NullSourceCodeAccess
LogPluginManager: Mounting plugin PerforceSourceControl
LogPluginManager: Mounting plugin PlasticSourceControl
LogPluginManager: Mounting plugin RiderSourceCodeAccess
LogPluginManager: Mounting plugin SubversionSourceControl
LogPluginManager: Mounting plugin UObjectPlugin
LogPluginManager: Mounting plugin VisualStudioCodeSourceCodeAccess
LogPluginManager: Mounting plugin VisualStudioSourceCodeAccess
LogPluginManager: Mounting plugin XCodeSourceCodeAccess
LogPluginManager: Mounting plugin AssetManagerEditor
LogPluginManager: Mounting plugin CryptoKeys
LogPluginManager: Mounting plugin CurveEditorTools
LogPluginManager: Mounting plugin DataValidation
LogPluginManager: Mounting plugin EditorScriptingUtilities
LogPluginManager: Mounting plugin FacialAnimation
LogPluginManager: Mounting plugin GameplayTagsEditor
LogPluginManager: Mounting plugin GeometryMode
LogPluginManager: Mounting plugin MacGraphicsSwitching
LogPluginManager: Mounting plugin MaterialAnalyzer
LogPluginManager: Mounting plugin MobileLauncherProfileWizard
LogPluginManager: Mounting plugin PluginBrowser
LogPluginManager: Mounting plugin SpeedTreeImporter
LogPluginManager: Mounting plugin DatasmithContent
LogPluginManager: Mounting plugin VariantManagerContent
LogPluginManager: Mounting plugin AlembicImporter
LogPluginManager: Mounting plugin AutomationUtils
LogPluginManager: Mounting plugin BackChannel
LogPluginManager: Mounting plugin ChaosCloth
LogPluginManager: Mounting plugin ChaosClothEditor
LogPluginManager: Mounting plugin ChaosEditor
LogPluginManager: Mounting plugin ChaosNiagara
LogPluginManager: Mounting plugin ChaosSolverPlugin
LogPluginManager: Mounting plugin CharacterAI
LogPluginManager: Mounting plugin GeometryCache
LogPluginManager: Mounting plugin GeometryCollectionPlugin
LogPluginManager: Mounting plugin GeometryProcessing
LogPluginManager: Mounting plugin PlanarCut
LogPluginManager: Mounting plugin PlatformCrypto
LogPluginManager: Mounting plugin ProxyLODPlugin
LogPluginManager: Mounting plugin SkeletalReduction
LogPluginManager: Mounting plugin Niagara
LogPluginManager: Mounting plugin MagicLeap
LogPluginManager: Mounting plugin MagicLeapLightEstimation
LogPluginManager: Mounting plugin MagicLeapMedia
LogPluginManager: Mounting plugin MagicLeapPassableWorld
LogPluginManager: Mounting plugin MLSDK
LogPluginManager: Mounting plugin AndroidMedia
LogPluginManager: Mounting plugin AvfMedia
LogPluginManager: Mounting plugin ImgMedia
LogPluginManager: Mounting plugin MediaCompositing
LogPluginManager: Mounting plugin MediaPlayerEditor
LogPluginManager: Mounting plugin WebMMedia
LogPluginManager: Mounting plugin WmfMedia
LogPluginManager: Mounting plugin MeshPainting
LogPluginManager: Mounting plugin TcpMessaging
LogPluginManager: Mounting plugin UdpMessaging
LogPluginManager: Mounting plugin ActorSequence
LogPluginManager: Mounting plugin LevelSequenceEditor
LogPluginManager: Mounting plugin MatineeToLevelSequence
LogPluginManager: Mounting plugin MovieRenderPipeline
LogPluginManager: Mounting plugin TemplateSequence
LogPluginManager: Mounting plugin NetcodeUnitTest
LogPluginManager: Mounting plugin NUTUnrealEngine4
LogPluginManager: Mounting plugin OnlineSubsystemGooglePlay
LogPluginManager: Mounting plugin OnlineSubsystemIOS
LogPluginManager: Mounting plugin OnlineSubsystem
LogPluginManager: Mounting plugin OnlineSubsystemNull
LogPluginManager: Mounting plugin OnlineSubsystemUtils
LogPluginManager: Mounting plugin LauncherChunkInstaller
LogPluginManager: Mounting plugin AndroidDeviceProfileSelector
LogPluginManager: Mounting plugin AndroidMoviePlayer
LogPluginManager: Mounting plugin AndroidPermission
LogPluginManager: Mounting plugin AppleImageUtils
LogPluginManager: Mounting plugin AppleMoviePlayer
LogPluginManager: Mounting plugin ArchVisCharacter
LogPluginManager: Mounting plugin AssetTags
LogPluginManager: Mounting plugin AudioCapture
LogPluginManager: Mounting plugin CableComponent
LogPluginManager: Mounting plugin CustomMeshComponent
LogPluginManager: Mounting plugin EditableMesh
LogPluginManager: Mounting plugin ExampleDeviceProfileSelector
LogPluginManager: Mounting plugin GoogleCloudMessaging
LogPluginManager: Mounting plugin GooglePAD
LogPluginManager: Mounting plugin IOSDeviceProfileSelector
LogPluginManager: Mounting plugin LinuxDeviceProfileSelector
LogPluginManager: Mounting plugin LocationServicesBPLibrary
LogPluginManager: Mounting plugin MobilePatchingUtils
LogPluginManager: Mounting plugin OculusVR
LogPluginManager: Mounting plugin PhysXVehicles
LogPluginManager: Mounting plugin PostSplashScreen
LogPluginManager: Mounting plugin ProceduralMeshComponent
LogPluginManager: Mounting plugin RuntimePhysXCooking
LogPluginManager: Mounting plugin SignificanceManager
LogPluginManager: Mounting plugin SoundFields
LogPluginManager: Mounting plugin SteamVR
LogPluginManager: Mounting plugin Synthesis
LogPluginManager: Mounting plugin WebMMoviePlayer
LogPluginManager: Mounting plugin WindowsMoviePlayer
LogPluginManager: Mounting plugin ScreenshotTools
LogInit: Using libcurl 7.55.1-DEV
LogInit:  - built for x86_64-pc-win32
LogInit:  - supports SSL with OpenSSL/1.1.1
LogInit:  - supports HTTP deflate (compression) using libz 1.2.8
LogInit:  - other features:
LogInit:      CURL_VERSION_SSL
LogInit:      CURL_VERSION_LIBZ
LogInit:      CURL_VERSION_IPV6
LogInit:      CURL_VERSION_ASYNCHDNS
LogInit:      CURL_VERSION_LARGEFILE
LogInit:      CURL_VERSION_IDN
LogInit:  CurlRequestOptions (configurable via config and command line):
LogInit:  - bVerifyPeer = true  - Libcurl will verify peer certificate
LogInit:  - bUseHttpProxy = false  - Libcurl will NOT use HTTP proxy
LogInit:  - bDontReuseConnections = false  - Libcurl will reuse connections
LogInit:  - MaxHostConnections = 16  - Libcurl will limit the number of connections to a host
LogInit:  - LocalHostAddr = Default
LogInit:  - BufferSize = 65536
LogOnline: OSS: Creating online subsystem instance for: NULL
LogInit: WinSock: version 1.1 (2.2), MaxSocks=32767, MaxUdp=65467
LogOnline: OSS: TryLoadSubsystemAndSetDefault: Loaded subsystem for module [NULL]
LogInit: Build: ++UE4+Release-4.25-CL-14469661
LogInit: Engine Version: 4.25.4-14469661+++UE4+Release-4.25
LogInit: Compatible Engine Version: 4.25.0-13144385+++UE4+Release-4.25
LogInit: Net CL: 13144385
LogInit: OS: Windows 10 (Release 2009) (), CPU: 11th Gen Intel(R) Core(TM) i7-11800H @ 2.30GHz, GPU: Intel(R) UHD Graphics
LogInit: Compiled (64-bit): Oct 11 2020 08:10:49
LogInit: Compiled with Visual C++: 19.24.28315.00
LogInit: Build Configuration: Development
LogInit: Branch Name: ++UE4+Release-4.25
LogInit: Command Line:  -skipcompile
LogInit: Base Directory: D:/Software/Epic/UE_4.25/Engine/Binaries/Win64/
LogInit: Allocator: TBB
LogInit: Installed Engine Build: 1
LogDevObjectVersion: Number of dev versions registered: 26
LogDevObjectVersion:   Dev-Blueprints (B0D832E4-1F89-4F0D-ACCF-7EB736FD4AA2): 10
LogDevObjectVersion:   Dev-Build (E1C64328-A22C-4D53-A36C-8E866417BD8C): 0
LogDevObjectVersion:   Dev-Core (375EC13C-06E4-48FB-B500-84F0262A717E): 4
LogDevObjectVersion:   Dev-Editor (E4B068ED-F494-42E9-A231-DA0B2E46BB41): 38
LogDevObjectVersion:   Dev-Framework (CFFC743F-43B0-4480-9391-14DF171D2073): 37
LogDevObjectVersion:   Dev-Mobile (B02B49B5-BB20-44E9-A304-32B752E40360): 2
LogDevObjectVersion:   Dev-Networking (A4E4105C-59A1-49B5-A7C5-40C4547EDFEE): 0
LogDevObjectVersion:   Dev-Online (39C831C9-5AE6-47DC-9A44-9C173E1C8E7C): 0
LogDevObjectVersion:   Dev-Physics (78F01B33-EBEA-4F98-B9B4-84EACCB95AA2): 4
LogDevObjectVersion:   Dev-Platform (6631380F-2D4D-43E0-8009-CF276956A95A): 0
LogDevObjectVersion:   Dev-Rendering (12F88B9F-8875-4AFC-A67C-D90C383ABD29): 43
LogDevObjectVersion:   Dev-Sequencer (7B5AE74C-D270-4C10-A958-57980B212A5A): 12
LogDevObjectVersion:   Dev-VR (D7296918-1DD6-4BDD-9DE2-64A83CC13884): 3
LogDevObjectVersion:   Dev-LoadTimes (C2A15278-BFE7-4AFE-6C17-90FF531DF755): 1
LogDevObjectVersion:   Private-Geometry (6EACA3D4-40EC-4CC1-B786-8BED09428FC5): 3
LogDevObjectVersion:   Dev-AnimPhys (29E575DD-E0A3-4627-9D10-D276232CDCEA): 17
LogDevObjectVersion:   Dev-Anim (AF43A65D-7FD3-4947-9873-3E8ED9C1BB05): 7
LogDevObjectVersion:   Dev-ReflectionCapture (6B266CEC-1EC7-4B8F-A30B-E4D90942FC07): 1
LogDevObjectVersion:   Dev-Automation (0DF73D61-A23F-47EA-B727-89E90C41499A): 1
LogDevObjectVersion:   FortniteMain (601D1886-AC64-4F84-AA16-D3DE0DEAC7D6): 31
LogDevObjectVersion:   Dev-Enterprise (9DFFBCD6-494F-0158-E221-12823C92A888): 10
LogDevObjectVersion:   Dev-Niagara (F2AED0AC-9AFE-416F-8664-AA7FFA26D6FC): 1
LogDevObjectVersion:   Dev-Destruction (174F1F0B-B4C6-45A5-B13F-2EE8D0FB917D): 10
LogDevObjectVersion:   Dev-Physics-Ext (35F94A83-E258-406C-A318-09F59610247C): 37
LogDevObjectVersion:   Dev-PhysicsMaterial-Chaos (B68FC16E-8B1B-42E2-B453-215C058844FE): 1
LogDevObjectVersion:   Dev-CineCamera (B2E18506-4273-CFC2-A54E-F4BB758BBA07): 1
LogInit: Presizing for max 25165824 objects, including 0 objects not considered by GC, pre-allocating 0 bytes for permanent pool.
LogConfig: Applying CVar settings from Section [/Script/Engine.StreamingSettings] File [D:/Software/Git/Project/UEActionRoguelike/ActionRoguelike/Saved/Config/Windows/Engine.ini]
LogConfig: Setting CVar [[s.MinBulkDataSizeForAsyncLoading:131072]]
LogConfig: Setting CVar [[s.AsyncLoadingThreadEnabled:0]]
LogConfig: Setting CVar [[s.EventDrivenLoaderEnabled:1]]
LogConfig: Setting CVar [[s.WarnIfTimeLimitExceeded:0]]
LogConfig: Setting CVar [[s.TimeLimitExceededMultiplier:1.5]]
LogConfig: Setting CVar [[s.TimeLimitExceededMinTime:0.005]]
LogConfig: Setting CVar [[s.UseBackgroundLevelStreaming:1]]
LogConfig: Setting CVar [[s.PriorityAsyncLoadingExtraTime:15.0]]
LogConfig: Setting CVar [[s.LevelStreamingActorsUpdateTimeLimit:5.0]]
LogConfig: Setting CVar [[s.PriorityLevelStreamingActorsUpdateExtraTime:5.0]]
LogConfig: Setting CVar [[s.LevelStreamingComponentsRegistrationGranularity:10]]
LogConfig: Setting CVar [[s.UnregisterComponentsTimeLimit:1.0]]
LogConfig: Setting CVar [[s.LevelStreamingComponentsUnregistrationGranularity:5]]
LogConfig: Setting CVar [[s.FlushStreamingOnExit:1]]
LogInit: Object subsystem initialized
LogConfig: Setting CVar [[con.DebugEarlyDefault:1]]
LogConfig: Setting CVar [[r.setres:1280x720]]
[2022.08.01-13.28.25:520][  0]LogConfig: Setting CVar [[r.VSync:0]]
[2022.08.01-13.28.25:520][  0]LogConfig: Setting CVar [[r.RHICmdBypass:0]]
[2022.08.01-13.28.25:520][  0]LogConfig: Applying CVar settings from Section [/Script/Engine.RendererSettings] File [D:/Software/Git/Project/UEActionRoguelike/ActionRoguelike/Saved/Config/Windows/Engine.ini]
[2022.08.01-13.28.25:520][  0]LogConfig: Setting CVar [[r.GPUCrashDebugging:0]]
[2022.08.01-13.28.25:520][  0]LogConfig: Applying CVar settings from Section [/Script/Engine.RendererOverrideSettings] File [D:/Software/Git/Project/UEActionRoguelike/ActionRoguelike/Saved/Config/Windows/Engine.ini]
[2022.08.01-13.28.25:520][  0]LogConfig: Applying CVar settings from Section [/Script/Engine.StreamingSettings] File [D:/Software/Git/Project/UEActionRoguelike/ActionRoguelike/Saved/Config/Windows/Engine.ini]
[2022.08.01-13.28.25:520][  0]LogConfig: Setting CVar [[s.MinBulkDataSizeForAsyncLoading:131072]]
[2022.08.01-13.28.25:520][  0]LogConfig: Setting CVar [[s.AsyncLoadingThreadEnabled:0]]
[2022.08.01-13.28.25:520][  0]LogConfig: Setting CVar [[s.EventDrivenLoaderEnabled:1]]
[2022.08.01-13.28.25:521][  0]LogConfig: Setting CVar [[s.WarnIfTimeLimitExceeded:0]]
[2022.08.01-13.28.25:521][  0]LogConfig: Setting CVar [[s.TimeLimitExceededMultiplier:1.5]]
[2022.08.01-13.28.25:521][  0]LogConfig: Setting CVar [[s.TimeLimitExceededMinTime:0.005]]
[2022.08.01-13.28.25:521][  0]LogConfig: Setting CVar [[s.UseBackgroundLevelStreaming:1]]
[2022.08.01-13.28.25:521][  0]LogConfig: Setting CVar [[s.PriorityAsyncLoadingExtraTime:15.0]]
[2022.08.01-13.28.25:521][  0]LogConfig: Setting CVar [[s.LevelStreamingActorsUpdateTimeLimit:5.0]]
[2022.08.01-13.28.25:521][  0]LogConfig: Setting CVar [[s.PriorityLevelStreamingActorsUpdateExtraTime:5.0]]
[2022.08.01-13.28.25:521][  0]LogConfig: Setting CVar [[s.LevelStreamingComponentsRegistrationGranularity:10]]
[2022.08.01-13.28.25:521][  0]LogConfig: Setting CVar [[s.UnregisterComponentsTimeLimit:1.0]]
[2022.08.01-13.28.25:521][  0]LogConfig: Setting CVar [[s.LevelStreamingComponentsUnregistrationGranularity:5]]
[2022.08.01-13.28.25:521][  0]LogConfig: Setting CVar [[s.FlushStreamingOnExit:1]]
[2022.08.01-13.28.25:521][  0]LogConfig: Applying CVar settings from Section [/Script/Engine.GarbageCollectionSettings] File [D:/Software/Git/Project/UEActionRoguelike/ActionRoguelike/Saved/Config/Windows/Engine.ini]
[2022.08.01-13.28.25:521][  0]LogConfig: Setting CVar [[gc.MaxObjectsNotConsideredByGC:1]]
[2022.08.01-13.28.25:521][  0]LogConfig: Setting CVar [[gc.SizeOfPermanentObjectPool:0]]
[2022.08.01-13.28.25:521][  0]LogConfig: Setting CVar [[gc.FlushStreamingOnGC:0]]
[2022.08.01-13.28.25:521][  0]LogConfig: Setting CVar [[gc.NumRetriesBeforeForcingGC:10]]
[2022.08.01-13.28.25:521][  0]LogConfig: Setting CVar [[gc.AllowParallelGC:1]]
[2022.08.01-13.28.25:521][  0]LogConfig: Setting CVar [[gc.TimeBetweenPurgingPendingKillObjects:61.1]]
[2022.08.01-13.28.25:522][  0]LogConfig: Setting CVar [[gc.MaxObjectsInEditor:25165824]]
[2022.08.01-13.28.25:522][  0]LogConfig: Setting CVar [[gc.IncrementalBeginDestroyEnabled:1]]
[2022.08.01-13.28.25:522][  0]LogConfig: Setting CVar [[gc.CreateGCClusters:1]]
[2022.08.01-13.28.25:522][  0]LogConfig: Setting CVar [[gc.MinGCClusterSize:5]]
[2022.08.01-13.28.25:522][  0]LogConfig: Setting CVar [[gc.ActorClusteringEnabled:0]]
[2022.08.01-13.28.25:522][  0]LogConfig: Setting CVar [[gc.BlueprintClusteringEnabled:0]]
[2022.08.01-13.28.25:522][  0]LogConfig: Setting CVar [[gc.UseDisregardForGCOnDedicatedServers:0]]
[2022.08.01-13.28.25:522][  0]LogConfig: Applying CVar settings from Section [/Script/Engine.NetworkSettings] File [D:/Software/Git/Project/UEActionRoguelike/ActionRoguelike/Saved/Config/Windows/Engine.ini]
[2022.08.01-13.28.25:522][  0]LogConfig: Applying CVar settings from Section [/Script/UnrealEd.CookerSettings] File [D:/Software/Git/Project/UEActionRoguelike/ActionRoguelike/Saved/Config/Windows/Engine.ini]
[2022.08.01-13.28.25:528][  0]LogConfig: Applying CVar settings from Section [ViewDistanceQuality@3] File [D:/Software/Git/Project/UEActionRoguelike/ActionRoguelike/Saved/Config/Windows/Scalability.ini]
[2022.08.01-13.28.25:528][  0]LogConfig: Setting CVar [[r.SkeletalMeshLODBias:0]]
[2022.08.01-13.28.25:528][  0]LogConfig: Setting CVar [[r.ViewDistanceScale:1.0]]
[2022.08.01-13.28.25:528][  0]LogConfig: Applying CVar settings from Section [AntiAliasingQuality@3] File [D:/Software/Git/Project/UEActionRoguelike/ActionRoguelike/Saved/Config/Windows/Scalability.ini]
[2022.08.01-13.28.25:528][  0]LogConfig: Setting CVar [[r.PostProcessAAQuality:4]]
[2022.08.01-13.28.25:528][  0]LogConfig: Applying CVar settings from Section [ShadowQuality@3] File [D:/Software/Git/Project/UEActionRoguelike/ActionRoguelike/Saved/Config/Windows/Scalability.ini]
[2022.08.01-13.28.25:528][  0]LogConfig: Setting CVar [[r.LightFunctionQuality:1]]
[2022.08.01-13.28.25:529][  0]LogConfig: Setting CVar [[r.ShadowQuality:5]]
[2022.08.01-13.28.25:529][  0]LogConfig: Setting CVar [[r.Shadow.CSM.MaxCascades:10]]
[2022.08.01-13.28.25:529][  0]LogConfig: Setting CVar [[r.Shadow.MaxResolution:2048]]
[2022.08.01-13.28.25:529][  0]LogConfig: Setting CVar [[r.Shadow.MaxCSMResolution:2048]]
[2022.08.01-13.28.25:529][  0]LogConfig: Setting CVar [[r.Shadow.RadiusThreshold:0.01]]
[2022.08.01-13.28.25:529][  0]LogConfig: Setting CVar [[r.Shadow.DistanceScale:1.0]]
[2022.08.01-13.28.25:529][  0]LogConfig: Setting CVar [[r.Shadow.CSM.TransitionScale:1.0]]
[2022.08.01-13.28.25:529][  0]LogConfig: Setting CVar [[r.Shadow.PreShadowResolutionFactor:1.0]]
[2022.08.01-13.28.25:529][  0]LogConfig: Setting CVar [[r.DistanceFieldShadowing:1]]
[2022.08.01-13.28.25:529][  0]LogConfig: Setting CVar [[r.DistanceFieldAO:1]]
[2022.08.01-13.28.25:529][  0]LogConfig: Setting CVar [[r.AOQuality:2]]
[2022.08.01-13.28.25:529][  0]LogConfig: Setting CVar [[r.VolumetricFog:1]]
[2022.08.01-13.28.25:529][  0]LogConfig: Setting CVar [[r.VolumetricFog.GridPixelSize:8]]
[2022.08.01-13.28.25:529][  0]LogConfig: Setting CVar [[r.VolumetricFog.GridSizeZ:128]]
[2022.08.01-13.28.25:529][  0]LogConfig: Setting CVar [[r.VolumetricFog.HistoryMissSupersampleCount:4]]
[2022.08.01-13.28.25:529][  0]LogConfig: Setting CVar [[r.LightMaxDrawDistanceScale:1]]
[2022.08.01-13.28.25:529][  0]LogConfig: Setting CVar [[r.CapsuleShadows:1]]
[2022.08.01-13.28.25:529][  0]LogConfig: Applying CVar settings from Section [PostProcessQuality@3] File [D:/Software/Git/Project/UEActionRoguelike/ActionRoguelike/Saved/Config/Windows/Scalability.ini]
[2022.08.01-13.28.25:530][  0]LogConfig: Setting CVar [[r.MotionBlurQuality:4]]
[2022.08.01-13.28.25:530][  0]LogConfig: Setting CVar [[r.AmbientOcclusionMipLevelFactor:0.4]]
[2022.08.01-13.28.25:530][  0]LogConfig: Setting CVar [[r.AmbientOcclusionMaxQuality:100]]
[2022.08.01-13.28.25:530][  0]LogConfig: Setting CVar [[r.AmbientOcclusionLevels:-1]]
[2022.08.01-13.28.25:530][  0]LogConfig: Setting CVar [[r.AmbientOcclusionRadiusScale:1.0]]
[2022.08.01-13.28.25:530][  0]LogConfig: Setting CVar [[r.DepthOfFieldQuality:2]]
[2022.08.01-13.28.25:530][  0]LogConfig: Setting CVar [[r.RenderTargetPoolMin:400]]
[2022.08.01-13.28.25:530][  0]LogConfig: Setting CVar [[r.LensFlareQuality:2]]
[2022.08.01-13.28.25:530][  0]LogConfig: Setting CVar [[r.SceneColorFringeQuality:1]]
[2022.08.01-13.28.25:530][  0]LogConfig: Setting CVar [[r.EyeAdaptationQuality:2]]
[2022.08.01-13.28.25:530][  0]LogConfig: Setting CVar [[r.BloomQuality:5]]
[2022.08.01-13.28.25:530][  0]LogConfig: Setting CVar [[r.FastBlurThreshold:100]]
[2022.08.01-13.28.25:530][  0]LogConfig: Setting CVar [[r.Upscale.Quality:3]]
[2022.08.01-13.28.25:530][  0]LogConfig: Setting CVar [[r.Tonemapper.GrainQuantization:1]]
[2022.08.01-13.28.25:530][  0]LogConfig: Setting CVar [[r.LightShaftQuality:1]]
[2022.08.01-13.28.25:530][  0]LogConfig: Setting CVar [[r.Filter.SizeScale:1]]
[2022.08.01-13.28.25:530][  0]LogConfig: Setting CVar [[r.Tonemapper.Quality:5]]
[2022.08.01-13.28.25:530][  0]LogConfig: Setting CVar [[r.DOF.Gather.AccumulatorQuality:1        ; higher gathering accumulator quality]]
[2022.08.01-13.28.25:530][  0]LogConfig: Setting CVar [[r.DOF.Gather.PostfilterMethod:1          ; Median3x3 postfilering method]]
[2022.08.01-13.28.25:530][  0]LogConfig: Setting CVar [[r.DOF.Gather.EnableBokehSettings:0       ; no bokeh simulation when gathering]]
[2022.08.01-13.28.25:530][  0]LogConfig: Setting CVar [[r.DOF.Gather.RingCount:4                 ; medium number of samples when gathering]]
[2022.08.01-13.28.25:530][  0]LogConfig: Setting CVar [[r.DOF.Scatter.ForegroundCompositing:1    ; additive foreground scattering]]
[2022.08.01-13.28.25:530][  0]LogConfig: Setting CVar [[r.DOF.Scatter.BackgroundCompositing:2    ; additive background scattering]]
[2022.08.01-13.28.25:530][  0]LogConfig: Setting CVar [[r.DOF.Scatter.EnableBokehSettings:1      ; bokeh simulation when scattering]]
[2022.08.01-13.28.25:530][  0]LogConfig: Setting CVar [[r.DOF.Scatter.MaxSpriteRatio:0.1         ; only a maximum of 10% of scattered bokeh]]
[2022.08.01-13.28.25:530][  0]LogConfig: Setting CVar [[r.DOF.Recombine.Quality:1                ; cheap slight out of focus]]
[2022.08.01-13.28.25:531][  0]LogConfig: Setting CVar [[r.DOF.Recombine.EnableBokehSettings:0    ; no bokeh simulation on slight out of focus]]
[2022.08.01-13.28.25:531][  0]LogConfig: Setting CVar [[r.DOF.TemporalAAQuality:1                ; more stable temporal accumulation]]
[2022.08.01-13.28.25:531][  0]LogConfig: Setting CVar [[r.DOF.Kernel.MaxForegroundRadius:0.025]]
[2022.08.01-13.28.25:531][  0]LogConfig: Setting CVar [[r.DOF.Kernel.MaxBackgroundRadius:0.025]]
[2022.08.01-13.28.25:531][  0]LogConfig: Applying CVar settings from Section [TextureQuality@3] File [D:/Software/Git/Project/UEActionRoguelike/ActionRoguelike/Saved/Config/Windows/Scalability.ini]
[2022.08.01-13.28.25:531][  0]LogConfig: Setting CVar [[r.Streaming.MipBias:0]]
[2022.08.01-13.28.25:531][  0]LogConfig: Setting CVar [[r.Streaming.AmortizeCPUToGPUCopy:0]]
[2022.08.01-13.28.25:531][  0]LogConfig: Setting CVar [[r.Streaming.MaxNumTexturesToStreamPerFrame:0]]
[2022.08.01-13.28.25:531][  0]LogConfig: Setting CVar [[r.Streaming.Boost:1]]
[2022.08.01-13.28.25:531][  0]LogConfig: Setting CVar [[r.MaxAnisotropy:8]]
[2022.08.01-13.28.25:531][  0]LogConfig: Setting CVar [[r.VT.MaxAnisotropy:8]]
[2022.08.01-13.28.25:531][  0]LogConfig: Setting CVar [[r.Streaming.LimitPoolSizeToVRAM:0]]
[2022.08.01-13.28.25:531][  0]LogConfig: Setting CVar [[r.Streaming.PoolSize:1000]]
[2022.08.01-13.28.25:531][  0]LogConfig: Setting CVar [[r.Streaming.MaxEffectiveScreenSize:0]]
[2022.08.01-13.28.25:531][  0]LogConfig: Applying CVar settings from Section [EffectsQuality@3] File [D:/Software/Git/Project/UEActionRoguelike/ActionRoguelike/Saved/Config/Windows/Scalability.ini]
[2022.08.01-13.28.25:531][  0]LogConfig: Setting CVar [[r.TranslucencyLightingVolumeDim:64]]
[2022.08.01-13.28.25:531][  0]LogConfig: Setting CVar [[r.RefractionQuality:2]]
[2022.08.01-13.28.25:531][  0]LogConfig: Setting CVar [[r.SSR.Quality:3]]
[2022.08.01-13.28.25:531][  0]LogConfig: Setting CVar [[r.SSR.HalfResSceneColor:0]]
[2022.08.01-13.28.25:531][  0]LogConfig: Setting CVar [[r.SceneColorFormat:4]]
[2022.08.01-13.28.25:531][  0]LogConfig: Setting CVar [[r.DetailMode:2]]
[2022.08.01-13.28.25:531][  0]LogConfig: Setting CVar [[r.TranslucencyVolumeBlur:1]]
[2022.08.01-13.28.25:531][  0]LogConfig: Setting CVar [[r.MaterialQualityLevel:1 ; High quality]]
[2022.08.01-13.28.25:531][  0]LogConfig: Setting CVar [[r.SSS.Scale:1]]
[2022.08.01-13.28.25:531][  0]LogConfig: Setting CVar [[r.SSS.SampleSet:2]]
[2022.08.01-13.28.25:532][  0]LogConfig: Setting CVar [[r.SSS.Quality:1]]
[2022.08.01-13.28.25:532][  0]LogConfig: Setting CVar [[r.SSS.HalfRes:0]]
[2022.08.01-13.28.25:532][  0]LogConfig: Setting CVar [[r.SSGI.Quality:3]]
[2022.08.01-13.28.25:532][  0]LogConfig: Setting CVar [[r.EmitterSpawnRateScale:1.0]]
[2022.08.01-13.28.25:532][  0]LogConfig: Setting CVar [[r.ParticleLightQuality:2]]
[2022.08.01-13.28.25:532][  0]LogConfig: Setting CVar [[r.SkyAtmosphere.AerialPerspectiveLUT.FastApplyOnOpaque:1 ; Always have FastSkyLUT 1 in this case to avoid wrong sky]]
[2022.08.01-13.28.25:532][  0]LogConfig: Setting CVar [[r.SkyAtmosphere.AerialPerspectiveLUT.SampleCountPerSlice:1]]
[2022.08.01-13.28.25:532][  0]LogConfig: Setting CVar [[r.SkyAtmosphere.AerialPerspectiveLUT.DepthResolution:16.0]]
[2022.08.01-13.28.25:532][  0]LogConfig: Setting CVar [[r.SkyAtmosphere.FastSkyLUT:1]]
[2022.08.01-13.28.25:532][  0]LogConfig: Setting CVar [[r.SkyAtmosphere.FastSkyLUT.SampleCountMin:4.0]]
[2022.08.01-13.28.25:532][  0]LogConfig: Setting CVar [[r.SkyAtmosphere.FastSkyLUT.SampleCountMax:32.0]]
[2022.08.01-13.28.25:532][  0]LogConfig: Setting CVar [[r.SkyAtmosphere.SampleCountMin:4.0]]
[2022.08.01-13.28.25:532][  0]LogConfig: Setting CVar [[r.SkyAtmosphere.SampleCountMax:32.0]]
[2022.08.01-13.28.25:532][  0]LogConfig: Setting CVar [[r.SkyAtmosphere.TransmittanceLUT.UseSmallFormat:0]]
[2022.08.01-13.28.25:532][  0]LogConfig: Setting CVar [[r.SkyAtmosphere.TransmittanceLUT.SampleCount:10.0]]
[2022.08.01-13.28.25:532][  0]LogConfig: Setting CVar [[r.SkyAtmosphere.MultiScatteringLUT.SampleCount:15.0]]
[2022.08.01-13.28.25:532][  0]LogConfig: Applying CVar settings from Section [FoliageQuality@3] File [D:/Software/Git/Project/UEActionRoguelike/ActionRoguelike/Saved/Config/Windows/Scalability.ini]
[2022.08.01-13.28.25:532][  0]LogConfig: Setting CVar [[foliage.DensityScale:1.0]]
[2022.08.01-13.28.25:532][  0]LogConfig: Setting CVar [[grass.DensityScale:1.0]]
[2022.08.01-13.28.25:532][  0]LogConfig: Applying CVar settings from Section [ShadingQuality@3] File [D:/Software/Git/Project/UEActionRoguelike/ActionRoguelike/Saved/Config/Windows/Scalability.ini]
[2022.08.01-13.28.25:532][  0]LogConfig: Setting CVar [[r.HairStrands.SkyLighting.SampleCount:16]]
[2022.08.01-13.28.25:532][  0]LogConfig: Setting CVar [[r.HairStrands.SkyLighting.JitterIntegration:0]]
[2022.08.01-13.28.25:532][  0]LogConfig: Setting CVar [[r.HairStrands.SkyAO.SampleCount:16]]
[2022.08.01-13.28.25:532][  0]LogConfig: Setting CVar [[r.HairStrands.DeepShadow.SuperSampling:0]]
[2022.08.01-13.28.25:532][  0]LogConfig: Setting CVar [[r.HairStrands.VisibilityPPLL:0]]
[2022.08.01-13.28.25:532][  0]LogConfig: Setting CVar [[r.HairStrands.RasterizationScale:0.5]]
[2022.08.01-13.28.25:533][  0]LogConfig: Setting CVar [[r.HairStrands.VelocityRasterizationScale:1]]
[2022.08.01-13.28.25:533][  0]LogInit: Selected Device Profile: [Windows]
[2022.08.01-13.28.25:533][  0]LogInit: Applying CVar settings loaded from the selected device profile: [Windows]
[2022.08.01-13.28.25:533][  0]LogHAL: Display: Platform has ~ 32 GB [34046742528 / 34359738368 / 32], which maps to Largest [LargestMinGB=32, LargerMinGB=12, DefaultMinGB=8, SmallerMinGB=6, SmallestMinGB=0)
[2022.08.01-13.28.25:533][  0]LogInit: Going up to parent DeviceProfile []
[2022.08.01-13.28.25:533][  0]LogConfig: Applying CVar settings from Section [ViewDistanceQuality@3] File [D:/Software/Git/Project/UEActionRoguelike/ActionRoguelike/Saved/Config/Windows/Scalability.ini]
[2022.08.01-13.28.25:533][  0]LogConfig: Setting CVar [[r.SkeletalMeshLODBias:0]]
[2022.08.01-13.28.25:533][  0]LogConfig: Setting CVar [[r.ViewDistanceScale:1.0]]
[2022.08.01-13.28.25:533][  0]LogConfig: Applying CVar settings from Section [AntiAliasingQuality@3] File [D:/Software/Git/Project/UEActionRoguelike/ActionRoguelike/Saved/Config/Windows/Scalability.ini]
[2022.08.01-13.28.25:533][  0]LogConfig: Setting CVar [[r.PostProcessAAQuality:4]]
[2022.08.01-13.28.25:533][  0]LogConfig: Applying CVar settings from Section [ShadowQuality@3] File [D:/Software/Git/Project/UEActionRoguelike/ActionRoguelike/Saved/Config/Windows/Scalability.ini]
[2022.08.01-13.28.25:533][  0]LogConfig: Setting CVar [[r.LightFunctionQuality:1]]
[2022.08.01-13.28.25:533][  0]LogConfig: Setting CVar [[r.ShadowQuality:5]]
[2022.08.01-13.28.25:533][  0]LogConfig: Setting CVar [[r.Shadow.CSM.MaxCascades:10]]
[2022.08.01-13.28.25:533][  0]LogConfig: Setting CVar [[r.Shadow.MaxResolution:2048]]
[2022.08.01-13.28.25:533][  0]LogConfig: Setting CVar [[r.Shadow.MaxCSMResolution:2048]]
[2022.08.01-13.28.25:533][  0]LogConfig: Setting CVar [[r.Shadow.RadiusThreshold:0.01]]
[2022.08.01-13.28.25:533][  0]LogConfig: Setting CVar [[r.Shadow.DistanceScale:1.0]]
[2022.08.01-13.28.25:533][  0]LogConfig: Setting CVar [[r.Shadow.CSM.TransitionScale:1.0]]
[2022.08.01-13.28.25:533][  0]LogConfig: Setting CVar [[r.Shadow.PreShadowResolutionFactor:1.0]]
[2022.08.01-13.28.25:533][  0]LogConfig: Setting CVar [[r.DistanceFieldShadowing:1]]
[2022.08.01-13.28.25:533][  0]LogConfig: Setting CVar [[r.DistanceFieldAO:1]]
[2022.08.01-13.28.25:533][  0]LogConfig: Setting CVar [[r.AOQuality:2]]
[2022.08.01-13.28.25:533][  0]LogConfig: Setting CVar [[r.VolumetricFog:1]]
[2022.08.01-13.28.25:533][  0]LogConfig: Setting CVar [[r.VolumetricFog.GridPixelSize:8]]
[2022.08.01-13.28.25:533][  0]LogConfig: Setting CVar [[r.VolumetricFog.GridSizeZ:128]]
[2022.08.01-13.28.25:534][  0]LogConfig: Setting CVar [[r.VolumetricFog.HistoryMissSupersampleCount:4]]
[2022.08.01-13.28.25:534][  0]LogConfig: Setting CVar [[r.LightMaxDrawDistanceScale:1]]
[2022.08.01-13.28.25:534][  0]LogConfig: Setting CVar [[r.CapsuleShadows:1]]
[2022.08.01-13.28.25:534][  0]LogConfig: Applying CVar settings from Section [PostProcessQuality@3] File [D:/Software/Git/Project/UEActionRoguelike/ActionRoguelike/Saved/Config/Windows/Scalability.ini]
[2022.08.01-13.28.25:534][  0]LogConfig: Setting CVar [[r.MotionBlurQuality:4]]
[2022.08.01-13.28.25:534][  0]LogConfig: Setting CVar [[r.AmbientOcclusionMipLevelFactor:0.4]]
[2022.08.01-13.28.25:534][  0]LogConfig: Setting CVar [[r.AmbientOcclusionMaxQuality:100]]
[2022.08.01-13.28.25:534][  0]LogConfig: Setting CVar [[r.AmbientOcclusionLevels:-1]]
[2022.08.01-13.28.25:534][  0]LogConfig: Setting CVar [[r.AmbientOcclusionRadiusScale:1.0]]
[2022.08.01-13.28.25:534][  0]LogConfig: Setting CVar [[r.DepthOfFieldQuality:2]]
[2022.08.01-13.28.25:534][  0]LogConfig: Setting CVar [[r.RenderTargetPoolMin:400]]
[2022.08.01-13.28.25:534][  0]LogConfig: Setting CVar [[r.LensFlareQuality:2]]
[2022.08.01-13.28.25:534][  0]LogConfig: Setting CVar [[r.SceneColorFringeQuality:1]]
[2022.08.01-13.28.25:534][  0]LogConfig: Setting CVar [[r.EyeAdaptationQuality:2]]
[2022.08.01-13.28.25:534][  0]LogConfig: Setting CVar [[r.BloomQuality:5]]
[2022.08.01-13.28.25:534][  0]LogConfig: Setting CVar [[r.FastBlurThreshold:100]]
[2022.08.01-13.28.25:534][  0]LogConfig: Setting CVar [[r.Upscale.Quality:3]]
[2022.08.01-13.28.25:534][  0]LogConfig: Setting CVar [[r.Tonemapper.GrainQuantization:1]]
[2022.08.01-13.28.25:534][  0]LogConfig: Setting CVar [[r.LightShaftQuality:1]]
[2022.08.01-13.28.25:534][  0]LogConfig: Setting CVar [[r.Filter.SizeScale:1]]
[2022.08.01-13.28.25:534][  0]LogConfig: Setting CVar [[r.Tonemapper.Quality:5]]
[2022.08.01-13.28.25:534][  0]LogConfig: Setting CVar [[r.DOF.Gather.AccumulatorQuality:1        ; higher gathering accumulator quality]]
[2022.08.01-13.28.25:534][  0]LogConfig: Setting CVar [[r.DOF.Gather.PostfilterMethod:1          ; Median3x3 postfilering method]]
[2022.08.01-13.28.25:534][  0]LogConfig: Setting CVar [[r.DOF.Gather.EnableBokehSettings:0       ; no bokeh simulation when gathering]]
[2022.08.01-13.28.25:534][  0]LogConfig: Setting CVar [[r.DOF.Gather.RingCount:4                 ; medium number of samples when gathering]]
[2022.08.01-13.28.25:534][  0]LogConfig: Setting CVar [[r.DOF.Scatter.ForegroundCompositing:1    ; additive foreground scattering]]
[2022.08.01-13.28.25:535][  0]LogConfig: Setting CVar [[r.DOF.Scatter.BackgroundCompositing:2    ; additive background scattering]]
[2022.08.01-13.28.25:535][  0]LogConfig: Setting CVar [[r.DOF.Scatter.EnableBokehSettings:1      ; bokeh simulation when scattering]]
[2022.08.01-13.28.25:535][  0]LogConfig: Setting CVar [[r.DOF.Scatter.MaxSpriteRatio:0.1         ; only a maximum of 10% of scattered bokeh]]
[2022.08.01-13.28.25:535][  0]LogConfig: Setting CVar [[r.DOF.Recombine.Quality:1                ; cheap slight out of focus]]
[2022.08.01-13.28.25:535][  0]LogConfig: Setting CVar [[r.DOF.Recombine.EnableBokehSettings:0    ; no bokeh simulation on slight out of focus]]
[2022.08.01-13.28.25:535][  0]LogConfig: Setting CVar [[r.DOF.TemporalAAQuality:1                ; more stable temporal accumulation]]
[2022.08.01-13.28.25:535][  0]LogConfig: Setting CVar [[r.DOF.Kernel.MaxForegroundRadius:0.025]]
[2022.08.01-13.28.25:535][  0]LogConfig: Setting CVar [[r.DOF.Kernel.MaxBackgroundRadius:0.025]]
[2022.08.01-13.28.25:535][  0]LogConfig: Applying CVar settings from Section [TextureQuality@3] File [D:/Software/Git/Project/UEActionRoguelike/ActionRoguelike/Saved/Config/Windows/Scalability.ini]
[2022.08.01-13.28.25:535][  0]LogConfig: Setting CVar [[r.Streaming.MipBias:0]]
[2022.08.01-13.28.25:535][  0]LogConfig: Setting CVar [[r.Streaming.AmortizeCPUToGPUCopy:0]]
[2022.08.01-13.28.25:535][  0]LogConfig: Setting CVar [[r.Streaming.MaxNumTexturesToStreamPerFrame:0]]
[2022.08.01-13.28.25:535][  0]LogConfig: Setting CVar [[r.Streaming.Boost:1]]
[2022.08.01-13.28.25:535][  0]LogConfig: Setting CVar [[r.MaxAnisotropy:8]]
[2022.08.01-13.28.25:535][  0]LogConfig: Setting CVar [[r.VT.MaxAnisotropy:8]]
[2022.08.01-13.28.25:535][  0]LogConfig: Setting CVar [[r.Streaming.LimitPoolSizeToVRAM:0]]
[2022.08.01-13.28.25:535][  0]LogConfig: Setting CVar [[r.Streaming.PoolSize:1000]]
[2022.08.01-13.28.25:535][  0]LogConfig: Setting CVar [[r.Streaming.MaxEffectiveScreenSize:0]]
[2022.08.01-13.28.25:535][  0]LogConfig: Applying CVar settings from Section [EffectsQuality@3] File [D:/Software/Git/Project/UEActionRoguelike/ActionRoguelike/Saved/Config/Windows/Scalability.ini]
[2022.08.01-13.28.25:535][  0]LogConfig: Setting CVar [[r.TranslucencyLightingVolumeDim:64]]
[2022.08.01-13.28.25:535][  0]LogConfig: Setting CVar [[r.RefractionQuality:2]]
[2022.08.01-13.28.25:535][  0]LogConfig: Setting CVar [[r.SSR.Quality:3]]
[2022.08.01-13.28.25:535][  0]LogConfig: Setting CVar [[r.SSR.HalfResSceneColor:0]]
[2022.08.01-13.28.25:535][  0]LogConfig: Setting CVar [[r.SceneColorFormat:4]]
[2022.08.01-13.28.25:535][  0]LogConfig: Setting CVar [[r.DetailMode:2]]
[2022.08.01-13.28.25:535][  0]LogConfig: Setting CVar [[r.TranslucencyVolumeBlur:1]]
[2022.08.01-13.28.25:535][  0]LogConfig: Setting CVar [[r.MaterialQualityLevel:1 ; High quality]]
[2022.08.01-13.28.25:535][  0]LogConfig: Setting CVar [[r.SSS.Scale:1]]
[2022.08.01-13.28.25:535][  0]LogConfig: Setting CVar [[r.SSS.SampleSet:2]]
[2022.08.01-13.28.25:536][  0]LogConfig: Setting CVar [[r.SSS.Quality:1]]
[2022.08.01-13.28.25:536][  0]LogConfig: Setting CVar [[r.SSS.HalfRes:0]]
[2022.08.01-13.28.25:536][  0]LogConfig: Setting CVar [[r.SSGI.Quality:3]]
[2022.08.01-13.28.25:536][  0]LogConfig: Setting CVar [[r.EmitterSpawnRateScale:1.0]]
[2022.08.01-13.28.25:536][  0]LogConfig: Setting CVar [[r.ParticleLightQuality:2]]
[2022.08.01-13.28.25:536][  0]LogConfig: Setting CVar [[r.SkyAtmosphere.AerialPerspectiveLUT.FastApplyOnOpaque:1 ; Always have FastSkyLUT 1 in this case to avoid wrong sky]]
[2022.08.01-13.28.25:536][  0]LogConfig: Setting CVar [[r.SkyAtmosphere.AerialPerspectiveLUT.SampleCountPerSlice:1]]
[2022.08.01-13.28.25:536][  0]LogConfig: Setting CVar [[r.SkyAtmosphere.AerialPerspectiveLUT.DepthResolution:16.0]]
[2022.08.01-13.28.25:536][  0]LogConfig: Setting CVar [[r.SkyAtmosphere.FastSkyLUT:1]]
[2022.08.01-13.28.25:536][  0]LogConfig: Setting CVar [[r.SkyAtmosphere.FastSkyLUT.SampleCountMin:4.0]]
[2022.08.01-13.28.25:536][  0]LogConfig: Setting CVar [[r.SkyAtmosphere.FastSkyLUT.SampleCountMax:32.0]]
[2022.08.01-13.28.25:536][  0]LogConfig: Setting CVar [[r.SkyAtmosphere.SampleCountMin:4.0]]
[2022.08.01-13.28.25:536][  0]LogConfig: Setting CVar [[r.SkyAtmosphere.SampleCountMax:32.0]]
[2022.08.01-13.28.25:536][  0]LogConfig: Setting CVar [[r.SkyAtmosphere.TransmittanceLUT.UseSmallFormat:0]]
[2022.08.01-13.28.25:536][  0]LogConfig: Setting CVar [[r.SkyAtmosphere.TransmittanceLUT.SampleCount:10.0]]
[2022.08.01-13.28.25:536][  0]LogConfig: Setting CVar [[r.SkyAtmosphere.MultiScatteringLUT.SampleCount:15.0]]
[2022.08.01-13.28.25:536][  0]LogConfig: Applying CVar settings from Section [FoliageQuality@3] File [D:/Software/Git/Project/UEActionRoguelike/ActionRoguelike/Saved/Config/Windows/Scalability.ini]
[2022.08.01-13.28.25:536][  0]LogConfig: Setting CVar [[foliage.DensityScale:1.0]]
[2022.08.01-13.28.25:536][  0]LogConfig: Setting CVar [[grass.DensityScale:1.0]]
[2022.08.01-13.28.25:536][  0]LogConfig: Applying CVar settings from Section [ShadingQuality@3] File [D:/Software/Git/Project/UEActionRoguelike/ActionRoguelike/Saved/Config/Windows/Scalability.ini]
[2022.08.01-13.28.25:536][  0]LogConfig: Setting CVar [[r.HairStrands.SkyLighting.SampleCount:16]]
[2022.08.01-13.28.25:536][  0]LogConfig: Setting CVar [[r.HairStrands.SkyLighting.JitterIntegration:0]]
[2022.08.01-13.28.25:536][  0]LogConfig: Setting CVar [[r.HairStrands.SkyAO.SampleCount:16]]
[2022.08.01-13.28.25:536][  0]LogConfig: Setting CVar [[r.HairStrands.DeepShadow.SuperSampling:0]]
[2022.08.01-13.28.25:536][  0]LogConfig: Setting CVar [[r.HairStrands.VisibilityPPLL:0]]
[2022.08.01-13.28.25:536][  0]LogConfig: Setting CVar [[r.HairStrands.RasterizationScale:0.5]]
[2022.08.01-13.28.25:536][  0]LogConfig: Setting CVar [[r.HairStrands.VelocityRasterizationScale:1]]
[2022.08.01-13.28.25:536][  0]LogConfig: Applying CVar settings from Section [Startup] File [../../../Engine/Config/ConsoleVariables.ini]
[2022.08.01-13.28.25:537][  0]LogConfig: Setting CVar [[net.UseAdaptiveNetUpdateFrequency:0]]
[2022.08.01-13.28.25:537][  0]LogConfig: Setting CVar [[p.chaos.AllowCreatePhysxBodies:1]]
[2022.08.01-13.28.25:537][  0]LogConfig: Setting CVar [[fx.SkipVectorVMBackendOptimizations:1]]
[2022.08.01-13.28.25:537][  0]LogConfig: Applying CVar settings from Section [ConsoleVariables] File [D:/Software/Git/Project/UEActionRoguelike/ActionRoguelike/Saved/Config/Windows/Engine.ini]
[2022.08.01-13.28.25:537][  0]LogInit: Computer: MSI
[2022.08.01-13.28.25:537][  0]LogInit: User: win10
[2022.08.01-13.28.25:537][  0]LogInit: CPU Page size=4096, Cores=8
[2022.08.01-13.28.25:537][  0]LogInit: High frequency timer resolution =10.000000 MHz
[2022.08.01-13.28.25:537][  0]LogMemory: Memory total: Physical=31.7GB (32GB approx)
[2022.08.01-13.28.25:537][  0]LogMemory: Platform Memory Stats for Windows
[2022.08.01-13.28.25:537][  0]LogMemory: Process Physical Memory: 122.22 MB used, 122.23 MB peak
[2022.08.01-13.28.25:537][  0]LogMemory: Process Virtual Memory: 104.14 MB used, 104.14 MB peak
[2022.08.01-13.28.25:537][  0]LogMemory: Physical Memory: 17454.79 MB used,  15014.71 MB free, 32469.50 MB total
[2022.08.01-13.28.25:537][  0]LogMemory: Virtual Memory: 5210.94 MB used,  134212520.00 MB free, 134217728.00 MB total
[2022.08.01-13.28.25:590][  0]LogWindows: WindowsPlatformFeatures enabled
[2022.08.01-13.28.25:806][  0]LogInit: Physics initialised using underlying interface: PhysX
[2022.08.01-13.28.25:807][  0]LogInit: Using OS detected language (zh-CN).
[2022.08.01-13.28.25:807][  0]LogInit: Using OS detected locale (zh-CN).
[2022.08.01-13.28.25:809][  0]LogTextLocalizationManager: No specific localization for 'zh-CN' exists, so the 'zh-Hans' localization will be used.
[2022.08.01-13.28.25:896][  0]LogTextLocalizationResource: LocRes '../../../Engine/Content/Localization/Editor/zh/Editor.locres' could not be opened for reading!
[2022.08.01-13.28.25:896][  0]LogTextLocalizationResource: LocRes '../../../Engine/Content/Localization/EditorTutorials/zh/EditorTutorials.locres' could not be opened for reading!
[2022.08.01-13.28.25:896][  0]LogTextLocalizationResource: LocRes '../../../Engine/Content/Localization/Keywords/zh/Keywords.locres' could not be opened for reading!
[2022.08.01-13.28.25:896][  0]LogTextLocalizationResource: LocRes '../../../Engine/Content/Localization/Category/zh/Category.locres' could not be opened for reading!
[2022.08.01-13.28.25:896][  0]LogTextLocalizationResource: LocRes '../../../Engine/Content/Localization/ToolTips/zh/ToolTips.locres' could not be opened for reading!
[2022.08.01-13.28.25:897][  0]LogTextLocalizationResource: LocRes '../../../Engine/Content/Localization/PropertyNames/zh/PropertyNames.locres' could not be opened for reading!
[2022.08.01-13.28.25:897][  0]LogTextLocalizationResource: LocRes '../../../Engine/Content/Localization/Engine/zh/Engine.locres' could not be opened for reading!
[2022.08.01-13.28.25:897][  0]LogTextLocalizationResource: LocRes '../../../Engine/Plugins/Online/Android/OnlineSubsystemGooglePlay/Content/Localization/OnlineSubsystemGooglePlay/zh/OnlineSubsystemGooglePlay.locres' could not be opened for reading!
[2022.08.01-13.28.25:897][  0]LogTextLocalizationResource: LocRes '../../../Engine/Plugins/Online/IOS/OnlineSubsystemIOS/Content/Localization/OnlineSubsystemIOS/zh/OnlineSubsystemIOS.locres' could not be opened for reading!
[2022.08.01-13.28.25:897][  0]LogTextLocalizationResource: LocRes '../../../Engine/Plugins/Online/OnlineSubsystem/Content/Localization/OnlineSubsystem/zh/OnlineSubsystem.locres' could not be opened for reading!
[2022.08.01-13.28.25:897][  0]LogTextLocalizationResource: LocRes '../../../Engine/Plugins/Online/OnlineSubsystemUtils/Content/Localization/OnlineSubsystemUtils/zh/OnlineSubsystemUtils.locres' could not be opened for reading!
[2022.08.01-13.28.25:937][  0]LogInit: Setting process to per monitor DPI aware
[2022.08.01-13.28.26:031][  0]LogSlate: New Slate User Created.  User Index 0, Is Virtual User: 0
[2022.08.01-13.28.26:031][  0]LogSlate: Slate User Registered.  User Index 0, Is Virtual User: 0
[2022.08.01-13.28.26:144][  0]LogHMD: Failed to initialize OpenVR with code 110
[2022.08.01-13.28.26:144][  0]LogD3D11RHI: D3D11 min allowed feature level: 11_0
[2022.08.01-13.28.26:144][  0]LogD3D11RHI: D3D11 max allowed feature level: 11_0
[2022.08.01-13.28.26:144][  0]LogD3D11RHI: D3D11 adapters:
[2022.08.01-13.28.26:252][  0]LogD3D11RHI:    0. 'NVIDIA GeForce RTX 3070 Laptop GPU' (Feature Level 11_0)
[2022.08.01-13.28.26:252][  0]LogD3D11RHI:       8044/0/16234 MB DedicatedVideo/DedicatedSystem/SharedSystem, Outputs:2, VendorId:0x10de
[2022.08.01-13.28.26:297][  0]LogD3D11RHI:    1. 'Intel(R) UHD Graphics' (Feature Level 11_0)
[2022.08.01-13.28.26:297][  0]LogD3D11RHI:       128/0/16234 MB DedicatedVideo/DedicatedSystem/SharedSystem, Outputs:0, VendorId:0x8086
[2022.08.01-13.28.26:301][  0]LogD3D11RHI:    2. 'Microsoft Basic Render Driver' (Feature Level 11_0)
[2022.08.01-13.28.26:301][  0]LogD3D11RHI:       0/0/16234 MB DedicatedVideo/DedicatedSystem/SharedSystem, Outputs:0, VendorId:0x1414
[2022.08.01-13.28.26:301][  0]LogD3D11RHI: Chosen D3D11 Adapter: 0
[2022.08.01-13.28.26:308][  0]LogD3D11RHI: Creating new Direct3DDevice
[2022.08.01-13.28.26:308][  0]LogD3D11RHI:     GPU DeviceId: 0x249d (for the marketing name, search the web for "GPU Device Id")
[2022.08.01-13.28.26:308][  0]LogWindows: EnumDisplayDevices:
[2022.08.01-13.28.26:309][  0]LogWindows:    0. 'Intel(R) UHD Graphics' (P:1 D:1)
[2022.08.01-13.28.26:309][  0]LogWindows:    1. 'Intel(R) UHD Graphics' (P:0 D:0)
[2022.08.01-13.28.26:309][  0]LogWindows:    2. 'Intel(R) UHD Graphics' (P:0 D:0)
[2022.08.01-13.28.26:309][  0]LogWindows:    3. 'NVIDIA GeForce RTX 3070 Laptop GPU' (P:0 D:1)
[2022.08.01-13.28.26:310][  0]LogWindows:    4. 'NVIDIA GeForce RTX 3070 Laptop GPU' (P:0 D:0)
[2022.08.01-13.28.26:310][  0]LogWindows:    5. 'NVIDIA GeForce RTX 3070 Laptop GPU' (P:0 D:0)
[2022.08.01-13.28.26:311][  0]LogWindows:    6. 'NVIDIA GeForce RTX 3070 Laptop GPU' (P:0 D:0)
[2022.08.01-13.28.26:311][  0]LogWindows: DebugString: PrimaryIsNotTheChoosenAdapter PrimaryIsNotTheChoosenAdapter PrimaryIsNotTheChoosenAdapter FoundDriverCount:4 
[2022.08.01-13.28.26:311][  0]LogD3D11RHI:     Adapter Name: NVIDIA GeForce RTX 3070 Laptop GPU
[2022.08.01-13.28.26:311][  0]LogD3D11RHI:   Driver Version: 516.40 (internal:31.0.15.1640, unified:516.40)
[2022.08.01-13.28.26:311][  0]LogD3D11RHI:      Driver Date: 6-6-2022
[2022.08.01-13.28.26:311][  0]LogRHI: Texture pool is 5630 MB (70% of 8044 MB)
[2022.08.01-13.28.26:369][  0]LogD3D11RHI: RHI has support for 64 bit atomics
[2022.08.01-13.28.26:369][  0]LogD3D11RHI: Async texture creation enabled
[2022.08.01-13.28.26:369][  0]LogD3D11RHI: Array index from any shader is supported
[2022.08.01-13.28.26:393][  0]LogD3D11RHI: GPU Timing Frequency: 1000.000000 (Debug: 2 2)
[2022.08.01-13.28.26:670][  0]LogTargetPlatformManager: Display: Loaded TargetPlatform 'AllDesktop'
[2022.08.01-13.28.26:688][  0]LogTargetPlatformManager: Display: Loaded TargetPlatform 'Android'
[2022.08.01-13.28.26:688][  0]LogTargetPlatformManager: Display: Loaded TargetPlatform 'Android_ASTC'
[2022.08.01-13.28.26:688][  0]LogTargetPlatformManager: Display: Loaded TargetPlatform 'Android_DXT'
[2022.08.01-13.28.26:688][  0]LogTargetPlatformManager: Display: Loaded TargetPlatform 'Android_ETC2'
[2022.08.01-13.28.26:688][  0]LogTargetPlatformManager: Display: Loaded TargetPlatform 'AndroidClient'
[2022.08.01-13.28.26:688][  0]LogTargetPlatformManager: Display: Loaded TargetPlatform 'Android_ASTCClient'
[2022.08.01-13.28.26:688][  0]LogTargetPlatformManager: Display: Loaded TargetPlatform 'Android_DXTClient'
[2022.08.01-13.28.26:688][  0]LogTargetPlatformManager: Display: Loaded TargetPlatform 'Android_ETC2Client'
[2022.08.01-13.28.26:688][  0]LogTargetPlatformManager: Display: Loaded TargetPlatform 'Android_Multi'
[2022.08.01-13.28.26:688][  0]LogTargetPlatformManager: Display: Loaded TargetPlatform 'Android_MultiClient'
[2022.08.01-13.28.26:713][  0]LogTargetPlatformManager: Display: Loaded TargetPlatform 'IOSClient'
[2022.08.01-13.28.26:713][  0]LogTargetPlatformManager: Display: Loaded TargetPlatform 'IOS'
[2022.08.01-13.28.26:723][  0]LogTargetPlatformManager: Display: Loaded TargetPlatform 'Linux'
[2022.08.01-13.28.26:731][  0]LogTargetPlatformManager: Display: Loaded TargetPlatform 'LinuxNoEditor'
[2022.08.01-13.28.26:740][  0]LogTargetPlatformManager: Display: Loaded TargetPlatform 'LinuxClient'
[2022.08.01-13.28.26:748][  0]LogTargetPlatformManager: Display: Loaded TargetPlatform 'LinuxServer'
[2022.08.01-13.28.26:757][  0]LogTargetPlatformManager: Display: Loaded TargetPlatform 'LinuxAArch64NoEditor'
[2022.08.01-13.28.26:765][  0]LogTargetPlatformManager: Display: Loaded TargetPlatform 'LinuxAArch64Client'
[2022.08.01-13.28.26:778][  0]LogTargetPlatformManager: Display: Loaded TargetPlatform 'LinuxAArch64Server'
[2022.08.01-13.28.26:799][  0]LogTargetPlatformManager: Display: Loaded TargetPlatform 'Lumin'
[2022.08.01-13.28.26:799][  0]LogTargetPlatformManager: Display: Loaded TargetPlatform 'LuminClient'
[2022.08.01-13.28.26:813][  0]LogTargetPlatformManager: Display: Loaded TargetPlatform 'TVOSClient'
[2022.08.01-13.28.26:813][  0]LogTargetPlatformManager: Display: Loaded TargetPlatform 'TVOS'
[2022.08.01-13.28.26:852][  0]LogTargetPlatformManager: Display: Loaded TargetPlatform 'WindowsNoEditor'
[2022.08.01-13.28.26:861][  0]LogTargetPlatformManager: Display: Loaded TargetPlatform 'Windows'
[2022.08.01-13.28.26:870][  0]LogTargetPlatformManager: Display: Loaded TargetPlatform 'WindowsClient'
[2022.08.01-13.28.26:879][  0]LogTargetPlatformManager: Display: Loaded TargetPlatform 'WindowsServer'
[2022.08.01-13.28.26:879][  0]LogTargetPlatformManager: Display: Building Assets For Windows
[2022.08.01-13.28.26:891][  0]LogAudioDebug: Display: Lib vorbis DLL was dynamically loaded.
[2022.08.01-13.28.26:969][  0]LogShaderCompilers: Guid format shader working directory is -15 characters bigger than the processId version (../../../../../Git/Project/UEActionRoguelike/ActionRoguelike/Intermediate/Shaders/WorkingDirectory/17252/).
[2022.08.01-13.28.26:969][  0]LogShaderCompilers: Cleaned the shader compiler working directory 'C:/Users/win10/AppData/Local/Temp/UnrealShaderWorkingDir/AB7A02D54BB15DD1475B1DA7F93C9D72/'.
[2022.08.01-13.28.26:970][  0]LogXGEController: Cleaning working directory: C:/Users/win10/AppData/Local/Temp/UnrealXGEWorkingDir/
[2022.08.01-13.28.26:970][  0]LogXGEController: Cannot use XGE Controller as Incredibuild is not installed on this machine.
[2022.08.01-13.28.26:970][  0]LogShaderCompilers: Cannot use XGE Shader Compiler as Incredibuild is not installed on this machine.
[2022.08.01-13.28.26:970][  0]LogShaderCompilers: Display: Using Local Shader Compiler.
[2022.08.01-13.28.27:580][  0]LogDerivedDataCache: Display: Max Cache Size: 512 MB
[2022.08.01-13.28.27:617][  0]LogDerivedDataCache: Loaded boot cache 0.04s 76MB C:/Users/win10/AppData/Local/UnrealEngine/4.25/DerivedDataCache/Boot.ddc.
[2022.08.01-13.28.27:617][  0]LogDerivedDataCache: Display: Loaded Boot cache: C:/Users/win10/AppData/Local/UnrealEngine/4.25/DerivedDataCache/Boot.ddc
[2022.08.01-13.28.27:618][  0]LogDerivedDataCache: FDerivedDataBackendGraph:  Pak pak cache file ../../../../../Git/Project/UEActionRoguelike/ActionRoguelike/DerivedDataCache/DDC.ddp not found, will not use a pak cache.
[2022.08.01-13.28.27:618][  0]LogDerivedDataCache: Unable to find inner node Pak for hierarchical cache Hierarchy.
[2022.08.01-13.28.27:618][  0]LogDerivedDataCache: FDerivedDataBackendGraph:  CompressedPak pak cache file ../../../../../Git/Project/UEActionRoguelike/ActionRoguelike/DerivedDataCache/Compressed.ddp not found, will not use a pak cache.
[2022.08.01-13.28.27:618][  0]LogDerivedDataCache: Unable to find inner node CompressedPak for hierarchical cache Hierarchy.
[2022.08.01-13.28.27:626][  0]LogDerivedDataCache: Display: Pak cache opened for reading ../../../Engine/DerivedDataCache/Compressed.ddp.
[2022.08.01-13.28.27:626][  0]LogDerivedDataCache: FDerivedDataBackendGraph:  EnterprisePak pak cache file ../../../Enterprise/DerivedDataCache/Compressed.ddp not found, will not use a pak cache.
[2022.08.01-13.28.27:626][  0]LogDerivedDataCache: Unable to find inner node EnterprisePak for hierarchical cache Hierarchy.
[2022.08.01-13.28.27:628][  0]LogDerivedDataCache: Using Local data cache path C:/Users/win10/AppData/Local/UnrealEngine/Common/DerivedDataCache: Writable
[2022.08.01-13.28.27:628][  0]LogDerivedDataCache: Shared data cache path not found in *engine.ini, will not use an Shared cache.
[2022.08.01-13.28.27:628][  0]LogDerivedDataCache: Unable to find inner node Shared for hierarchical cache Hierarchy.
[2022.08.01-13.28.27:666][  0]LogSlate: Using FreeType 2.10.0
[2022.08.01-13.28.27:666][  0]LogSlate: SlateFontServices - WITH_FREETYPE: 1, WITH_HARFBUZZ: 1
[2022.08.01-13.28.27:690][  0]LogAssetRegistry: FAssetRegistry took 0.0041 seconds to start up
[2022.08.01-13.28.27:867][  0]LogInit: Selected Device Profile: [Windows]
[2022.08.01-13.28.27:965][  0]LogMeshReduction: Using QuadricMeshReduction for automatic static mesh reduction
[2022.08.01-13.28.27:965][  0]LogMeshReduction: Using SimplygonMeshReduction for automatic skeletal mesh reduction
[2022.08.01-13.28.27:965][  0]LogMeshReduction: Using ProxyLODMeshReduction for automatic mesh merging
[2022.08.01-13.28.27:965][  0]LogMeshReduction: No distributed automatic mesh merging module available
[2022.08.01-13.28.27:965][  0]LogMeshMerging: No distributed automatic mesh merging module available
[2022.08.01-13.28.27:980][  0]LogNetVersion: ActionRoguelike 1.0.0, NetCL: 13144385, EngineNetVer: 14, GameNetVer: 0 (Checksum: 3012751956)
[2022.08.01-13.28.28:271][  0]LogAISub: UAISubsystem::UAISubsystem AISubsystem (000002D5E6308440), frame # 0
[2022.08.01-13.28.28:271][  0]LogAISub: UAISubsystem::UAISubsystem AIPerceptionSystem (000002D5E624E840), frame # 0
[2022.08.01-13.28.28:272][  0]LogAISub: UAISubsystem::UAISubsystem EnvQueryManager (000002D5E62A1E00), frame # 0
[2022.08.01-13.28.28:320][  0]LogPackageLocalizationCache: Processed 19 localized package path(s) for 2 prioritized culture(s) in 0.042609 seconds
[2022.08.01-13.28.28:323][  0]LogUObjectArray: 15917 objects as part of root set at end of initial load.
[2022.08.01-13.28.28:323][  0]LogUObjectAllocator: 3965568 out of 0 bytes used by permanent object pool.
[2022.08.01-13.28.28:323][  0]LogUObjectArray: CloseDisregardForGC: 0/0 objects in disregard for GC pool
[2022.08.01-13.28.28:689][  0]LogTcpMessaging: Initializing TcpMessaging bridge
[2022.08.01-13.28.28:695][  0]LogUdpMessaging: Initializing bridge on interface 0.0.0.0:0 to multicast group 230.0.0.1:6666.
[2022.08.01-13.28.28:805][  0]SourceControl: 源码管理已禁用
[2022.08.01-13.28.28:805][  0]SourceControl: 源码管理已禁用
[2022.08.01-13.28.28:808][  0]SourceControl: 源码管理已禁用
[2022.08.01-13.28.28:811][  0]SourceControl: 源码管理已禁用
[2022.08.01-13.28.28:818][  0]SourceControl: 源码管理已禁用
[2022.08.01-13.28.29:096][  0]LogAndroidPermission: UAndroidPermissionCallbackProxy::GetInstance
[2022.08.01-13.28.29:120][  0]LogAudioCaptureCore: Display: No Audio Capture implementations found. Audio input will be silent.
[2022.08.01-13.28.29:120][  0]LogAudioCaptureCore: Display: No Audio Capture implementations found. Audio input will be silent.
[2022.08.01-13.28.29:166][  0]LogOcInput: OculusInput pre-init called
[2022.08.01-13.28.29:177][  0]LogWindows: Failed to load 'OVRPlugin.dll' (GetLastError=126)
[2022.08.01-13.28.29:178][  0]LogWindows: File 'OVRPlugin.dll' does not exist
[2022.08.01-13.28.29:234][  0]LogEngine: Initializing Engine...
[2022.08.01-13.28.29:235][  0]LogHMD: Failed to initialize OpenVR with code 110
[2022.08.01-13.28.29:235][  0]LogMagicLeap: Warning: VR disabled because ZI is not enabled.  To enable, in the editor, Edit -> Project Settings -> Plugins -> Magic Leap Plugin -> Enable Zero Iteration
[2022.08.01-13.28.29:236][  0]LogStats: UGameplayTagsManager::InitializeManager -  0.000 s
[2022.08.01-13.28.29:320][  0]LogInit: Initializing FReadOnlyCVARCache
[2022.08.01-13.28.29:327][  0]LogAIModule: Creating AISystem for world Untitled
[2022.08.01-13.28.29:327][  0]LogAISub: UAISubsystem::UAISubsystem EnvQueryManager (000002D5F0BFD200), frame # 0
[2022.08.01-13.28.29:327][  0]LogAISub: UAISubsystem::UAISubsystem AIPerceptionSystem (000002D5F0BC7B00), frame # 0
[2022.08.01-13.28.29:345][  0]LogAudioMixer: Display: Audio Mixer Platform Settings:
[2022.08.01-13.28.29:345][  0]LogAudioMixer: Display: 	Sample Rate:						  48000
[2022.08.01-13.28.29:345][  0]LogAudioMixer: Display: 	Callback Buffer Frame Size Requested: 1024
[2022.08.01-13.28.29:345][  0]LogAudioMixer: Display: 	Callback Buffer Frame Size To Use:	  1024
[2022.08.01-13.28.29:345][  0]LogAudioMixer: Display: 	Number of buffers to queue:			  2
[2022.08.01-13.28.29:345][  0]LogAudioMixer: Display: 	Max Channels (voices):				  32
[2022.08.01-13.28.29:345][  0]LogAudioMixer: Display: 	Number of Async Source Workers:		  0
[2022.08.01-13.28.29:345][  0]LogAudio: Display: AudioDevice MaxSources: 32
[2022.08.01-13.28.29:346][  0]LogAudio: Display: Using built-in audio occlusion.
[2022.08.01-13.28.29:346][  0]LogAudioMixer: Display: Initializing audio mixer.
[2022.08.01-13.28.29:401][  0]LogAudioMixer: Display: 0: FrontLeft
[2022.08.01-13.28.29:401][  0]LogAudioMixer: Display: 1: FrontRight
[2022.08.01-13.28.29:620][  0]LogAudioMixer: Display: Using Audio Device 扬声器 (Realtek High Definition Audio)
[2022.08.01-13.28.29:623][  0]LogAudioMixer: Display: Initializing Sound Submixes...
[2022.08.01-13.28.29:624][  0]LogAudioMixer: Display: Creating Master Submix 'MasterSubmixDefault'
[2022.08.01-13.28.29:624][  0]LogAudioMixer: Display: Creating Master Submix 'MasterReverbSubmixDefault'
[2022.08.01-13.28.29:625][  0]LogAudioMixer: Display: Creating Master Submix 'MasterEQSubmixDefault'
[2022.08.01-13.28.29:627][  0]LogInit: FAudioDevice initialized.
[2022.08.01-13.28.29:627][  0]LogNetVersion: Set ProjectVersion to 1.0.0.0. Version Checksum will be recalculated on next use.
[2022.08.01-13.28.29:659][  0]LogDerivedDataCache: Saved boot cache 0.03s 76MB C:/Users/win10/AppData/Local/UnrealEngine/4.25/DerivedDataCache/Boot.ddc.
[2022.08.01-13.28.29:660][  0]LogInit: Texture streaming: Enabled
[2022.08.01-13.28.29:678][  0]LogEngineSessionManager: EngineSessionManager initialized
[2022.08.01-13.28.29:678][  0]LogEditorSessionSummary: Verbose: Initializing EditorSessionSummaryWriter for editor session tracking
[2022.08.01-13.28.29:681][  0]LogEditorSessionSummary: EditorSessionSummaryWriter initialized
[2022.08.01-13.28.29:719][  0]LogInit: Transaction tracking system initialized
[2022.08.01-13.28.29:745][  0]BlueprintLog: New page: 编辑器加载
[2022.08.01-13.28.29:827][  0]LocalizationService: 本地化服务已禁用
[2022.08.01-13.28.29:958][  0]LogCook: Display: Max memory allowance for cook 16384mb min free memory 0mb
[2022.08.01-13.28.29:958][  0]LogCook: Display: Mobile HDR setting 1
[2022.08.01-13.28.30:108][  0]LogFileCache: Scanning file cache for directory 'D:/Software/Git/Project/UEActionRoguelike/ActionRoguelike/Content/' took 0.01s
[2022.08.01-13.28.30:279][  0]SourceControl: 源码管理已禁用
[2022.08.01-13.28.30:280][  0]LogUnrealEdMisc: Loading editor; pre map load, took 5.915
[2022.08.01-13.28.30:280][  0]Cmd: MAP LOAD FILE="../../../../../Git/Project/UEActionRoguelike/ActionRoguelike/Content/ActionRoguelike/Maps/TestLevel.umap" TEMPLATE=0 SHOWPROGRESS=1 FEATURELEVEL=3
[2022.08.01-13.28.30:280][  0]LightingResults: New page: 光照构建
[2022.08.01-13.28.30:281][  0]LogWorld: UWorld::CleanupWorld for Untitled, bSessionEnded=true, bCleanupResources=true
[2022.08.01-13.28.30:281][  0]LogSlate: InvalidateAllWidgets triggered.  All widgets were invalidated
[2022.08.01-13.28.30:282][  0]MapCheck: New page: 地图检测
[2022.08.01-13.28.30:282][  0]LightingResults: New page: 光照构建
[2022.08.01-13.28.30:293][  0]LogAISub: UAISubsystem::~UAISubsystem EnvQueryManager (000002D5F0BFD200), frame # 0
[2022.08.01-13.28.30:293][  0]LogAISub: UAISubsystem::~UAISubsystem AIPerceptionSystem (000002D5F0BC7B00), frame # 0
[2022.08.01-13.28.30:294][  0]LogUObjectHash: Compacting FUObjectHashTables data took   0.48ms
[2022.08.01-13.28.30:554][  0]LogLinker: Warning: 加载“../../../../../Git/Project/UEActionRoguelike/ActionRoguelike/Content/ExampleContent/Effects/P_Treasure_Burst.uasset”时未能加载“/Game/ExampleContent/NetworkFeatures/Materials/M_Energy_Burst”：无法找到文件。
[2022.08.01-13.28.30:554][  0]LogLinker: Warning: 加载“../../../../../Git/Project/UEActionRoguelike/ActionRoguelike/Content/ExampleContent/Effects/P_Treasure_Burst.uasset”时未能加载“/Game/ExampleContent/NetworkFeatures/Materials/M_Energy_Burst”：无法找到文件。
[2022.08.01-13.28.30:555][  0]LogLinker: Warning: 加载“../../../../../Git/Project/UEActionRoguelike/ActionRoguelike/Content/ExampleContent/Effects/P_Treasure_Burst.uasset”时未能加载“/Game/ExampleContent/NetworkFeatures/Materials/M_Gold_Pile”：无法找到文件。
[2022.08.01-13.28.30:555][  0]LogLinker: Warning: 加载“../../../../../Git/Project/UEActionRoguelike/ActionRoguelike/Content/ExampleContent/Effects/P_Treasure_Burst.uasset”时未能加载“/Game/ExampleContent/NetworkFeatures/Materials/M_Gold_Pile”：无法找到文件。
[2022.08.01-13.28.30:555][  0]LogLinker: Warning: 加载“../../../../../Git/Project/UEActionRoguelike/ActionRoguelike/Content/ExampleContent/Effects/P_Treasure_Burst.uasset”时未能加载“/Game/ExampleContent/NetworkFeatures/Materials/M_Energy_Burst”：无法找到文件。
[2022.08.01-13.28.30:555][  0]LogLinker: Warning: 加载“../../../../../Git/Project/UEActionRoguelike/ActionRoguelike/Content/ExampleContent/Effects/P_Treasure_Burst.uasset”时未能加载“/Game/ExampleContent/NetworkFeatures/Materials/M_Energy_Burst”：无法找到文件。
[2022.08.01-13.28.30:555][  0]LogLinker: Warning: 加载“../../../../../Git/Project/UEActionRoguelike/ActionRoguelike/Content/ExampleContent/Effects/P_Treasure_Burst.uasset”时未能加载“/Game/ExampleContent/NetworkFeatures/Materials/M_Gold_Pile”：无法找到文件。
[2022.08.01-13.28.30:555][  0]LogLinker: Warning: 加载“../../../../../Git/Project/UEActionRoguelike/ActionRoguelike/Content/ExampleContent/Effects/P_Treasure_Burst.uasset”时未能加载“/Game/ExampleContent/NetworkFeatures/Materials/M_Gold_Pile”：无法找到文件。
[2022.08.01-13.28.30:555][  0]LogLinker: Warning: 加载“../../../../../Git/Project/UEActionRoguelike/ActionRoguelike/Content/ExampleContent/Effects/P_Treasure_Burst.uasset”时未能加载“/Game/ExampleContent/NetworkFeatures/Meshes/SM_Coin_Small”：无法找到文件。
[2022.08.01-13.28.30:555][  0]LogLinker: Warning: 加载“../../../../../Git/Project/UEActionRoguelike/ActionRoguelike/Content/ExampleContent/Effects/P_Treasure_Burst.uasset”时未能加载“/Game/ExampleContent/NetworkFeatures/Meshes/SM_Coin_Small”：无法找到文件。
[2022.08.01-13.28.30:556][  0]LogLinker: Warning: 加载“../../../../../Git/Project/UEActionRoguelike/ActionRoguelike/Content/ExampleContent/Effects/P_Treasure_Burst.uasset”时未能加载“/Game/ExampleContent/NetworkFeatures/Meshes/SM_Open_Square”：无法找到文件。
[2022.08.01-13.28.30:556][  0]LogLinker: Warning: 加载“../../../../../Git/Project/UEActionRoguelike/ActionRoguelike/Content/ExampleContent/Effects/P_Treasure_Burst.uasset”时未能加载“/Game/ExampleContent/NetworkFeatures/Meshes/SM_Open_Square”：无法找到文件。
[2022.08.01-13.28.30:556][  0]LogLinker: Warning: 加载“../../../../../Git/Project/UEActionRoguelike/ActionRoguelike/Content/ExampleContent/Effects/P_Treasure_Burst.uasset”时未能加载“/Game/ExampleContent/NetworkFeatures/Meshes/SM_Coin_Small”：无法找到文件。
[2022.08.01-13.28.30:556][  0]LogLinker: Warning: 加载“../../../../../Git/Project/UEActionRoguelike/ActionRoguelike/Content/ExampleContent/Effects/P_Treasure_Burst.uasset”时未能加载“/Game/ExampleContent/NetworkFeatures/Meshes/SM_Coin_Small”：无法找到文件。
[2022.08.01-13.28.30:556][  0]LogLinker: Warning: 加载“../../../../../Git/Project/UEActionRoguelike/ActionRoguelike/Content/ExampleContent/Effects/P_Treasure_Burst.uasset”时未能加载“/Game/ExampleContent/NetworkFeatures/Meshes/SM_Open_Square”：无法找到文件。
[2022.08.01-13.28.30:556][  0]LogLinker: Warning: 加载“../../../../../Git/Project/UEActionRoguelike/ActionRoguelike/Content/ExampleContent/Effects/P_Treasure_Burst.uasset”时未能加载“/Game/ExampleContent/NetworkFeatures/Meshes/SM_Open_Square”：无法找到文件。
[2022.08.01-13.28.30:727][  0]LogLinker: Warning: 加载“../../../../../Git/Project/UEActionRoguelike/ActionRoguelike/Content/ExampleContent/Effects/P_Treasure_Burst.uasset”时未能加载“/Game/ExampleContent/NetworkFeatures/Materials/M_Energy_Burst”：无法找到文件。
[2022.08.01-13.28.30:727][  0]LoadErrors: 加载失败 /Game/ExampleContent/NetworkFeatures/Materials/M_Energy_Burst.M_Energy_Burst 引用者 ParticleModuleRequired_0
[2022.08.01-13.28.30:728][  0]LogLinker: Warning: 加载“../../../../../Git/Project/UEActionRoguelike/ActionRoguelike/Content/ExampleContent/Effects/P_Treasure_Burst.uasset”时未能加载“/Game/ExampleContent/NetworkFeatures/Materials/M_Energy_Burst”：无法找到文件。
[2022.08.01-13.28.30:728][  0]LoadErrors: 加载失败 /Game/ExampleContent/NetworkFeatures/Materials/M_Energy_Burst.M_Energy_Burst 引用者 ParticleModuleRequired_0
[2022.08.01-13.28.30:728][  0]LogLinker: Warning: 加载“../../../../../Git/Project/UEActionRoguelike/ActionRoguelike/Content/ExampleContent/Effects/P_Treasure_Burst.uasset”时未能加载“/Game/ExampleContent/NetworkFeatures/Materials/M_Gold_Pile”：无法找到文件。
[2022.08.01-13.28.30:728][  0]LoadErrors: 加载失败 /Game/ExampleContent/NetworkFeatures/Materials/M_Gold_Pile.M_Gold_Pile 引用者 ParticleModuleRequired_3
[2022.08.01-13.28.30:728][  0]LogLinker: Warning: 加载“../../../../../Git/Project/UEActionRoguelike/ActionRoguelike/Content/ExampleContent/Effects/P_Treasure_Burst.uasset”时未能加载“/Game/ExampleContent/NetworkFeatures/Materials/M_Gold_Pile”：无法找到文件。
[2022.08.01-13.28.30:728][  0]LoadErrors: 加载失败 /Game/ExampleContent/NetworkFeatures/Materials/M_Gold_Pile.M_Gold_Pile 引用者 ParticleModuleRequired_3
[2022.08.01-13.28.30:728][  0]LogLinker: Warning: 加载“../../../../../Git/Project/UEActionRoguelike/ActionRoguelike/Content/ExampleContent/Effects/P_Treasure_Burst.uasset”时未能加载“/Game/ExampleContent/NetworkFeatures/Meshes/SM_Open_Square”：无法找到文件。
[2022.08.01-13.28.30:729][  0]LoadErrors: 加载失败 /Game/ExampleContent/NetworkFeatures/Meshes/SM_Open_Square.SM_Open_Square 引用者 ParticleModuleTypeDataMesh_0
[2022.08.01-13.28.30:729][  0]LogLinker: Warning: 加载“../../../../../Git/Project/UEActionRoguelike/ActionRoguelike/Content/ExampleContent/Effects/P_Treasure_Burst.uasset”时未能加载“/Game/ExampleContent/NetworkFeatures/Meshes/SM_Open_Square”：无法找到文件。
[2022.08.01-13.28.30:729][  0]LoadErrors: 加载失败 /Game/ExampleContent/NetworkFeatures/Meshes/SM_Open_Square.SM_Open_Square 引用者 ParticleModuleTypeDataMesh_0
[2022.08.01-13.28.30:729][  0]LogLinker: Warning: 加载“../../../../../Git/Project/UEActionRoguelike/ActionRoguelike/Content/ExampleContent/Effects/P_Treasure_Burst.uasset”时未能加载“/Game/ExampleContent/NetworkFeatures/Meshes/SM_Coin_Small”：无法找到文件。
[2022.08.01-13.28.30:729][  0]LoadErrors: 加载失败 /Game/ExampleContent/NetworkFeatures/Meshes/SM_Coin_Small.SM_Coin_Small 引用者 ParticleModuleTypeDataMesh_1
[2022.08.01-13.28.30:729][  0]LogLinker: Warning: 加载“../../../../../Git/Project/UEActionRoguelike/ActionRoguelike/Content/ExampleContent/Effects/P_Treasure_Burst.uasset”时未能加载“/Game/ExampleContent/NetworkFeatures/Meshes/SM_Coin_Small”：无法找到文件。
[2022.08.01-13.28.30:729][  0]LoadErrors: 加载失败 /Game/ExampleContent/NetworkFeatures/Meshes/SM_Coin_Small.SM_Coin_Small 引用者 ParticleModuleTypeDataMesh_1
[2022.08.01-13.28.30:972][  0]LogAIModule: Creating AISystem for world TestLevel
[2022.08.01-13.28.30:972][  0]LogAISub: UAISubsystem::UAISubsystem EnvQueryManager (000002D5E24E0E00), frame # 0
[2022.08.01-13.28.30:972][  0]LogAISub: UAISubsystem::UAISubsystem AIPerceptionSystem (000002D5E2540E00), frame # 0
[2022.08.01-13.28.30:982][  0]LogEditorServer: Finished looking for orphan Actors (0.000 secs)
[2022.08.01-13.28.30:997][  0]LogUObjectHash: Compacting FUObjectHashTables data took   0.72ms
[2022.08.01-13.28.30:997][  0]Cmd: MAP CHECKDEP NOCLEARLOG
[2022.08.01-13.28.30:998][  0]MapCheck: 地图检测完成：0个错误、0个警告、完成用时0.142毫秒。
[2022.08.01-13.28.30:998][  0]LogFileHelpers: Loading map 'TestLevel' took 0.717
[2022.08.01-13.28.31:000][  0]LogUnrealEdMisc: Total Editor Startup Time, took 6.635
[2022.08.01-13.28.31:116][  0]LogSlate: Updating window title bar state: overlay mode, drag disabled, window buttons hidden, title bar hidden
[2022.08.01-13.28.31:122][  0]LogSlate: Updating window title bar state: overlay mode, drag disabled, window buttons hidden, title bar hidden
[2022.08.01-13.28.31:127][  0]LogSlate: Updating window title bar state: overlay mode, drag disabled, window buttons hidden, title bar hidden
[2022.08.01-13.28.31:133][  0]LogSlate: Updating window title bar state: overlay mode, drag disabled, window buttons hidden, title bar hidden
[2022.08.01-13.28.31:139][  0]LogCollectionManager: Loaded 0 collections in 0.000611 seconds
[2022.08.01-13.28.31:157][  0]LogFileCache: Scanning file cache for directory 'D:/Software/Git/Project/UEActionRoguelike/ActionRoguelike/Saved/Collections/' took 0.00s
[2022.08.01-13.28.31:157][  0]LogFileCache: Scanning file cache for directory 'D:/Software/Git/Project/UEActionRoguelike/ActionRoguelike/Content/Developers/win10/Collections/' took 0.00s
[2022.08.01-13.28.31:157][  0]LogFileCache: Scanning file cache for directory 'D:/Software/Git/Project/UEActionRoguelike/ActionRoguelike/Content/Collections/' took 0.00s
[2022.08.01-13.28.31:157][  0]LogContentBrowser: Native class hierarchy populated in 0.0088 seconds. Added 3458 classes and 827 folders.
[2022.08.01-13.28.31:159][  0]LogContentBrowser: Native class hierarchy updated for 'WidgetCarousel' in 0.0003 seconds. Added 0 classes and 0 folders.
[2022.08.01-13.28.31:198][  0]LogContentBrowser: Native class hierarchy updated for 'AddContentDialog' in 0.0003 seconds. Added 0 classes and 0 folders.
[2022.08.01-13.28.31:199][  0]LogContentBrowser: Native class hierarchy updated for 'SceneOutliner' in 0.0003 seconds. Added 2 classes and 0 folders.
[2022.08.01-13.28.31:503][  0]LogSlate: Took 0.000143 seconds to synchronously load lazily loaded font '../../../Engine/Content/Slate/Fonts/Roboto-Regular.ttf' (155K)
[2022.08.01-13.28.31:506][  0]LogSlate: Took 0.001604 seconds to synchronously load lazily loaded font '../../../Engine/Content/Slate/Fonts/DroidSansFallback.ttf' (3848K)
[2022.08.01-13.28.31:506][  0]LogSlate: Took 0.000164 seconds to synchronously load lazily loaded font '../../../Engine/Content/Slate/Fonts/Roboto-Bold.ttf' (160K)
[2022.08.01-13.28.31:509][  0]LogSlate: Took 0.000147 seconds to synchronously load lazily loaded font '../../../Engine/Content/Editor/Slate/Fonts/FontAwesome.ttf' (139K)
[2022.08.01-13.28.31:560][  0]LogRenderer: Reallocating scene render targets to support 1208x572 Format 10 NumSamples 1 (Frame:1).
[2022.08.01-13.28.31:654][  0]LogContentBrowser: Native class hierarchy updated for 'HierarchicalLODOutliner' in 0.0003 seconds. Added 0 classes and 0 folders.
[2022.08.01-13.28.31:654][  0]LogLoad: (Engine Initialization) Total time: 7.29 seconds
[2022.08.01-13.28.31:654][  0]LogLoad: (Engine Initialization) Total Blueprint compile time: 0.00 seconds
[2022.08.01-13.28.31:728][  0]LogAssetRegistry: Asset discovery search completed in 4.0406 seconds
[2022.08.01-13.28.31:732][  0]LogCollectionManager: Fixed up redirectors for 0 collections in 0.000004 seconds (updated 0 objects)
[2022.08.01-13.28.31:733][  0]LogContentStreaming: Texture pool size now 1000 MB
[2022.08.01-13.28.31:782][  0]LogSlate: Took 0.000144 seconds to synchronously load lazily loaded font '../../../Engine/Content/Slate/Fonts/Roboto-Light.ttf' (167K)
[2022.08.01-13.28.31:792][  0]LogSlate: Took 0.000100 seconds to synchronously load lazily loaded font '../../../Engine/Content/Slate/Fonts/DroidSansMono.ttf' (77K)
[2022.08.01-13.28.31:972][  5]LogScript: Warning: Script Msg: Divide by zero detected: 0.000000 / 0
Script call stack:
	Function /Game/ParagonGideon/Characters/Heroes/Gideon/Gideon_AnimBlueprint.Gideon_AnimBlueprint_C:BlueprintUpdateAnimation
	Function /Game/ParagonGideon/Characters/Heroes/Gideon/Gideon_AnimBlueprint.Gideon_AnimBlueprint_C:ExecuteUbergraph_Gideon_AnimBlueprint

[2022.08.01-13.28.33:144][ 72]LogSlate: Window '消息日志' being destroyed
[2022.08.01-13.28.33:149][ 72]LogSlate: Window '消息日志' being destroyed
[2022.08.01-13.28.34:854][174]LogSlate: Took 0.000156 seconds to synchronously load lazily loaded font '../../../Engine/Content/Slate/Fonts/Roboto-Light.ttf' (167K)
[2022.08.01-13.28.34:865][174]LogAssetEditorSubsystem: Opening Asset editor for Blueprint /Game/ActionRoguelike/Proj_MagicProjectile.Proj_MagicProjectile
[2022.08.01-13.28.34:983][174]LogContentBrowser: Native class hierarchy updated for 'BlueprintGraph' in 0.0006 seconds. Added 125 classes and 0 folders.
[2022.08.01-13.28.35:596][174]LogSlate: Took 0.000140 seconds to synchronously load lazily loaded font '../../../Engine/Content/Slate/Fonts/Roboto-BoldCondensed.ttf' (158K)
[2022.08.01-13.28.35:628][175]LogSlate: Took 0.000227 seconds to synchronously load lazily loaded font '../../../Engine/Content/Slate/Fonts/Roboto-Italic.ttf' (157K)
[2022.08.01-13.29.04:821][401]BlueprintLog: New page: 编译Proj_MagicProjectile
[2022.08.01-13.29.04:865][401]LogUObjectHash: Compacting FUObjectHashTables data took   1.42ms
[2022.08.01-13.29.05:523][437]LogSavePackage: Moving '../../../../../Git/Project/UEActionRoguelike/ActionRoguelike/Saved/Proj_MagicProjectile33F628EE407AB3D5E47BBFB052519611.tmp' to '../../../../../Git/Project/UEActionRoguelike/ActionRoguelike/Content/ActionRoguelike/Proj_MagicProjectile.uasset'
[2022.08.01-13.29.05:536][437]AssetCheck: New page: 资产保存：Proj_MagicProjectile
[2022.08.01-13.29.05:536][437]LogContentValidation: Display: 正在验证Blueprint /Game/ActionRoguelike/Proj_MagicProjectile.Proj_MagicProjectile
[2022.08.01-13.29.07:105][530]LogSlate: Window 'Proj_MagicProjectile' being destroyed
[2022.08.01-13.29.07:111][530]LogSlate: Window 'Proj_MagicProjectile' being destroyed
[2022.08.01-13.29.07:123][530]LogWorld: UWorld::CleanupWorld for World_9, bSessionEnded=true, bCleanupResources=true
[2022.08.01-13.29.07:123][530]LogSlate: InvalidateAllWidgets triggered.  All widgets were invalidated
[2022.08.01-13.29.14:911][995]LogAssetEditorSubsystem: Opening Asset editor for Blueprint /Game/ActionRoguelike/PlayerCharacter.PlayerCharacter
[2022.08.01-13.29.15:162][995]LogScript: Warning: Script Msg: Divide by zero detected: 0.000000 / 0
Script call stack:
	Function /Game/ParagonGideon/Characters/Heroes/Gideon/Gideon_AnimBlueprint.Gideon_AnimBlueprint_C:BlueprintUpdateAnimation
	Function /Game/ParagonGideon/Characters/Heroes/Gideon/Gideon_AnimBlueprint.Gideon_AnimBlueprint_C:ExecuteUbergraph_Gideon_AnimBlueprint

[2022.08.01-13.29.44:780][501]LogScript: Warning: Script Msg: Divide by zero detected: 0.000000 / 0
Script call stack:
	Function /Game/ParagonGideon/Characters/Heroes/Gideon/Gideon_AnimBlueprint.Gideon_AnimBlueprint_C:BlueprintUpdateAnimation
	Function /Game/ParagonGideon/Characters/Heroes/Gideon/Gideon_AnimBlueprint.Gideon_AnimBlueprint_C:ExecuteUbergraph_Gideon_AnimBlueprint

[2022.08.01-13.29.44:781][501]LogScript: Warning: Script Msg: Divide by zero detected: 0.000000 / 0
Script call stack:
	Function /Game/ParagonGideon/Characters/Heroes/Gideon/Gideon_AnimBlueprint.Gideon_AnimBlueprint_C:BlueprintUpdateAnimation
	Function /Game/ParagonGideon/Characters/Heroes/Gideon/Gideon_AnimBlueprint.Gideon_AnimBlueprint_C:ExecuteUbergraph_Gideon_AnimBlueprint

[2022.08.01-13.29.48:624][578]Cmd: OBJ SAVEPACKAGE PACKAGE="/Game/ActionRoguelike/PlayerCharacter" FILE="../../../../../Git/Project/UEActionRoguelike/ActionRoguelike/Content/ActionRoguelike/PlayerCharacter.uasset" SILENT=true
[2022.08.01-13.29.48:640][578]LogSavePackage: Moving '../../../../../Git/Project/UEActionRoguelike/ActionRoguelike/Saved/PlayerCharacterBDBB3D154C780F4CD4BABBB6C53B8AAC.tmp' to '../../../../../Git/Project/UEActionRoguelike/ActionRoguelike/Content/ActionRoguelike/PlayerCharacter.uasset'
[2022.08.01-13.29.48:650][578]AssetCheck: New page: 资产保存：PlayerCharacter
[2022.08.01-13.29.48:650][578]LogContentValidation: Display: 正在验证Blueprint /Game/ActionRoguelike/PlayerCharacter.PlayerCharacter
[2022.08.01-13.29.49:094][605]BlueprintLog: New page: 编译PlayerCharacter
[2022.08.01-13.29.49:100][605]LogScript: Warning: Script Msg: Divide by zero detected: 0.000000 / 0
Script call stack:
	Function /Game/ParagonGideon/Characters/Heroes/Gideon/Gideon_AnimBlueprint.Gideon_AnimBlueprint_C:BlueprintUpdateAnimation
	Function /Game/ParagonGideon/Characters/Heroes/Gideon/Gideon_AnimBlueprint.Gideon_AnimBlueprint_C:ExecuteUbergraph_Gideon_AnimBlueprint

[2022.08.01-13.29.49:101][605]LogScript: Warning: Script Msg: Divide by zero detected: 0.000000 / 0
Script call stack:
	Function /Game/ParagonGideon/Characters/Heroes/Gideon/Gideon_AnimBlueprint.Gideon_AnimBlueprint_C:BlueprintUpdateAnimation
	Function /Game/ParagonGideon/Characters/Heroes/Gideon/Gideon_AnimBlueprint.Gideon_AnimBlueprint_C:ExecuteUbergraph_Gideon_AnimBlueprint

[2022.08.01-13.29.49:102][605]LogScript: Warning: Script Msg: Divide by zero detected: 0.000000 / 0
Script call stack:
	Function /Game/ParagonGideon/Characters/Heroes/Gideon/Gideon_AnimBlueprint.Gideon_AnimBlueprint_C:BlueprintUpdateAnimation
	Function /Game/ParagonGideon/Characters/Heroes/Gideon/Gideon_AnimBlueprint.Gideon_AnimBlueprint_C:ExecuteUbergraph_Gideon_AnimBlueprint

[2022.08.01-13.29.49:103][605]LogScript: Warning: Script Msg: Divide by zero detected: 0.000000 / 0
Script call stack:
	Function /Game/ParagonGideon/Characters/Heroes/Gideon/Gideon_AnimBlueprint.Gideon_AnimBlueprint_C:BlueprintUpdateAnimation
	Function /Game/ParagonGideon/Characters/Heroes/Gideon/Gideon_AnimBlueprint.Gideon_AnimBlueprint_C:ExecuteUbergraph_Gideon_AnimBlueprint

[2022.08.01-13.29.49:127][605]LogUObjectHash: Compacting FUObjectHashTables data took   1.58ms
[2022.08.01-13.29.49:129][605]LogScript: Warning: Script Msg: Divide by zero detected: 0.000000 / 0
Script call stack:
	Function /Game/ParagonGideon/Characters/Heroes/Gideon/Gideon_AnimBlueprint.Gideon_AnimBlueprint_C:BlueprintUpdateAnimation
	Function /Game/ParagonGideon/Characters/Heroes/Gideon/Gideon_AnimBlueprint.Gideon_AnimBlueprint_C:ExecuteUbergraph_Gideon_AnimBlueprint

[2022.08.01-13.29.49:130][605]LogScript: Warning: Script Msg: Divide by zero detected: 0.000000 / 0
Script call stack:
	Function /Game/ParagonGideon/Characters/Heroes/Gideon/Gideon_AnimBlueprint.Gideon_AnimBlueprint_C:BlueprintUpdateAnimation
	Function /Game/ParagonGideon/Characters/Heroes/Gideon/Gideon_AnimBlueprint.Gideon_AnimBlueprint_C:ExecuteUbergraph_Gideon_AnimBlueprint

[2022.08.01-13.29.49:130][605]LogScript: Warning: Script Msg: Divide by zero detected: 0.000000 / 0
Script call stack:
	Function /Game/ParagonGideon/Characters/Heroes/Gideon/Gideon_AnimBlueprint.Gideon_AnimBlueprint_C:BlueprintUpdateAnimation
	Function /Game/ParagonGideon/Characters/Heroes/Gideon/Gideon_AnimBlueprint.Gideon_AnimBlueprint_C:ExecuteUbergraph_Gideon_AnimBlueprint

[2022.08.01-13.29.49:133][605]LogScript: Warning: Script Msg: Divide by zero detected: 0.000000 / 0
Script call stack:
	Function /Game/ParagonGideon/Characters/Heroes/Gideon/Gideon_AnimBlueprint.Gideon_AnimBlueprint_C:BlueprintUpdateAnimation
	Function /Game/ParagonGideon/Characters/Heroes/Gideon/Gideon_AnimBlueprint.Gideon_AnimBlueprint_C:ExecuteUbergraph_Gideon_AnimBlueprint

[2022.08.01-13.29.49:134][605]LogScript: Warning: Script Msg: Divide by zero detected: 0.000000 / 0
Script call stack:
	Function /Game/ParagonGideon/Characters/Heroes/Gideon/Gideon_AnimBlueprint.Gideon_AnimBlueprint_C:BlueprintUpdateAnimation
	Function /Game/ParagonGideon/Characters/Heroes/Gideon/Gideon_AnimBlueprint.Gideon_AnimBlueprint_C:ExecuteUbergraph_Gideon_AnimBlueprint

[2022.08.01-13.29.50:027][656]Cmd: OBJ SAVEPACKAGE PACKAGE="/Game/ActionRoguelike/PlayerCharacter" FILE="../../../../../Git/Project/UEActionRoguelike/ActionRoguelike/Content/ActionRoguelike/PlayerCharacter.uasset" SILENT=true
[2022.08.01-13.29.50:043][656]LogSavePackage: Moving '../../../../../Git/Project/UEActionRoguelike/ActionRoguelike/Saved/PlayerCharacter6B14EAE4404F503EAE038EA57E278E3F.tmp' to '../../../../../Git/Project/UEActionRoguelike/ActionRoguelike/Content/ActionRoguelike/PlayerCharacter.uasset'
[2022.08.01-13.29.50:055][656]AssetCheck: New page: 资产保存：PlayerCharacter
[2022.08.01-13.29.50:055][656]LogContentValidation: Display: 正在验证Blueprint /Game/ActionRoguelike/PlayerCharacter.PlayerCharacter
[2022.08.01-13.29.51:386][735]LogSlate: Window 'PlayerCharacter' being destroyed
[2022.08.01-13.29.51:392][735]LogSlate: Window 'PlayerCharacter' being destroyed
[2022.08.01-13.29.51:405][735]LogWorld: UWorld::CleanupWorld for World_10, bSessionEnded=true, bCleanupResources=true
[2022.08.01-13.29.51:405][735]LogSlate: InvalidateAllWidgets triggered.  All widgets were invalidated
[2022.08.01-13.29.54:898][867]LogTemp: Repeating last play command: 选中的视口
[2022.08.01-13.29.54:912][867]LogPlayLevel: PlayLevel: No blueprints needed recompiling
[2022.08.01-13.29.54:913][867]PIE: New page: PIE会话：TestLevel（2022年8月2日 上午7:29:54）
[2022.08.01-13.29.54:914][867]LogOnline: OSS: Creating online subsystem instance for: NULL
[2022.08.01-13.29.54:916][867]LogOnline: OSS: TryLoadSubsystemAndSetDefault: Loaded subsystem for module [NULL]
[2022.08.01-13.29.54:916][867]LogPlayLevel: Creating play world package: /Game/ActionRoguelike/Maps/UEDPIE_0_TestLevel
[2022.08.01-13.29.54:921][867]LogPlayLevel: PIE: StaticDuplicateObject took: (0.004810s)
[2022.08.01-13.29.54:922][867]LogAIModule: Creating AISystem for world TestLevel
[2022.08.01-13.29.54:922][867]LogAISub: UAISubsystem::UAISubsystem EnvQueryManager (000002D641AC5200), frame # 3867
[2022.08.01-13.29.54:923][867]LogAISub: UAISubsystem::UAISubsystem AIPerceptionSystem (000002D640BD1E40), frame # 3867
[2022.08.01-13.29.54:923][867]LogPlayLevel: PIE: World Init took: (0.001371s)
[2022.08.01-13.29.54:923][867]LogPlayLevel: PIE: Created PIE world by copying editor world from /Game/ActionRoguelike/Maps/TestLevel.TestLevel to /Game/ActionRoguelike/Maps/UEDPIE_0_TestLevel.TestLevel (0.006516s)
[2022.08.01-13.29.54:938][867]LogUObjectHash: Compacting FUObjectHashTables data took   1.36ms
[2022.08.01-13.29.54:940][867]LogAudioMixer: Display: Audio Mixer Platform Settings:
[2022.08.01-13.29.54:940][867]LogAudioMixer: Display: 	Sample Rate:						  48000
[2022.08.01-13.29.54:940][867]LogAudioMixer: Display: 	Callback Buffer Frame Size Requested: 1024
[2022.08.01-13.29.54:940][867]LogAudioMixer: Display: 	Callback Buffer Frame Size To Use:	  1024
[2022.08.01-13.29.54:940][867]LogAudioMixer: Display: 	Number of buffers to queue:			  2
[2022.08.01-13.29.54:940][867]LogAudioMixer: Display: 	Max Channels (voices):				  32
[2022.08.01-13.29.54:940][867]LogAudioMixer: Display: 	Number of Async Source Workers:		  0
[2022.08.01-13.29.54:940][867]LogAudio: Display: AudioDevice MaxSources: 32
[2022.08.01-13.29.54:941][867]LogAudio: Display: Using built-in audio occlusion.
[2022.08.01-13.29.54:941][867]LogAudioMixer: Display: Initializing audio mixer.
[2022.08.01-13.29.54:946][867]LogAudioMixer: Display: 0: FrontLeft
[2022.08.01-13.29.54:946][867]LogAudioMixer: Display: 1: FrontRight
[2022.08.01-13.29.55:006][867]LogAudioMixer: Display: Using Audio Device 扬声器 (Realtek High Definition Audio)
[2022.08.01-13.29.55:007][867]LogAudioMixer: Display: Initializing Sound Submixes...
[2022.08.01-13.29.55:007][867]LogAudioMixer: Display: Creating Master Submix 'MasterSubmixDefault'
[2022.08.01-13.29.55:007][867]LogAudioMixer: Display: Creating Master Submix 'MasterReverbSubmixDefault'
[2022.08.01-13.29.55:007][867]LogAudioMixer: Display: Creating Master Submix 'MasterEQSubmixDefault'
[2022.08.01-13.29.55:018][867]LogInit: FAudioDevice initialized.
[2022.08.01-13.29.55:025][867]LogLoad: Game class is 'SGameModeBP_C'
[2022.08.01-13.29.55:028][867]LogWorld: Bringing World /Game/ActionRoguelike/Maps/UEDPIE_0_TestLevel.TestLevel up for play (max tick rate 60) at 2022.08.01-22.29.55
[2022.08.01-13.29.55:028][867]LogWorld: Bringing up level for play took: 0.002202
[2022.08.01-13.29.55:029][867]LogOnline: OSS: Creating online subsystem instance for: :Context_12
[2022.08.01-13.29.55:034][867]LogContentBrowser: Native class hierarchy updated for 'MovieSceneCapture' in 0.0004 seconds. Added 20 classes and 0 folders.
[2022.08.01-13.29.55:035][867]LogScript: Warning: Script Msg: Divide by zero detected: 0.000000 / 0
Script call stack:
	Function /Game/ParagonGideon/Characters/Heroes/Gideon/Gideon_AnimBlueprint.Gideon_AnimBlueprint_C:BlueprintUpdateAnimation
	Function /Game/ParagonGideon/Characters/Heroes/Gideon/Gideon_AnimBlueprint.Gideon_AnimBlueprint_C:ExecuteUbergraph_Gideon_AnimBlueprint

[2022.08.01-13.29.55:039][867]PIE: 登陆的服务器
[2022.08.01-13.29.55:040][867]PIE: PIE总开始时间：0.129秒。
[2022.08.01-13.29.55:305][869]LogTemp: Running: Action_MagicProjectile_C_0
[2022.08.01-13.29.55:503][881]LogTemp: Running: Action_MagicProjectile_C_0
[2022.08.01-13.29.55:818][900]LogTemp: Running: Action_Sprint_C_0
[2022.08.01-13.29.56:002][911]LogTemp: Running: Action_Sprint_C_0
[2022.08.01-13.29.56:910][965]LogTemp: Found 1 alive bots
[2022.08.01-13.29.56:910][965]LogTemp: At maximum bot capacity. Skipping bot spawn
[2022.08.01-13.29.58:010][ 31]LogTemp: Running: Action_MagicProjectile_C_0
[2022.08.01-13.29.58:210][ 43]LogTemp: Running: Action_MagicProjectile_C_0
[2022.08.01-13.29.58:912][ 85]LogTemp: Found 1 alive bots
[2022.08.01-13.29.58:912][ 85]LogTemp: At maximum bot capacity. Skipping bot spawn
[2022.08.01-13.29.59:790][137]LogTemp: Running: Action_MagicProjectile_C_0
[2022.08.01-13.29.59:990][149]LogTemp: Running: Action_MagicProjectile_C_0
[2022.08.01-13.30.00:573][184]LogOutputDevice: Warning: 

Script Stack (1 frames):
SMagicProjectile.OnActorOverlap

[2022.08.01-13.30.00:573][184]LogOutputDevice: Error: Ensure condition failed: false [File:D:/Build/++UE4/Sync/Engine/Source/Runtime/GameplayTags/Private/GameplayTagsManager.cpp] [Line: 1615] 
Requested Tag Statuse.Parrying was not found. Check tag data table.

[2022.08.01-13.30.00:573][184]LogStats:             FDebug::EnsureFailed -  0.000 s
[2022.08.01-13.30.24:095][185]LogTemp: Found 1 alive bots
[2022.08.01-13.30.25:841][235]LogTemp: Running: Action_MagicProjectile_C_0
[2022.08.01-13.30.25:991][244]LogTemp: Found 2 alive bots
[2022.08.01-13.30.25:991][244]LogTemp: At maximum bot capacity. Skipping bot spawn
[2022.08.01-13.30.26:041][247]LogTemp: Running: Action_MagicProjectile_C_0
[2022.08.01-13.30.27:991][364]LogTemp: Found 2 alive bots
[2022.08.01-13.30.27:991][364]LogTemp: At maximum bot capacity. Skipping bot spawn
[2022.08.01-13.30.29:992][484]LogTemp: Found 2 alive bots
[2022.08.01-13.30.29:992][484]LogTemp: At maximum bot capacity. Skipping bot spawn
[2022.08.01-13.30.30:475][513]LogTemp: Running: Action_MagicProjectile_C_0
[2022.08.01-13.30.30:675][525]LogTemp: Running: Action_MagicProjectile_C_0
[2022.08.01-13.30.31:209][557]LogTemp: Running: Action_MagicProjectile_C_0
[2022.08.01-13.30.31:411][569]LogTemp: Running: Action_MagicProjectile_C_0
[2022.08.01-13.30.31:995][604]LogTemp: Found 2 alive bots
[2022.08.01-13.30.31:995][604]LogTemp: At maximum bot capacity. Skipping bot spawn
[2022.08.01-13.30.33:994][724]LogTemp: Found 2 alive bots
[2022.08.01-13.30.33:994][724]LogTemp: At maximum bot capacity. Skipping bot spawn
[2022.08.01-13.30.35:994][844]LogTemp: Found 2 alive bots
[2022.08.01-13.30.35:994][844]LogTemp: At maximum bot capacity. Skipping bot spawn
[2022.08.01-13.30.37:996][964]LogTemp: Found 2 alive bots
[2022.08.01-13.30.37:996][964]LogTemp: At maximum bot capacity. Skipping bot spawn
[2022.08.01-13.30.39:214][ 37]LogTemp: Running: Action_MagicProjectile_C_0
[2022.08.01-13.30.39:414][ 49]LogTemp: Running: Action_MagicProjectile_C_0
[2022.08.01-13.30.39:996][ 84]LogTemp: Found 2 alive bots
[2022.08.01-13.30.39:996][ 84]LogTemp: At maximum bot capacity. Skipping bot spawn
[2022.08.01-13.30.40:363][106]LogTemp: Running: Action_MagicProjectile_C_0
[2022.08.01-13.30.40:564][118]LogTemp: Running: Action_MagicProjectile_C_0
[2022.08.01-13.30.41:997][204]LogTemp: Found 2 alive bots
[2022.08.01-13.30.41:997][204]LogTemp: At maximum bot capacity. Skipping bot spawn
[2022.08.01-13.30.43:997][324]LogTemp: Found 2 alive bots
[2022.08.01-13.30.43:997][324]LogTemp: At maximum bot capacity. Skipping bot spawn
[2022.08.01-13.30.45:998][444]LogTemp: Found 2 alive bots
[2022.08.01-13.30.45:998][444]LogTemp: At maximum bot capacity. Skipping bot spawn
[2022.08.01-13.30.46:732][488]LogTemp: Running: Action_MagicProjectile_C_0
[2022.08.01-13.30.46:932][500]LogTemp: Running: Action_MagicProjectile_C_0
[2022.08.01-13.30.47:999][564]LogTemp: Found 2 alive bots
[2022.08.01-13.30.49:348][645]LogTemp: OnActorKilled: Vitim: MinionRangedBP_C_0, Killer£º PlayerCharacter_C_0
[2022.08.01-13.30.49:999][684]LogTemp: Found 2 alive bots
[2022.08.01-13.30.51:999][804]LogTemp: Found 3 alive bots
[2022.08.01-13.30.54:000][924]LogTemp: Found 4 alive bots
[2022.08.01-13.30.56:256][999]LogTemp: Found 5 alive bots
[2022.08.01-13.30.56:292][999]LogSlate: Updating window title bar state: overlay mode, drag disabled, window buttons hidden, title bar hidden
[2022.08.01-13.30.56:292][999]LogWorld: BeginTearingDown for /Game/ActionRoguelike/Maps/UEDPIE_0_TestLevel
[2022.08.01-13.30.56:293][999]LogWorld: UWorld::CleanupWorld for TestLevel, bSessionEnded=true, bCleanupResources=true
[2022.08.01-13.30.56:293][999]LogSlate: InvalidateAllWidgets triggered.  All widgets were invalidated
[2022.08.01-13.30.56:307][999]LogPlayLevel: Display: Shutting down PIE online subsystems
[2022.08.01-13.30.56:310][999]LogSlate: InvalidateAllWidgets triggered.  All widgets were invalidated
[2022.08.01-13.30.56:325][999]LogSlate: Updating window title bar state: overlay mode, drag disabled, window buttons hidden, title bar hidden
[2022.08.01-13.30.56:391][999]LogAISub: UAISubsystem::~UAISubsystem AIPerceptionSystem (000002D640BD1E40), frame # 5999
[2022.08.01-13.30.56:391][999]LogAISub: UAISubsystem::~UAISubsystem EnvQueryManager (000002D641AC5200), frame # 5999
[2022.08.01-13.30.56:405][999]LogUObjectHash: Compacting FUObjectHashTables data took   2.88ms
[2022.08.01-13.30.56:427][  0]LogPlayLevel: Display: Destroying online subsystem :Context_12
[2022.08.01-13.31.04:413][ 59]LogUObjectHash: Compacting FUObjectHashTables data took   1.06ms
[2022.08.01-13.31.05:795][ 59]LogSlate: Window '保存内容' being destroyed
[2022.08.01-13.31.06:731][114]LogUObjectHash: Compacting FUObjectHashTables data took   0.45ms
[2022.08.01-13.31.06:763][114]LogSavePackage: Moving '../../../../../Git/Project/UEActionRoguelike/ActionRoguelike/Saved/TestLevel0BFE03134A6DE7B1EE1AF79AE40084A3.tmp' to '../../../../../Git/Project/UEActionRoguelike/ActionRoguelike/Content/ActionRoguelike/Maps/TestLevel.umap'
[2022.08.01-13.31.06:798][114]LogSavePackage: Moving '../../../../../Git/Project/UEActionRoguelike/ActionRoguelike/Saved/TestLevel_BuiltDataC426574347E4B8AE8459DD8E8CD2C4F8.tmp' to '../../../../../Git/Project/UEActionRoguelike/ActionRoguelike/Content/ActionRoguelike/Maps/TestLevel_BuiltData.uasset'
[2022.08.01-13.31.06:809][114]AssetCheck: New page: 资产保存：多个资产
[2022.08.01-13.31.06:810][114]LogContentValidation: Display: 正在验证World /Game/ActionRoguelike/Maps/TestLevel.TestLevel
[2022.08.01-13.31.06:810][114]LogContentValidation: Display: 正在验证MapBuildDataRegistry /Game/ActionRoguelike/Maps/TestLevel_BuiltData.TestLevel_BuiltData
[2022.08.01-13.31.08:081][190]LogUObjectHash: Compacting FUObjectHashTables data took   1.42ms
[2022.08.01-13.31.09:790][190]LogSlate: Window '保存内容' being destroyed
[2022.08.01-13.31.13:690][369]LogUObjectHash: Compacting FUObjectHashTables data took   1.07ms
[2022.08.01-13.31.15:488][369]LogSlate: Window '保存内容' being destroyed
[2022.08.01-13.31.15:513][369]LogSavePackage: Moving '../../../../../Git/Project/UEActionRoguelike/ActionRoguelike/Saved/Proj_MagicProjectile_AI8B324AD746105FE7C47CE09F28C8B598.tmp' to '../../../../../Git/Project/UEActionRoguelike/ActionRoguelike/Content/ActionRoguelike/Proj_MagicProjectile_AI.uasset'
[2022.08.01-13.31.15:578][369]LogSlate: Window 'ActionRoguelike - 虚幻编辑器' being destroyed
[2022.08.01-13.31.15:688][369]AssetCheck: New page: 资产保存：Proj_MagicProjectile_AI
[2022.08.01-13.31.15:689][369]LogContentValidation: Display: 正在验证Blueprint /Game/ActionRoguelike/Proj_MagicProjectile_AI.Proj_MagicProjectile_AI
[2022.08.01-13.31.15:692][370]Cmd: QUIT_EDITOR
[2022.08.01-13.31.15:692][370]LogCore: Engine exit requested (reason: UUnrealEdEngine::CloseEditor())
[2022.08.01-13.31.15:708][370]LogCore: Engine exit requested (reason: EngineExit() was called; note: exit was already requested)
[2022.08.01-13.31.15:996][370]LogWindowsTextInputMethodSystem: Display: IME system now activated using TSF (搜狗拼音输入法).
[2022.08.01-13.31.16:002][370]LogExit: Preparing to exit.
[2022.08.01-13.31.16:691][370]LogWorld: UWorld::CleanupWorld for World_1, bSessionEnded=true, bCleanupResources=true
[2022.08.01-13.31.16:693][370]LogWorld: UWorld::CleanupWorld for World_2, bSessionEnded=true, bCleanupResources=true
[2022.08.01-13.31.16:694][370]LogWorld: UWorld::CleanupWorld for World_3, bSessionEnded=true, bCleanupResources=true
[2022.08.01-13.31.16:695][370]LogWorld: UWorld::CleanupWorld for World_4, bSessionEnded=true, bCleanupResources=true
[2022.08.01-13.31.16:696][370]LogWorld: UWorld::CleanupWorld for World_5, bSessionEnded=true, bCleanupResources=true
[2022.08.01-13.31.16:697][370]LogWorld: UWorld::CleanupWorld for World_6, bSessionEnded=true, bCleanupResources=true
[2022.08.01-13.31.16:699][370]LogWorld: UWorld::CleanupWorld for World_7, bSessionEnded=true, bCleanupResources=true
[2022.08.01-13.31.16:700][370]LogWorld: UWorld::CleanupWorld for World_8, bSessionEnded=true, bCleanupResources=true
[2022.08.01-13.31.16:701][370]LogWorld: UWorld::CleanupWorld for World_0, bSessionEnded=true, bCleanupResources=true
[2022.08.01-13.31.16:725][370]LogDemo: Cleaned up 0 splitscreen connections with owner deletion
[2022.08.01-13.31.16:729][370]LogWorld: UWorld::CleanupWorld for None, bSessionEnded=true, bCleanupResources=true
[2022.08.01-13.31.16:729][370]LogExit: Editor shut down
[2022.08.01-13.31.16:730][370]LogExit: Transaction tracking system shut down
[2022.08.01-13.31.16:841][370]LogAISub: UAISubsystem::~UAISubsystem AISubsystem (000002D5E6308440), frame # 6370
[2022.08.01-13.31.16:841][370]LogAISub: UAISubsystem::~UAISubsystem AIPerceptionSystem (000002D5E624E840), frame # 6370
[2022.08.01-13.31.16:842][370]LogAISub: UAISubsystem::~UAISubsystem EnvQueryManager (000002D5E62A1E00), frame # 6370
[2022.08.01-13.31.16:851][370]LogAISub: UAISubsystem::~UAISubsystem EnvQueryManager (000002D5E24E0E00), frame # 6370
[2022.08.01-13.31.16:851][370]LogAISub: UAISubsystem::~UAISubsystem AIPerceptionSystem (000002D5E2540E00), frame # 6370
[2022.08.01-13.31.16:893][370]LogExit: Object subsystem successfully closed.
[2022.08.01-13.31.16:923][370]LogShaderCompilers: Display: Shaders left to compile 0
[2022.08.01-13.31.16:931][370]LogModuleManager: Shutting down and abandoning module MovieSceneCapture (802)
[2022.08.01-13.31.16:931][370]LogModuleManager: Shutting down and abandoning module Voice (800)
[2022.08.01-13.31.16:931][370]LogModuleManager: Shutting down and abandoning module BlueprintGraph (798)
[2022.08.01-13.31.16:931][370]LogModuleManager: Shutting down and abandoning module HierarchicalLODOutliner (796)
[2022.08.01-13.31.16:931][370]LogModuleManager: Shutting down and abandoning module ExternalImagePicker (794)
[2022.08.01-13.31.16:931][370]LogModuleManager: Shutting down and abandoning module SceneOutliner (792)
[2022.08.01-13.31.16:931][370]LogModuleManager: Shutting down and abandoning module AddContentDialog (790)
[2022.08.01-13.31.16:931][370]LogModuleManager: Shutting down and abandoning module WidgetCarousel (789)
[2022.08.01-13.31.16:931][370]LogModuleManager: Shutting down and abandoning module EditorWidgets (786)
[2022.08.01-13.31.16:931][370]LogModuleManager: Shutting down and abandoning module CollectionManager (784)
[2022.08.01-13.31.16:932][370]LogModuleManager: Shutting down and abandoning module StatsViewer (782)
[2022.08.01-13.31.16:932][370]LogModuleManager: Shutting down and abandoning module VirtualTexturingEditor (780)
[2022.08.01-13.31.16:932][370]LogModuleManager: Shutting down and abandoning module FoliageEdit (778)
[2022.08.01-13.31.16:932][370]LogModuleManager: Shutting down and abandoning module LandscapeEditor (776)
[2022.08.01-13.31.16:932][370]LogModuleManager: Shutting down and abandoning module MeshPaintMode (774)
[2022.08.01-13.31.16:932][370]LogModuleManager: Shutting down and abandoning module SceneDepthPickerMode (772)
[2022.08.01-13.31.16:932][370]LogModuleManager: Shutting down and abandoning module ActorPickerMode (770)
[2022.08.01-13.31.16:932][370]LogModuleManager: Shutting down and abandoning module PIEPreviewDeviceProfileSelector (768)
[2022.08.01-13.31.16:932][370]LogModuleManager: Shutting down and abandoning module SequenceRecorderSections (766)
[2022.08.01-13.31.16:932][370]LogModuleManager: Shutting down and abandoning module AutomationWorker (764)
[2022.08.01-13.31.16:932][370]LogModuleManager: Shutting down and abandoning module SteamVREditor (762)
[2022.08.01-13.31.16:932][370]LogModuleManager: Shutting down and abandoning module OculusMR (760)
[2022.08.01-13.31.16:932][370]LogModuleManager: Shutting down and abandoning module GooglePADEditor (758)
[2022.08.01-13.31.16:932][370]LogModuleManager: Shutting down and abandoning module AudioCaptureEditor (756)
[2022.08.01-13.31.16:932][370]LogModuleManager: Shutting down and abandoning module TemplateSequenceEditor (754)
[2022.08.01-13.31.16:933][370]LogModuleManager: Shutting down and abandoning module MatineeToLevelSequence (752)
[2022.08.01-13.31.16:933][370]LogModuleManager: Shutting down and abandoning module LevelSequenceEditor (750)
[2022.08.01-13.31.16:933][370]LogModuleManager: Shutting down and abandoning module ActorSequenceEditor (748)
[2022.08.01-13.31.16:933][370]LogModuleManager: Shutting down and abandoning module WmfMediaFactory (746)
[2022.08.01-13.31.16:933][370]LogModuleManager: Shutting down and abandoning module WmfMediaEditor (744)
[2022.08.01-13.31.16:933][370]LogModuleManager: Shutting down and abandoning module WebMMediaFactory (742)
[2022.08.01-13.31.16:933][370]LogModuleManager: Shutting down and abandoning module WebMMediaEditor (740)
[2022.08.01-13.31.16:933][370]LogModuleManager: Shutting down and abandoning module WebMMedia (738)
[2022.08.01-13.31.16:933][370]LogModuleManager: Shutting down and abandoning module MediaPlayerEditor (736)
[2022.08.01-13.31.16:933][370]LogModuleManager: Shutting down and abandoning module MediaCompositingEditor (734)
[2022.08.01-13.31.16:933][370]LogModuleManager: Shutting down and abandoning module SequenceRecorder (733)
[2022.08.01-13.31.16:933][370]LogModuleManager: Shutting down and abandoning module OpenExrWrapper (730)
[2022.08.01-13.31.16:933][370]LogModuleManager: Shutting down and abandoning module ImgMediaFactory (728)
[2022.08.01-13.31.16:933][370]LogModuleManager: Shutting down and abandoning module ImgMediaEditor (726)
[2022.08.01-13.31.16:933][370]LogModuleManager: Shutting down and abandoning module AvfMediaFactory (724)
[2022.08.01-13.31.16:933][370]LogModuleManager: Shutting down and abandoning module AvfMediaEditor (722)
[2022.08.01-13.31.16:933][370]LogModuleManager: Shutting down and abandoning module AndroidMediaFactory (720)
[2022.08.01-13.31.16:933][370]LogModuleManager: Shutting down and abandoning module AndroidMediaEditor (718)
[2022.08.01-13.31.16:933][370]LogModuleManager: Shutting down and abandoning module MagicLeapMediaCodecFactory (716)
[2022.08.01-13.31.16:933][370]LogModuleManager: Shutting down and abandoning module MagicLeapMediaFactory (714)
[2022.08.01-13.31.16:933][370]LogModuleManager: Shutting down and abandoning module MagicLeapMediaEditor (712)
[2022.08.01-13.31.16:934][370]LogModuleManager: Shutting down and abandoning module PlanarCut (710)
[2022.08.01-13.31.16:934][370]LogModuleManager: Shutting down and abandoning module CharacterAI (708)
[2022.08.01-13.31.16:934][370]LogModuleManager: Shutting down and abandoning module TextureAlignMode (706)
[2022.08.01-13.31.16:934][370]LogModuleManager: Shutting down and abandoning module BspMode (704)
[2022.08.01-13.31.16:934][370]LogModuleManager: Shutting down and abandoning module PlacementMode (703)
[2022.08.01-13.31.16:934][370]LogModuleManager: Shutting down and abandoning module GeometryMode (700)
[2022.08.01-13.31.16:934][370]LogModuleManager: Shutting down and abandoning module CameraShakePreviewer (698)
[2022.08.01-13.31.16:934][370]LogModuleManager: Shutting down and abandoning module SmartSnapping (696)
[2022.08.01-13.31.16:934][370]LogModuleManager: Shutting down and abandoning module SessionServices (694)
[2022.08.01-13.31.16:934][370]LogModuleManager: Shutting down and abandoning module MeshPaint (692)
[2022.08.01-13.31.16:934][370]LogModuleManager: Shutting down and abandoning module ViewportSnapping (690)
[2022.08.01-13.31.16:934][370]LogModuleManager: Shutting down and abandoning module ViewportInteraction (688)
[2022.08.01-13.31.16:934][370]LogModuleManager: Shutting down and abandoning module ClothPainter (686)
[2022.08.01-13.31.16:934][370]LogModuleManager: Shutting down and abandoning module SkeletalMeshEditor (685)
[2022.08.01-13.31.16:934][370]LogModuleManager: Shutting down and abandoning module LogVisualizer (682)
[2022.08.01-13.31.16:934][370]LogModuleManager: Shutting down and abandoning module IntroTutorials (680)
[2022.08.01-13.31.16:934][370]LogModuleManager: Shutting down and abandoning module GameProjectGeneration (679)
[2022.08.01-13.31.16:935][370]LogModuleManager: Shutting down and abandoning module LuminPlatformEditor (676)
[2022.08.01-13.31.16:935][370]LogModuleManager: Shutting down and abandoning module IOSPlatformEditor (674)
[2022.08.01-13.31.16:935][370]LogModuleManager: Shutting down and abandoning module AndroidPlatformEditor (672)
[2022.08.01-13.31.16:935][370]LogModuleManager: Shutting down and abandoning module AndroidDeviceDetection (671)
