Log file open, 07/22/22 22:22:05
LogInit: Display: Running engine for game: ActionRoguelike
LogPlatformFile: Not using cached read wrapper
LogTaskGraph: Started task graph with 5 named threads and 47 total threads with 3 sets of task threads.
LogStats: Stats thread started at 0.308844
LogD3D11RHI: Loaded GFSDK_Aftermath_Lib.x64.dll
LogICUInternationalization: ICU TimeZone Detection - Raw Offset: +9:00, Platform Override: ''
LogPluginManager: Mounting plugin Paper2D
LogPluginManager: Mounting plugin AISupport
LogPluginManager: Mounting plugin LightPropagationVolume
LogPluginManager: Mounting plugin CameraShakePreviewer
LogPluginManager: Mounting plugin ActorLayerUtilities
LogPluginManager: Mounting plugin AnimationSharing
LogPluginManager: Mounting plugin CLionSourceCodeAccess
LogPluginManager: Mounting plugin CodeLiteSourceCodeAccess
LogPluginManager: Mounting plugin GitSourceControl
LogPluginManager: Mounting plugin KDevelopSourceCodeAccess
LogPluginManager: Mounting plugin NullSourceCodeAccess
LogPluginManager: Mounting plugin PerforceSourceControl
LogPluginManager: Mounting plugin PlasticSourceControl
LogPluginManager: Mounting plugin RiderSourceCodeAccess
LogPluginManager: Mounting plugin SubversionSourceControl
LogPluginManager: Mounting plugin UObjectPlugin
LogPluginManager: Mounting plugin VisualStudioCodeSourceCodeAccess
LogPluginManager: Mounting plugin VisualStudioSourceCodeAccess
LogPluginManager: Mounting plugin XCodeSourceCodeAccess
LogPluginManager: Mounting plugin AssetManagerEditor
LogPluginManager: Mounting plugin CryptoKeys
LogPluginManager: Mounting plugin CurveEditorTools
LogPluginManager: Mounting plugin DataValidation
LogPluginManager: Mounting plugin EditorScriptingUtilities
LogPluginManager: Mounting plugin FacialAnimation
LogPluginManager: Mounting plugin GameplayTagsEditor
LogPluginManager: Mounting plugin GeometryMode
LogPluginManager: Mounting plugin MacGraphicsSwitching
LogPluginManager: Mounting plugin MaterialAnalyzer
LogPluginManager: Mounting plugin MobileLauncherProfileWizard
LogPluginManager: Mounting plugin PluginBrowser
LogPluginManager: Mounting plugin SpeedTreeImporter
LogPluginManager: Mounting plugin DatasmithContent
LogPluginManager: Mounting plugin VariantManagerContent
LogPluginManager: Mounting plugin AlembicImporter
LogPluginManager: Mounting plugin AutomationUtils
LogPluginManager: Mounting plugin BackChannel
LogPluginManager: Mounting plugin ChaosCloth
LogPluginManager: Mounting plugin ChaosClothEditor
LogPluginManager: Mounting plugin ChaosEditor
LogPluginManager: Mounting plugin ChaosNiagara
LogPluginManager: Mounting plugin ChaosSolverPlugin
LogPluginManager: Mounting plugin CharacterAI
LogPluginManager: Mounting plugin GeometryCache
LogPluginManager: Mounting plugin GeometryCollectionPlugin
LogPluginManager: Mounting plugin GeometryProcessing
LogPluginManager: Mounting plugin PlanarCut
LogPluginManager: Mounting plugin PlatformCrypto
LogPluginManager: Mounting plugin ProxyLODPlugin
LogPluginManager: Mounting plugin SkeletalReduction
LogPluginManager: Mounting plugin Niagara
LogPluginManager: Mounting plugin MagicLeap
LogPluginManager: Mounting plugin MagicLeapLightEstimation
LogPluginManager: Mounting plugin MagicLeapMedia
LogPluginManager: Mounting plugin MagicLeapPassableWorld
LogPluginManager: Mounting plugin MLSDK
LogPluginManager: Mounting plugin AndroidMedia
LogPluginManager: Mounting plugin AvfMedia
LogPluginManager: Mounting plugin ImgMedia
LogPluginManager: Mounting plugin MediaCompositing
LogPluginManager: Mounting plugin MediaPlayerEditor
LogPluginManager: Mounting plugin WebMMedia
LogPluginManager: Mounting plugin WmfMedia
LogPluginManager: Mounting plugin MeshPainting
LogPluginManager: Mounting plugin TcpMessaging
LogPluginManager: Mounting plugin UdpMessaging
LogPluginManager: Mounting plugin ActorSequence
LogPluginManager: Mounting plugin LevelSequenceEditor
LogPluginManager: Mounting plugin MatineeToLevelSequence
LogPluginManager: Mounting plugin MovieRenderPipeline
LogPluginManager: Mounting plugin TemplateSequence
LogPluginManager: Mounting plugin NetcodeUnitTest
LogPluginManager: Mounting plugin NUTUnrealEngine4
LogPluginManager: Mounting plugin OnlineSubsystemGooglePlay
LogPluginManager: Mounting plugin OnlineSubsystemIOS
LogPluginManager: Mounting plugin OnlineSubsystem
LogPluginManager: Mounting plugin OnlineSubsystemNull
LogPluginManager: Mounting plugin OnlineSubsystemUtils
LogPluginManager: Mounting plugin LauncherChunkInstaller
LogPluginManager: Mounting plugin AndroidDeviceProfileSelector
LogPluginManager: Mounting plugin AndroidMoviePlayer
LogPluginManager: Mounting plugin AndroidPermission
LogPluginManager: Mounting plugin AppleImageUtils
LogPluginManager: Mounting plugin AppleMoviePlayer
LogPluginManager: Mounting plugin ArchVisCharacter
LogPluginManager: Mounting plugin AssetTags
LogPluginManager: Mounting plugin AudioCapture
LogPluginManager: Mounting plugin CableComponent
LogPluginManager: Mounting plugin CustomMeshComponent
LogPluginManager: Mounting plugin EditableMesh
LogPluginManager: Mounting plugin ExampleDeviceProfileSelector
LogPluginManager: Mounting plugin GoogleCloudMessaging
LogPluginManager: Mounting plugin GooglePAD
LogPluginManager: Mounting plugin IOSDeviceProfileSelector
LogPluginManager: Mounting plugin LinuxDeviceProfileSelector
LogPluginManager: Mounting plugin LocationServicesBPLibrary
LogPluginManager: Mounting plugin MobilePatchingUtils
LogPluginManager: Mounting plugin OculusVR
LogPluginManager: Mounting plugin PhysXVehicles
LogPluginManager: Mounting plugin PostSplashScreen
LogPluginManager: Mounting plugin ProceduralMeshComponent
LogPluginManager: Mounting plugin RuntimePhysXCooking
LogPluginManager: Mounting plugin SignificanceManager
LogPluginManager: Mounting plugin SoundFields
LogPluginManager: Mounting plugin SteamVR
LogPluginManager: Mounting plugin Synthesis
LogPluginManager: Mounting plugin WebMMoviePlayer
LogPluginManager: Mounting plugin WindowsMoviePlayer
LogPluginManager: Mounting plugin ScreenshotTools
LogInit: Using libcurl 7.55.1-DEV
LogInit:  - built for x86_64-pc-win32
LogInit:  - supports SSL with OpenSSL/1.1.1
LogInit:  - supports HTTP deflate (compression) using libz 1.2.8
LogInit:  - other features:
LogInit:      CURL_VERSION_SSL
LogInit:      CURL_VERSION_LIBZ
LogInit:      CURL_VERSION_IPV6
LogInit:      CURL_VERSION_ASYNCHDNS
LogInit:      CURL_VERSION_LARGEFILE
LogInit:      CURL_VERSION_IDN
LogInit:  CurlRequestOptions (configurable via config and command line):
LogInit:  - bVerifyPeer = true  - Libcurl will verify peer certificate
LogInit:  - bUseHttpProxy = false  - Libcurl will NOT use HTTP proxy
LogInit:  - bDontReuseConnections = false  - Libcurl will reuse connections
LogInit:  - MaxHostConnections = 16  - Libcurl will limit the number of connections to a host
LogInit:  - LocalHostAddr = Default
LogInit:  - BufferSize = 65536
LogOnline: OSS: Creating online subsystem instance for: NULL
LogInit: WinSock: version 1.1 (2.2), MaxSocks=32767, MaxUdp=65467
LogOnline: OSS: TryLoadSubsystemAndSetDefault: Loaded subsystem for module [NULL]
LogInit: Build: ++UE4+Release-4.25-CL-14469661
LogInit: Engine Version: 4.25.4-14469661+++UE4+Release-4.25
LogInit: Compatible Engine Version: 4.25.0-13144385+++UE4+Release-4.25
LogInit: Net CL: 13144385
LogInit: OS: Windows 10 (Release 2009) (), CPU: 11th Gen Intel(R) Core(TM) i7-11800H @ 2.30GHz, GPU: Intel(R) UHD Graphics
LogInit: Compiled (64-bit): Oct 11 2020 08:10:49
LogInit: Compiled with Visual C++: 19.24.28315.00
LogInit: Build Configuration: Development
LogInit: Branch Name: ++UE4+Release-4.25
LogInit: Command Line:  -skipcompile
LogInit: Base Directory: D:/Software/Epic/UE_4.25/Engine/Binaries/Win64/
LogInit: Allocator: TBB
LogInit: Installed Engine Build: 1
LogDevObjectVersion: Number of dev versions registered: 26
LogDevObjectVersion:   Dev-Blueprints (B0D832E4-1F89-4F0D-ACCF-7EB736FD4AA2): 10
LogDevObjectVersion:   Dev-Build (E1C64328-A22C-4D53-A36C-8E866417BD8C): 0
LogDevObjectVersion:   Dev-Core (375EC13C-06E4-48FB-B500-84F0262A717E): 4
LogDevObjectVersion:   Dev-Editor (E4B068ED-F494-42E9-A231-DA0B2E46BB41): 38
LogDevObjectVersion:   Dev-Framework (CFFC743F-43B0-4480-9391-14DF171D2073): 37
LogDevObjectVersion:   Dev-Mobile (B02B49B5-BB20-44E9-A304-32B752E40360): 2
LogDevObjectVersion:   Dev-Networking (A4E4105C-59A1-49B5-A7C5-40C4547EDFEE): 0
LogDevObjectVersion:   Dev-Online (39C831C9-5AE6-47DC-9A44-9C173E1C8E7C): 0
LogDevObjectVersion:   Dev-Physics (78F01B33-EBEA-4F98-B9B4-84EACCB95AA2): 4
LogDevObjectVersion:   Dev-Platform (6631380F-2D4D-43E0-8009-CF276956A95A): 0
LogDevObjectVersion:   Dev-Rendering (12F88B9F-8875-4AFC-A67C-D90C383ABD29): 43
LogDevObjectVersion:   Dev-Sequencer (7B5AE74C-D270-4C10-A958-57980B212A5A): 12
LogDevObjectVersion:   Dev-VR (D7296918-1DD6-4BDD-9DE2-64A83CC13884): 3
LogDevObjectVersion:   Dev-LoadTimes (C2A15278-BFE7-4AFE-6C17-90FF531DF755): 1
LogDevObjectVersion:   Private-Geometry (6EACA3D4-40EC-4CC1-B786-8BED09428FC5): 3
LogDevObjectVersion:   Dev-AnimPhys (29E575DD-E0A3-4627-9D10-D276232CDCEA): 17
LogDevObjectVersion:   Dev-Anim (AF43A65D-7FD3-4947-9873-3E8ED9C1BB05): 7
LogDevObjectVersion:   Dev-ReflectionCapture (6B266CEC-1EC7-4B8F-A30B-E4D90942FC07): 1
LogDevObjectVersion:   Dev-Automation (0DF73D61-A23F-47EA-B727-89E90C41499A): 1
LogDevObjectVersion:   FortniteMain (601D1886-AC64-4F84-AA16-D3DE0DEAC7D6): 31
LogDevObjectVersion:   Dev-Enterprise (9DFFBCD6-494F-0158-E221-12823C92A888): 10
LogDevObjectVersion:   Dev-Niagara (F2AED0AC-9AFE-416F-8664-AA7FFA26D6FC): 1
LogDevObjectVersion:   Dev-Destruction (174F1F0B-B4C6-45A5-B13F-2EE8D0FB917D): 10
LogDevObjectVersion:   Dev-Physics-Ext (35F94A83-E258-406C-A318-09F59610247C): 37
LogDevObjectVersion:   Dev-PhysicsMaterial-Chaos (B68FC16E-8B1B-42E2-B453-215C058844FE): 1
LogDevObjectVersion:   Dev-CineCamera (B2E18506-4273-CFC2-A54E-F4BB758BBA07): 1
LogInit: Presizing for max 25165824 objects, including 0 objects not considered by GC, pre-allocating 0 bytes for permanent pool.
LogConfig: Applying CVar settings from Section [/Script/Engine.StreamingSettings] File [D:/Software/Git/Project/UEActionRoguelike/ActionRoguelike/Saved/Config/Windows/Engine.ini]
LogConfig: Setting CVar [[s.MinBulkDataSizeForAsyncLoading:131072]]
LogConfig: Setting CVar [[s.AsyncLoadingThreadEnabled:0]]
LogConfig: Setting CVar [[s.EventDrivenLoaderEnabled:1]]
LogConfig: Setting CVar [[s.WarnIfTimeLimitExceeded:0]]
LogConfig: Setting CVar [[s.TimeLimitExceededMultiplier:1.5]]
LogConfig: Setting CVar [[s.TimeLimitExceededMinTime:0.005]]
LogConfig: Setting CVar [[s.UseBackgroundLevelStreaming:1]]
LogConfig: Setting CVar [[s.PriorityAsyncLoadingExtraTime:15.0]]
LogConfig: Setting CVar [[s.LevelStreamingActorsUpdateTimeLimit:5.0]]
LogConfig: Setting CVar [[s.PriorityLevelStreamingActorsUpdateExtraTime:5.0]]
LogConfig: Setting CVar [[s.LevelStreamingComponentsRegistrationGranularity:10]]
LogConfig: Setting CVar [[s.UnregisterComponentsTimeLimit:1.0]]
LogConfig: Setting CVar [[s.LevelStreamingComponentsUnregistrationGranularity:5]]
LogConfig: Setting CVar [[s.FlushStreamingOnExit:1]]
LogInit: Object subsystem initialized
LogConfig: Setting CVar [[con.DebugEarlyDefault:1]]
LogConfig: Setting CVar [[r.setres:1280x720]]
[2022.07.22-13.22.05:428][  0]LogConfig: Setting CVar [[r.VSync:0]]
[2022.07.22-13.22.05:428][  0]LogConfig: Setting CVar [[r.RHICmdBypass:0]]
[2022.07.22-13.22.05:428][  0]LogConfig: Applying CVar settings from Section [/Script/Engine.RendererSettings] File [D:/Software/Git/Project/UEActionRoguelike/ActionRoguelike/Saved/Config/Windows/Engine.ini]
[2022.07.22-13.22.05:428][  0]LogConfig: Setting CVar [[r.GPUCrashDebugging:0]]
[2022.07.22-13.22.05:428][  0]LogConfig: Applying CVar settings from Section [/Script/Engine.RendererOverrideSettings] File [D:/Software/Git/Project/UEActionRoguelike/ActionRoguelike/Saved/Config/Windows/Engine.ini]
[2022.07.22-13.22.05:428][  0]LogConfig: Applying CVar settings from Section [/Script/Engine.StreamingSettings] File [D:/Software/Git/Project/UEActionRoguelike/ActionRoguelike/Saved/Config/Windows/Engine.ini]
[2022.07.22-13.22.05:428][  0]LogConfig: Setting CVar [[s.MinBulkDataSizeForAsyncLoading:131072]]
[2022.07.22-13.22.05:429][  0]LogConfig: Setting CVar [[s.AsyncLoadingThreadEnabled:0]]
[2022.07.22-13.22.05:429][  0]LogConfig: Setting CVar [[s.EventDrivenLoaderEnabled:1]]
[2022.07.22-13.22.05:429][  0]LogConfig: Setting CVar [[s.WarnIfTimeLimitExceeded:0]]
[2022.07.22-13.22.05:429][  0]LogConfig: Setting CVar [[s.TimeLimitExceededMultiplier:1.5]]
[2022.07.22-13.22.05:429][  0]LogConfig: Setting CVar [[s.TimeLimitExceededMinTime:0.005]]
[2022.07.22-13.22.05:429][  0]LogConfig: Setting CVar [[s.UseBackgroundLevelStreaming:1]]
[2022.07.22-13.22.05:429][  0]LogConfig: Setting CVar [[s.PriorityAsyncLoadingExtraTime:15.0]]
[2022.07.22-13.22.05:429][  0]LogConfig: Setting CVar [[s.LevelStreamingActorsUpdateTimeLimit:5.0]]
[2022.07.22-13.22.05:429][  0]LogConfig: Setting CVar [[s.PriorityLevelStreamingActorsUpdateExtraTime:5.0]]
[2022.07.22-13.22.05:429][  0]LogConfig: Setting CVar [[s.LevelStreamingComponentsRegistrationGranularity:10]]
[2022.07.22-13.22.05:429][  0]LogConfig: Setting CVar [[s.UnregisterComponentsTimeLimit:1.0]]
[2022.07.22-13.22.05:429][  0]LogConfig: Setting CVar [[s.LevelStreamingComponentsUnregistrationGranularity:5]]
[2022.07.22-13.22.05:429][  0]LogConfig: Setting CVar [[s.FlushStreamingOnExit:1]]
[2022.07.22-13.22.05:429][  0]LogConfig: Applying CVar settings from Section [/Script/Engine.GarbageCollectionSettings] File [D:/Software/Git/Project/UEActionRoguelike/ActionRoguelike/Saved/Config/Windows/Engine.ini]
[2022.07.22-13.22.05:429][  0]LogConfig: Setting CVar [[gc.MaxObjectsNotConsideredByGC:1]]
[2022.07.22-13.22.05:429][  0]LogConfig: Setting CVar [[gc.SizeOfPermanentObjectPool:0]]
[2022.07.22-13.22.05:429][  0]LogConfig: Setting CVar [[gc.FlushStreamingOnGC:0]]
[2022.07.22-13.22.05:429][  0]LogConfig: Setting CVar [[gc.NumRetriesBeforeForcingGC:10]]
[2022.07.22-13.22.05:429][  0]LogConfig: Setting CVar [[gc.AllowParallelGC:1]]
[2022.07.22-13.22.05:429][  0]LogConfig: Setting CVar [[gc.TimeBetweenPurgingPendingKillObjects:61.1]]
[2022.07.22-13.22.05:429][  0]LogConfig: Setting CVar [[gc.MaxObjectsInEditor:25165824]]
[2022.07.22-13.22.05:429][  0]LogConfig: Setting CVar [[gc.IncrementalBeginDestroyEnabled:1]]
[2022.07.22-13.22.05:429][  0]LogConfig: Setting CVar [[gc.CreateGCClusters:1]]
[2022.07.22-13.22.05:429][  0]LogConfig: Setting CVar [[gc.MinGCClusterSize:5]]
[2022.07.22-13.22.05:430][  0]LogConfig: Setting CVar [[gc.ActorClusteringEnabled:0]]
[2022.07.22-13.22.05:430][  0]LogConfig: Setting CVar [[gc.BlueprintClusteringEnabled:0]]
[2022.07.22-13.22.05:430][  0]LogConfig: Setting CVar [[gc.UseDisregardForGCOnDedicatedServers:0]]
[2022.07.22-13.22.05:430][  0]LogConfig: Applying CVar settings from Section [/Script/Engine.NetworkSettings] File [D:/Software/Git/Project/UEActionRoguelike/ActionRoguelike/Saved/Config/Windows/Engine.ini]
[2022.07.22-13.22.05:430][  0]LogConfig: Applying CVar settings from Section [/Script/UnrealEd.CookerSettings] File [D:/Software/Git/Project/UEActionRoguelike/ActionRoguelike/Saved/Config/Windows/Engine.ini]
[2022.07.22-13.22.05:434][  0]LogConfig: Applying CVar settings from Section [ViewDistanceQuality@3] File [D:/Software/Git/Project/UEActionRoguelike/ActionRoguelike/Saved/Config/Windows/Scalability.ini]
[2022.07.22-13.22.05:434][  0]LogConfig: Setting CVar [[r.SkeletalMeshLODBias:0]]
[2022.07.22-13.22.05:434][  0]LogConfig: Setting CVar [[r.ViewDistanceScale:1.0]]
[2022.07.22-13.22.05:434][  0]LogConfig: Applying CVar settings from Section [AntiAliasingQuality@3] File [D:/Software/Git/Project/UEActionRoguelike/ActionRoguelike/Saved/Config/Windows/Scalability.ini]
[2022.07.22-13.22.05:434][  0]LogConfig: Setting CVar [[r.PostProcessAAQuality:4]]
[2022.07.22-13.22.05:434][  0]LogConfig: Applying CVar settings from Section [ShadowQuality@3] File [D:/Software/Git/Project/UEActionRoguelike/ActionRoguelike/Saved/Config/Windows/Scalability.ini]
[2022.07.22-13.22.05:435][  0]LogConfig: Setting CVar [[r.LightFunctionQuality:1]]
[2022.07.22-13.22.05:435][  0]LogConfig: Setting CVar [[r.ShadowQuality:5]]
[2022.07.22-13.22.05:435][  0]LogConfig: Setting CVar [[r.Shadow.CSM.MaxCascades:10]]
[2022.07.22-13.22.05:435][  0]LogConfig: Setting CVar [[r.Shadow.MaxResolution:2048]]
[2022.07.22-13.22.05:435][  0]LogConfig: Setting CVar [[r.Shadow.MaxCSMResolution:2048]]
[2022.07.22-13.22.05:435][  0]LogConfig: Setting CVar [[r.Shadow.RadiusThreshold:0.01]]
[2022.07.22-13.22.05:435][  0]LogConfig: Setting CVar [[r.Shadow.DistanceScale:1.0]]
[2022.07.22-13.22.05:435][  0]LogConfig: Setting CVar [[r.Shadow.CSM.TransitionScale:1.0]]
[2022.07.22-13.22.05:435][  0]LogConfig: Setting CVar [[r.Shadow.PreShadowResolutionFactor:1.0]]
[2022.07.22-13.22.05:435][  0]LogConfig: Setting CVar [[r.DistanceFieldShadowing:1]]
[2022.07.22-13.22.05:435][  0]LogConfig: Setting CVar [[r.DistanceFieldAO:1]]
[2022.07.22-13.22.05:435][  0]LogConfig: Setting CVar [[r.AOQuality:2]]
[2022.07.22-13.22.05:435][  0]LogConfig: Setting CVar [[r.VolumetricFog:1]]
[2022.07.22-13.22.05:435][  0]LogConfig: Setting CVar [[r.VolumetricFog.GridPixelSize:8]]
[2022.07.22-13.22.05:435][  0]LogConfig: Setting CVar [[r.VolumetricFog.GridSizeZ:128]]
[2022.07.22-13.22.05:435][  0]LogConfig: Setting CVar [[r.VolumetricFog.HistoryMissSupersampleCount:4]]
[2022.07.22-13.22.05:435][  0]LogConfig: Setting CVar [[r.LightMaxDrawDistanceScale:1]]
[2022.07.22-13.22.05:435][  0]LogConfig: Setting CVar [[r.CapsuleShadows:1]]
[2022.07.22-13.22.05:435][  0]LogConfig: Applying CVar settings from Section [PostProcessQuality@3] File [D:/Software/Git/Project/UEActionRoguelike/ActionRoguelike/Saved/Config/Windows/Scalability.ini]
[2022.07.22-13.22.05:435][  0]LogConfig: Setting CVar [[r.MotionBlurQuality:4]]
[2022.07.22-13.22.05:435][  0]LogConfig: Setting CVar [[r.AmbientOcclusionMipLevelFactor:0.4]]
[2022.07.22-13.22.05:435][  0]LogConfig: Setting CVar [[r.AmbientOcclusionMaxQuality:100]]
[2022.07.22-13.22.05:435][  0]LogConfig: Setting CVar [[r.AmbientOcclusionLevels:-1]]
[2022.07.22-13.22.05:435][  0]LogConfig: Setting CVar [[r.AmbientOcclusionRadiusScale:1.0]]
[2022.07.22-13.22.05:436][  0]LogConfig: Setting CVar [[r.DepthOfFieldQuality:2]]
[2022.07.22-13.22.05:436][  0]LogConfig: Setting CVar [[r.RenderTargetPoolMin:400]]
[2022.07.22-13.22.05:436][  0]LogConfig: Setting CVar [[r.LensFlareQuality:2]]
[2022.07.22-13.22.05:436][  0]LogConfig: Setting CVar [[r.SceneColorFringeQuality:1]]
[2022.07.22-13.22.05:436][  0]LogConfig: Setting CVar [[r.EyeAdaptationQuality:2]]
[2022.07.22-13.22.05:436][  0]LogConfig: Setting CVar [[r.BloomQuality:5]]
[2022.07.22-13.22.05:436][  0]LogConfig: Setting CVar [[r.FastBlurThreshold:100]]
[2022.07.22-13.22.05:436][  0]LogConfig: Setting CVar [[r.Upscale.Quality:3]]
[2022.07.22-13.22.05:436][  0]LogConfig: Setting CVar [[r.Tonemapper.GrainQuantization:1]]
[2022.07.22-13.22.05:436][  0]LogConfig: Setting CVar [[r.LightShaftQuality:1]]
[2022.07.22-13.22.05:436][  0]LogConfig: Setting CVar [[r.Filter.SizeScale:1]]
[2022.07.22-13.22.05:436][  0]LogConfig: Setting CVar [[r.Tonemapper.Quality:5]]
[2022.07.22-13.22.05:436][  0]LogConfig: Setting CVar [[r.DOF.Gather.AccumulatorQuality:1        ; higher gathering accumulator quality]]
[2022.07.22-13.22.05:436][  0]LogConfig: Setting CVar [[r.DOF.Gather.PostfilterMethod:1          ; Median3x3 postfilering method]]
[2022.07.22-13.22.05:436][  0]LogConfig: Setting CVar [[r.DOF.Gather.EnableBokehSettings:0       ; no bokeh simulation when gathering]]
[2022.07.22-13.22.05:436][  0]LogConfig: Setting CVar [[r.DOF.Gather.RingCount:4                 ; medium number of samples when gathering]]
[2022.07.22-13.22.05:436][  0]LogConfig: Setting CVar [[r.DOF.Scatter.ForegroundCompositing:1    ; additive foreground scattering]]
[2022.07.22-13.22.05:436][  0]LogConfig: Setting CVar [[r.DOF.Scatter.BackgroundCompositing:2    ; additive background scattering]]
[2022.07.22-13.22.05:436][  0]LogConfig: Setting CVar [[r.DOF.Scatter.EnableBokehSettings:1      ; bokeh simulation when scattering]]
[2022.07.22-13.22.05:436][  0]LogConfig: Setting CVar [[r.DOF.Scatter.MaxSpriteRatio:0.1         ; only a maximum of 10% of scattered bokeh]]
[2022.07.22-13.22.05:436][  0]LogConfig: Setting CVar [[r.DOF.Recombine.Quality:1                ; cheap slight out of focus]]
[2022.07.22-13.22.05:437][  0]LogConfig: Setting CVar [[r.DOF.Recombine.EnableBokehSettings:0    ; no bokeh simulation on slight out of focus]]
[2022.07.22-13.22.05:437][  0]LogConfig: Setting CVar [[r.DOF.TemporalAAQuality:1                ; more stable temporal accumulation]]
[2022.07.22-13.22.05:437][  0]LogConfig: Setting CVar [[r.DOF.Kernel.MaxForegroundRadius:0.025]]
[2022.07.22-13.22.05:437][  0]LogConfig: Setting CVar [[r.DOF.Kernel.MaxBackgroundRadius:0.025]]
[2022.07.22-13.22.05:437][  0]LogConfig: Applying CVar settings from Section [TextureQuality@3] File [D:/Software/Git/Project/UEActionRoguelike/ActionRoguelike/Saved/Config/Windows/Scalability.ini]
[2022.07.22-13.22.05:437][  0]LogConfig: Setting CVar [[r.Streaming.MipBias:0]]
[2022.07.22-13.22.05:437][  0]LogConfig: Setting CVar [[r.Streaming.AmortizeCPUToGPUCopy:0]]
[2022.07.22-13.22.05:437][  0]LogConfig: Setting CVar [[r.Streaming.MaxNumTexturesToStreamPerFrame:0]]
[2022.07.22-13.22.05:437][  0]LogConfig: Setting CVar [[r.Streaming.Boost:1]]
[2022.07.22-13.22.05:437][  0]LogConfig: Setting CVar [[r.MaxAnisotropy:8]]
[2022.07.22-13.22.05:437][  0]LogConfig: Setting CVar [[r.VT.MaxAnisotropy:8]]
[2022.07.22-13.22.05:437][  0]LogConfig: Setting CVar [[r.Streaming.LimitPoolSizeToVRAM:0]]
[2022.07.22-13.22.05:437][  0]LogConfig: Setting CVar [[r.Streaming.PoolSize:1000]]
[2022.07.22-13.22.05:437][  0]LogConfig: Setting CVar [[r.Streaming.MaxEffectiveScreenSize:0]]
[2022.07.22-13.22.05:437][  0]LogConfig: Applying CVar settings from Section [EffectsQuality@3] File [D:/Software/Git/Project/UEActionRoguelike/ActionRoguelike/Saved/Config/Windows/Scalability.ini]
[2022.07.22-13.22.05:437][  0]LogConfig: Setting CVar [[r.TranslucencyLightingVolumeDim:64]]
[2022.07.22-13.22.05:437][  0]LogConfig: Setting CVar [[r.RefractionQuality:2]]
[2022.07.22-13.22.05:437][  0]LogConfig: Setting CVar [[r.SSR.Quality:3]]
[2022.07.22-13.22.05:437][  0]LogConfig: Setting CVar [[r.SSR.HalfResSceneColor:0]]
[2022.07.22-13.22.05:437][  0]LogConfig: Setting CVar [[r.SceneColorFormat:4]]
[2022.07.22-13.22.05:437][  0]LogConfig: Setting CVar [[r.DetailMode:2]]
[2022.07.22-13.22.05:437][  0]LogConfig: Setting CVar [[r.TranslucencyVolumeBlur:1]]
[2022.07.22-13.22.05:437][  0]LogConfig: Setting CVar [[r.MaterialQualityLevel:1 ; High quality]]
[2022.07.22-13.22.05:437][  0]LogConfig: Setting CVar [[r.SSS.Scale:1]]
[2022.07.22-13.22.05:437][  0]LogConfig: Setting CVar [[r.SSS.SampleSet:2]]
[2022.07.22-13.22.05:437][  0]LogConfig: Setting CVar [[r.SSS.Quality:1]]
[2022.07.22-13.22.05:437][  0]LogConfig: Setting CVar [[r.SSS.HalfRes:0]]
[2022.07.22-13.22.05:437][  0]LogConfig: Setting CVar [[r.SSGI.Quality:3]]
[2022.07.22-13.22.05:438][  0]LogConfig: Setting CVar [[r.EmitterSpawnRateScale:1.0]]
[2022.07.22-13.22.05:438][  0]LogConfig: Setting CVar [[r.ParticleLightQuality:2]]
[2022.07.22-13.22.05:438][  0]LogConfig: Setting CVar [[r.SkyAtmosphere.AerialPerspectiveLUT.FastApplyOnOpaque:1 ; Always have FastSkyLUT 1 in this case to avoid wrong sky]]
[2022.07.22-13.22.05:438][  0]LogConfig: Setting CVar [[r.SkyAtmosphere.AerialPerspectiveLUT.SampleCountPerSlice:1]]
[2022.07.22-13.22.05:438][  0]LogConfig: Setting CVar [[r.SkyAtmosphere.AerialPerspectiveLUT.DepthResolution:16.0]]
[2022.07.22-13.22.05:438][  0]LogConfig: Setting CVar [[r.SkyAtmosphere.FastSkyLUT:1]]
[2022.07.22-13.22.05:438][  0]LogConfig: Setting CVar [[r.SkyAtmosphere.FastSkyLUT.SampleCountMin:4.0]]
[2022.07.22-13.22.05:438][  0]LogConfig: Setting CVar [[r.SkyAtmosphere.FastSkyLUT.SampleCountMax:32.0]]
[2022.07.22-13.22.05:438][  0]LogConfig: Setting CVar [[r.SkyAtmosphere.SampleCountMin:4.0]]
[2022.07.22-13.22.05:438][  0]LogConfig: Setting CVar [[r.SkyAtmosphere.SampleCountMax:32.0]]
[2022.07.22-13.22.05:438][  0]LogConfig: Setting CVar [[r.SkyAtmosphere.TransmittanceLUT.UseSmallFormat:0]]
[2022.07.22-13.22.05:438][  0]LogConfig: Setting CVar [[r.SkyAtmosphere.TransmittanceLUT.SampleCount:10.0]]
[2022.07.22-13.22.05:438][  0]LogConfig: Setting CVar [[r.SkyAtmosphere.MultiScatteringLUT.SampleCount:15.0]]
[2022.07.22-13.22.05:438][  0]LogConfig: Applying CVar settings from Section [FoliageQuality@3] File [D:/Software/Git/Project/UEActionRoguelike/ActionRoguelike/Saved/Config/Windows/Scalability.ini]
[2022.07.22-13.22.05:438][  0]LogConfig: Setting CVar [[foliage.DensityScale:1.0]]
[2022.07.22-13.22.05:438][  0]LogConfig: Setting CVar [[grass.DensityScale:1.0]]
[2022.07.22-13.22.05:438][  0]LogConfig: Applying CVar settings from Section [ShadingQuality@3] File [D:/Software/Git/Project/UEActionRoguelike/ActionRoguelike/Saved/Config/Windows/Scalability.ini]
[2022.07.22-13.22.05:438][  0]LogConfig: Setting CVar [[r.HairStrands.SkyLighting.SampleCount:16]]
[2022.07.22-13.22.05:438][  0]LogConfig: Setting CVar [[r.HairStrands.SkyLighting.JitterIntegration:0]]
[2022.07.22-13.22.05:438][  0]LogConfig: Setting CVar [[r.HairStrands.SkyAO.SampleCount:16]]
[2022.07.22-13.22.05:438][  0]LogConfig: Setting CVar [[r.HairStrands.DeepShadow.SuperSampling:0]]
[2022.07.22-13.22.05:438][  0]LogConfig: Setting CVar [[r.HairStrands.VisibilityPPLL:0]]
[2022.07.22-13.22.05:438][  0]LogConfig: Setting CVar [[r.HairStrands.RasterizationScale:0.5]]
[2022.07.22-13.22.05:438][  0]LogConfig: Setting CVar [[r.HairStrands.VelocityRasterizationScale:1]]
[2022.07.22-13.22.05:438][  0]LogInit: Selected Device Profile: [Windows]
[2022.07.22-13.22.05:438][  0]LogInit: Applying CVar settings loaded from the selected device profile: [Windows]
[2022.07.22-13.22.05:439][  0]LogHAL: Display: Platform has ~ 32 GB [34046742528 / 34359738368 / 32], which maps to Largest [LargestMinGB=32, LargerMinGB=12, DefaultMinGB=8, SmallerMinGB=6, SmallestMinGB=0)
[2022.07.22-13.22.05:439][  0]LogInit: Going up to parent DeviceProfile []
[2022.07.22-13.22.05:439][  0]LogConfig: Applying CVar settings from Section [ViewDistanceQuality@3] File [D:/Software/Git/Project/UEActionRoguelike/ActionRoguelike/Saved/Config/Windows/Scalability.ini]
[2022.07.22-13.22.05:439][  0]LogConfig: Setting CVar [[r.SkeletalMeshLODBias:0]]
[2022.07.22-13.22.05:439][  0]LogConfig: Setting CVar [[r.ViewDistanceScale:1.0]]
[2022.07.22-13.22.05:439][  0]LogConfig: Applying CVar settings from Section [AntiAliasingQuality@3] File [D:/Software/Git/Project/UEActionRoguelike/ActionRoguelike/Saved/Config/Windows/Scalability.ini]
[2022.07.22-13.22.05:439][  0]LogConfig: Setting CVar [[r.PostProcessAAQuality:4]]
[2022.07.22-13.22.05:439][  0]LogConfig: Applying CVar settings from Section [ShadowQuality@3] File [D:/Software/Git/Project/UEActionRoguelike/ActionRoguelike/Saved/Config/Windows/Scalability.ini]
[2022.07.22-13.22.05:439][  0]LogConfig: Setting CVar [[r.LightFunctionQuality:1]]
[2022.07.22-13.22.05:439][  0]LogConfig: Setting CVar [[r.ShadowQuality:5]]
[2022.07.22-13.22.05:439][  0]LogConfig: Setting CVar [[r.Shadow.CSM.MaxCascades:10]]
[2022.07.22-13.22.05:439][  0]LogConfig: Setting CVar [[r.Shadow.MaxResolution:2048]]
[2022.07.22-13.22.05:439][  0]LogConfig: Setting CVar [[r.Shadow.MaxCSMResolution:2048]]
[2022.07.22-13.22.05:439][  0]LogConfig: Setting CVar [[r.Shadow.RadiusThreshold:0.01]]
[2022.07.22-13.22.05:439][  0]LogConfig: Setting CVar [[r.Shadow.DistanceScale:1.0]]
[2022.07.22-13.22.05:439][  0]LogConfig: Setting CVar [[r.Shadow.CSM.TransitionScale:1.0]]
[2022.07.22-13.22.05:439][  0]LogConfig: Setting CVar [[r.Shadow.PreShadowResolutionFactor:1.0]]
[2022.07.22-13.22.05:439][  0]LogConfig: Setting CVar [[r.DistanceFieldShadowing:1]]
[2022.07.22-13.22.05:439][  0]LogConfig: Setting CVar [[r.DistanceFieldAO:1]]
[2022.07.22-13.22.05:439][  0]LogConfig: Setting CVar [[r.AOQuality:2]]
[2022.07.22-13.22.05:439][  0]LogConfig: Setting CVar [[r.VolumetricFog:1]]
[2022.07.22-13.22.05:439][  0]LogConfig: Setting CVar [[r.VolumetricFog.GridPixelSize:8]]
[2022.07.22-13.22.05:440][  0]LogConfig: Setting CVar [[r.VolumetricFog.GridSizeZ:128]]
[2022.07.22-13.22.05:440][  0]LogConfig: Setting CVar [[r.VolumetricFog.HistoryMissSupersampleCount:4]]
[2022.07.22-13.22.05:440][  0]LogConfig: Setting CVar [[r.LightMaxDrawDistanceScale:1]]
[2022.07.22-13.22.05:440][  0]LogConfig: Setting CVar [[r.CapsuleShadows:1]]
[2022.07.22-13.22.05:440][  0]LogConfig: Applying CVar settings from Section [PostProcessQuality@3] File [D:/Software/Git/Project/UEActionRoguelike/ActionRoguelike/Saved/Config/Windows/Scalability.ini]
[2022.07.22-13.22.05:440][  0]LogConfig: Setting CVar [[r.MotionBlurQuality:4]]
[2022.07.22-13.22.05:440][  0]LogConfig: Setting CVar [[r.AmbientOcclusionMipLevelFactor:0.4]]
[2022.07.22-13.22.05:440][  0]LogConfig: Setting CVar [[r.AmbientOcclusionMaxQuality:100]]
[2022.07.22-13.22.05:440][  0]LogConfig: Setting CVar [[r.AmbientOcclusionLevels:-1]]
[2022.07.22-13.22.05:440][  0]LogConfig: Setting CVar [[r.AmbientOcclusionRadiusScale:1.0]]
[2022.07.22-13.22.05:440][  0]LogConfig: Setting CVar [[r.DepthOfFieldQuality:2]]
[2022.07.22-13.22.05:440][  0]LogConfig: Setting CVar [[r.RenderTargetPoolMin:400]]
[2022.07.22-13.22.05:440][  0]LogConfig: Setting CVar [[r.LensFlareQuality:2]]
[2022.07.22-13.22.05:440][  0]LogConfig: Setting CVar [[r.SceneColorFringeQuality:1]]
[2022.07.22-13.22.05:440][  0]LogConfig: Setting CVar [[r.EyeAdaptationQuality:2]]
[2022.07.22-13.22.05:440][  0]LogConfig: Setting CVar [[r.BloomQuality:5]]
[2022.07.22-13.22.05:440][  0]LogConfig: Setting CVar [[r.FastBlurThreshold:100]]
[2022.07.22-13.22.05:440][  0]LogConfig: Setting CVar [[r.Upscale.Quality:3]]
[2022.07.22-13.22.05:440][  0]LogConfig: Setting CVar [[r.Tonemapper.GrainQuantization:1]]
[2022.07.22-13.22.05:440][  0]LogConfig: Setting CVar [[r.LightShaftQuality:1]]
[2022.07.22-13.22.05:440][  0]LogConfig: Setting CVar [[r.Filter.SizeScale:1]]
[2022.07.22-13.22.05:440][  0]LogConfig: Setting CVar [[r.Tonemapper.Quality:5]]
[2022.07.22-13.22.05:440][  0]LogConfig: Setting CVar [[r.DOF.Gather.AccumulatorQuality:1        ; higher gathering accumulator quality]]
[2022.07.22-13.22.05:440][  0]LogConfig: Setting CVar [[r.DOF.Gather.PostfilterMethod:1          ; Median3x3 postfilering method]]
[2022.07.22-13.22.05:440][  0]LogConfig: Setting CVar [[r.DOF.Gather.EnableBokehSettings:0       ; no bokeh simulation when gathering]]
[2022.07.22-13.22.05:440][  0]LogConfig: Setting CVar [[r.DOF.Gather.RingCount:4                 ; medium number of samples when gathering]]
[2022.07.22-13.22.05:440][  0]LogConfig: Setting CVar [[r.DOF.Scatter.ForegroundCompositing:1    ; additive foreground scattering]]
[2022.07.22-13.22.05:440][  0]LogConfig: Setting CVar [[r.DOF.Scatter.BackgroundCompositing:2    ; additive background scattering]]
[2022.07.22-13.22.05:441][  0]LogConfig: Setting CVar [[r.DOF.Scatter.EnableBokehSettings:1      ; bokeh simulation when scattering]]
[2022.07.22-13.22.05:441][  0]LogConfig: Setting CVar [[r.DOF.Scatter.MaxSpriteRatio:0.1         ; only a maximum of 10% of scattered bokeh]]
[2022.07.22-13.22.05:441][  0]LogConfig: Setting CVar [[r.DOF.Recombine.Quality:1                ; cheap slight out of focus]]
[2022.07.22-13.22.05:441][  0]LogConfig: Setting CVar [[r.DOF.Recombine.EnableBokehSettings:0    ; no bokeh simulation on slight out of focus]]
[2022.07.22-13.22.05:441][  0]LogConfig: Setting CVar [[r.DOF.TemporalAAQuality:1                ; more stable temporal accumulation]]
[2022.07.22-13.22.05:441][  0]LogConfig: Setting CVar [[r.DOF.Kernel.MaxForegroundRadius:0.025]]
[2022.07.22-13.22.05:441][  0]LogConfig: Setting CVar [[r.DOF.Kernel.MaxBackgroundRadius:0.025]]
[2022.07.22-13.22.05:441][  0]LogConfig: Applying CVar settings from Section [TextureQuality@3] File [D:/Software/Git/Project/UEActionRoguelike/ActionRoguelike/Saved/Config/Windows/Scalability.ini]
[2022.07.22-13.22.05:441][  0]LogConfig: Setting CVar [[r.Streaming.MipBias:0]]
[2022.07.22-13.22.05:441][  0]LogConfig: Setting CVar [[r.Streaming.AmortizeCPUToGPUCopy:0]]
[2022.07.22-13.22.05:441][  0]LogConfig: Setting CVar [[r.Streaming.MaxNumTexturesToStreamPerFrame:0]]
[2022.07.22-13.22.05:441][  0]LogConfig: Setting CVar [[r.Streaming.Boost:1]]
[2022.07.22-13.22.05:441][  0]LogConfig: Setting CVar [[r.MaxAnisotropy:8]]
[2022.07.22-13.22.05:441][  0]LogConfig: Setting CVar [[r.VT.MaxAnisotropy:8]]
[2022.07.22-13.22.05:441][  0]LogConfig: Setting CVar [[r.Streaming.LimitPoolSizeToVRAM:0]]
[2022.07.22-13.22.05:441][  0]LogConfig: Setting CVar [[r.Streaming.PoolSize:1000]]
[2022.07.22-13.22.05:441][  0]LogConfig: Setting CVar [[r.Streaming.MaxEffectiveScreenSize:0]]
[2022.07.22-13.22.05:441][  0]LogConfig: Applying CVar settings from Section [EffectsQuality@3] File [D:/Software/Git/Project/UEActionRoguelike/ActionRoguelike/Saved/Config/Windows/Scalability.ini]
[2022.07.22-13.22.05:441][  0]LogConfig: Setting CVar [[r.TranslucencyLightingVolumeDim:64]]
[2022.07.22-13.22.05:441][  0]LogConfig: Setting CVar [[r.RefractionQuality:2]]
[2022.07.22-13.22.05:441][  0]LogConfig: Setting CVar [[r.SSR.Quality:3]]
[2022.07.22-13.22.05:441][  0]LogConfig: Setting CVar [[r.SSR.HalfResSceneColor:0]]
[2022.07.22-13.22.05:441][  0]LogConfig: Setting CVar [[r.SceneColorFormat:4]]
[2022.07.22-13.22.05:441][  0]LogConfig: Setting CVar [[r.DetailMode:2]]
[2022.07.22-13.22.05:441][  0]LogConfig: Setting CVar [[r.TranslucencyVolumeBlur:1]]
[2022.07.22-13.22.05:441][  0]LogConfig: Setting CVar [[r.MaterialQualityLevel:1 ; High quality]]
[2022.07.22-13.22.05:442][  0]LogConfig: Setting CVar [[r.SSS.Scale:1]]
[2022.07.22-13.22.05:442][  0]LogConfig: Setting CVar [[r.SSS.SampleSet:2]]
[2022.07.22-13.22.05:442][  0]LogConfig: Setting CVar [[r.SSS.Quality:1]]
[2022.07.22-13.22.05:442][  0]LogConfig: Setting CVar [[r.SSS.HalfRes:0]]
[2022.07.22-13.22.05:442][  0]LogConfig: Setting CVar [[r.SSGI.Quality:3]]
[2022.07.22-13.22.05:442][  0]LogConfig: Setting CVar [[r.EmitterSpawnRateScale:1.0]]
[2022.07.22-13.22.05:442][  0]LogConfig: Setting CVar [[r.ParticleLightQuality:2]]
[2022.07.22-13.22.05:442][  0]LogConfig: Setting CVar [[r.SkyAtmosphere.AerialPerspectiveLUT.FastApplyOnOpaque:1 ; Always have FastSkyLUT 1 in this case to avoid wrong sky]]
[2022.07.22-13.22.05:442][  0]LogConfig: Setting CVar [[r.SkyAtmosphere.AerialPerspectiveLUT.SampleCountPerSlice:1]]
[2022.07.22-13.22.05:442][  0]LogConfig: Setting CVar [[r.SkyAtmosphere.AerialPerspectiveLUT.DepthResolution:16.0]]
[2022.07.22-13.22.05:442][  0]LogConfig: Setting CVar [[r.SkyAtmosphere.FastSkyLUT:1]]
[2022.07.22-13.22.05:442][  0]LogConfig: Setting CVar [[r.SkyAtmosphere.FastSkyLUT.SampleCountMin:4.0]]
[2022.07.22-13.22.05:442][  0]LogConfig: Setting CVar [[r.SkyAtmosphere.FastSkyLUT.SampleCountMax:32.0]]
[2022.07.22-13.22.05:442][  0]LogConfig: Setting CVar [[r.SkyAtmosphere.SampleCountMin:4.0]]
[2022.07.22-13.22.05:442][  0]LogConfig: Setting CVar [[r.SkyAtmosphere.SampleCountMax:32.0]]
[2022.07.22-13.22.05:442][  0]LogConfig: Setting CVar [[r.SkyAtmosphere.TransmittanceLUT.UseSmallFormat:0]]
[2022.07.22-13.22.05:442][  0]LogConfig: Setting CVar [[r.SkyAtmosphere.TransmittanceLUT.SampleCount:10.0]]
[2022.07.22-13.22.05:442][  0]LogConfig: Setting CVar [[r.SkyAtmosphere.MultiScatteringLUT.SampleCount:15.0]]
[2022.07.22-13.22.05:442][  0]LogConfig: Applying CVar settings from Section [FoliageQuality@3] File [D:/Software/Git/Project/UEActionRoguelike/ActionRoguelike/Saved/Config/Windows/Scalability.ini]
[2022.07.22-13.22.05:442][  0]LogConfig: Setting CVar [[foliage.DensityScale:1.0]]
[2022.07.22-13.22.05:442][  0]LogConfig: Setting CVar [[grass.DensityScale:1.0]]
[2022.07.22-13.22.05:442][  0]LogConfig: Applying CVar settings from Section [ShadingQuality@3] File [D:/Software/Git/Project/UEActionRoguelike/ActionRoguelike/Saved/Config/Windows/Scalability.ini]
[2022.07.22-13.22.05:442][  0]LogConfig: Setting CVar [[r.HairStrands.SkyLighting.SampleCount:16]]
[2022.07.22-13.22.05:442][  0]LogConfig: Setting CVar [[r.HairStrands.SkyLighting.JitterIntegration:0]]
[2022.07.22-13.22.05:442][  0]LogConfig: Setting CVar [[r.HairStrands.SkyAO.SampleCount:16]]
[2022.07.22-13.22.05:442][  0]LogConfig: Setting CVar [[r.HairStrands.DeepShadow.SuperSampling:0]]
[2022.07.22-13.22.05:442][  0]LogConfig: Setting CVar [[r.HairStrands.VisibilityPPLL:0]]
[2022.07.22-13.22.05:442][  0]LogConfig: Setting CVar [[r.HairStrands.RasterizationScale:0.5]]
[2022.07.22-13.22.05:442][  0]LogConfig: Setting CVar [[r.HairStrands.VelocityRasterizationScale:1]]
[2022.07.22-13.22.05:443][  0]LogConfig: Applying CVar settings from Section [Startup] File [../../../Engine/Config/ConsoleVariables.ini]
[2022.07.22-13.22.05:443][  0]LogConfig: Setting CVar [[net.UseAdaptiveNetUpdateFrequency:0]]
[2022.07.22-13.22.05:443][  0]LogConfig: Setting CVar [[p.chaos.AllowCreatePhysxBodies:1]]
[2022.07.22-13.22.05:443][  0]LogConfig: Setting CVar [[fx.SkipVectorVMBackendOptimizations:1]]
[2022.07.22-13.22.05:443][  0]LogConfig: Applying CVar settings from Section [ConsoleVariables] File [D:/Software/Git/Project/UEActionRoguelike/ActionRoguelike/Saved/Config/Windows/Engine.ini]
[2022.07.22-13.22.05:443][  0]LogInit: Computer: MSI
[2022.07.22-13.22.05:443][  0]LogInit: User: win10
[2022.07.22-13.22.05:443][  0]LogInit: CPU Page size=4096, Cores=8
[2022.07.22-13.22.05:443][  0]LogInit: High frequency timer resolution =10.000000 MHz
[2022.07.22-13.22.05:443][  0]LogMemory: Memory total: Physical=31.7GB (32GB approx)
[2022.07.22-13.22.05:443][  0]LogMemory: Platform Memory Stats for Windows
[2022.07.22-13.22.05:443][  0]LogMemory: Process Physical Memory: 122.34 MB used, 122.34 MB peak
[2022.07.22-13.22.05:443][  0]LogMemory: Process Virtual Memory: 103.31 MB used, 103.31 MB peak
[2022.07.22-13.22.05:443][  0]LogMemory: Physical Memory: 18930.08 MB used,  13539.42 MB free, 32469.50 MB total
[2022.07.22-13.22.05:444][  0]LogMemory: Virtual Memory: 5209.94 MB used,  134212520.00 MB free, 134217728.00 MB total
[2022.07.22-13.22.05:488][  0]LogWindows: WindowsPlatformFeatures enabled
[2022.07.22-13.22.05:664][  0]LogInit: Physics initialised using underlying interface: PhysX
[2022.07.22-13.22.05:664][  0]LogInit: Using OS detected language (zh-CN).
[2022.07.22-13.22.05:665][  0]LogInit: Using OS detected locale (zh-CN).
[2022.07.22-13.22.05:666][  0]LogTextLocalizationManager: No specific localization for 'zh-CN' exists, so the 'zh-Hans' localization will be used.
[2022.07.22-13.22.05:747][  0]LogTextLocalizationResource: LocRes '../../../Engine/Content/Localization/Editor/zh/Editor.locres' could not be opened for reading!
[2022.07.22-13.22.05:748][  0]LogTextLocalizationResource: LocRes '../../../Engine/Content/Localization/EditorTutorials/zh/EditorTutorials.locres' could not be opened for reading!
[2022.07.22-13.22.05:748][  0]LogTextLocalizationResource: LocRes '../../../Engine/Content/Localization/Keywords/zh/Keywords.locres' could not be opened for reading!
[2022.07.22-13.22.05:748][  0]LogTextLocalizationResource: LocRes '../../../Engine/Content/Localization/Category/zh/Category.locres' could not be opened for reading!
[2022.07.22-13.22.05:748][  0]LogTextLocalizationResource: LocRes '../../../Engine/Content/Localization/ToolTips/zh/ToolTips.locres' could not be opened for reading!
[2022.07.22-13.22.05:748][  0]LogTextLocalizationResource: LocRes '../../../Engine/Content/Localization/PropertyNames/zh/PropertyNames.locres' could not be opened for reading!
[2022.07.22-13.22.05:748][  0]LogTextLocalizationResource: LocRes '../../../Engine/Content/Localization/Engine/zh/Engine.locres' could not be opened for reading!
[2022.07.22-13.22.05:748][  0]LogTextLocalizationResource: LocRes '../../../Engine/Plugins/Online/Android/OnlineSubsystemGooglePlay/Content/Localization/OnlineSubsystemGooglePlay/zh/OnlineSubsystemGooglePlay.locres' could not be opened for reading!
[2022.07.22-13.22.05:748][  0]LogTextLocalizationResource: LocRes '../../../Engine/Plugins/Online/IOS/OnlineSubsystemIOS/Content/Localization/OnlineSubsystemIOS/zh/OnlineSubsystemIOS.locres' could not be opened for reading!
[2022.07.22-13.22.05:748][  0]LogTextLocalizationResource: LocRes '../../../Engine/Plugins/Online/OnlineSubsystem/Content/Localization/OnlineSubsystem/zh/OnlineSubsystem.locres' could not be opened for reading!
[2022.07.22-13.22.05:749][  0]LogTextLocalizationResource: LocRes '../../../Engine/Plugins/Online/OnlineSubsystemUtils/Content/Localization/OnlineSubsystemUtils/zh/OnlineSubsystemUtils.locres' could not be opened for reading!
[2022.07.22-13.22.05:785][  0]LogInit: Setting process to per monitor DPI aware
[2022.07.22-13.22.05:825][  0]LogSlate: New Slate User Created.  User Index 0, Is Virtual User: 0
[2022.07.22-13.22.05:825][  0]LogSlate: Slate User Registered.  User Index 0, Is Virtual User: 0
[2022.07.22-13.22.05:949][  0]LogHMD: Failed to initialize OpenVR with code 110
[2022.07.22-13.22.05:949][  0]LogD3D11RHI: D3D11 min allowed feature level: 11_0
[2022.07.22-13.22.05:949][  0]LogD3D11RHI: D3D11 max allowed feature level: 11_0
[2022.07.22-13.22.05:949][  0]LogD3D11RHI: D3D11 adapters:
[2022.07.22-13.22.06:055][  0]LogD3D11RHI:    0. 'NVIDIA GeForce RTX 3070 Laptop GPU' (Feature Level 11_0)
[2022.07.22-13.22.06:055][  0]LogD3D11RHI:       8044/0/16234 MB DedicatedVideo/DedicatedSystem/SharedSystem, Outputs:2, VendorId:0x10de
[2022.07.22-13.22.06:098][  0]LogD3D11RHI:    1. 'Intel(R) UHD Graphics' (Feature Level 11_0)
[2022.07.22-13.22.06:098][  0]LogD3D11RHI:       128/0/16234 MB DedicatedVideo/DedicatedSystem/SharedSystem, Outputs:0, VendorId:0x8086
[2022.07.22-13.22.06:102][  0]LogD3D11RHI:    2. 'Microsoft Basic Render Driver' (Feature Level 11_0)
[2022.07.22-13.22.06:102][  0]LogD3D11RHI:       0/0/16234 MB DedicatedVideo/DedicatedSystem/SharedSystem, Outputs:0, VendorId:0x1414
[2022.07.22-13.22.06:102][  0]LogD3D11RHI: Chosen D3D11 Adapter: 0
[2022.07.22-13.22.06:108][  0]LogD3D11RHI: Creating new Direct3DDevice
[2022.07.22-13.22.06:109][  0]LogD3D11RHI:     GPU DeviceId: 0x249d (for the marketing name, search the web for "GPU Device Id")
[2022.07.22-13.22.06:109][  0]LogWindows: EnumDisplayDevices:
[2022.07.22-13.22.06:109][  0]LogWindows:    0. 'Intel(R) UHD Graphics' (P:1 D:1)
[2022.07.22-13.22.06:109][  0]LogWindows:    1. 'Intel(R) UHD Graphics' (P:0 D:0)
[2022.07.22-13.22.06:109][  0]LogWindows:    2. 'Intel(R) UHD Graphics' (P:0 D:0)
[2022.07.22-13.22.06:110][  0]LogWindows:    3. 'NVIDIA GeForce RTX 3070 Laptop GPU' (P:0 D:1)
[2022.07.22-13.22.06:110][  0]LogWindows:    4. 'NVIDIA GeForce RTX 3070 Laptop GPU' (P:0 D:0)
[2022.07.22-13.22.06:110][  0]LogWindows:    5. 'NVIDIA GeForce RTX 3070 Laptop GPU' (P:0 D:0)
[2022.07.22-13.22.06:111][  0]LogWindows:    6. 'NVIDIA GeForce RTX 3070 Laptop GPU' (P:0 D:0)
[2022.07.22-13.22.06:111][  0]LogWindows: DebugString: PrimaryIsNotTheChoosenAdapter PrimaryIsNotTheChoosenAdapter PrimaryIsNotTheChoosenAdapter FoundDriverCount:4 
[2022.07.22-13.22.06:111][  0]LogD3D11RHI:     Adapter Name: NVIDIA GeForce RTX 3070 Laptop GPU
[2022.07.22-13.22.06:111][  0]LogD3D11RHI:   Driver Version: 516.40 (internal:31.0.15.1640, unified:516.40)
[2022.07.22-13.22.06:111][  0]LogD3D11RHI:      Driver Date: 6-6-2022
[2022.07.22-13.22.06:111][  0]LogRHI: Texture pool is 5630 MB (70% of 8044 MB)
[2022.07.22-13.22.06:165][  0]LogD3D11RHI: RHI has support for 64 bit atomics
[2022.07.22-13.22.06:165][  0]LogD3D11RHI: Async texture creation enabled
[2022.07.22-13.22.06:165][  0]LogD3D11RHI: Array index from any shader is supported
[2022.07.22-13.22.06:189][  0]LogD3D11RHI: GPU Timing Frequency: 1000.000000 (Debug: 2 2)
[2022.07.22-13.22.06:474][  0]LogTargetPlatformManager: Display: Loaded TargetPlatform 'AllDesktop'
[2022.07.22-13.22.06:491][  0]LogTargetPlatformManager: Display: Loaded TargetPlatform 'Android'
[2022.07.22-13.22.06:491][  0]LogTargetPlatformManager: Display: Loaded TargetPlatform 'Android_ASTC'
[2022.07.22-13.22.06:491][  0]LogTargetPlatformManager: Display: Loaded TargetPlatform 'Android_DXT'
[2022.07.22-13.22.06:491][  0]LogTargetPlatformManager: Display: Loaded TargetPlatform 'Android_ETC2'
[2022.07.22-13.22.06:491][  0]LogTargetPlatformManager: Display: Loaded TargetPlatform 'AndroidClient'
[2022.07.22-13.22.06:491][  0]LogTargetPlatformManager: Display: Loaded TargetPlatform 'Android_ASTCClient'
[2022.07.22-13.22.06:491][  0]LogTargetPlatformManager: Display: Loaded TargetPlatform 'Android_DXTClient'
[2022.07.22-13.22.06:491][  0]LogTargetPlatformManager: Display: Loaded TargetPlatform 'Android_ETC2Client'
[2022.07.22-13.22.06:491][  0]LogTargetPlatformManager: Display: Loaded TargetPlatform 'Android_Multi'
[2022.07.22-13.22.06:491][  0]LogTargetPlatformManager: Display: Loaded TargetPlatform 'Android_MultiClient'
[2022.07.22-13.22.06:517][  0]LogTargetPlatformManager: Display: Loaded TargetPlatform 'IOSClient'
[2022.07.22-13.22.06:517][  0]LogTargetPlatformManager: Display: Loaded TargetPlatform 'IOS'
[2022.07.22-13.22.06:526][  0]LogTargetPlatformManager: Display: Loaded TargetPlatform 'Linux'
[2022.07.22-13.22.06:534][  0]LogTargetPlatformManager: Display: Loaded TargetPlatform 'LinuxNoEditor'
[2022.07.22-13.22.06:543][  0]LogTargetPlatformManager: Display: Loaded TargetPlatform 'LinuxClient'
[2022.07.22-13.22.06:552][  0]LogTargetPlatformManager: Display: Loaded TargetPlatform 'LinuxServer'
[2022.07.22-13.22.06:562][  0]LogTargetPlatformManager: Display: Loaded TargetPlatform 'LinuxAArch64NoEditor'
[2022.07.22-13.22.06:571][  0]LogTargetPlatformManager: Display: Loaded TargetPlatform 'LinuxAArch64Client'
[2022.07.22-13.22.06:581][  0]LogTargetPlatformManager: Display: Loaded TargetPlatform 'LinuxAArch64Server'
[2022.07.22-13.22.06:602][  0]LogTargetPlatformManager: Display: Loaded TargetPlatform 'Lumin'
[2022.07.22-13.22.06:602][  0]LogTargetPlatformManager: Display: Loaded TargetPlatform 'LuminClient'
[2022.07.22-13.22.06:615][  0]LogTargetPlatformManager: Display: Loaded TargetPlatform 'TVOSClient'
[2022.07.22-13.22.06:615][  0]LogTargetPlatformManager: Display: Loaded TargetPlatform 'TVOS'
[2022.07.22-13.22.06:623][  0]LogTargetPlatformManager: Display: Loaded TargetPlatform 'WindowsNoEditor'
[2022.07.22-13.22.06:632][  0]LogTargetPlatformManager: Display: Loaded TargetPlatform 'Windows'
[2022.07.22-13.22.06:641][  0]LogTargetPlatformManager: Display: Loaded TargetPlatform 'WindowsClient'
[2022.07.22-13.22.06:650][  0]LogTargetPlatformManager: Display: Loaded TargetPlatform 'WindowsServer'
[2022.07.22-13.22.06:650][  0]LogTargetPlatformManager: Display: Building Assets For Windows
[2022.07.22-13.22.06:662][  0]LogAudioDebug: Display: Lib vorbis DLL was dynamically loaded.
[2022.07.22-13.22.06:734][  0]LogShaderCompilers: Guid format shader working directory is -15 characters bigger than the processId version (../../../../../Git/Project/UEActionRoguelike/ActionRoguelike/Intermediate/Shaders/WorkingDirectory/11036/).
[2022.07.22-13.22.06:735][  0]LogShaderCompilers: Cleaned the shader compiler working directory 'C:/Users/win10/AppData/Local/Temp/UnrealShaderWorkingDir/2B1B36A24CA2DFC827F6CCA399FAC392/'.
[2022.07.22-13.22.06:735][  0]LogXGEController: Cannot use XGE Controller as Incredibuild is not installed on this machine.
[2022.07.22-13.22.06:735][  0]LogShaderCompilers: Cannot use XGE Shader Compiler as Incredibuild is not installed on this machine.
[2022.07.22-13.22.06:735][  0]LogShaderCompilers: Display: Using Local Shader Compiler.
[2022.07.22-13.22.07:338][  0]LogDerivedDataCache: Display: Max Cache Size: 512 MB
[2022.07.22-13.22.07:377][  0]LogDerivedDataCache: Loaded boot cache 0.04s 76MB C:/Users/win10/AppData/Local/UnrealEngine/4.25/DerivedDataCache/Boot.ddc.
[2022.07.22-13.22.07:377][  0]LogDerivedDataCache: Display: Loaded Boot cache: C:/Users/win10/AppData/Local/UnrealEngine/4.25/DerivedDataCache/Boot.ddc
[2022.07.22-13.22.07:377][  0]LogDerivedDataCache: FDerivedDataBackendGraph:  Pak pak cache file ../../../../../Git/Project/UEActionRoguelike/ActionRoguelike/DerivedDataCache/DDC.ddp not found, will not use a pak cache.
[2022.07.22-13.22.07:377][  0]LogDerivedDataCache: Unable to find inner node Pak for hierarchical cache Hierarchy.
[2022.07.22-13.22.07:378][  0]LogDerivedDataCache: FDerivedDataBackendGraph:  CompressedPak pak cache file ../../../../../Git/Project/UEActionRoguelike/ActionRoguelike/DerivedDataCache/Compressed.ddp not found, will not use a pak cache.
[2022.07.22-13.22.07:378][  0]LogDerivedDataCache: Unable to find inner node CompressedPak for hierarchical cache Hierarchy.
[2022.07.22-13.22.07:386][  0]LogDerivedDataCache: Display: Pak cache opened for reading ../../../Engine/DerivedDataCache/Compressed.ddp.
[2022.07.22-13.22.07:386][  0]LogDerivedDataCache: FDerivedDataBackendGraph:  EnterprisePak pak cache file ../../../Enterprise/DerivedDataCache/Compressed.ddp not found, will not use a pak cache.
[2022.07.22-13.22.07:386][  0]LogDerivedDataCache: Unable to find inner node EnterprisePak for hierarchical cache Hierarchy.
[2022.07.22-13.22.07:389][  0]LogDerivedDataCache: Using Local data cache path C:/Users/win10/AppData/Local/UnrealEngine/Common/DerivedDataCache: Writable
[2022.07.22-13.22.07:389][  0]LogDerivedDataCache: Shared data cache path not found in *engine.ini, will not use an Shared cache.
[2022.07.22-13.22.07:389][  0]LogDerivedDataCache: Unable to find inner node Shared for hierarchical cache Hierarchy.
[2022.07.22-13.22.07:427][  0]LogSlate: Using FreeType 2.10.0
[2022.07.22-13.22.07:428][  0]LogSlate: SlateFontServices - WITH_FREETYPE: 1, WITH_HARFBUZZ: 1
[2022.07.22-13.22.07:449][  0]LogAssetRegistry: FAssetRegistry took 0.0035 seconds to start up
[2022.07.22-13.22.07:625][  0]LogInit: Selected Device Profile: [Windows]
[2022.07.22-13.22.07:726][  0]LogMeshReduction: Using QuadricMeshReduction for automatic static mesh reduction
[2022.07.22-13.22.07:726][  0]LogMeshReduction: Using SimplygonMeshReduction for automatic skeletal mesh reduction
[2022.07.22-13.22.07:726][  0]LogMeshReduction: Using ProxyLODMeshReduction for automatic mesh merging
[2022.07.22-13.22.07:726][  0]LogMeshReduction: No distributed automatic mesh merging module available
[2022.07.22-13.22.07:726][  0]LogMeshMerging: No distributed automatic mesh merging module available
[2022.07.22-13.22.07:739][  0]LogNetVersion: ActionRoguelike 1.0.0, NetCL: 13144385, EngineNetVer: 14, GameNetVer: 0 (Checksum: 3012751956)
[2022.07.22-13.22.08:031][  0]LogAISub: UAISubsystem::UAISubsystem AISubsystem (0000022211D923C0), frame # 0
[2022.07.22-13.22.08:032][  0]LogAISub: UAISubsystem::UAISubsystem AIPerceptionSystem (0000022211D16AC0), frame # 0
[2022.07.22-13.22.08:033][  0]LogAISub: UAISubsystem::UAISubsystem EnvQueryManager (0000022211D71E00), frame # 0
[2022.07.22-13.22.08:081][  0]LogPackageLocalizationCache: Processed 19 localized package path(s) for 2 prioritized culture(s) in 0.041577 seconds
[2022.07.22-13.22.08:085][  0]LogUObjectArray: 15917 objects as part of root set at end of initial load.
[2022.07.22-13.22.08:085][  0]LogUObjectAllocator: 3965568 out of 0 bytes used by permanent object pool.
[2022.07.22-13.22.08:085][  0]LogUObjectArray: CloseDisregardForGC: 0/0 objects in disregard for GC pool
[2022.07.22-13.22.08:453][  0]LogTcpMessaging: Initializing TcpMessaging bridge
[2022.07.22-13.22.08:459][  0]LogUdpMessaging: Initializing bridge on interface 0.0.0.0:0 to multicast group 230.0.0.1:6666.
[2022.07.22-13.22.08:582][  0]SourceControl: 源码管理已禁用
[2022.07.22-13.22.08:582][  0]SourceControl: 源码管理已禁用
[2022.07.22-13.22.08:587][  0]SourceControl: 源码管理已禁用
[2022.07.22-13.22.08:591][  0]SourceControl: 源码管理已禁用
[2022.07.22-13.22.08:599][  0]SourceControl: 源码管理已禁用
[2022.07.22-13.22.08:876][  0]LogAndroidPermission: UAndroidPermissionCallbackProxy::GetInstance
[2022.07.22-13.22.08:903][  0]LogAudioCaptureCore: Display: No Audio Capture implementations found. Audio input will be silent.
[2022.07.22-13.22.08:904][  0]LogAudioCaptureCore: Display: No Audio Capture implementations found. Audio input will be silent.
[2022.07.22-13.22.08:952][  0]LogOcInput: OculusInput pre-init called
[2022.07.22-13.22.08:962][  0]LogWindows: Failed to load 'OVRPlugin.dll' (GetLastError=126)
[2022.07.22-13.22.08:962][  0]LogWindows: File 'OVRPlugin.dll' does not exist
[2022.07.22-13.22.09:019][  0]LogEngine: Initializing Engine...
[2022.07.22-13.22.09:020][  0]LogHMD: Failed to initialize OpenVR with code 110
[2022.07.22-13.22.09:020][  0]LogMagicLeap: Warning: VR disabled because ZI is not enabled.  To enable, in the editor, Edit -> Project Settings -> Plugins -> Magic Leap Plugin -> Enable Zero Iteration
[2022.07.22-13.22.09:021][  0]LogStats: UGameplayTagsManager::InitializeManager -  0.000 s
[2022.07.22-13.22.09:103][  0]LogInit: Initializing FReadOnlyCVARCache
[2022.07.22-13.22.09:111][  0]LogAIModule: Creating AISystem for world Untitled
[2022.07.22-13.22.09:111][  0]LogAISub: UAISubsystem::UAISubsystem EnvQueryManager (000002221C4C5200), frame # 0
[2022.07.22-13.22.09:111][  0]LogAISub: UAISubsystem::UAISubsystem AIPerceptionSystem (000002221C48FB00), frame # 0
[2022.07.22-13.22.09:124][  0]LogAudioMixer: Display: Audio Mixer Platform Settings:
[2022.07.22-13.22.09:124][  0]LogAudioMixer: Display: 	Sample Rate:						  48000
[2022.07.22-13.22.09:124][  0]LogAudioMixer: Display: 	Callback Buffer Frame Size Requested: 1024
[2022.07.22-13.22.09:124][  0]LogAudioMixer: Display: 	Callback Buffer Frame Size To Use:	  1024
[2022.07.22-13.22.09:124][  0]LogAudioMixer: Display: 	Number of buffers to queue:			  2
[2022.07.22-13.22.09:124][  0]LogAudioMixer: Display: 	Max Channels (voices):				  32
[2022.07.22-13.22.09:124][  0]LogAudioMixer: Display: 	Number of Async Source Workers:		  0
[2022.07.22-13.22.09:124][  0]LogAudio: Display: AudioDevice MaxSources: 32
[2022.07.22-13.22.09:124][  0]LogAudio: Display: Using built-in audio occlusion.
[2022.07.22-13.22.09:124][  0]LogAudioMixer: Display: Initializing audio mixer.
[2022.07.22-13.22.09:178][  0]LogAudioMixer: Display: 0: FrontLeft
[2022.07.22-13.22.09:178][  0]LogAudioMixer: Display: 1: FrontRight
[2022.07.22-13.22.09:388][  0]LogAudioMixer: Display: Using Audio Device 扬声器 (Realtek High Definition Audio)
[2022.07.22-13.22.09:389][  0]LogAudioMixer: Display: Initializing Sound Submixes...
[2022.07.22-13.22.09:391][  0]LogAudioMixer: Display: Creating Master Submix 'MasterSubmixDefault'
[2022.07.22-13.22.09:391][  0]LogAudioMixer: Display: Creating Master Submix 'MasterReverbSubmixDefault'
[2022.07.22-13.22.09:392][  0]LogAudioMixer: Display: Creating Master Submix 'MasterEQSubmixDefault'
[2022.07.22-13.22.09:393][  0]LogInit: FAudioDevice initialized.
[2022.07.22-13.22.09:393][  0]LogNetVersion: Set ProjectVersion to 1.0.0.0. Version Checksum will be recalculated on next use.
[2022.07.22-13.22.09:428][  0]LogDerivedDataCache: Saved boot cache 0.03s 76MB C:/Users/win10/AppData/Local/UnrealEngine/4.25/DerivedDataCache/Boot.ddc.
[2022.07.22-13.22.09:429][  0]LogInit: Texture streaming: Enabled
[2022.07.22-13.22.09:448][  0]LogEngineSessionManager: EngineSessionManager initialized
[2022.07.22-13.22.09:448][  0]LogEditorSessionSummary: Verbose: Initializing EditorSessionSummaryWriter for editor session tracking
[2022.07.22-13.22.09:450][  0]LogEditorSessionSummary: EditorSessionSummaryWriter initialized
[2022.07.22-13.22.09:487][  0]LogInit: Transaction tracking system initialized
[2022.07.22-13.22.09:516][  0]BlueprintLog: New page: 编辑器加载
[2022.07.22-13.22.09:597][  0]LocalizationService: 本地化服务已禁用
[2022.07.22-13.22.09:749][  0]LogCook: Display: Max memory allowance for cook 16384mb min free memory 0mb
[2022.07.22-13.22.09:749][  0]LogCook: Display: Mobile HDR setting 1
[2022.07.22-13.22.09:897][  0]LogFileCache: Scanning file cache for directory 'D:/Software/Git/Project/UEActionRoguelike/ActionRoguelike/Content/' took 0.01s
[2022.07.22-13.22.10:053][  0]SourceControl: 源码管理已禁用
[2022.07.22-13.22.10:053][  0]LogUnrealEdMisc: Loading editor; pre map load, took 5.769
[2022.07.22-13.22.10:053][  0]Cmd: MAP LOAD FILE="../../../../../Git/Project/UEActionRoguelike/ActionRoguelike/Content/ActionRoguelike/Maps/TestLevel.umap" TEMPLATE=0 SHOWPROGRESS=1 FEATURELEVEL=3
[2022.07.22-13.22.10:054][  0]LightingResults: New page: 光照构建
[2022.07.22-13.22.10:054][  0]LogWorld: UWorld::CleanupWorld for Untitled, bSessionEnded=true, bCleanupResources=true
[2022.07.22-13.22.10:054][  0]LogSlate: InvalidateAllWidgets triggered.  All widgets were invalidated
[2022.07.22-13.22.10:055][  0]MapCheck: New page: 地图检测
[2022.07.22-13.22.10:055][  0]LightingResults: New page: 光照构建
[2022.07.22-13.22.10:065][  0]LogAISub: UAISubsystem::~UAISubsystem EnvQueryManager (000002221C4C5200), frame # 0
[2022.07.22-13.22.10:065][  0]LogAISub: UAISubsystem::~UAISubsystem AIPerceptionSystem (000002221C48FB00), frame # 0
[2022.07.22-13.22.10:066][  0]LogUObjectHash: Compacting FUObjectHashTables data took   0.60ms
[2022.07.22-13.22.10:306][  0]LogLinker: Warning: 加载“../../../../../Git/Project/UEActionRoguelike/ActionRoguelike/Content/ExampleContent/Effects/P_Treasure_Burst.uasset”时未能加载“/Game/ExampleContent/NetworkFeatures/Materials/M_Energy_Burst”：无法找到文件。
[2022.07.22-13.22.10:306][  0]LogLinker: Warning: 加载“../../../../../Git/Project/UEActionRoguelike/ActionRoguelike/Content/ExampleContent/Effects/P_Treasure_Burst.uasset”时未能加载“/Game/ExampleContent/NetworkFeatures/Materials/M_Energy_Burst”：无法找到文件。
[2022.07.22-13.22.10:307][  0]LogLinker: Warning: 加载“../../../../../Git/Project/UEActionRoguelike/ActionRoguelike/Content/ExampleContent/Effects/P_Treasure_Burst.uasset”时未能加载“/Game/ExampleContent/NetworkFeatures/Materials/M_Gold_Pile”：无法找到文件。
[2022.07.22-13.22.10:307][  0]LogLinker: Warning: 加载“../../../../../Git/Project/UEActionRoguelike/ActionRoguelike/Content/ExampleContent/Effects/P_Treasure_Burst.uasset”时未能加载“/Game/ExampleContent/NetworkFeatures/Materials/M_Gold_Pile”：无法找到文件。
[2022.07.22-13.22.10:307][  0]LogLinker: Warning: 加载“../../../../../Git/Project/UEActionRoguelike/ActionRoguelike/Content/ExampleContent/Effects/P_Treasure_Burst.uasset”时未能加载“/Game/ExampleContent/NetworkFeatures/Materials/M_Energy_Burst”：无法找到文件。
[2022.07.22-13.22.10:307][  0]LogLinker: Warning: 加载“../../../../../Git/Project/UEActionRoguelike/ActionRoguelike/Content/ExampleContent/Effects/P_Treasure_Burst.uasset”时未能加载“/Game/ExampleContent/NetworkFeatures/Materials/M_Energy_Burst”：无法找到文件。
[2022.07.22-13.22.10:307][  0]LogLinker: Warning: 加载“../../../../../Git/Project/UEActionRoguelike/ActionRoguelike/Content/ExampleContent/Effects/P_Treasure_Burst.uasset”时未能加载“/Game/ExampleContent/NetworkFeatures/Materials/M_Gold_Pile”：无法找到文件。
[2022.07.22-13.22.10:307][  0]LogLinker: Warning: 加载“../../../../../Git/Project/UEActionRoguelike/ActionRoguelike/Content/ExampleContent/Effects/P_Treasure_Burst.uasset”时未能加载“/Game/ExampleContent/NetworkFeatures/Materials/M_Gold_Pile”：无法找到文件。
[2022.07.22-13.22.10:307][  0]LogLinker: Warning: 加载“../../../../../Git/Project/UEActionRoguelike/ActionRoguelike/Content/ExampleContent/Effects/P_Treasure_Burst.uasset”时未能加载“/Game/ExampleContent/NetworkFeatures/Meshes/SM_Coin_Small”：无法找到文件。
[2022.07.22-13.22.10:308][  0]LogLinker: Warning: 加载“../../../../../Git/Project/UEActionRoguelike/ActionRoguelike/Content/ExampleContent/Effects/P_Treasure_Burst.uasset”时未能加载“/Game/ExampleContent/NetworkFeatures/Meshes/SM_Coin_Small”：无法找到文件。
[2022.07.22-13.22.10:308][  0]LogLinker: Warning: 加载“../../../../../Git/Project/UEActionRoguelike/ActionRoguelike/Content/ExampleContent/Effects/P_Treasure_Burst.uasset”时未能加载“/Game/ExampleContent/NetworkFeatures/Meshes/SM_Open_Square”：无法找到文件。
[2022.07.22-13.22.10:308][  0]LogLinker: Warning: 加载“../../../../../Git/Project/UEActionRoguelike/ActionRoguelike/Content/ExampleContent/Effects/P_Treasure_Burst.uasset”时未能加载“/Game/ExampleContent/NetworkFeatures/Meshes/SM_Open_Square”：无法找到文件。
[2022.07.22-13.22.10:308][  0]LogLinker: Warning: 加载“../../../../../Git/Project/UEActionRoguelike/ActionRoguelike/Content/ExampleContent/Effects/P_Treasure_Burst.uasset”时未能加载“/Game/ExampleContent/NetworkFeatures/Meshes/SM_Coin_Small”：无法找到文件。
[2022.07.22-13.22.10:308][  0]LogLinker: Warning: 加载“../../../../../Git/Project/UEActionRoguelike/ActionRoguelike/Content/ExampleContent/Effects/P_Treasure_Burst.uasset”时未能加载“/Game/ExampleContent/NetworkFeatures/Meshes/SM_Coin_Small”：无法找到文件。
[2022.07.22-13.22.10:308][  0]LogLinker: Warning: 加载“../../../../../Git/Project/UEActionRoguelike/ActionRoguelike/Content/ExampleContent/Effects/P_Treasure_Burst.uasset”时未能加载“/Game/ExampleContent/NetworkFeatures/Meshes/SM_Open_Square”：无法找到文件。
[2022.07.22-13.22.10:308][  0]LogLinker: Warning: 加载“../../../../../Git/Project/UEActionRoguelike/ActionRoguelike/Content/ExampleContent/Effects/P_Treasure_Burst.uasset”时未能加载“/Game/ExampleContent/NetworkFeatures/Meshes/SM_Open_Square”：无法找到文件。
[2022.07.22-13.22.10:341][  0]LogLinker: Warning: 加载“../../../../../Git/Project/UEActionRoguelike/ActionRoguelike/Content/ExampleContent/Effects/P_Treasure_Burst.uasset”时未能加载“/Game/ExampleContent/NetworkFeatures/Materials/M_Energy_Burst”：无法找到文件。
[2022.07.22-13.22.10:341][  0]LoadErrors: 加载失败 /Game/ExampleContent/NetworkFeatures/Materials/M_Energy_Burst.M_Energy_Burst 引用者 ParticleModuleRequired_0
[2022.07.22-13.22.10:341][  0]LogLinker: Warning: 加载“../../../../../Git/Project/UEActionRoguelike/ActionRoguelike/Content/ExampleContent/Effects/P_Treasure_Burst.uasset”时未能加载“/Game/ExampleContent/NetworkFeatures/Materials/M_Energy_Burst”：无法找到文件。
[2022.07.22-13.22.10:341][  0]LoadErrors: 加载失败 /Game/ExampleContent/NetworkFeatures/Materials/M_Energy_Burst.M_Energy_Burst 引用者 ParticleModuleRequired_0
[2022.07.22-13.22.10:341][  0]LogLinker: Warning: 加载“../../../../../Git/Project/UEActionRoguelike/ActionRoguelike/Content/ExampleContent/Effects/P_Treasure_Burst.uasset”时未能加载“/Game/ExampleContent/NetworkFeatures/Materials/M_Gold_Pile”：无法找到文件。
[2022.07.22-13.22.10:341][  0]LoadErrors: 加载失败 /Game/ExampleContent/NetworkFeatures/Materials/M_Gold_Pile.M_Gold_Pile 引用者 ParticleModuleRequired_3
[2022.07.22-13.22.10:342][  0]LogLinker: Warning: 加载“../../../../../Git/Project/UEActionRoguelike/ActionRoguelike/Content/ExampleContent/Effects/P_Treasure_Burst.uasset”时未能加载“/Game/ExampleContent/NetworkFeatures/Materials/M_Gold_Pile”：无法找到文件。
[2022.07.22-13.22.10:342][  0]LoadErrors: 加载失败 /Game/ExampleContent/NetworkFeatures/Materials/M_Gold_Pile.M_Gold_Pile 引用者 ParticleModuleRequired_3
[2022.07.22-13.22.10:342][  0]LogLinker: Warning: 加载“../../../../../Git/Project/UEActionRoguelike/ActionRoguelike/Content/ExampleContent/Effects/P_Treasure_Burst.uasset”时未能加载“/Game/ExampleContent/NetworkFeatures/Meshes/SM_Open_Square”：无法找到文件。
[2022.07.22-13.22.10:342][  0]LoadErrors: 加载失败 /Game/ExampleContent/NetworkFeatures/Meshes/SM_Open_Square.SM_Open_Square 引用者 ParticleModuleTypeDataMesh_0
[2022.07.22-13.22.10:342][  0]LogLinker: Warning: 加载“../../../../../Git/Project/UEActionRoguelike/ActionRoguelike/Content/ExampleContent/Effects/P_Treasure_Burst.uasset”时未能加载“/Game/ExampleContent/NetworkFeatures/Meshes/SM_Open_Square”：无法找到文件。
[2022.07.22-13.22.10:342][  0]LoadErrors: 加载失败 /Game/ExampleContent/NetworkFeatures/Meshes/SM_Open_Square.SM_Open_Square 引用者 ParticleModuleTypeDataMesh_0
[2022.07.22-13.22.10:342][  0]LogLinker: Warning: 加载“../../../../../Git/Project/UEActionRoguelike/ActionRoguelike/Content/ExampleContent/Effects/P_Treasure_Burst.uasset”时未能加载“/Game/ExampleContent/NetworkFeatures/Meshes/SM_Coin_Small”：无法找到文件。
[2022.07.22-13.22.10:342][  0]LoadErrors: 加载失败 /Game/ExampleContent/NetworkFeatures/Meshes/SM_Coin_Small.SM_Coin_Small 引用者 ParticleModuleTypeDataMesh_1
[2022.07.22-13.22.10:343][  0]LogLinker: Warning: 加载“../../../../../Git/Project/UEActionRoguelike/ActionRoguelike/Content/ExampleContent/Effects/P_Treasure_Burst.uasset”时未能加载“/Game/ExampleContent/NetworkFeatures/Meshes/SM_Coin_Small”：无法找到文件。
[2022.07.22-13.22.10:343][  0]LoadErrors: 加载失败 /Game/ExampleContent/NetworkFeatures/Meshes/SM_Coin_Small.SM_Coin_Small 引用者 ParticleModuleTypeDataMesh_1
[2022.07.22-13.22.10:704][  0]LogAIModule: Creating AISystem for world TestLevel
[2022.07.22-13.22.10:704][  0]LogAISub: UAISubsystem::UAISubsystem EnvQueryManager (000002220B21FE00), frame # 0
[2022.07.22-13.22.10:704][  0]LogAISub: UAISubsystem::UAISubsystem AIPerceptionSystem (000002220AA91580), frame # 0
[2022.07.22-13.22.10:713][  0]LogScript: Warning: Script Msg: Divide by zero detected: 0.000000 / 0
Script call stack:
	Function /Game/ParagonGideon/Characters/Heroes/Gideon/Gideon_AnimBlueprint.Gideon_AnimBlueprint_C:BlueprintUpdateAnimation
	Function /Game/ParagonGideon/Characters/Heroes/Gideon/Gideon_AnimBlueprint.Gideon_AnimBlueprint_C:ExecuteUbergraph_Gideon_AnimBlueprint

[2022.07.22-13.22.10:717][  0]LogEditorServer: Finished looking for orphan Actors (0.000 secs)
[2022.07.22-13.22.10:731][  0]LogUObjectHash: Compacting FUObjectHashTables data took   0.73ms
[2022.07.22-13.22.10:732][  0]Cmd: MAP CHECKDEP NOCLEARLOG
[2022.07.22-13.22.10:732][  0]MapCheck: 地图检测完成：0个错误、0个警告、完成用时0.101毫秒。
[2022.07.22-13.22.10:732][  0]LogFileHelpers: Loading map 'TestLevel' took 0.678
[2022.07.22-13.22.10:734][  0]LogUnrealEdMisc: Total Editor Startup Time, took 6.449
[2022.07.22-13.22.10:795][  0]LogWindowsTextInputMethodSystem: Display: IME system now activated using TSF (微软拼音).
[2022.07.22-13.22.10:837][  0]LogSlate: Updating window title bar state: overlay mode, drag disabled, window buttons hidden, title bar hidden
[2022.07.22-13.22.10:843][  0]LogSlate: Updating window title bar state: overlay mode, drag disabled, window buttons hidden, title bar hidden
[2022.07.22-13.22.10:850][  0]LogSlate: Updating window title bar state: overlay mode, drag disabled, window buttons hidden, title bar hidden
[2022.07.22-13.22.10:856][  0]LogSlate: Updating window title bar state: overlay mode, drag disabled, window buttons hidden, title bar hidden
[2022.07.22-13.22.10:864][  0]LogCollectionManager: Loaded 0 collections in 0.000999 seconds
[2022.07.22-13.22.10:882][  0]LogFileCache: Scanning file cache for directory 'D:/Software/Git/Project/UEActionRoguelike/ActionRoguelike/Saved/Collections/' took 0.00s
[2022.07.22-13.22.10:882][  0]LogFileCache: Scanning file cache for directory 'D:/Software/Git/Project/UEActionRoguelike/ActionRoguelike/Content/Developers/win10/Collections/' took 0.00s
[2022.07.22-13.22.10:882][  0]LogFileCache: Scanning file cache for directory 'D:/Software/Git/Project/UEActionRoguelike/ActionRoguelike/Content/Collections/' took 0.00s
[2022.07.22-13.22.10:882][  0]LogContentBrowser: Native class hierarchy populated in 0.0084 seconds. Added 3452 classes and 827 folders.
[2022.07.22-13.22.10:884][  0]LogContentBrowser: Native class hierarchy updated for 'WidgetCarousel' in 0.0003 seconds. Added 0 classes and 0 folders.
[2022.07.22-13.22.10:916][  0]LogContentBrowser: Native class hierarchy updated for 'AddContentDialog' in 0.0003 seconds. Added 0 classes and 0 folders.
[2022.07.22-13.22.10:920][  0]LogContentBrowser: Native class hierarchy updated for 'SceneOutliner' in 0.0003 seconds. Added 2 classes and 0 folders.
[2022.07.22-13.22.11:055][  0]LogSlate: Took 0.000109 seconds to synchronously load lazily loaded font '../../../Engine/Content/Slate/Fonts/Roboto-Regular.ttf' (155K)
[2022.07.22-13.22.11:057][  0]LogSlate: Took 0.001358 seconds to synchronously load lazily loaded font '../../../Engine/Content/Slate/Fonts/DroidSansFallback.ttf' (3848K)
[2022.07.22-13.22.11:058][  0]LogSlate: Took 0.000173 seconds to synchronously load lazily loaded font '../../../Engine/Content/Slate/Fonts/Roboto-Bold.ttf' (160K)
[2022.07.22-13.22.11:106][  0]LogRenderer: Reallocating scene render targets to support 1088x572 Format 10 NumSamples 1 (Frame:1).
[2022.07.22-13.22.11:138][  0]LogSlate: Took 0.000125 seconds to synchronously load lazily loaded font '../../../Engine/Content/Slate/Fonts/DroidSansMono.ttf' (77K)
[2022.07.22-13.22.11:191][  0]LogContentBrowser: Native class hierarchy updated for 'HierarchicalLODOutliner' in 0.0004 seconds. Added 0 classes and 0 folders.
[2022.07.22-13.22.11:191][  0]LogLoad: (Engine Initialization) Total time: 6.91 seconds
[2022.07.22-13.22.11:191][  0]LogLoad: (Engine Initialization) Total Blueprint compile time: 0.00 seconds
[2022.07.22-13.22.11:232][  0]LogAssetRegistry: Asset discovery search completed in 3.7865 seconds
[2022.07.22-13.22.11:235][  0]LogCollectionManager: Fixed up redirectors for 0 collections in 0.000003 seconds (updated 0 objects)
[2022.07.22-13.22.11:237][  0]LogContentStreaming: Texture pool size now 1000 MB
[2022.07.22-13.22.14:870][217]LogUObjectHash: Compacting FUObjectHashTables data took   0.48ms
[2022.07.22-13.22.14:932][217]LogSlate: Window 'ActionRoguelike - 虚幻编辑器' being destroyed
[2022.07.22-13.22.15:031][218]Cmd: QUIT_EDITOR
[2022.07.22-13.22.15:031][218]LogCore: Engine exit requested (reason: UUnrealEdEngine::CloseEditor())
[2022.07.22-13.22.15:038][218]LogCore: Engine exit requested (reason: EngineExit() was called; note: exit was already requested)
[2022.07.22-13.22.15:076][218]LogWindowsTextInputMethodSystem: Display: IME system now activated using TSF (微软拼音).
[2022.07.22-13.22.15:085][218]LogExit: Preparing to exit.
[2022.07.22-13.22.15:807][218]LogDemo: Cleaned up 0 splitscreen connections with owner deletion
[2022.07.22-13.22.15:810][218]LogExit: Transaction tracking system shut down
[2022.07.22-13.22.15:812][218]LogWorld: UWorld::CleanupWorld for None, bSessionEnded=true, bCleanupResources=true
[2022.07.22-13.22.15:812][218]LogExit: Editor shut down
[2022.07.22-13.22.15:866][218]LogAISub: UAISubsystem::~UAISubsystem AISubsystem (0000022211D923C0), frame # 218
[2022.07.22-13.22.15:866][218]LogAISub: UAISubsystem::~UAISubsystem AIPerceptionSystem (0000022211D16AC0), frame # 218
[2022.07.22-13.22.15:866][218]LogAISub: UAISubsystem::~UAISubsystem EnvQueryManager (0000022211D71E00), frame # 218
[2022.07.22-13.22.15:875][218]LogAISub: UAISubsystem::~UAISubsystem EnvQueryManager (000002220B21FE00), frame # 218
[2022.07.22-13.22.15:875][218]LogAISub: UAISubsystem::~UAISubsystem AIPerceptionSystem (000002220AA91580), frame # 218
[2022.07.22-13.22.15:894][218]LogExit: Object subsystem successfully closed.
[2022.07.22-13.22.15:930][218]LogShaderCompilers: Display: Shaders left to compile 0
[2022.07.22-13.22.15:938][218]LogModuleManager: Shutting down and abandoning module HierarchicalLODOutliner (794)
[2022.07.22-13.22.15:938][218]LogModuleManager: Shutting down and abandoning module SceneOutliner (792)
[2022.07.22-13.22.15:938][218]LogModuleManager: Shutting down and abandoning module AddContentDialog (790)
[2022.07.22-13.22.15:939][218]LogModuleManager: Shutting down and abandoning module WidgetCarousel (789)
[2022.07.22-13.22.15:939][218]LogModuleManager: Shutting down and abandoning module EditorWidgets (786)
[2022.07.22-13.22.15:939][218]LogModuleManager: Shutting down and abandoning module CollectionManager (784)
[2022.07.22-13.22.15:939][218]LogModuleManager: Shutting down and abandoning module StatsViewer (782)
[2022.07.22-13.22.15:939][218]LogModuleManager: Shutting down and abandoning module VirtualTexturingEditor (780)
[2022.07.22-13.22.15:939][218]LogModuleManager: Shutting down and abandoning module FoliageEdit (778)
[2022.07.22-13.22.15:939][218]LogModuleManager: Shutting down and abandoning module LandscapeEditor (776)
[2022.07.22-13.22.15:939][218]LogModuleManager: Shutting down and abandoning module MeshPaintMode (774)
[2022.07.22-13.22.15:939][218]LogModuleManager: Shutting down and abandoning module SceneDepthPickerMode (772)
[2022.07.22-13.22.15:939][218]LogModuleManager: Shutting down and abandoning module ActorPickerMode (770)
[2022.07.22-13.22.15:939][218]LogModuleManager: Shutting down and abandoning module PIEPreviewDeviceProfileSelector (768)
[2022.07.22-13.22.15:939][218]LogModuleManager: Shutting down and abandoning module SequenceRecorderSections (766)
[2022.07.22-13.22.15:940][218]LogModuleManager: Shutting down and abandoning module AutomationWorker (764)
[2022.07.22-13.22.15:940][218]LogModuleManager: Shutting down and abandoning module SteamVREditor (762)
[2022.07.22-13.22.15:940][218]LogModuleManager: Shutting down and abandoning module OculusMR (760)
[2022.07.22-13.22.15:940][218]LogModuleManager: Shutting down and abandoning module GooglePADEditor (758)
[2022.07.22-13.22.15:940][218]LogModuleManager: Shutting down and abandoning module AudioCaptureEditor (756)
[2022.07.22-13.22.15:940][218]LogModuleManager: Shutting down and abandoning module TemplateSequenceEditor (754)
[2022.07.22-13.22.15:940][218]LogModuleManager: Shutting down and abandoning module MatineeToLevelSequence (752)
[2022.07.22-13.22.15:940][218]LogModuleManager: Shutting down and abandoning module LevelSequenceEditor (750)
[2022.07.22-13.22.15:940][218]LogModuleManager: Shutting down and abandoning module ActorSequenceEditor (748)
[2022.07.22-13.22.15:940][218]LogModuleManager: Shutting down and abandoning module WmfMediaFactory (746)
[2022.07.22-13.22.15:940][218]LogModuleManager: Shutting down and abandoning module WmfMediaEditor (744)
[2022.07.22-13.22.15:940][218]LogModuleManager: Shutting down and abandoning module WebMMediaFactory (742)
[2022.07.22-13.22.15:940][218]LogModuleManager: Shutting down and abandoning module WebMMediaEditor (740)
[2022.07.22-13.22.15:940][218]LogModuleManager: Shutting down and abandoning module WebMMedia (738)
[2022.07.22-13.22.15:940][218]LogModuleManager: Shutting down and abandoning module MediaPlayerEditor (736)
[2022.07.22-13.22.15:940][218]LogModuleManager: Shutting down and abandoning module MediaCompositingEditor (734)
[2022.07.22-13.22.15:941][218]LogModuleManager: Shutting down and abandoning module SequenceRecorder (733)
[2022.07.22-13.22.15:941][218]LogModuleManager: Shutting down and abandoning module OpenExrWrapper (730)
[2022.07.22-13.22.15:941][218]LogModuleManager: Shutting down and abandoning module ImgMediaFactory (728)
[2022.07.22-13.22.15:941][218]LogModuleManager: Shutting down and abandoning module ImgMediaEditor (726)
[2022.07.22-13.22.15:941][218]LogModuleManager: Shutting down and abandoning module AvfMediaFactory (724)
[2022.07.22-13.22.15:941][218]LogModuleManager: Shutting down and abandoning module AvfMediaEditor (722)
[2022.07.22-13.22.15:941][218]LogModuleManager: Shutting down and abandoning module AndroidMediaFactory (720)
[2022.07.22-13.22.15:941][218]LogModuleManager: Shutting down and abandoning module AndroidMediaEditor (718)
[2022.07.22-13.22.15:941][218]LogModuleManager: Shutting down and abandoning module MagicLeapMediaCodecFactory (716)
[2022.07.22-13.22.15:941][218]LogModuleManager: Shutting down and abandoning module MagicLeapMediaFactory (714)
[2022.07.22-13.22.15:941][218]LogModuleManager: Shutting down and abandoning module MagicLeapMediaEditor (712)
[2022.07.22-13.22.15:941][218]LogModuleManager: Shutting down and abandoning module PlanarCut (710)
[2022.07.22-13.22.15:941][218]LogModuleManager: Shutting down and abandoning module CharacterAI (708)
[2022.07.22-13.22.15:941][218]LogModuleManager: Shutting down and abandoning module TextureAlignMode (706)
[2022.07.22-13.22.15:941][218]LogModuleManager: Shutting down and abandoning module BspMode (704)
[2022.07.22-13.22.15:941][218]LogModuleManager: Shutting down and abandoning module PlacementMode (703)
[2022.07.22-13.22.15:941][218]LogModuleManager: Shutting down and abandoning module GeometryMode (700)
[2022.07.22-13.22.15:941][218]LogModuleManager: Shutting down and abandoning module CameraShakePreviewer (698)
[2022.07.22-13.22.15:941][218]LogModuleManager: Shutting down and abandoning module SmartSnapping (696)
[2022.07.22-13.22.15:941][218]LogModuleManager: Shutting down and abandoning module SessionServices (694)
[2022.07.22-13.22.15:941][218]LogModuleManager: Shutting down and abandoning module MeshPaint (692)
[2022.07.22-13.22.15:942][218]LogModuleManager: Shutting down and abandoning module ViewportSnapping (690)
[2022.07.22-13.22.15:942][218]LogModuleManager: Shutting down and abandoning module ViewportInteraction (688)
[2022.07.22-13.22.15:942][218]LogModuleManager: Shutting down and abandoning module ClothPainter (686)
[2022.07.22-13.22.15:942][218]LogModuleManager: Shutting down and abandoning module SkeletalMeshEditor (685)
[2022.07.22-13.22.15:942][218]LogModuleManager: Shutting down and abandoning module LogVisualizer (682)
[2022.07.22-13.22.15:942][218]LogModuleManager: Shutting down and abandoning module IntroTutorials (680)
[2022.07.22-13.22.15:942][218]LogModuleManager: Shutting down and abandoning module GameProjectGeneration (679)
[2022.07.22-13.22.15:942][218]LogModuleManager: Shutting down and abandoning module LuminPlatformEditor (676)
[2022.07.22-13.22.15:942][218]LogModuleManager: Shutting down and abandoning module IOSPlatformEditor (674)
[2022.07.22-13.22.15:942][218]LogModuleManager: Shutting down and abandoning module AndroidPlatformEditor (672)
[2022.07.22-13.22.15:942][218]LogModuleManager: Shutting down and abandoning module AndroidDeviceDetection (671)
[2022.07.22-13.22.16:808][218]LogModuleManager: Shutting down and abandoning module WindowsPlatformEditor (668)
[2022.07.22-13.22.16:808][218]LogModuleManager: Shutting down and abandoning module LuminRuntimeSettings (666)
[2022.07.22-13.22.16:808][218]LogModuleManager: Shutting down and abandoning module IOSRuntimeSettings (664)
[2022.07.22-13.22.16:808][218]LogModuleManager: Shutting down and abandoning module AndroidRuntimeSettings (662)
[2022.07.22-13.22.16:808][218]LogModuleManager: Shutting down and abandoning module TraceInsights (660)
[2022.07.22-13.22.16:808][218]LogModuleManager: Shutting down and abandoning module TraceServices (659)
[2022.07.22-13.22.16:808][218]LogModuleManager: Shutting down and abandoning module EditorInteractiveToolsFramework (656)
[2022.07.22-13.22.16:808][218]LogModuleManager: Shutting down and abandoning module TimeManagementEditor (654)
[2022.07.22-13.22.16:808][218]LogModuleManager: Shutting down and abandoning module InputBindingEditor (652)
[2022.07.22-13.22.16:809][218]LogModuleManager: Shutting down and abandoning module MergeActors (650)
[2022.07.22-13.22.16:809][218]LogModuleManager: Shutting down and abandoning module LocalizationDashboard (648)
[2022.07.22-13.22.16:809][218]LogModuleManager: Shutting down and abandoning module LocalizationService (647)
[2022.07.22-13.22.16:809][218]LogModuleManager: Shutting down and abandoning module HardwareTargeting (644)
[2022.07.22-13.22.16:809][218]LogModuleManager: Shutting down and abandoning module DeviceProfileEditor (642)
[2022.07.22-13.22.16:809][218]LogModuleManager: Shutting down and abandoning module UndoHistory (640)
[2022.07.22-13.22.16:809][218]LogModuleManager: Shutting down and abandoning module XmlParser (638)
[2022.07.22-13.22.16:809][218]LogModuleManager: Shutting down and abandoning module Blutility (636)
[2022.07.22-13.22.16:809][218]LogModuleManager: Shutting down and abandoning module ProjectSettingsViewer (634)
[2022.07.22-13.22.16:809][218]LogModuleManager: Shutting down and abandoning module ProjectTargetPlatformEditor (633)
[2022.07.22-13.22.16:809][218]LogModuleManager: Shutting down and abandoning module EditorSettingsViewer (630)
[2022.07.22-13.22.16:809][218]LogModuleManager: Shutting down and abandoning module SettingsEditor (628)
[2022.07.22-13.22.16:809][218]LogModuleManager: Shutting down and abandoning module ProjectLauncher (626)
[2022.07.22-13.22.16:809][218]LogModuleManager: Shutting down and abandoning module SessionFrontend (624)
[2022.07.22-13.22.16:809][218]LogModuleManager: Shutting down and abandoning module ProfilerClient (622)
[2022.07.22-13.22.16:809][218]LogModuleManager: Shutting down and abandoning module DeviceManager (620)
[2022.07.22-13.22.16:809][218]LogModuleManager: Shutting down and abandoning module TargetDeviceServices (619)
[2022.07.22-13.22.16:843][218]LogModuleManager: Shutting down and abandoning module AutomationController (616)
[2022.07.22-13.22.16:843][218]LogModuleManager: Shutting down and abandoning module AutomationWindow (614)
[2022.07.22-13.22.16:843][218]LogModuleManager: Shutting down and abandoning module Layers (612)
[2022.07.22-13.22.16:843][218]LogModuleManager: Shutting down and abandoning module ComponentVisualizers (610)
[2022.07.22-13.22.16:843][218]LogModuleManager: Shutting down and abandoning module DetailCustomizations (608)
[2022.07.22-13.22.16:843][218]LogModuleManager: Shutting down and abandoning module PackagesDialog (606)
[2022.07.22-13.22.16:843][218]LogModuleManager: Shutting down and abandoning module AnimationBlueprintEditor (604)
[2022.07.22-13.22.16:843][218]LogModuleManager: Shutting down and abandoning module Persona (602)
[2022.07.22-13.22.16:843][218]LogModuleManager: Shutting down and abandoning module AdvancedPreviewScene (601)
[2022.07.22-13.22.16:843][218]LogModuleManager: Shutting down and abandoning module AnimGraph (599)
[2022.07.22-13.22.16:843][218]LogModuleManager: Shutting down and abandoning module Kismet (596)
[2022.07.22-13.22.16:844][218]LogModuleManager: Shutting down and abandoning module KismetWidgets (595)
[2022.07.22-13.22.16:844][218]LogModuleManager: Shutting down and abandoning module GraphEditor (592)
[2022.07.22-13.22.16:844][218]LogModuleManager: Shutting down and abandoning module StructViewer (590)
[2022.07.22-13.22.16:844][218]LogModuleManager: Shutting down and abandoning module ClassViewer (588)
[2022.07.22-13.22.16:844][218]LogModuleManager: Shutting down and abandoning module Toolbox (586)
[2022.07.22-13.22.16:844][218]LogModuleManager: Shutting down and abandoning module ModuleUI (584)
[2022.07.22-13.22.16:844][218]LogModuleManager: Shutting down and abandoning module OutputLog (582)
[2022.07.22-13.22.16:844][218]LogModuleManager: Shutting down and abandoning module GammaUI (580)
[2022.07.22-13.22.16:844][218]LogModuleManager: Shutting down and abandoning module Documentation (578)
[2022.07.22-13.22.16:844][218]LogModuleManager: Shutting down and abandoning module LiveCoding (576)
[2022.07.22-13.22.16:844][218]LogModuleManager: Shutting down and abandoning module LevelSequence (574)
[2022.07.22-13.22.16:844][218]LogModuleManager: Shutting down and abandoning module MovieSceneTracks (572)
[2022.07.22-13.22.16:844][218]LogModuleManager: Shutting down and abandoning module MovieScene (570)
[2022.07.22-13.22.16:845][218]LogModuleManager: Shutting down and abandoning module StreamingPauseRendering (568)
[2022.07.22-13.22.16:845][218]LogModuleManager: Shutting down and abandoning module LauncherPlatform (566)
[2022.07.22-13.22.16:845][218]LogModuleManager: Shutting down and abandoning module AnalyticsET (564)
[2022.07.22-13.22.16:845][218]LogModuleManager: Shutting down and abandoning module PortalServices (562)
[2022.07.22-13.22.16:845][218]LogModuleManager: Shutting down and abandoning module PortalRpc (560)
[2022.07.22-13.22.16:845][218]LogModuleManager: Shutting down and abandoning module MessagingRpc (558)
[2022.07.22-13.22.16:845][218]LogModuleManager: Shutting down and abandoning module AudioMixerXAudio2 (556)
[2022.07.22-13.22.16:845][218]LogModuleManager: Shutting down and abandoning module AudioMixerCore (555)
[2022.07.22-13.22.16:845][218]LogModuleManager: Shutting down and abandoning module AIModule (552)
[2022.07.22-13.22.16:845][218]LogModuleManager: Shutting down and abandoning module GameplayDebugger (551)
[2022.07.22-13.22.16:845][218]LogModuleManager: Shutting down and abandoning module AITestSuite (549)
[2022.07.22-13.22.16:845][218]LogModuleManager: Shutting down and abandoning module NavigationSystem (547)
[2022.07.22-13.22.16:845][218]LogModuleManager: Shutting down and abandoning module ProfilerService (544)
[2022.07.22-13.22.16:972][218]LogModuleManager: Shutting down and abandoning module TaskGraph (542)
[2022.07.22-13.22.16:972][218]LogModuleManager: Shutting down and abandoning module ScreenshotTools (540)
[2022.07.22-13.22.16:972][218]LogModuleManager: Shutting down and abandoning module SynthesisEditor (538)
[2022.07.22-13.22.16:972][218]LogModuleManager: Shutting down and abandoning module Synthesis (536)
[2022.07.22-13.22.16:972][218]LogModuleManager: Shutting down and abandoning module ProceduralMeshComponentEditor (534)
[2022.07.22-13.22.16:972][218]LogModuleManager: Shutting down and abandoning module ProceduralMeshComponent (532)
[2022.07.22-13.22.16:972][218]LogModuleManager: Shutting down and abandoning module OculusEditor (530)
[2022.07.22-13.22.16:973][218]LogModuleManager: Shutting down and abandoning module OculusInput (528)
[2022.07.22-13.22.16:973][218]LogModuleManager: Shutting down and abandoning module MobilePatchingUtils (526)
[2022.07.22-13.22.16:973][218]LogModuleManager: Shutting down and abandoning module GooglePAD (524)
[2022.07.22-13.22.16:973][218]LogModuleManager: Shutting down and abandoning module EditableMesh (522)
[2022.07.22-13.22.16:973][218]LogModuleManager: Shutting down and abandoning module CustomMeshComponent (520)
[2022.07.22-13.22.16:973][218]LogModuleManager: Shutting down and abandoning module CableComponent (518)
[2022.07.22-13.22.16:973][218]LogModuleManager: Shutting down and abandoning module AudioCapture (516)
[2022.07.22-13.22.16:973][218]LogModuleManager: Shutting down and abandoning module AudioCaptureRtAudio (515)
[2022.07.22-13.22.16:973][218]LogModuleManager: Shutting down and abandoning module AssetTags (512)
[2022.07.22-13.22.16:973][218]LogModuleManager: Shutting down and abandoning module ArchVisCharacter (510)
[2022.07.22-13.22.16:973][218]LogModuleManager: Shutting down and abandoning module AppleImageUtilsBlueprintSupport (508)
[2022.07.22-13.22.16:973][218]LogModuleManager: Shutting down and abandoning module AppleImageUtils (506)
[2022.07.22-13.22.16:973][218]LogModuleManager: Shutting down and abandoning module AndroidPermission (504)
[2022.07.22-13.22.16:973][218]LogModuleManager: Shutting down and abandoning module NUTUnrealEngine4 (502)
[2022.07.22-13.22.16:973][218]LogModuleManager: Shutting down and abandoning module NetcodeUnitTest (500)
[2022.07.22-13.22.16:973][218]LogModuleManager: Shutting down and abandoning module TemplateSequence (498)
[2022.07.22-13.22.16:973][218]LogModuleManager: Shutting down and abandoning module MovieRenderPipelineEditor (496)
[2022.07.22-13.22.16:973][218]LogModuleManager: Shutting down and abandoning module MovieRenderPipelineRenderPasses (494)
[2022.07.22-13.22.16:973][218]LogModuleManager: Shutting down and abandoning module MovieRenderPipelineSettings (492)
[2022.07.22-13.22.16:973][218]LogModuleManager: Shutting down and abandoning module MovieRenderPipelineCore (490)
[2022.07.22-13.22.16:973][218]LogModuleManager: Shutting down and abandoning module ImageWriteQueue (489)
[2022.07.22-13.22.16:979][218]LogModuleManager: Shutting down and abandoning module MeshPaintingToolset (486)
[2022.07.22-13.22.16:979][218]LogModuleManager: Shutting down and abandoning module MeshPaintEditorMode (484)
[2022.07.22-13.22.16:979][218]LogModuleManager: Shutting down and abandoning module MediaCompositing (482)
[2022.07.22-13.22.16:979][218]LogModuleManager: Shutting down and abandoning module ImgMedia (480)
[2022.07.22-13.22.16:979][218]LogModuleManager: Shutting down and abandoning module MagicLeapSharedWorld (478)
[2022.07.22-13.22.16:979][218]LogModuleManager: Shutting down and abandoning module MagicLeapLightEstimation (476)
[2022.07.22-13.22.16:979][218]LogModuleManager: Shutting down and abandoning module MagicLeapHelperVulkan (474)
[2022.07.22-13.22.16:979][218]LogModuleManager: Shutting down and abandoning module MagicLeapHelperOpenGL (472)
[2022.07.22-13.22.16:979][218]LogModuleManager: Shutting down and abandoning module MagicLeapAudio (470)
[2022.07.22-13.22.16:979][218]LogModuleManager: Shutting down and abandoning module NiagaraEditorWidgets (468)
[2022.07.22-13.22.16:979][218]LogModuleManager: Shutting down and abandoning module MeshSolverUtilities (466)
[2022.07.22-13.22.16:979][218]LogModuleManager: Shutting down and abandoning module MeshConversion (464)
[2022.07.22-13.22.16:980][218]LogModuleManager: Shutting down and abandoning module DynamicMesh (462)
[2022.07.22-13.22.16:980][218]LogModuleManager: Shutting down and abandoning module GeometryAlgorithms (460)
[2022.07.22-13.22.16:980][218]LogModuleManager: Shutting down and abandoning module GeometricObjects (458)
[2022.07.22-13.22.16:980][218]LogModuleManager: Shutting down and abandoning module GeometryCollectionTracks (456)
[2022.07.22-13.22.16:980][218]LogModuleManager: Shutting down and abandoning module GeometryCollectionSequencer (455)
[2022.07.22-13.22.16:980][218]LogModuleManager: Shutting down and abandoning module GeometryCollectionEditor (452)
[2022.07.22-13.22.16:980][218]LogModuleManager: Shutting down and abandoning module GeometryCacheTracks (450)
[2022.07.22-13.22.16:980][218]LogModuleManager: Shutting down and abandoning module GeometryCacheSequencer (448)
[2022.07.22-13.22.16:980][218]LogModuleManager: Shutting down and abandoning module ChaosSolverEditor (446)
[2022.07.22-13.22.16:980][218]LogModuleManager: Shutting down and abandoning module ChaosNiagara (444)
[2022.07.22-13.22.16:980][218]LogModuleManager: Shutting down and abandoning module FractureEditor (442)
[2022.07.22-13.22.16:980][218]LogModuleManager: Shutting down and abandoning module ChaosClothEditor (440)
[2022.07.22-13.22.16:980][218]LogModuleManager: Shutting down and abandoning module ChaosCloth (438)
[2022.07.22-13.22.16:980][218]LogModuleManager: Shutting down and abandoning module BackChannel (436)
[2022.07.22-13.22.16:980][218]LogModuleManager: Shutting down and abandoning module AutomationUtilsEditor (434)
[2022.07.22-13.22.16:980][218]LogModuleManager: Shutting down and abandoning module AutomationUtils (432)
[2022.07.22-13.22.16:980][218]LogModuleManager: Shutting down and abandoning module AlembicImporter (430)
[2022.07.22-13.22.16:980][218]LogModuleManager: Shutting down and abandoning module AlembicLibrary (429)
[2022.07.22-13.22.16:980][218]LogModuleManager: Shutting down and abandoning module GeometryCache (428)
[2022.07.22-13.22.16:980][218]LogModuleManager: Shutting down and abandoning module GeometryCacheEd (427)
[2022.07.22-13.22.16:980][218]LogModuleManager: Shutting down and abandoning module VariantManagerContentEditor (422)
[2022.07.22-13.22.16:981][218]LogModuleManager: Shutting down and abandoning module DatasmithContentEditor (420)
[2022.07.22-13.22.16:981][218]LogModuleManager: Shutting down and abandoning module SpeedTreeImporter (418)
[2022.07.22-13.22.16:981][218]LogModuleManager: Shutting down and abandoning module PluginBrowser (416)
[2022.07.22-13.22.16:981][218]LogModuleManager: Shutting down and abandoning module MobileLauncherProfileWizard (414)
[2022.07.22-13.22.16:981][218]LogModuleManager: Shutting down and abandoning module MaterialAnalyzer (412)
[2022.07.22-13.22.16:981][218]LogModuleManager: Shutting down and abandoning module EditorScriptingUtilities (410)
[2022.07.22-13.22.16:981][218]LogModuleManager: Shutting down and abandoning module CurveEditorTools (408)
[2022.07.22-13.22.16:981][218]LogModuleManager: Shutting down and abandoning module CryptoKeysOpenSSL (406)
[2022.07.22-13.22.16:981][218]LogModuleManager: Shutting down and abandoning module CryptoKeys (404)
[2022.07.22-13.22.16:981][218]LogModuleManager: Shutting down and abandoning module VisualStudioSourceCodeAccess (402)
[2022.07.22-13.22.16:981][218]LogModuleManager: Shutting down and abandoning module VisualStudioCodeSourceCodeAccess (400)
[2022.07.22-13.22.16:981][218]LogModuleManager: Shutting down and abandoning module UObjectPlugin (398)
[2022.07.22-13.22.16:981][218]LogModuleManager: Shutting down and abandoning module SubversionSourceControl (396)
[2022.07.22-13.22.16:981][218]LogModuleManager: Shutting down and abandoning module RiderSourceCodeAccess (394)
[2022.07.22-13.22.16:981][218]LogModuleManager: Shutting down and abandoning module PlasticSourceControl (392)
[2022.07.22-13.22.16:981][218]LogModuleManager: Shutting down and abandoning module PerforceSourceControl (390)
[2022.07.22-13.22.16:981][218]LogModuleManager: Shutting down and abandoning module GitSourceControl (388)
[2022.07.22-13.22.16:981][218]LogModuleManager: Shutting down and abandoning module SourceControl (387)
[2022.07.22-13.22.16:981][218]LogModuleManager: Shutting down and abandoning module CLionSourceCodeAccess (384)
[2022.07.22-13.22.16:981][218]LogModuleManager: Shutting down and abandoning module AnimationSharingEd (382)
[2022.07.22-13.22.16:982][218]LogModuleManager: Shutting down and abandoning module ActorLayerUtilitiesEditor (380)
[2022.07.22-13.22.16:982][218]LogModuleManager: Shutting down and abandoning module ActorLayerUtilities (378)
[2022.07.22-13.22.16:982][218]LogModuleManager: Shutting down and abandoning module LightPropagationVolumeEditor (376)
[2022.07.22-13.22.16:982][218]LogModuleManager: Shutting down and abandoning module PaperTiledImporter (374)
[2022.07.22-13.22.16:982][218]LogModuleManager: Shutting down and abandoning module PaperSpriteSheetImporter (372)
[2022.07.22-13.22.16:982][218]LogModuleManager: Shutting down and abandoning module Paper2DEditor (370)
[2022.07.22-13.22.16:982][218]LogModuleManager: Shutting down and abandoning module ActionRoguelike (368)
[2022.07.22-13.22.16:982][218]LogModuleManager: Shutting down and abandoning module SoundFields (366)
[2022.07.22-13.22.16:982][218]LogModuleManager: Shutting down and abandoning module SignificanceManager (364)
[2022.07.22-13.22.16:982][218]LogModuleManager: Shutting down and abandoning module RuntimePhysXCooking (362)
[2022.07.22-13.22.16:982][218]LogModuleManager: Shutting down and abandoning module PhysXVehiclesEditor (360)
[2022.07.22-13.22.16:982][218]LogModuleManager: Shutting down and abandoning module LocationServicesBPLibrary (356)
[2022.07.22-13.22.16:982][218]LogModuleManager: Shutting down and abandoning module ActorSequence (354)
[2022.07.22-13.22.16:982][218]LogModuleManager: Shutting down and abandoning module UdpMessaging (352)
