Log file open, 08/11/22 21:21:44
LogInit: Display: Running engine for game: ActionRoguelike
LogPlatformFile: Not using cached read wrapper
LogTaskGraph: Started task graph with 5 named threads and 47 total threads with 3 sets of task threads.
LogStats: Stats thread started at 0.307051
LogD3D11RHI: Loaded GFSDK_Aftermath_Lib.x64.dll
LogICUInternationalization: ICU TimeZone Detection - Raw Offset: +9:00, Platform Override: ''
LogPluginManager: Mounting plugin Paper2D
LogPluginManager: Mounting plugin AISupport
LogPluginManager: Mounting plugin LightPropagationVolume
LogPluginManager: Mounting plugin CameraShakePreviewer
LogPluginManager: Mounting plugin ActorLayerUtilities
LogPluginManager: Mounting plugin AnimationSharing
LogPluginManager: Mounting plugin CLionSourceCodeAccess
LogPluginManager: Mounting plugin CodeLiteSourceCodeAccess
LogPluginManager: Mounting plugin GitSourceControl
LogPluginManager: Mounting plugin KDevelopSourceCodeAccess
LogPluginManager: Mounting plugin NullSourceCodeAccess
LogPluginManager: Mounting plugin PerforceSourceControl
LogPluginManager: Mounting plugin PlasticSourceControl
LogPluginManager: Mounting plugin RiderSourceCodeAccess
LogPluginManager: Mounting plugin SubversionSourceControl
LogPluginManager: Mounting plugin UObjectPlugin
LogPluginManager: Mounting plugin VisualStudioCodeSourceCodeAccess
LogPluginManager: Mounting plugin VisualStudioSourceCodeAccess
LogPluginManager: Mounting plugin XCodeSourceCodeAccess
LogPluginManager: Mounting plugin AssetManagerEditor
LogPluginManager: Mounting plugin CryptoKeys
LogPluginManager: Mounting plugin CurveEditorTools
LogPluginManager: Mounting plugin DataValidation
LogPluginManager: Mounting plugin EditorScriptingUtilities
LogPluginManager: Mounting plugin FacialAnimation
LogPluginManager: Mounting plugin GameplayTagsEditor
LogPluginManager: Mounting plugin GeometryMode
LogPluginManager: Mounting plugin MacGraphicsSwitching
LogPluginManager: Mounting plugin MaterialAnalyzer
LogPluginManager: Mounting plugin MobileLauncherProfileWizard
LogPluginManager: Mounting plugin PluginBrowser
LogPluginManager: Mounting plugin SpeedTreeImporter
LogPluginManager: Mounting plugin DatasmithContent
LogPluginManager: Mounting plugin VariantManagerContent
LogPluginManager: Mounting plugin AlembicImporter
LogPluginManager: Mounting plugin AutomationUtils
LogPluginManager: Mounting plugin BackChannel
LogPluginManager: Mounting plugin ChaosCloth
LogPluginManager: Mounting plugin ChaosClothEditor
LogPluginManager: Mounting plugin ChaosEditor
LogPluginManager: Mounting plugin ChaosNiagara
LogPluginManager: Mounting plugin ChaosSolverPlugin
LogPluginManager: Mounting plugin CharacterAI
LogPluginManager: Mounting plugin GeometryCache
LogPluginManager: Mounting plugin GeometryCollectionPlugin
LogPluginManager: Mounting plugin GeometryProcessing
LogPluginManager: Mounting plugin PlanarCut
LogPluginManager: Mounting plugin PlatformCrypto
LogPluginManager: Mounting plugin ProxyLODPlugin
LogPluginManager: Mounting plugin SkeletalReduction
LogPluginManager: Mounting plugin Niagara
LogPluginManager: Mounting plugin MagicLeap
LogPluginManager: Mounting plugin MagicLeapLightEstimation
LogPluginManager: Mounting plugin MagicLeapMedia
LogPluginManager: Mounting plugin MagicLeapPassableWorld
LogPluginManager: Mounting plugin MLSDK
LogPluginManager: Mounting plugin AndroidMedia
LogPluginManager: Mounting plugin AvfMedia
LogPluginManager: Mounting plugin ImgMedia
LogPluginManager: Mounting plugin MediaCompositing
LogPluginManager: Mounting plugin MediaPlayerEditor
LogPluginManager: Mounting plugin WebMMedia
LogPluginManager: Mounting plugin WmfMedia
LogPluginManager: Mounting plugin MeshPainting
LogPluginManager: Mounting plugin TcpMessaging
LogPluginManager: Mounting plugin UdpMessaging
LogPluginManager: Mounting plugin ActorSequence
LogPluginManager: Mounting plugin LevelSequenceEditor
LogPluginManager: Mounting plugin MatineeToLevelSequence
LogPluginManager: Mounting plugin MovieRenderPipeline
LogPluginManager: Mounting plugin TemplateSequence
LogPluginManager: Mounting plugin NetcodeUnitTest
LogPluginManager: Mounting plugin NUTUnrealEngine4
LogPluginManager: Mounting plugin OnlineSubsystemGooglePlay
LogPluginManager: Mounting plugin OnlineSubsystemIOS
LogPluginManager: Mounting plugin OnlineSubsystem
LogPluginManager: Mounting plugin OnlineSubsystemNull
LogPluginManager: Mounting plugin OnlineSubsystemUtils
LogPluginManager: Mounting plugin LauncherChunkInstaller
LogPluginManager: Mounting plugin AndroidDeviceProfileSelector
LogPluginManager: Mounting plugin AndroidMoviePlayer
LogPluginManager: Mounting plugin AndroidPermission
LogPluginManager: Mounting plugin AppleImageUtils
LogPluginManager: Mounting plugin AppleMoviePlayer
LogPluginManager: Mounting plugin ArchVisCharacter
LogPluginManager: Mounting plugin AssetTags
LogPluginManager: Mounting plugin AudioCapture
LogPluginManager: Mounting plugin CableComponent
LogPluginManager: Mounting plugin CustomMeshComponent
LogPluginManager: Mounting plugin EditableMesh
LogPluginManager: Mounting plugin ExampleDeviceProfileSelector
LogPluginManager: Mounting plugin GoogleCloudMessaging
LogPluginManager: Mounting plugin GooglePAD
LogPluginManager: Mounting plugin IOSDeviceProfileSelector
LogPluginManager: Mounting plugin LinuxDeviceProfileSelector
LogPluginManager: Mounting plugin LocationServicesBPLibrary
LogPluginManager: Mounting plugin MobilePatchingUtils
LogPluginManager: Mounting plugin OculusVR
LogPluginManager: Mounting plugin PhysXVehicles
LogPluginManager: Mounting plugin PostSplashScreen
LogPluginManager: Mounting plugin ProceduralMeshComponent
LogPluginManager: Mounting plugin RuntimePhysXCooking
LogPluginManager: Mounting plugin SignificanceManager
LogPluginManager: Mounting plugin SoundFields
LogPluginManager: Mounting plugin SteamVR
LogPluginManager: Mounting plugin Synthesis
LogPluginManager: Mounting plugin WebMMoviePlayer
LogPluginManager: Mounting plugin WindowsMoviePlayer
LogPluginManager: Mounting plugin ScreenshotTools
LogInit: Using libcurl 7.55.1-DEV
LogInit:  - built for x86_64-pc-win32
LogInit:  - supports SSL with OpenSSL/1.1.1
LogInit:  - supports HTTP deflate (compression) using libz 1.2.8
LogInit:  - other features:
LogInit:      CURL_VERSION_SSL
LogInit:      CURL_VERSION_LIBZ
LogInit:      CURL_VERSION_IPV6
LogInit:      CURL_VERSION_ASYNCHDNS
LogInit:      CURL_VERSION_LARGEFILE
LogInit:      CURL_VERSION_IDN
LogInit:  CurlRequestOptions (configurable via config and command line):
LogInit:  - bVerifyPeer = true  - Libcurl will verify peer certificate
LogInit:  - bUseHttpProxy = false  - Libcurl will NOT use HTTP proxy
LogInit:  - bDontReuseConnections = false  - Libcurl will reuse connections
LogInit:  - MaxHostConnections = 16  - Libcurl will limit the number of connections to a host
LogInit:  - LocalHostAddr = Default
LogInit:  - BufferSize = 65536
LogOnline: OSS: Creating online subsystem instance for: NULL
LogInit: WinSock: version 1.1 (2.2), MaxSocks=32767, MaxUdp=65467
LogOnline: OSS: TryLoadSubsystemAndSetDefault: Loaded subsystem for module [NULL]
LogInit: Build: ++UE4+Release-4.25-CL-14469661
LogInit: Engine Version: 4.25.4-14469661+++UE4+Release-4.25
LogInit: Compatible Engine Version: 4.25.0-13144385+++UE4+Release-4.25
LogInit: Net CL: 13144385
LogInit: OS: Windows 10 (Release 2009) (), CPU: 11th Gen Intel(R) Core(TM) i7-11800H @ 2.30GHz, GPU: Intel(R) UHD Graphics
LogInit: Compiled (64-bit): Oct 11 2020 08:10:49
LogInit: Compiled with Visual C++: 19.24.28315.00
LogInit: Build Configuration: Development
LogInit: Branch Name: ++UE4+Release-4.25
LogInit: Command Line:  -skipcompile
LogInit: Base Directory: D:/Software/Epic/UE_4.25/Engine/Binaries/Win64/
LogInit: Allocator: TBB
LogInit: Installed Engine Build: 1
LogDevObjectVersion: Number of dev versions registered: 26
LogDevObjectVersion:   Dev-Blueprints (B0D832E4-1F89-4F0D-ACCF-7EB736FD4AA2): 10
LogDevObjectVersion:   Dev-Build (E1C64328-A22C-4D53-A36C-8E866417BD8C): 0
LogDevObjectVersion:   Dev-Core (375EC13C-06E4-48FB-B500-84F0262A717E): 4
LogDevObjectVersion:   Dev-Editor (E4B068ED-F494-42E9-A231-DA0B2E46BB41): 38
LogDevObjectVersion:   Dev-Framework (CFFC743F-43B0-4480-9391-14DF171D2073): 37
LogDevObjectVersion:   Dev-Mobile (B02B49B5-BB20-44E9-A304-32B752E40360): 2
LogDevObjectVersion:   Dev-Networking (A4E4105C-59A1-49B5-A7C5-40C4547EDFEE): 0
LogDevObjectVersion:   Dev-Online (39C831C9-5AE6-47DC-9A44-9C173E1C8E7C): 0
LogDevObjectVersion:   Dev-Physics (78F01B33-EBEA-4F98-B9B4-84EACCB95AA2): 4
LogDevObjectVersion:   Dev-Platform (6631380F-2D4D-43E0-8009-CF276956A95A): 0
LogDevObjectVersion:   Dev-Rendering (12F88B9F-8875-4AFC-A67C-D90C383ABD29): 43
LogDevObjectVersion:   Dev-Sequencer (7B5AE74C-D270-4C10-A958-57980B212A5A): 12
LogDevObjectVersion:   Dev-VR (D7296918-1DD6-4BDD-9DE2-64A83CC13884): 3
LogDevObjectVersion:   Dev-LoadTimes (C2A15278-BFE7-4AFE-6C17-90FF531DF755): 1
LogDevObjectVersion:   Private-Geometry (6EACA3D4-40EC-4CC1-B786-8BED09428FC5): 3
LogDevObjectVersion:   Dev-AnimPhys (29E575DD-E0A3-4627-9D10-D276232CDCEA): 17
LogDevObjectVersion:   Dev-Anim (AF43A65D-7FD3-4947-9873-3E8ED9C1BB05): 7
LogDevObjectVersion:   Dev-ReflectionCapture (6B266CEC-1EC7-4B8F-A30B-E4D90942FC07): 1
LogDevObjectVersion:   Dev-Automation (0DF73D61-A23F-47EA-B727-89E90C41499A): 1
LogDevObjectVersion:   FortniteMain (601D1886-AC64-4F84-AA16-D3DE0DEAC7D6): 31
LogDevObjectVersion:   Dev-Enterprise (9DFFBCD6-494F-0158-E221-12823C92A888): 10
LogDevObjectVersion:   Dev-Niagara (F2AED0AC-9AFE-416F-8664-AA7FFA26D6FC): 1
LogDevObjectVersion:   Dev-Destruction (174F1F0B-B4C6-45A5-B13F-2EE8D0FB917D): 10
LogDevObjectVersion:   Dev-Physics-Ext (35F94A83-E258-406C-A318-09F59610247C): 37
LogDevObjectVersion:   Dev-PhysicsMaterial-Chaos (B68FC16E-8B1B-42E2-B453-215C058844FE): 1
LogDevObjectVersion:   Dev-CineCamera (B2E18506-4273-CFC2-A54E-F4BB758BBA07): 1
LogInit: Presizing for max 25165824 objects, including 0 objects not considered by GC, pre-allocating 0 bytes for permanent pool.
LogConfig: Applying CVar settings from Section [/Script/Engine.StreamingSettings] File [D:/Software/Git/Project/UEActionRoguelike/ActionRoguelike/Saved/Config/Windows/Engine.ini]
LogConfig: Setting CVar [[s.MinBulkDataSizeForAsyncLoading:131072]]
LogConfig: Setting CVar [[s.AsyncLoadingThreadEnabled:0]]
LogConfig: Setting CVar [[s.EventDrivenLoaderEnabled:1]]
LogConfig: Setting CVar [[s.WarnIfTimeLimitExceeded:0]]
LogConfig: Setting CVar [[s.TimeLimitExceededMultiplier:1.5]]
LogConfig: Setting CVar [[s.TimeLimitExceededMinTime:0.005]]
LogConfig: Setting CVar [[s.UseBackgroundLevelStreaming:1]]
LogConfig: Setting CVar [[s.PriorityAsyncLoadingExtraTime:15.0]]
LogConfig: Setting CVar [[s.LevelStreamingActorsUpdateTimeLimit:5.0]]
LogConfig: Setting CVar [[s.PriorityLevelStreamingActorsUpdateExtraTime:5.0]]
LogConfig: Setting CVar [[s.LevelStreamingComponentsRegistrationGranularity:10]]
LogConfig: Setting CVar [[s.UnregisterComponentsTimeLimit:1.0]]
LogConfig: Setting CVar [[s.LevelStreamingComponentsUnregistrationGranularity:5]]
LogConfig: Setting CVar [[s.FlushStreamingOnExit:1]]
LogInit: Object subsystem initialized
LogConfig: Setting CVar [[con.DebugEarlyDefault:1]]
LogConfig: Setting CVar [[r.setres:1280x720]]
[2022.08.11-12.21.44:509][  0]LogConfig: Setting CVar [[r.VSync:0]]
[2022.08.11-12.21.44:510][  0]LogConfig: Setting CVar [[r.RHICmdBypass:0]]
[2022.08.11-12.21.44:510][  0]LogConfig: Applying CVar settings from Section [/Script/Engine.RendererSettings] File [D:/Software/Git/Project/UEActionRoguelike/ActionRoguelike/Saved/Config/Windows/Engine.ini]
[2022.08.11-12.21.44:510][  0]LogConfig: Setting CVar [[r.GPUCrashDebugging:0]]
[2022.08.11-12.21.44:510][  0]LogConfig: Applying CVar settings from Section [/Script/Engine.RendererOverrideSettings] File [D:/Software/Git/Project/UEActionRoguelike/ActionRoguelike/Saved/Config/Windows/Engine.ini]
[2022.08.11-12.21.44:510][  0]LogConfig: Applying CVar settings from Section [/Script/Engine.StreamingSettings] File [D:/Software/Git/Project/UEActionRoguelike/ActionRoguelike/Saved/Config/Windows/Engine.ini]
[2022.08.11-12.21.44:510][  0]LogConfig: Setting CVar [[s.MinBulkDataSizeForAsyncLoading:131072]]
[2022.08.11-12.21.44:510][  0]LogConfig: Setting CVar [[s.AsyncLoadingThreadEnabled:0]]
[2022.08.11-12.21.44:510][  0]LogConfig: Setting CVar [[s.EventDrivenLoaderEnabled:1]]
[2022.08.11-12.21.44:510][  0]LogConfig: Setting CVar [[s.WarnIfTimeLimitExceeded:0]]
[2022.08.11-12.21.44:510][  0]LogConfig: Setting CVar [[s.TimeLimitExceededMultiplier:1.5]]
[2022.08.11-12.21.44:510][  0]LogConfig: Setting CVar [[s.TimeLimitExceededMinTime:0.005]]
[2022.08.11-12.21.44:510][  0]LogConfig: Setting CVar [[s.UseBackgroundLevelStreaming:1]]
[2022.08.11-12.21.44:510][  0]LogConfig: Setting CVar [[s.PriorityAsyncLoadingExtraTime:15.0]]
[2022.08.11-12.21.44:510][  0]LogConfig: Setting CVar [[s.LevelStreamingActorsUpdateTimeLimit:5.0]]
[2022.08.11-12.21.44:510][  0]LogConfig: Setting CVar [[s.PriorityLevelStreamingActorsUpdateExtraTime:5.0]]
[2022.08.11-12.21.44:510][  0]LogConfig: Setting CVar [[s.LevelStreamingComponentsRegistrationGranularity:10]]
[2022.08.11-12.21.44:510][  0]LogConfig: Setting CVar [[s.UnregisterComponentsTimeLimit:1.0]]
[2022.08.11-12.21.44:510][  0]LogConfig: Setting CVar [[s.LevelStreamingComponentsUnregistrationGranularity:5]]
[2022.08.11-12.21.44:510][  0]LogConfig: Setting CVar [[s.FlushStreamingOnExit:1]]
[2022.08.11-12.21.44:510][  0]LogConfig: Applying CVar settings from Section [/Script/Engine.GarbageCollectionSettings] File [D:/Software/Git/Project/UEActionRoguelike/ActionRoguelike/Saved/Config/Windows/Engine.ini]
[2022.08.11-12.21.44:510][  0]LogConfig: Setting CVar [[gc.MaxObjectsNotConsideredByGC:1]]
[2022.08.11-12.21.44:510][  0]LogConfig: Setting CVar [[gc.SizeOfPermanentObjectPool:0]]
[2022.08.11-12.21.44:510][  0]LogConfig: Setting CVar [[gc.FlushStreamingOnGC:0]]
[2022.08.11-12.21.44:510][  0]LogConfig: Setting CVar [[gc.NumRetriesBeforeForcingGC:10]]
[2022.08.11-12.21.44:510][  0]LogConfig: Setting CVar [[gc.AllowParallelGC:1]]
[2022.08.11-12.21.44:510][  0]LogConfig: Setting CVar [[gc.TimeBetweenPurgingPendingKillObjects:61.1]]
[2022.08.11-12.21.44:510][  0]LogConfig: Setting CVar [[gc.MaxObjectsInEditor:25165824]]
[2022.08.11-12.21.44:511][  0]LogConfig: Setting CVar [[gc.IncrementalBeginDestroyEnabled:1]]
[2022.08.11-12.21.44:511][  0]LogConfig: Setting CVar [[gc.CreateGCClusters:1]]
[2022.08.11-12.21.44:511][  0]LogConfig: Setting CVar [[gc.MinGCClusterSize:5]]
[2022.08.11-12.21.44:511][  0]LogConfig: Setting CVar [[gc.ActorClusteringEnabled:0]]
[2022.08.11-12.21.44:511][  0]LogConfig: Setting CVar [[gc.BlueprintClusteringEnabled:0]]
[2022.08.11-12.21.44:511][  0]LogConfig: Setting CVar [[gc.UseDisregardForGCOnDedicatedServers:0]]
[2022.08.11-12.21.44:511][  0]LogConfig: Applying CVar settings from Section [/Script/Engine.NetworkSettings] File [D:/Software/Git/Project/UEActionRoguelike/ActionRoguelike/Saved/Config/Windows/Engine.ini]
[2022.08.11-12.21.44:511][  0]LogConfig: Applying CVar settings from Section [/Script/UnrealEd.CookerSettings] File [D:/Software/Git/Project/UEActionRoguelike/ActionRoguelike/Saved/Config/Windows/Engine.ini]
[2022.08.11-12.21.44:517][  0]LogConfig: Applying CVar settings from Section [ViewDistanceQuality@3] File [D:/Software/Git/Project/UEActionRoguelike/ActionRoguelike/Saved/Config/Windows/Scalability.ini]
[2022.08.11-12.21.44:517][  0]LogConfig: Setting CVar [[r.SkeletalMeshLODBias:0]]
[2022.08.11-12.21.44:517][  0]LogConfig: Setting CVar [[r.ViewDistanceScale:1.0]]
[2022.08.11-12.21.44:517][  0]LogConfig: Applying CVar settings from Section [AntiAliasingQuality@3] File [D:/Software/Git/Project/UEActionRoguelike/ActionRoguelike/Saved/Config/Windows/Scalability.ini]
[2022.08.11-12.21.44:517][  0]LogConfig: Setting CVar [[r.PostProcessAAQuality:4]]
[2022.08.11-12.21.44:519][  0]LogConfig: Applying CVar settings from Section [ShadowQuality@3] File [D:/Software/Git/Project/UEActionRoguelike/ActionRoguelike/Saved/Config/Windows/Scalability.ini]
[2022.08.11-12.21.44:519][  0]LogConfig: Setting CVar [[r.LightFunctionQuality:1]]
[2022.08.11-12.21.44:519][  0]LogConfig: Setting CVar [[r.ShadowQuality:5]]
[2022.08.11-12.21.44:519][  0]LogConfig: Setting CVar [[r.Shadow.CSM.MaxCascades:10]]
[2022.08.11-12.21.44:519][  0]LogConfig: Setting CVar [[r.Shadow.MaxResolution:2048]]
[2022.08.11-12.21.44:519][  0]LogConfig: Setting CVar [[r.Shadow.MaxCSMResolution:2048]]
[2022.08.11-12.21.44:519][  0]LogConfig: Setting CVar [[r.Shadow.RadiusThreshold:0.01]]
[2022.08.11-12.21.44:519][  0]LogConfig: Setting CVar [[r.Shadow.DistanceScale:1.0]]
[2022.08.11-12.21.44:519][  0]LogConfig: Setting CVar [[r.Shadow.CSM.TransitionScale:1.0]]
[2022.08.11-12.21.44:519][  0]LogConfig: Setting CVar [[r.Shadow.PreShadowResolutionFactor:1.0]]
[2022.08.11-12.21.44:519][  0]LogConfig: Setting CVar [[r.DistanceFieldShadowing:1]]
[2022.08.11-12.21.44:519][  0]LogConfig: Setting CVar [[r.DistanceFieldAO:1]]
[2022.08.11-12.21.44:519][  0]LogConfig: Setting CVar [[r.AOQuality:2]]
[2022.08.11-12.21.44:519][  0]LogConfig: Setting CVar [[r.VolumetricFog:1]]
[2022.08.11-12.21.44:519][  0]LogConfig: Setting CVar [[r.VolumetricFog.GridPixelSize:8]]
[2022.08.11-12.21.44:519][  0]LogConfig: Setting CVar [[r.VolumetricFog.GridSizeZ:128]]
[2022.08.11-12.21.44:519][  0]LogConfig: Setting CVar [[r.VolumetricFog.HistoryMissSupersampleCount:4]]
[2022.08.11-12.21.44:519][  0]LogConfig: Setting CVar [[r.LightMaxDrawDistanceScale:1]]
[2022.08.11-12.21.44:519][  0]LogConfig: Setting CVar [[r.CapsuleShadows:1]]
[2022.08.11-12.21.44:519][  0]LogConfig: Applying CVar settings from Section [PostProcessQuality@3] File [D:/Software/Git/Project/UEActionRoguelike/ActionRoguelike/Saved/Config/Windows/Scalability.ini]
[2022.08.11-12.21.44:519][  0]LogConfig: Setting CVar [[r.MotionBlurQuality:4]]
[2022.08.11-12.21.44:520][  0]LogConfig: Setting CVar [[r.AmbientOcclusionMipLevelFactor:0.4]]
[2022.08.11-12.21.44:520][  0]LogConfig: Setting CVar [[r.AmbientOcclusionMaxQuality:100]]
[2022.08.11-12.21.44:520][  0]LogConfig: Setting CVar [[r.AmbientOcclusionLevels:-1]]
[2022.08.11-12.21.44:520][  0]LogConfig: Setting CVar [[r.AmbientOcclusionRadiusScale:1.0]]
[2022.08.11-12.21.44:520][  0]LogConfig: Setting CVar [[r.DepthOfFieldQuality:2]]
[2022.08.11-12.21.44:520][  0]LogConfig: Setting CVar [[r.RenderTargetPoolMin:400]]
[2022.08.11-12.21.44:520][  0]LogConfig: Setting CVar [[r.LensFlareQuality:2]]
[2022.08.11-12.21.44:520][  0]LogConfig: Setting CVar [[r.SceneColorFringeQuality:1]]
[2022.08.11-12.21.44:520][  0]LogConfig: Setting CVar [[r.EyeAdaptationQuality:2]]
[2022.08.11-12.21.44:520][  0]LogConfig: Setting CVar [[r.BloomQuality:5]]
[2022.08.11-12.21.44:520][  0]LogConfig: Setting CVar [[r.FastBlurThreshold:100]]
[2022.08.11-12.21.44:520][  0]LogConfig: Setting CVar [[r.Upscale.Quality:3]]
[2022.08.11-12.21.44:520][  0]LogConfig: Setting CVar [[r.Tonemapper.GrainQuantization:1]]
[2022.08.11-12.21.44:520][  0]LogConfig: Setting CVar [[r.LightShaftQuality:1]]
[2022.08.11-12.21.44:520][  0]LogConfig: Setting CVar [[r.Filter.SizeScale:1]]
[2022.08.11-12.21.44:520][  0]LogConfig: Setting CVar [[r.Tonemapper.Quality:5]]
[2022.08.11-12.21.44:520][  0]LogConfig: Setting CVar [[r.DOF.Gather.AccumulatorQuality:1        ; higher gathering accumulator quality]]
[2022.08.11-12.21.44:520][  0]LogConfig: Setting CVar [[r.DOF.Gather.PostfilterMethod:1          ; Median3x3 postfilering method]]
[2022.08.11-12.21.44:520][  0]LogConfig: Setting CVar [[r.DOF.Gather.EnableBokehSettings:0       ; no bokeh simulation when gathering]]
[2022.08.11-12.21.44:520][  0]LogConfig: Setting CVar [[r.DOF.Gather.RingCount:4                 ; medium number of samples when gathering]]
[2022.08.11-12.21.44:520][  0]LogConfig: Setting CVar [[r.DOF.Scatter.ForegroundCompositing:1    ; additive foreground scattering]]
[2022.08.11-12.21.44:520][  0]LogConfig: Setting CVar [[r.DOF.Scatter.BackgroundCompositing:2    ; additive background scattering]]
[2022.08.11-12.21.44:520][  0]LogConfig: Setting CVar [[r.DOF.Scatter.EnableBokehSettings:1      ; bokeh simulation when scattering]]
[2022.08.11-12.21.44:521][  0]LogConfig: Setting CVar [[r.DOF.Scatter.MaxSpriteRatio:0.1         ; only a maximum of 10% of scattered bokeh]]
[2022.08.11-12.21.44:521][  0]LogConfig: Setting CVar [[r.DOF.Recombine.Quality:1                ; cheap slight out of focus]]
[2022.08.11-12.21.44:521][  0]LogConfig: Setting CVar [[r.DOF.Recombine.EnableBokehSettings:0    ; no bokeh simulation on slight out of focus]]
[2022.08.11-12.21.44:521][  0]LogConfig: Setting CVar [[r.DOF.TemporalAAQuality:1                ; more stable temporal accumulation]]
[2022.08.11-12.21.44:521][  0]LogConfig: Setting CVar [[r.DOF.Kernel.MaxForegroundRadius:0.025]]
[2022.08.11-12.21.44:521][  0]LogConfig: Setting CVar [[r.DOF.Kernel.MaxBackgroundRadius:0.025]]
[2022.08.11-12.21.44:521][  0]LogConfig: Applying CVar settings from Section [TextureQuality@3] File [D:/Software/Git/Project/UEActionRoguelike/ActionRoguelike/Saved/Config/Windows/Scalability.ini]
[2022.08.11-12.21.44:521][  0]LogConfig: Setting CVar [[r.Streaming.MipBias:0]]
[2022.08.11-12.21.44:521][  0]LogConfig: Setting CVar [[r.Streaming.AmortizeCPUToGPUCopy:0]]
[2022.08.11-12.21.44:521][  0]LogConfig: Setting CVar [[r.Streaming.MaxNumTexturesToStreamPerFrame:0]]
[2022.08.11-12.21.44:521][  0]LogConfig: Setting CVar [[r.Streaming.Boost:1]]
[2022.08.11-12.21.44:521][  0]LogConfig: Setting CVar [[r.MaxAnisotropy:8]]
[2022.08.11-12.21.44:521][  0]LogConfig: Setting CVar [[r.VT.MaxAnisotropy:8]]
[2022.08.11-12.21.44:521][  0]LogConfig: Setting CVar [[r.Streaming.LimitPoolSizeToVRAM:0]]
[2022.08.11-12.21.44:521][  0]LogConfig: Setting CVar [[r.Streaming.PoolSize:1000]]
[2022.08.11-12.21.44:521][  0]LogConfig: Setting CVar [[r.Streaming.MaxEffectiveScreenSize:0]]
[2022.08.11-12.21.44:521][  0]LogConfig: Applying CVar settings from Section [EffectsQuality@3] File [D:/Software/Git/Project/UEActionRoguelike/ActionRoguelike/Saved/Config/Windows/Scalability.ini]
[2022.08.11-12.21.44:521][  0]LogConfig: Setting CVar [[r.TranslucencyLightingVolumeDim:64]]
[2022.08.11-12.21.44:521][  0]LogConfig: Setting CVar [[r.RefractionQuality:2]]
[2022.08.11-12.21.44:522][  0]LogConfig: Setting CVar [[r.SSR.Quality:3]]
[2022.08.11-12.21.44:522][  0]LogConfig: Setting CVar [[r.SSR.HalfResSceneColor:0]]
[2022.08.11-12.21.44:522][  0]LogConfig: Setting CVar [[r.SceneColorFormat:4]]
[2022.08.11-12.21.44:522][  0]LogConfig: Setting CVar [[r.DetailMode:2]]
[2022.08.11-12.21.44:522][  0]LogConfig: Setting CVar [[r.TranslucencyVolumeBlur:1]]
[2022.08.11-12.21.44:522][  0]LogConfig: Setting CVar [[r.MaterialQualityLevel:1 ; High quality]]
[2022.08.11-12.21.44:522][  0]LogConfig: Setting CVar [[r.SSS.Scale:1]]
[2022.08.11-12.21.44:522][  0]LogConfig: Setting CVar [[r.SSS.SampleSet:2]]
[2022.08.11-12.21.44:522][  0]LogConfig: Setting CVar [[r.SSS.Quality:1]]
[2022.08.11-12.21.44:522][  0]LogConfig: Setting CVar [[r.SSS.HalfRes:0]]
[2022.08.11-12.21.44:522][  0]LogConfig: Setting CVar [[r.SSGI.Quality:3]]
[2022.08.11-12.21.44:522][  0]LogConfig: Setting CVar [[r.EmitterSpawnRateScale:1.0]]
[2022.08.11-12.21.44:522][  0]LogConfig: Setting CVar [[r.ParticleLightQuality:2]]
[2022.08.11-12.21.44:522][  0]LogConfig: Setting CVar [[r.SkyAtmosphere.AerialPerspectiveLUT.FastApplyOnOpaque:1 ; Always have FastSkyLUT 1 in this case to avoid wrong sky]]
[2022.08.11-12.21.44:522][  0]LogConfig: Setting CVar [[r.SkyAtmosphere.AerialPerspectiveLUT.SampleCountPerSlice:1]]
[2022.08.11-12.21.44:522][  0]LogConfig: Setting CVar [[r.SkyAtmosphere.AerialPerspectiveLUT.DepthResolution:16.0]]
[2022.08.11-12.21.44:522][  0]LogConfig: Setting CVar [[r.SkyAtmosphere.FastSkyLUT:1]]
[2022.08.11-12.21.44:522][  0]LogConfig: Setting CVar [[r.SkyAtmosphere.FastSkyLUT.SampleCountMin:4.0]]
[2022.08.11-12.21.44:523][  0]LogConfig: Setting CVar [[r.SkyAtmosphere.FastSkyLUT.SampleCountMax:32.0]]
[2022.08.11-12.21.44:523][  0]LogConfig: Setting CVar [[r.SkyAtmosphere.SampleCountMin:4.0]]
[2022.08.11-12.21.44:523][  0]LogConfig: Setting CVar [[r.SkyAtmosphere.SampleCountMax:32.0]]
[2022.08.11-12.21.44:523][  0]LogConfig: Setting CVar [[r.SkyAtmosphere.TransmittanceLUT.UseSmallFormat:0]]
[2022.08.11-12.21.44:523][  0]LogConfig: Setting CVar [[r.SkyAtmosphere.TransmittanceLUT.SampleCount:10.0]]
[2022.08.11-12.21.44:523][  0]LogConfig: Setting CVar [[r.SkyAtmosphere.MultiScatteringLUT.SampleCount:15.0]]
[2022.08.11-12.21.44:523][  0]LogConfig: Applying CVar settings from Section [FoliageQuality@3] File [D:/Software/Git/Project/UEActionRoguelike/ActionRoguelike/Saved/Config/Windows/Scalability.ini]
[2022.08.11-12.21.44:523][  0]LogConfig: Setting CVar [[foliage.DensityScale:1.0]]
[2022.08.11-12.21.44:523][  0]LogConfig: Setting CVar [[grass.DensityScale:1.0]]
[2022.08.11-12.21.44:523][  0]LogConfig: Applying CVar settings from Section [ShadingQuality@3] File [D:/Software/Git/Project/UEActionRoguelike/ActionRoguelike/Saved/Config/Windows/Scalability.ini]
[2022.08.11-12.21.44:523][  0]LogConfig: Setting CVar [[r.HairStrands.SkyLighting.SampleCount:16]]
[2022.08.11-12.21.44:523][  0]LogConfig: Setting CVar [[r.HairStrands.SkyLighting.JitterIntegration:0]]
[2022.08.11-12.21.44:523][  0]LogConfig: Setting CVar [[r.HairStrands.SkyAO.SampleCount:16]]
[2022.08.11-12.21.44:523][  0]LogConfig: Setting CVar [[r.HairStrands.DeepShadow.SuperSampling:0]]
[2022.08.11-12.21.44:523][  0]LogConfig: Setting CVar [[r.HairStrands.VisibilityPPLL:0]]
[2022.08.11-12.21.44:523][  0]LogConfig: Setting CVar [[r.HairStrands.RasterizationScale:0.5]]
[2022.08.11-12.21.44:523][  0]LogConfig: Setting CVar [[r.HairStrands.VelocityRasterizationScale:1]]
[2022.08.11-12.21.44:523][  0]LogInit: Selected Device Profile: [Windows]
[2022.08.11-12.21.44:523][  0]LogInit: Applying CVar settings loaded from the selected device profile: [Windows]
[2022.08.11-12.21.44:523][  0]LogHAL: Display: Platform has ~ 32 GB [34046742528 / 34359738368 / 32], which maps to Largest [LargestMinGB=32, LargerMinGB=12, DefaultMinGB=8, SmallerMinGB=6, SmallestMinGB=0)
[2022.08.11-12.21.44:523][  0]LogInit: Going up to parent DeviceProfile []
[2022.08.11-12.21.44:523][  0]LogConfig: Applying CVar settings from Section [ViewDistanceQuality@3] File [D:/Software/Git/Project/UEActionRoguelike/ActionRoguelike/Saved/Config/Windows/Scalability.ini]
[2022.08.11-12.21.44:523][  0]LogConfig: Setting CVar [[r.SkeletalMeshLODBias:0]]
[2022.08.11-12.21.44:523][  0]LogConfig: Setting CVar [[r.ViewDistanceScale:1.0]]
[2022.08.11-12.21.44:523][  0]LogConfig: Applying CVar settings from Section [AntiAliasingQuality@3] File [D:/Software/Git/Project/UEActionRoguelike/ActionRoguelike/Saved/Config/Windows/Scalability.ini]
[2022.08.11-12.21.44:523][  0]LogConfig: Setting CVar [[r.PostProcessAAQuality:4]]
[2022.08.11-12.21.44:523][  0]LogConfig: Applying CVar settings from Section [ShadowQuality@3] File [D:/Software/Git/Project/UEActionRoguelike/ActionRoguelike/Saved/Config/Windows/Scalability.ini]
[2022.08.11-12.21.44:523][  0]LogConfig: Setting CVar [[r.LightFunctionQuality:1]]
[2022.08.11-12.21.44:523][  0]LogConfig: Setting CVar [[r.ShadowQuality:5]]
[2022.08.11-12.21.44:524][  0]LogConfig: Setting CVar [[r.Shadow.CSM.MaxCascades:10]]
[2022.08.11-12.21.44:524][  0]LogConfig: Setting CVar [[r.Shadow.MaxResolution:2048]]
[2022.08.11-12.21.44:524][  0]LogConfig: Setting CVar [[r.Shadow.MaxCSMResolution:2048]]
[2022.08.11-12.21.44:524][  0]LogConfig: Setting CVar [[r.Shadow.RadiusThreshold:0.01]]
[2022.08.11-12.21.44:524][  0]LogConfig: Setting CVar [[r.Shadow.DistanceScale:1.0]]
[2022.08.11-12.21.44:524][  0]LogConfig: Setting CVar [[r.Shadow.CSM.TransitionScale:1.0]]
[2022.08.11-12.21.44:524][  0]LogConfig: Setting CVar [[r.Shadow.PreShadowResolutionFactor:1.0]]
[2022.08.11-12.21.44:524][  0]LogConfig: Setting CVar [[r.DistanceFieldShadowing:1]]
[2022.08.11-12.21.44:524][  0]LogConfig: Setting CVar [[r.DistanceFieldAO:1]]
[2022.08.11-12.21.44:524][  0]LogConfig: Setting CVar [[r.AOQuality:2]]
[2022.08.11-12.21.44:524][  0]LogConfig: Setting CVar [[r.VolumetricFog:1]]
[2022.08.11-12.21.44:524][  0]LogConfig: Setting CVar [[r.VolumetricFog.GridPixelSize:8]]
[2022.08.11-12.21.44:524][  0]LogConfig: Setting CVar [[r.VolumetricFog.GridSizeZ:128]]
[2022.08.11-12.21.44:524][  0]LogConfig: Setting CVar [[r.VolumetricFog.HistoryMissSupersampleCount:4]]
[2022.08.11-12.21.44:524][  0]LogConfig: Setting CVar [[r.LightMaxDrawDistanceScale:1]]
[2022.08.11-12.21.44:524][  0]LogConfig: Setting CVar [[r.CapsuleShadows:1]]
[2022.08.11-12.21.44:524][  0]LogConfig: Applying CVar settings from Section [PostProcessQuality@3] File [D:/Software/Git/Project/UEActionRoguelike/ActionRoguelike/Saved/Config/Windows/Scalability.ini]
[2022.08.11-12.21.44:525][  0]LogConfig: Setting CVar [[r.MotionBlurQuality:4]]
[2022.08.11-12.21.44:525][  0]LogConfig: Setting CVar [[r.AmbientOcclusionMipLevelFactor:0.4]]
[2022.08.11-12.21.44:525][  0]LogConfig: Setting CVar [[r.AmbientOcclusionMaxQuality:100]]
[2022.08.11-12.21.44:525][  0]LogConfig: Setting CVar [[r.AmbientOcclusionLevels:-1]]
[2022.08.11-12.21.44:525][  0]LogConfig: Setting CVar [[r.AmbientOcclusionRadiusScale:1.0]]
[2022.08.11-12.21.44:525][  0]LogConfig: Setting CVar [[r.DepthOfFieldQuality:2]]
[2022.08.11-12.21.44:525][  0]LogConfig: Setting CVar [[r.RenderTargetPoolMin:400]]
[2022.08.11-12.21.44:525][  0]LogConfig: Setting CVar [[r.LensFlareQuality:2]]
[2022.08.11-12.21.44:525][  0]LogConfig: Setting CVar [[r.SceneColorFringeQuality:1]]
[2022.08.11-12.21.44:525][  0]LogConfig: Setting CVar [[r.EyeAdaptationQuality:2]]
[2022.08.11-12.21.44:525][  0]LogConfig: Setting CVar [[r.BloomQuality:5]]
[2022.08.11-12.21.44:525][  0]LogConfig: Setting CVar [[r.FastBlurThreshold:100]]
[2022.08.11-12.21.44:525][  0]LogConfig: Setting CVar [[r.Upscale.Quality:3]]
[2022.08.11-12.21.44:525][  0]LogConfig: Setting CVar [[r.Tonemapper.GrainQuantization:1]]
[2022.08.11-12.21.44:525][  0]LogConfig: Setting CVar [[r.LightShaftQuality:1]]
[2022.08.11-12.21.44:525][  0]LogConfig: Setting CVar [[r.Filter.SizeScale:1]]
[2022.08.11-12.21.44:525][  0]LogConfig: Setting CVar [[r.Tonemapper.Quality:5]]
[2022.08.11-12.21.44:525][  0]LogConfig: Setting CVar [[r.DOF.Gather.AccumulatorQuality:1        ; higher gathering accumulator quality]]
[2022.08.11-12.21.44:525][  0]LogConfig: Setting CVar [[r.DOF.Gather.PostfilterMethod:1          ; Median3x3 postfilering method]]
[2022.08.11-12.21.44:525][  0]LogConfig: Setting CVar [[r.DOF.Gather.EnableBokehSettings:0       ; no bokeh simulation when gathering]]
[2022.08.11-12.21.44:525][  0]LogConfig: Setting CVar [[r.DOF.Gather.RingCount:4                 ; medium number of samples when gathering]]
[2022.08.11-12.21.44:526][  0]LogConfig: Setting CVar [[r.DOF.Scatter.ForegroundCompositing:1    ; additive foreground scattering]]
[2022.08.11-12.21.44:526][  0]LogConfig: Setting CVar [[r.DOF.Scatter.BackgroundCompositing:2    ; additive background scattering]]
[2022.08.11-12.21.44:526][  0]LogConfig: Setting CVar [[r.DOF.Scatter.EnableBokehSettings:1      ; bokeh simulation when scattering]]
[2022.08.11-12.21.44:526][  0]LogConfig: Setting CVar [[r.DOF.Scatter.MaxSpriteRatio:0.1         ; only a maximum of 10% of scattered bokeh]]
[2022.08.11-12.21.44:526][  0]LogConfig: Setting CVar [[r.DOF.Recombine.Quality:1                ; cheap slight out of focus]]
[2022.08.11-12.21.44:526][  0]LogConfig: Setting CVar [[r.DOF.Recombine.EnableBokehSettings:0    ; no bokeh simulation on slight out of focus]]
[2022.08.11-12.21.44:526][  0]LogConfig: Setting CVar [[r.DOF.TemporalAAQuality:1                ; more stable temporal accumulation]]
[2022.08.11-12.21.44:526][  0]LogConfig: Setting CVar [[r.DOF.Kernel.MaxForegroundRadius:0.025]]
[2022.08.11-12.21.44:526][  0]LogConfig: Setting CVar [[r.DOF.Kernel.MaxBackgroundRadius:0.025]]
[2022.08.11-12.21.44:526][  0]LogConfig: Applying CVar settings from Section [TextureQuality@3] File [D:/Software/Git/Project/UEActionRoguelike/ActionRoguelike/Saved/Config/Windows/Scalability.ini]
[2022.08.11-12.21.44:526][  0]LogConfig: Setting CVar [[r.Streaming.MipBias:0]]
[2022.08.11-12.21.44:526][  0]LogConfig: Setting CVar [[r.Streaming.AmortizeCPUToGPUCopy:0]]
[2022.08.11-12.21.44:526][  0]LogConfig: Setting CVar [[r.Streaming.MaxNumTexturesToStreamPerFrame:0]]
[2022.08.11-12.21.44:526][  0]LogConfig: Setting CVar [[r.Streaming.Boost:1]]
[2022.08.11-12.21.44:527][  0]LogConfig: Setting CVar [[r.MaxAnisotropy:8]]
[2022.08.11-12.21.44:527][  0]LogConfig: Setting CVar [[r.VT.MaxAnisotropy:8]]
[2022.08.11-12.21.44:527][  0]LogConfig: Setting CVar [[r.Streaming.LimitPoolSizeToVRAM:0]]
[2022.08.11-12.21.44:527][  0]LogConfig: Setting CVar [[r.Streaming.PoolSize:1000]]
[2022.08.11-12.21.44:527][  0]LogConfig: Setting CVar [[r.Streaming.MaxEffectiveScreenSize:0]]
[2022.08.11-12.21.44:527][  0]LogConfig: Applying CVar settings from Section [EffectsQuality@3] File [D:/Software/Git/Project/UEActionRoguelike/ActionRoguelike/Saved/Config/Windows/Scalability.ini]
[2022.08.11-12.21.44:527][  0]LogConfig: Setting CVar [[r.TranslucencyLightingVolumeDim:64]]
[2022.08.11-12.21.44:527][  0]LogConfig: Setting CVar [[r.RefractionQuality:2]]
[2022.08.11-12.21.44:527][  0]LogConfig: Setting CVar [[r.SSR.Quality:3]]
[2022.08.11-12.21.44:527][  0]LogConfig: Setting CVar [[r.SSR.HalfResSceneColor:0]]
[2022.08.11-12.21.44:527][  0]LogConfig: Setting CVar [[r.SceneColorFormat:4]]
[2022.08.11-12.21.44:527][  0]LogConfig: Setting CVar [[r.DetailMode:2]]
[2022.08.11-12.21.44:527][  0]LogConfig: Setting CVar [[r.TranslucencyVolumeBlur:1]]
[2022.08.11-12.21.44:527][  0]LogConfig: Setting CVar [[r.MaterialQualityLevel:1 ; High quality]]
[2022.08.11-12.21.44:527][  0]LogConfig: Setting CVar [[r.SSS.Scale:1]]
[2022.08.11-12.21.44:527][  0]LogConfig: Setting CVar [[r.SSS.SampleSet:2]]
[2022.08.11-12.21.44:527][  0]LogConfig: Setting CVar [[r.SSS.Quality:1]]
[2022.08.11-12.21.44:527][  0]LogConfig: Setting CVar [[r.SSS.HalfRes:0]]
[2022.08.11-12.21.44:527][  0]LogConfig: Setting CVar [[r.SSGI.Quality:3]]
[2022.08.11-12.21.44:527][  0]LogConfig: Setting CVar [[r.EmitterSpawnRateScale:1.0]]
[2022.08.11-12.21.44:527][  0]LogConfig: Setting CVar [[r.ParticleLightQuality:2]]
[2022.08.11-12.21.44:528][  0]LogConfig: Setting CVar [[r.SkyAtmosphere.AerialPerspectiveLUT.FastApplyOnOpaque:1 ; Always have FastSkyLUT 1 in this case to avoid wrong sky]]
[2022.08.11-12.21.44:528][  0]LogConfig: Setting CVar [[r.SkyAtmosphere.AerialPerspectiveLUT.SampleCountPerSlice:1]]
[2022.08.11-12.21.44:528][  0]LogConfig: Setting CVar [[r.SkyAtmosphere.AerialPerspectiveLUT.DepthResolution:16.0]]
[2022.08.11-12.21.44:528][  0]LogConfig: Setting CVar [[r.SkyAtmosphere.FastSkyLUT:1]]
[2022.08.11-12.21.44:528][  0]LogConfig: Setting CVar [[r.SkyAtmosphere.FastSkyLUT.SampleCountMin:4.0]]
[2022.08.11-12.21.44:528][  0]LogConfig: Setting CVar [[r.SkyAtmosphere.FastSkyLUT.SampleCountMax:32.0]]
[2022.08.11-12.21.44:528][  0]LogConfig: Setting CVar [[r.SkyAtmosphere.SampleCountMin:4.0]]
[2022.08.11-12.21.44:528][  0]LogConfig: Setting CVar [[r.SkyAtmosphere.SampleCountMax:32.0]]
[2022.08.11-12.21.44:528][  0]LogConfig: Setting CVar [[r.SkyAtmosphere.TransmittanceLUT.UseSmallFormat:0]]
[2022.08.11-12.21.44:528][  0]LogConfig: Setting CVar [[r.SkyAtmosphere.TransmittanceLUT.SampleCount:10.0]]
[2022.08.11-12.21.44:528][  0]LogConfig: Setting CVar [[r.SkyAtmosphere.MultiScatteringLUT.SampleCount:15.0]]
[2022.08.11-12.21.44:528][  0]LogConfig: Applying CVar settings from Section [FoliageQuality@3] File [D:/Software/Git/Project/UEActionRoguelike/ActionRoguelike/Saved/Config/Windows/Scalability.ini]
[2022.08.11-12.21.44:528][  0]LogConfig: Setting CVar [[foliage.DensityScale:1.0]]
[2022.08.11-12.21.44:528][  0]LogConfig: Setting CVar [[grass.DensityScale:1.0]]
[2022.08.11-12.21.44:528][  0]LogConfig: Applying CVar settings from Section [ShadingQuality@3] File [D:/Software/Git/Project/UEActionRoguelike/ActionRoguelike/Saved/Config/Windows/Scalability.ini]
[2022.08.11-12.21.44:528][  0]LogConfig: Setting CVar [[r.HairStrands.SkyLighting.SampleCount:16]]
[2022.08.11-12.21.44:528][  0]LogConfig: Setting CVar [[r.HairStrands.SkyLighting.JitterIntegration:0]]
[2022.08.11-12.21.44:528][  0]LogConfig: Setting CVar [[r.HairStrands.SkyAO.SampleCount:16]]
[2022.08.11-12.21.44:529][  0]LogConfig: Setting CVar [[r.HairStrands.DeepShadow.SuperSampling:0]]
[2022.08.11-12.21.44:529][  0]LogConfig: Setting CVar [[r.HairStrands.VisibilityPPLL:0]]
[2022.08.11-12.21.44:529][  0]LogConfig: Setting CVar [[r.HairStrands.RasterizationScale:0.5]]
[2022.08.11-12.21.44:529][  0]LogConfig: Setting CVar [[r.HairStrands.VelocityRasterizationScale:1]]
[2022.08.11-12.21.44:529][  0]LogConfig: Applying CVar settings from Section [Startup] File [../../../Engine/Config/ConsoleVariables.ini]
[2022.08.11-12.21.44:529][  0]LogConfig: Setting CVar [[net.UseAdaptiveNetUpdateFrequency:0]]
[2022.08.11-12.21.44:529][  0]LogConfig: Setting CVar [[p.chaos.AllowCreatePhysxBodies:1]]
[2022.08.11-12.21.44:529][  0]LogConfig: Setting CVar [[fx.SkipVectorVMBackendOptimizations:1]]
[2022.08.11-12.21.44:529][  0]LogConfig: Applying CVar settings from Section [ConsoleVariables] File [D:/Software/Git/Project/UEActionRoguelike/ActionRoguelike/Saved/Config/Windows/Engine.ini]
[2022.08.11-12.21.44:529][  0]LogInit: Computer: MSI
[2022.08.11-12.21.44:529][  0]LogInit: User: win10
[2022.08.11-12.21.44:529][  0]LogInit: CPU Page size=4096, Cores=8
[2022.08.11-12.21.44:529][  0]LogInit: High frequency timer resolution =10.000000 MHz
[2022.08.11-12.21.44:530][  0]LogMemory: Memory total: Physical=31.7GB (32GB approx)
[2022.08.11-12.21.44:530][  0]LogMemory: Platform Memory Stats for Windows
[2022.08.11-12.21.44:530][  0]LogMemory: Process Physical Memory: 122.24 MB used, 122.25 MB peak
[2022.08.11-12.21.44:530][  0]LogMemory: Process Virtual Memory: 104.09 MB used, 104.09 MB peak
[2022.08.11-12.21.44:530][  0]LogMemory: Physical Memory: 14721.09 MB used,  17748.42 MB free, 32469.50 MB total
[2022.08.11-12.21.44:530][  0]LogMemory: Virtual Memory: 5210.94 MB used,  134212520.00 MB free, 134217728.00 MB total
[2022.08.11-12.21.44:578][  0]LogWindows: WindowsPlatformFeatures enabled
[2022.08.11-12.21.44:786][  0]LogInit: Physics initialised using underlying interface: PhysX
[2022.08.11-12.21.44:787][  0]LogInit: Using OS detected language (zh-CN).
[2022.08.11-12.21.44:787][  0]LogInit: Using OS detected locale (zh-CN).
[2022.08.11-12.21.44:788][  0]LogTextLocalizationManager: No specific localization for 'zh-CN' exists, so the 'zh-Hans' localization will be used.
[2022.08.11-12.21.44:885][  0]LogTextLocalizationResource: LocRes '../../../Engine/Content/Localization/Editor/zh/Editor.locres' could not be opened for reading!
[2022.08.11-12.21.44:885][  0]LogTextLocalizationResource: LocRes '../../../Engine/Content/Localization/EditorTutorials/zh/EditorTutorials.locres' could not be opened for reading!
[2022.08.11-12.21.44:885][  0]LogTextLocalizationResource: LocRes '../../../Engine/Content/Localization/Keywords/zh/Keywords.locres' could not be opened for reading!
[2022.08.11-12.21.44:885][  0]LogTextLocalizationResource: LocRes '../../../Engine/Content/Localization/Category/zh/Category.locres' could not be opened for reading!
[2022.08.11-12.21.44:885][  0]LogTextLocalizationResource: LocRes '../../../Engine/Content/Localization/ToolTips/zh/ToolTips.locres' could not be opened for reading!
[2022.08.11-12.21.44:885][  0]LogTextLocalizationResource: LocRes '../../../Engine/Content/Localization/PropertyNames/zh/PropertyNames.locres' could not be opened for reading!
[2022.08.11-12.21.44:885][  0]LogTextLocalizationResource: LocRes '../../../Engine/Content/Localization/Engine/zh/Engine.locres' could not be opened for reading!
[2022.08.11-12.21.44:886][  0]LogTextLocalizationResource: LocRes '../../../Engine/Plugins/Online/Android/OnlineSubsystemGooglePlay/Content/Localization/OnlineSubsystemGooglePlay/zh/OnlineSubsystemGooglePlay.locres' could not be opened for reading!
[2022.08.11-12.21.44:886][  0]LogTextLocalizationResource: LocRes '../../../Engine/Plugins/Online/IOS/OnlineSubsystemIOS/Content/Localization/OnlineSubsystemIOS/zh/OnlineSubsystemIOS.locres' could not be opened for reading!
[2022.08.11-12.21.44:886][  0]LogTextLocalizationResource: LocRes '../../../Engine/Plugins/Online/OnlineSubsystem/Content/Localization/OnlineSubsystem/zh/OnlineSubsystem.locres' could not be opened for reading!
[2022.08.11-12.21.44:886][  0]LogTextLocalizationResource: LocRes '../../../Engine/Plugins/Online/OnlineSubsystemUtils/Content/Localization/OnlineSubsystemUtils/zh/OnlineSubsystemUtils.locres' could not be opened for reading!
[2022.08.11-12.21.44:929][  0]LogInit: Setting process to per monitor DPI aware
[2022.08.11-12.21.45:038][  0]LogSlate: New Slate User Created.  User Index 0, Is Virtual User: 0
[2022.08.11-12.21.45:038][  0]LogSlate: Slate User Registered.  User Index 0, Is Virtual User: 0
[2022.08.11-12.21.45:167][  0]LogHMD: Failed to initialize OpenVR with code 110
[2022.08.11-12.21.45:168][  0]LogD3D11RHI: D3D11 min allowed feature level: 11_0
[2022.08.11-12.21.45:168][  0]LogD3D11RHI: D3D11 max allowed feature level: 11_0
[2022.08.11-12.21.45:168][  0]LogD3D11RHI: D3D11 adapters:
[2022.08.11-12.21.45:269][  0]LogD3D11RHI:    0. 'NVIDIA GeForce RTX 3070 Laptop GPU' (Feature Level 11_0)
[2022.08.11-12.21.45:269][  0]LogD3D11RHI:       8044/0/16234 MB DedicatedVideo/DedicatedSystem/SharedSystem, Outputs:2, VendorId:0x10de
[2022.08.11-12.21.45:318][  0]LogD3D11RHI:    1. 'Intel(R) UHD Graphics' (Feature Level 11_0)
[2022.08.11-12.21.45:318][  0]LogD3D11RHI:       128/0/16234 MB DedicatedVideo/DedicatedSystem/SharedSystem, Outputs:0, VendorId:0x8086
[2022.08.11-12.21.45:322][  0]LogD3D11RHI:    2. 'Microsoft Basic Render Driver' (Feature Level 11_0)
[2022.08.11-12.21.45:322][  0]LogD3D11RHI:       0/0/16234 MB DedicatedVideo/DedicatedSystem/SharedSystem, Outputs:0, VendorId:0x1414
[2022.08.11-12.21.45:322][  0]LogD3D11RHI: Chosen D3D11 Adapter: 0
[2022.08.11-12.21.45:328][  0]LogD3D11RHI: Creating new Direct3DDevice
[2022.08.11-12.21.45:328][  0]LogD3D11RHI:     GPU DeviceId: 0x249d (for the marketing name, search the web for "GPU Device Id")
[2022.08.11-12.21.45:328][  0]LogWindows: EnumDisplayDevices:
[2022.08.11-12.21.45:328][  0]LogWindows:    0. 'Intel(R) UHD Graphics' (P:1 D:1)
[2022.08.11-12.21.45:329][  0]LogWindows:    1. 'Intel(R) UHD Graphics' (P:0 D:0)
[2022.08.11-12.21.45:329][  0]LogWindows:    2. 'Intel(R) UHD Graphics' (P:0 D:0)
[2022.08.11-12.21.45:329][  0]LogWindows:    3. 'NVIDIA GeForce RTX 3070 Laptop GPU' (P:0 D:1)
[2022.08.11-12.21.45:329][  0]LogWindows:    4. 'NVIDIA GeForce RTX 3070 Laptop GPU' (P:0 D:0)
[2022.08.11-12.21.45:330][  0]LogWindows:    5. 'NVIDIA GeForce RTX 3070 Laptop GPU' (P:0 D:0)
[2022.08.11-12.21.45:330][  0]LogWindows:    6. 'NVIDIA GeForce RTX 3070 Laptop GPU' (P:0 D:0)
[2022.08.11-12.21.45:330][  0]LogWindows: DebugString: PrimaryIsNotTheChoosenAdapter PrimaryIsNotTheChoosenAdapter PrimaryIsNotTheChoosenAdapter FoundDriverCount:4 
[2022.08.11-12.21.45:330][  0]LogD3D11RHI:     Adapter Name: NVIDIA GeForce RTX 3070 Laptop GPU
[2022.08.11-12.21.45:330][  0]LogD3D11RHI:   Driver Version: 516.40 (internal:31.0.15.1640, unified:516.40)
[2022.08.11-12.21.45:330][  0]LogD3D11RHI:      Driver Date: 6-6-2022
[2022.08.11-12.21.45:330][  0]LogRHI: Texture pool is 5630 MB (70% of 8044 MB)
[2022.08.11-12.21.45:393][  0]LogD3D11RHI: RHI has support for 64 bit atomics
[2022.08.11-12.21.45:394][  0]LogD3D11RHI: Async texture creation enabled
[2022.08.11-12.21.45:394][  0]LogD3D11RHI: Array index from any shader is supported
[2022.08.11-12.21.45:414][  0]LogD3D11RHI: GPU Timing Frequency: 1000.000000 (Debug: 2 1)
[2022.08.11-12.21.45:710][  0]LogTargetPlatformManager: Display: Loaded TargetPlatform 'AllDesktop'
[2022.08.11-12.21.45:732][  0]LogTargetPlatformManager: Display: Loaded TargetPlatform 'Android'
[2022.08.11-12.21.45:732][  0]LogTargetPlatformManager: Display: Loaded TargetPlatform 'Android_ASTC'
[2022.08.11-12.21.45:732][  0]LogTargetPlatformManager: Display: Loaded TargetPlatform 'Android_DXT'
[2022.08.11-12.21.45:732][  0]LogTargetPlatformManager: Display: Loaded TargetPlatform 'Android_ETC2'
[2022.08.11-12.21.45:732][  0]LogTargetPlatformManager: Display: Loaded TargetPlatform 'AndroidClient'
[2022.08.11-12.21.45:733][  0]LogTargetPlatformManager: Display: Loaded TargetPlatform 'Android_ASTCClient'
[2022.08.11-12.21.45:733][  0]LogTargetPlatformManager: Display: Loaded TargetPlatform 'Android_DXTClient'
[2022.08.11-12.21.45:733][  0]LogTargetPlatformManager: Display: Loaded TargetPlatform 'Android_ETC2Client'
[2022.08.11-12.21.45:733][  0]LogTargetPlatformManager: Display: Loaded TargetPlatform 'Android_Multi'
[2022.08.11-12.21.45:733][  0]LogTargetPlatformManager: Display: Loaded TargetPlatform 'Android_MultiClient'
[2022.08.11-12.21.45:763][  0]LogTargetPlatformManager: Display: Loaded TargetPlatform 'IOSClient'
[2022.08.11-12.21.45:764][  0]LogTargetPlatformManager: Display: Loaded TargetPlatform 'IOS'
[2022.08.11-12.21.45:775][  0]LogTargetPlatformManager: Display: Loaded TargetPlatform 'Linux'
[2022.08.11-12.21.45:784][  0]LogTargetPlatformManager: Display: Loaded TargetPlatform 'LinuxNoEditor'
[2022.08.11-12.21.45:794][  0]LogTargetPlatformManager: Display: Loaded TargetPlatform 'LinuxClient'
[2022.08.11-12.21.45:804][  0]LogTargetPlatformManager: Display: Loaded TargetPlatform 'LinuxServer'
[2022.08.11-12.21.45:814][  0]LogTargetPlatformManager: Display: Loaded TargetPlatform 'LinuxAArch64NoEditor'
[2022.08.11-12.21.45:823][  0]LogTargetPlatformManager: Display: Loaded TargetPlatform 'LinuxAArch64Client'
[2022.08.11-12.21.45:833][  0]LogTargetPlatformManager: Display: Loaded TargetPlatform 'LinuxAArch64Server'
[2022.08.11-12.21.45:856][  0]LogTargetPlatformManager: Display: Loaded TargetPlatform 'Lumin'
[2022.08.11-12.21.45:856][  0]LogTargetPlatformManager: Display: Loaded TargetPlatform 'LuminClient'
[2022.08.11-12.21.45:872][  0]LogTargetPlatformManager: Display: Loaded TargetPlatform 'TVOSClient'
[2022.08.11-12.21.45:872][  0]LogTargetPlatformManager: Display: Loaded TargetPlatform 'TVOS'
[2022.08.11-12.21.45:880][  0]LogTargetPlatformManager: Display: Loaded TargetPlatform 'WindowsNoEditor'
[2022.08.11-12.21.45:891][  0]LogTargetPlatformManager: Display: Loaded TargetPlatform 'Windows'
[2022.08.11-12.21.45:901][  0]LogTargetPlatformManager: Display: Loaded TargetPlatform 'WindowsClient'
[2022.08.11-12.21.45:910][  0]LogTargetPlatformManager: Display: Loaded TargetPlatform 'WindowsServer'
[2022.08.11-12.21.45:911][  0]LogTargetPlatformManager: Display: Building Assets For Windows
[2022.08.11-12.21.45:923][  0]LogAudioDebug: Display: Lib vorbis DLL was dynamically loaded.
[2022.08.11-12.21.45:999][  0]LogShaderCompilers: Guid format shader working directory is -15 characters bigger than the processId version (../../../../../Git/Project/UEActionRoguelike/ActionRoguelike/Intermediate/Shaders/WorkingDirectory/11952/).
[2022.08.11-12.21.45:999][  0]LogShaderCompilers: Cleaned the shader compiler working directory 'C:/Users/win10/AppData/Local/Temp/UnrealShaderWorkingDir/9D84A3414707B9ED9706DC8B1FE3C537/'.
[2022.08.11-12.21.46:000][  0]LogXGEController: Cleaning working directory: C:/Users/win10/AppData/Local/Temp/UnrealXGEWorkingDir/
[2022.08.11-12.21.46:000][  0]LogXGEController: Cannot use XGE Controller as Incredibuild is not installed on this machine.
[2022.08.11-12.21.46:000][  0]LogShaderCompilers: Cannot use XGE Shader Compiler as Incredibuild is not installed on this machine.
[2022.08.11-12.21.46:000][  0]LogShaderCompilers: Display: Using Local Shader Compiler.
[2022.08.11-12.21.46:648][  0]LogDerivedDataCache: Display: Max Cache Size: 512 MB
[2022.08.11-12.21.46:689][  0]LogDerivedDataCache: Loaded boot cache 0.04s 76MB C:/Users/win10/AppData/Local/UnrealEngine/4.25/DerivedDataCache/Boot.ddc.
[2022.08.11-12.21.46:689][  0]LogDerivedDataCache: Display: Loaded Boot cache: C:/Users/win10/AppData/Local/UnrealEngine/4.25/DerivedDataCache/Boot.ddc
[2022.08.11-12.21.46:689][  0]LogDerivedDataCache: FDerivedDataBackendGraph:  Pak pak cache file ../../../../../Git/Project/UEActionRoguelike/ActionRoguelike/DerivedDataCache/DDC.ddp not found, will not use a pak cache.
[2022.08.11-12.21.46:689][  0]LogDerivedDataCache: Unable to find inner node Pak for hierarchical cache Hierarchy.
[2022.08.11-12.21.46:689][  0]LogDerivedDataCache: FDerivedDataBackendGraph:  CompressedPak pak cache file ../../../../../Git/Project/UEActionRoguelike/ActionRoguelike/DerivedDataCache/Compressed.ddp not found, will not use a pak cache.
[2022.08.11-12.21.46:689][  0]LogDerivedDataCache: Unable to find inner node CompressedPak for hierarchical cache Hierarchy.
[2022.08.11-12.21.46:699][  0]LogDerivedDataCache: Display: Pak cache opened for reading ../../../Engine/DerivedDataCache/Compressed.ddp.
[2022.08.11-12.21.46:699][  0]LogDerivedDataCache: FDerivedDataBackendGraph:  EnterprisePak pak cache file ../../../Enterprise/DerivedDataCache/Compressed.ddp not found, will not use a pak cache.
[2022.08.11-12.21.46:699][  0]LogDerivedDataCache: Unable to find inner node EnterprisePak for hierarchical cache Hierarchy.
[2022.08.11-12.21.46:702][  0]LogDerivedDataCache: Using Local data cache path C:/Users/win10/AppData/Local/UnrealEngine/Common/DerivedDataCache: Writable
[2022.08.11-12.21.46:702][  0]LogDerivedDataCache: Shared data cache path not found in *engine.ini, will not use an Shared cache.
[2022.08.11-12.21.46:702][  0]LogDerivedDataCache: Unable to find inner node Shared for hierarchical cache Hierarchy.
[2022.08.11-12.21.46:744][  0]LogSlate: Using FreeType 2.10.0
[2022.08.11-12.21.46:745][  0]LogSlate: SlateFontServices - WITH_FREETYPE: 1, WITH_HARFBUZZ: 1
[2022.08.11-12.21.46:767][  0]LogAssetRegistry: FAssetRegistry took 0.0035 seconds to start up
[2022.08.11-12.21.46:935][  0]LogInit: Selected Device Profile: [Windows]
[2022.08.11-12.21.47:036][  0]LogMeshReduction: Using QuadricMeshReduction for automatic static mesh reduction
[2022.08.11-12.21.47:036][  0]LogMeshReduction: Using SimplygonMeshReduction for automatic skeletal mesh reduction
[2022.08.11-12.21.47:036][  0]LogMeshReduction: Using ProxyLODMeshReduction for automatic mesh merging
[2022.08.11-12.21.47:036][  0]LogMeshReduction: No distributed automatic mesh merging module available
[2022.08.11-12.21.47:037][  0]LogMeshMerging: No distributed automatic mesh merging module available
[2022.08.11-12.21.47:050][  0]LogNetVersion: ActionRoguelike 1.0.0, NetCL: 13144385, EngineNetVer: 14, GameNetVer: 0 (Checksum: 3012751956)
[2022.08.11-12.21.47:361][  0]LogAISub: UAISubsystem::UAISubsystem AISubsystem (0000013DD56C9600), frame # 0
[2022.08.11-12.21.47:361][  0]LogAISub: UAISubsystem::UAISubsystem AIPerceptionSystem (0000013DD562AAC0), frame # 0
[2022.08.11-12.21.47:362][  0]LogAISub: UAISubsystem::UAISubsystem EnvQueryManager (0000013DD566DE00), frame # 0
[2022.08.11-12.21.47:415][  0]LogPackageLocalizationCache: Processed 19 localized package path(s) for 2 prioritized culture(s) in 0.047397 seconds
[2022.08.11-12.21.47:418][  0]LogUObjectArray: 15917 objects as part of root set at end of initial load.
[2022.08.11-12.21.47:419][  0]LogUObjectAllocator: 3965568 out of 0 bytes used by permanent object pool.
[2022.08.11-12.21.47:419][  0]LogUObjectArray: CloseDisregardForGC: 0/0 objects in disregard for GC pool
[2022.08.11-12.21.47:783][  0]LogTcpMessaging: Initializing TcpMessaging bridge
[2022.08.11-12.21.47:789][  0]LogUdpMessaging: Initializing bridge on interface 0.0.0.0:0 to multicast group 230.0.0.1:6666.
[2022.08.11-12.21.47:908][  0]SourceControl: 源码管理已禁用
[2022.08.11-12.21.47:908][  0]SourceControl: 源码管理已禁用
[2022.08.11-12.21.47:912][  0]SourceControl: 源码管理已禁用
[2022.08.11-12.21.47:918][  0]SourceControl: 源码管理已禁用
[2022.08.11-12.21.47:926][  0]SourceControl: 源码管理已禁用
[2022.08.11-12.21.48:228][  0]LogAndroidPermission: UAndroidPermissionCallbackProxy::GetInstance
[2022.08.11-12.21.48:255][  0]LogAudioCaptureCore: Display: No Audio Capture implementations found. Audio input will be silent.
[2022.08.11-12.21.48:255][  0]LogAudioCaptureCore: Display: No Audio Capture implementations found. Audio input will be silent.
[2022.08.11-12.21.48:304][  0]LogOcInput: OculusInput pre-init called
[2022.08.11-12.21.48:315][  0]LogWindows: Failed to load 'OVRPlugin.dll' (GetLastError=126)
[2022.08.11-12.21.48:315][  0]LogWindows: File 'OVRPlugin.dll' does not exist
[2022.08.11-12.21.48:381][  0]LogEngine: Initializing Engine...
[2022.08.11-12.21.48:382][  0]LogHMD: Failed to initialize OpenVR with code 110
[2022.08.11-12.21.48:383][  0]LogMagicLeap: Warning: VR disabled because ZI is not enabled.  To enable, in the editor, Edit -> Project Settings -> Plugins -> Magic Leap Plugin -> Enable Zero Iteration
[2022.08.11-12.21.48:384][  0]LogStats: UGameplayTagsManager::InitializeManager -  0.000 s
[2022.08.11-12.21.48:487][  0]LogInit: Initializing FReadOnlyCVARCache
[2022.08.11-12.21.48:496][  0]LogAIModule: Creating AISystem for world Untitled
[2022.08.11-12.21.48:496][  0]LogAISub: UAISubsystem::UAISubsystem EnvQueryManager (0000013DDF1BD200), frame # 0
[2022.08.11-12.21.48:496][  0]LogAISub: UAISubsystem::UAISubsystem AIPerceptionSystem (0000013DDF1A7100), frame # 0
[2022.08.11-12.21.48:513][  0]LogAudioMixer: Display: Audio Mixer Platform Settings:
[2022.08.11-12.21.48:513][  0]LogAudioMixer: Display: 	Sample Rate:						  48000
[2022.08.11-12.21.48:513][  0]LogAudioMixer: Display: 	Callback Buffer Frame Size Requested: 1024
[2022.08.11-12.21.48:513][  0]LogAudioMixer: Display: 	Callback Buffer Frame Size To Use:	  1024
[2022.08.11-12.21.48:513][  0]LogAudioMixer: Display: 	Number of buffers to queue:			  2
[2022.08.11-12.21.48:513][  0]LogAudioMixer: Display: 	Max Channels (voices):				  32
[2022.08.11-12.21.48:513][  0]LogAudioMixer: Display: 	Number of Async Source Workers:		  0
[2022.08.11-12.21.48:513][  0]LogAudio: Display: AudioDevice MaxSources: 32
[2022.08.11-12.21.48:514][  0]LogAudio: Display: Using built-in audio occlusion.
[2022.08.11-12.21.48:514][  0]LogAudioMixer: Display: Initializing audio mixer.
[2022.08.11-12.21.48:579][  0]LogAudioMixer: Display: 0: FrontLeft
[2022.08.11-12.21.48:579][  0]LogAudioMixer: Display: 1: FrontRight
[2022.08.11-12.21.48:798][  0]LogAudioMixer: Display: Using Audio Device 扬声器 (Realtek High Definition Audio)
[2022.08.11-12.21.48:800][  0]LogAudioMixer: Display: Initializing Sound Submixes...
[2022.08.11-12.21.48:802][  0]LogAudioMixer: Display: Creating Master Submix 'MasterSubmixDefault'
[2022.08.11-12.21.48:802][  0]LogAudioMixer: Display: Creating Master Submix 'MasterReverbSubmixDefault'
[2022.08.11-12.21.48:803][  0]LogAudioMixer: Display: Creating Master Submix 'MasterEQSubmixDefault'
[2022.08.11-12.21.48:804][  0]LogInit: FAudioDevice initialized.
[2022.08.11-12.21.48:805][  0]LogNetVersion: Set ProjectVersion to 1.0.0.0. Version Checksum will be recalculated on next use.
[2022.08.11-12.21.48:842][  0]LogDerivedDataCache: Saved boot cache 0.04s 76MB C:/Users/win10/AppData/Local/UnrealEngine/4.25/DerivedDataCache/Boot.ddc.
[2022.08.11-12.21.48:843][  0]LogInit: Texture streaming: Enabled
[2022.08.11-12.21.48:863][  0]LogEngineSessionManager: EngineSessionManager initialized
[2022.08.11-12.21.48:863][  0]LogEngineSessionManager: EngineSessionManager sent abnormal shutdown report. Type=Debugger, SessionId={7028DAEA-497A-68B3-EF07-409A7719960A}
[2022.08.11-12.21.48:863][  0]LogEditorSessionSummary: Verbose: Initializing EditorSessionSummaryWriter for editor session tracking
[2022.08.11-12.21.48:865][  0]LogEditorSessionSummary: EditorSessionSummaryWriter initialized
[2022.08.11-12.21.48:901][  0]LogInit: Transaction tracking system initialized
[2022.08.11-12.21.48:926][  0]BlueprintLog: New page: 编辑器加载
[2022.08.11-12.21.49:006][  0]LocalizationService: 本地化服务已禁用
[2022.08.11-12.21.49:138][  0]LogCook: Display: Max memory allowance for cook 16384mb min free memory 0mb
[2022.08.11-12.21.49:138][  0]LogCook: Display: Mobile HDR setting 1
[2022.08.11-12.21.49:287][  0]LogFileCache: Scanning file cache for directory 'D:/Software/Git/Project/UEActionRoguelike/ActionRoguelike/Content/' took 0.01s
[2022.08.11-12.21.49:454][  0]SourceControl: 源码管理已禁用
[2022.08.11-12.21.49:454][  0]LogUnrealEdMisc: Loading editor; pre map load, took 6.039
[2022.08.11-12.21.49:454][  0]Cmd: MAP LOAD FILE="../../../../../Git/Project/UEActionRoguelike/ActionRoguelike/Content/ActionRoguelike/Maps/TestLevel.umap" TEMPLATE=0 SHOWPROGRESS=1 FEATURELEVEL=3
[2022.08.11-12.21.49:454][  0]LightingResults: New page: 光照构建
[2022.08.11-12.21.49:455][  0]LogWorld: UWorld::CleanupWorld for Untitled, bSessionEnded=true, bCleanupResources=true
[2022.08.11-12.21.49:455][  0]LogSlate: InvalidateAllWidgets triggered.  All widgets were invalidated
[2022.08.11-12.21.49:455][  0]MapCheck: New page: 地图检测
[2022.08.11-12.21.49:455][  0]LightingResults: New page: 光照构建
[2022.08.11-12.21.49:465][  0]LogAISub: UAISubsystem::~UAISubsystem EnvQueryManager (0000013DDF1BD200), frame # 0
[2022.08.11-12.21.49:465][  0]LogAISub: UAISubsystem::~UAISubsystem AIPerceptionSystem (0000013DDF1A7100), frame # 0
[2022.08.11-12.21.49:466][  0]LogUObjectHash: Compacting FUObjectHashTables data took   0.47ms
[2022.08.11-12.21.49:721][  0]LogLinker: Warning: 加载“../../../../../Git/Project/UEActionRoguelike/ActionRoguelike/Content/ExampleContent/Effects/P_Treasure_Burst.uasset”时未能加载“/Game/ExampleContent/NetworkFeatures/Materials/M_Energy_Burst”：无法找到文件。
[2022.08.11-12.21.49:721][  0]LogLinker: Warning: 加载“../../../../../Git/Project/UEActionRoguelike/ActionRoguelike/Content/ExampleContent/Effects/P_Treasure_Burst.uasset”时未能加载“/Game/ExampleContent/NetworkFeatures/Materials/M_Energy_Burst”：无法找到文件。
[2022.08.11-12.21.49:722][  0]LogLinker: Warning: 加载“../../../../../Git/Project/UEActionRoguelike/ActionRoguelike/Content/ExampleContent/Effects/P_Treasure_Burst.uasset”时未能加载“/Game/ExampleContent/NetworkFeatures/Materials/M_Gold_Pile”：无法找到文件。
[2022.08.11-12.21.49:722][  0]LogLinker: Warning: 加载“../../../../../Git/Project/UEActionRoguelike/ActionRoguelike/Content/ExampleContent/Effects/P_Treasure_Burst.uasset”时未能加载“/Game/ExampleContent/NetworkFeatures/Materials/M_Gold_Pile”：无法找到文件。
[2022.08.11-12.21.49:722][  0]LogLinker: Warning: 加载“../../../../../Git/Project/UEActionRoguelike/ActionRoguelike/Content/ExampleContent/Effects/P_Treasure_Burst.uasset”时未能加载“/Game/ExampleContent/NetworkFeatures/Materials/M_Energy_Burst”：无法找到文件。
[2022.08.11-12.21.49:722][  0]LogLinker: Warning: 加载“../../../../../Git/Project/UEActionRoguelike/ActionRoguelike/Content/ExampleContent/Effects/P_Treasure_Burst.uasset”时未能加载“/Game/ExampleContent/NetworkFeatures/Materials/M_Energy_Burst”：无法找到文件。
[2022.08.11-12.21.49:722][  0]LogLinker: Warning: 加载“../../../../../Git/Project/UEActionRoguelike/ActionRoguelike/Content/ExampleContent/Effects/P_Treasure_Burst.uasset”时未能加载“/Game/ExampleContent/NetworkFeatures/Materials/M_Gold_Pile”：无法找到文件。
[2022.08.11-12.21.49:722][  0]LogLinker: Warning: 加载“../../../../../Git/Project/UEActionRoguelike/ActionRoguelike/Content/ExampleContent/Effects/P_Treasure_Burst.uasset”时未能加载“/Game/ExampleContent/NetworkFeatures/Materials/M_Gold_Pile”：无法找到文件。
[2022.08.11-12.21.49:722][  0]LogLinker: Warning: 加载“../../../../../Git/Project/UEActionRoguelike/ActionRoguelike/Content/ExampleContent/Effects/P_Treasure_Burst.uasset”时未能加载“/Game/ExampleContent/NetworkFeatures/Meshes/SM_Coin_Small”：无法找到文件。
[2022.08.11-12.21.49:723][  0]LogLinker: Warning: 加载“../../../../../Git/Project/UEActionRoguelike/ActionRoguelike/Content/ExampleContent/Effects/P_Treasure_Burst.uasset”时未能加载“/Game/ExampleContent/NetworkFeatures/Meshes/SM_Coin_Small”：无法找到文件。
[2022.08.11-12.21.49:723][  0]LogLinker: Warning: 加载“../../../../../Git/Project/UEActionRoguelike/ActionRoguelike/Content/ExampleContent/Effects/P_Treasure_Burst.uasset”时未能加载“/Game/ExampleContent/NetworkFeatures/Meshes/SM_Open_Square”：无法找到文件。
[2022.08.11-12.21.49:723][  0]LogLinker: Warning: 加载“../../../../../Git/Project/UEActionRoguelike/ActionRoguelike/Content/ExampleContent/Effects/P_Treasure_Burst.uasset”时未能加载“/Game/ExampleContent/NetworkFeatures/Meshes/SM_Open_Square”：无法找到文件。
[2022.08.11-12.21.49:723][  0]LogLinker: Warning: 加载“../../../../../Git/Project/UEActionRoguelike/ActionRoguelike/Content/ExampleContent/Effects/P_Treasure_Burst.uasset”时未能加载“/Game/ExampleContent/NetworkFeatures/Meshes/SM_Coin_Small”：无法找到文件。
[2022.08.11-12.21.49:723][  0]LogLinker: Warning: 加载“../../../../../Git/Project/UEActionRoguelike/ActionRoguelike/Content/ExampleContent/Effects/P_Treasure_Burst.uasset”时未能加载“/Game/ExampleContent/NetworkFeatures/Meshes/SM_Coin_Small”：无法找到文件。
[2022.08.11-12.21.49:723][  0]LogLinker: Warning: 加载“../../../../../Git/Project/UEActionRoguelike/ActionRoguelike/Content/ExampleContent/Effects/P_Treasure_Burst.uasset”时未能加载“/Game/ExampleContent/NetworkFeatures/Meshes/SM_Open_Square”：无法找到文件。
[2022.08.11-12.21.49:723][  0]LogLinker: Warning: 加载“../../../../../Git/Project/UEActionRoguelike/ActionRoguelike/Content/ExampleContent/Effects/P_Treasure_Burst.uasset”时未能加载“/Game/ExampleContent/NetworkFeatures/Meshes/SM_Open_Square”：无法找到文件。
[2022.08.11-12.21.49:772][  0]LogLinker: Warning: 加载“../../../../../Git/Project/UEActionRoguelike/ActionRoguelike/Content/ExampleContent/Effects/P_Treasure_Burst.uasset”时未能加载“/Game/ExampleContent/NetworkFeatures/Materials/M_Energy_Burst”：无法找到文件。
[2022.08.11-12.21.49:773][  0]LoadErrors: 加载失败 /Game/ExampleContent/NetworkFeatures/Materials/M_Energy_Burst.M_Energy_Burst 引用者 ParticleModuleRequired_0
[2022.08.11-12.21.49:773][  0]LogLinker: Warning: 加载“../../../../../Git/Project/UEActionRoguelike/ActionRoguelike/Content/ExampleContent/Effects/P_Treasure_Burst.uasset”时未能加载“/Game/ExampleContent/NetworkFeatures/Materials/M_Energy_Burst”：无法找到文件。
[2022.08.11-12.21.49:773][  0]LoadErrors: 加载失败 /Game/ExampleContent/NetworkFeatures/Materials/M_Energy_Burst.M_Energy_Burst 引用者 ParticleModuleRequired_0
[2022.08.11-12.21.49:773][  0]LogLinker: Warning: 加载“../../../../../Git/Project/UEActionRoguelike/ActionRoguelike/Content/ExampleContent/Effects/P_Treasure_Burst.uasset”时未能加载“/Game/ExampleContent/NetworkFeatures/Materials/M_Gold_Pile”：无法找到文件。
[2022.08.11-12.21.49:773][  0]LoadErrors: 加载失败 /Game/ExampleContent/NetworkFeatures/Materials/M_Gold_Pile.M_Gold_Pile 引用者 ParticleModuleRequired_3
[2022.08.11-12.21.49:773][  0]LogLinker: Warning: 加载“../../../../../Git/Project/UEActionRoguelike/ActionRoguelike/Content/ExampleContent/Effects/P_Treasure_Burst.uasset”时未能加载“/Game/ExampleContent/NetworkFeatures/Materials/M_Gold_Pile”：无法找到文件。
[2022.08.11-12.21.49:773][  0]LoadErrors: 加载失败 /Game/ExampleContent/NetworkFeatures/Materials/M_Gold_Pile.M_Gold_Pile 引用者 ParticleModuleRequired_3
[2022.08.11-12.21.49:773][  0]LogLinker: Warning: 加载“../../../../../Git/Project/UEActionRoguelike/ActionRoguelike/Content/ExampleContent/Effects/P_Treasure_Burst.uasset”时未能加载“/Game/ExampleContent/NetworkFeatures/Meshes/SM_Open_Square”：无法找到文件。
[2022.08.11-12.21.49:773][  0]LoadErrors: 加载失败 /Game/ExampleContent/NetworkFeatures/Meshes/SM_Open_Square.SM_Open_Square 引用者 ParticleModuleTypeDataMesh_0
[2022.08.11-12.21.49:774][  0]LogLinker: Warning: 加载“../../../../../Git/Project/UEActionRoguelike/ActionRoguelike/Content/ExampleContent/Effects/P_Treasure_Burst.uasset”时未能加载“/Game/ExampleContent/NetworkFeatures/Meshes/SM_Open_Square”：无法找到文件。
[2022.08.11-12.21.49:774][  0]LoadErrors: 加载失败 /Game/ExampleContent/NetworkFeatures/Meshes/SM_Open_Square.SM_Open_Square 引用者 ParticleModuleTypeDataMesh_0
[2022.08.11-12.21.49:774][  0]LogLinker: Warning: 加载“../../../../../Git/Project/UEActionRoguelike/ActionRoguelike/Content/ExampleContent/Effects/P_Treasure_Burst.uasset”时未能加载“/Game/ExampleContent/NetworkFeatures/Meshes/SM_Coin_Small”：无法找到文件。
[2022.08.11-12.21.49:774][  0]LoadErrors: 加载失败 /Game/ExampleContent/NetworkFeatures/Meshes/SM_Coin_Small.SM_Coin_Small 引用者 ParticleModuleTypeDataMesh_1
[2022.08.11-12.21.49:774][  0]LogLinker: Warning: 加载“../../../../../Git/Project/UEActionRoguelike/ActionRoguelike/Content/ExampleContent/Effects/P_Treasure_Burst.uasset”时未能加载“/Game/ExampleContent/NetworkFeatures/Meshes/SM_Coin_Small”：无法找到文件。
[2022.08.11-12.21.49:774][  0]LoadErrors: 加载失败 /Game/ExampleContent/NetworkFeatures/Meshes/SM_Coin_Small.SM_Coin_Small 引用者 ParticleModuleTypeDataMesh_1
[2022.08.11-12.21.50:070][  0]LogMaterial: Display: Missing cached shader map for material M_Toy_Cow, compiling. 
[2022.08.11-12.21.50:070][  0]LogMaterial: Warning: D:\Software\Git\Project\UEActionRoguelike\ActionRoguelike\Content\ExampleContent\Materials\M_Toy_Cow.uasset: Failed to compile Material for platform PCD3D_SM5, Default Material will be used in game.
[2022.08.11-12.21.50:071][  0]LogMaterial: Display: 	(Node TextureSample) Texture Sample> Missing input texture
[2022.08.11-12.21.50:091][  0]LogAIModule: Creating AISystem for world TestLevel
[2022.08.11-12.21.50:091][  0]LogAISub: UAISubsystem::UAISubsystem EnvQueryManager (0000013DD1080600), frame # 0
[2022.08.11-12.21.50:091][  0]LogAISub: UAISubsystem::UAISubsystem AIPerceptionSystem (0000013DD1011440), frame # 0
[2022.08.11-12.21.50:106][  0]LogEditorServer: Finished looking for orphan Actors (0.000 secs)
[2022.08.11-12.21.50:122][  0]LogUObjectHash: Compacting FUObjectHashTables data took   0.74ms
[2022.08.11-12.21.50:122][  0]Cmd: MAP CHECKDEP NOCLEARLOG
[2022.08.11-12.21.50:123][  0]MapCheck: 地图检测完成：0个错误、0个警告、完成用时0.176毫秒。
[2022.08.11-12.21.50:123][  0]LogFileHelpers: Loading map 'TestLevel' took 0.669
[2022.08.11-12.21.50:125][  0]LogUnrealEdMisc: Total Editor Startup Time, took 6.711
[2022.08.11-12.21.50:245][  0]LogSlate: Updating window title bar state: overlay mode, drag disabled, window buttons hidden, title bar hidden
[2022.08.11-12.21.50:250][  0]LogSlate: Updating window title bar state: overlay mode, drag disabled, window buttons hidden, title bar hidden
[2022.08.11-12.21.50:256][  0]LogSlate: Updating window title bar state: overlay mode, drag disabled, window buttons hidden, title bar hidden
[2022.08.11-12.21.50:262][  0]LogSlate: Updating window title bar state: overlay mode, drag disabled, window buttons hidden, title bar hidden
[2022.08.11-12.21.50:268][  0]LogCollectionManager: Loaded 0 collections in 0.000592 seconds
[2022.08.11-12.21.50:282][  0]LogFileCache: Scanning file cache for directory 'D:/Software/Git/Project/UEActionRoguelike/ActionRoguelike/Saved/Collections/' took 0.00s
[2022.08.11-12.21.50:282][  0]LogFileCache: Scanning file cache for directory 'D:/Software/Git/Project/UEActionRoguelike/ActionRoguelike/Content/Developers/win10/Collections/' took 0.00s
[2022.08.11-12.21.50:282][  0]LogFileCache: Scanning file cache for directory 'D:/Software/Git/Project/UEActionRoguelike/ActionRoguelike/Content/Collections/' took 0.00s
[2022.08.11-12.21.50:283][  0]LogContentBrowser: Native class hierarchy populated in 0.0074 seconds. Added 3463 classes and 827 folders.
[2022.08.11-12.21.50:284][  0]LogContentBrowser: Native class hierarchy updated for 'WidgetCarousel' in 0.0003 seconds. Added 0 classes and 0 folders.
[2022.08.11-12.21.50:314][  0]LogContentBrowser: Native class hierarchy updated for 'AddContentDialog' in 0.0003 seconds. Added 0 classes and 0 folders.
[2022.08.11-12.21.50:315][  0]LogContentBrowser: Native class hierarchy updated for 'SceneOutliner' in 0.0003 seconds. Added 2 classes and 0 folders.
[2022.08.11-12.21.50:616][  0]LogSlate: Took 0.000123 seconds to synchronously load lazily loaded font '../../../Engine/Content/Slate/Fonts/Roboto-Regular.ttf' (155K)
[2022.08.11-12.21.50:618][  0]LogSlate: Took 0.001188 seconds to synchronously load lazily loaded font '../../../Engine/Content/Slate/Fonts/DroidSansFallback.ttf' (3848K)
[2022.08.11-12.21.50:618][  0]LogSlate: Took 0.000127 seconds to synchronously load lazily loaded font '../../../Engine/Content/Slate/Fonts/Roboto-Bold.ttf' (160K)
[2022.08.11-12.21.50:621][  0]LogSlate: Took 0.000137 seconds to synchronously load lazily loaded font '../../../Engine/Content/Editor/Slate/Fonts/FontAwesome.ttf' (139K)
[2022.08.11-12.21.50:667][  0]LogRenderer: Reallocating scene render targets to support 1208x572 Format 10 NumSamples 1 (Frame:1).
[2022.08.11-12.21.50:754][  0]LogContentBrowser: Native class hierarchy updated for 'HierarchicalLODOutliner' in 0.0004 seconds. Added 0 classes and 0 folders.
[2022.08.11-12.21.50:755][  0]LogLoad: (Engine Initialization) Total time: 7.34 seconds
[2022.08.11-12.21.50:755][  0]LogLoad: (Engine Initialization) Total Blueprint compile time: 0.00 seconds
[2022.08.11-12.21.50:819][  0]LogAssetRegistry: Asset discovery search completed in 4.0544 seconds
[2022.08.11-12.21.50:823][  0]LogCollectionManager: Fixed up redirectors for 0 collections in 0.000003 seconds (updated 0 objects)
[2022.08.11-12.21.50:824][  0]LogContentStreaming: Texture pool size now 1000 MB
[2022.08.11-12.21.50:883][  0]LogSlate: Took 0.000132 seconds to synchronously load lazily loaded font '../../../Engine/Content/Slate/Fonts/Roboto-Light.ttf' (167K)
[2022.08.11-12.21.50:889][  0]LogSlate: Took 0.000102 seconds to synchronously load lazily loaded font '../../../Engine/Content/Slate/Fonts/DroidSansMono.ttf' (77K)
[2022.08.11-12.21.51:840][ 57]LogSlate: Window '消息日志' being destroyed
[2022.08.11-12.21.51:844][ 57]LogSlate: Window '消息日志' being destroyed
[2022.08.11-12.21.52:664][106]LogTemp: Repeating last play command: 新建编辑器窗口（编辑器中运行）
[2022.08.11-12.21.52:678][106]LogPlayLevel: PlayLevel: No blueprints needed recompiling
[2022.08.11-12.21.52:678][106]PIE: New page: PIE会话：TestLevel（2022年8月12日 上午6:21:52）
[2022.08.11-12.21.52:680][106]LogOnline: OSS: Creating online subsystem instance for: NULL
[2022.08.11-12.21.52:682][106]LogOnline: OSS: TryLoadSubsystemAndSetDefault: Loaded subsystem for module [NULL]
[2022.08.11-12.21.52:682][106]LogPlayLevel: Creating play world package: /Game/ActionRoguelike/Maps/UEDPIE_0_TestLevel
[2022.08.11-12.21.52:686][106]LogPlayLevel: PIE: StaticDuplicateObject took: (0.004531s)
[2022.08.11-12.21.52:687][106]LogAIModule: Creating AISystem for world TestLevel
[2022.08.11-12.21.52:687][106]LogAISub: UAISubsystem::UAISubsystem EnvQueryManager (0000013E07F8CC00), frame # 106
[2022.08.11-12.21.52:687][106]LogAISub: UAISubsystem::UAISubsystem AIPerceptionSystem (0000013DCDF3CA40), frame # 106
[2022.08.11-12.21.52:688][106]LogPlayLevel: PIE: World Init took: (0.001116s)
[2022.08.11-12.21.52:688][106]LogPlayLevel: PIE: Created PIE world by copying editor world from /Game/ActionRoguelike/Maps/TestLevel.TestLevel to /Game/ActionRoguelike/Maps/UEDPIE_0_TestLevel.TestLevel (0.005961s)
[2022.08.11-12.21.52:705][106]LogUObjectHash: Compacting FUObjectHashTables data took   0.51ms
[2022.08.11-12.21.52:707][106]LogAudioMixer: Display: Audio Mixer Platform Settings:
[2022.08.11-12.21.52:707][106]LogAudioMixer: Display: 	Sample Rate:						  48000
[2022.08.11-12.21.52:707][106]LogAudioMixer: Display: 	Callback Buffer Frame Size Requested: 1024
[2022.08.11-12.21.52:707][106]LogAudioMixer: Display: 	Callback Buffer Frame Size To Use:	  1024
[2022.08.11-12.21.52:707][106]LogAudioMixer: Display: 	Number of buffers to queue:			  2
[2022.08.11-12.21.52:707][106]LogAudioMixer: Display: 	Max Channels (voices):				  32
[2022.08.11-12.21.52:707][106]LogAudioMixer: Display: 	Number of Async Source Workers:		  0
[2022.08.11-12.21.52:708][106]LogAudio: Display: AudioDevice MaxSources: 32
[2022.08.11-12.21.52:708][106]LogAudio: Display: Using built-in audio occlusion.
[2022.08.11-12.21.52:708][106]LogAudioMixer: Display: Initializing audio mixer.
[2022.08.11-12.21.52:713][106]LogAudioMixer: Display: 0: FrontLeft
[2022.08.11-12.21.52:713][106]LogAudioMixer: Display: 1: FrontRight
[2022.08.11-12.21.52:770][106]LogAudioMixer: Display: Using Audio Device 扬声器 (Realtek High Definition Audio)
[2022.08.11-12.21.52:770][106]LogAudioMixer: Display: Initializing Sound Submixes...
[2022.08.11-12.21.52:770][106]LogAudioMixer: Display: Creating Master Submix 'MasterSubmixDefault'
[2022.08.11-12.21.52:770][106]LogAudioMixer: Display: Creating Master Submix 'MasterReverbSubmixDefault'
[2022.08.11-12.21.52:771][106]LogAudioMixer: Display: Creating Master Submix 'MasterEQSubmixDefault'
[2022.08.11-12.21.52:782][106]LogInit: FAudioDevice initialized.
[2022.08.11-12.21.52:803][106]LogSlate: Updating window title bar state: overlay mode, drag disabled, window buttons hidden, title bar hidden
[2022.08.11-12.21.52:803][106]LogLoad: Game class is 'SGameModeBP_C'
[2022.08.11-12.21.52:806][106]LogWorld: Bringing World /Game/ActionRoguelike/Maps/UEDPIE_0_TestLevel.TestLevel up for play (max tick rate 60) at 2022.08.11-21.21.52
[2022.08.11-12.21.52:806][106]LogWorld: Bringing up level for play took: 0.001606
[2022.08.11-12.21.52:807][106]LogOnline: OSS: Creating online subsystem instance for: :Context_2
[2022.08.11-12.21.52:811][106]LogContentBrowser: Native class hierarchy updated for 'MovieSceneCapture' in 0.0004 seconds. Added 20 classes and 0 folders.
[2022.08.11-12.21.52:813][106]LogScript: Warning: Script Msg: Divide by zero detected: 90.000114 / 0
Script call stack:
	Function /Game/ParagonGideon/Characters/Heroes/Gideon/Gideon_AnimBlueprint.Gideon_AnimBlueprint_C:BlueprintUpdateAnimation
	Function /Game/ParagonGideon/Characters/Heroes/Gideon/Gideon_AnimBlueprint.Gideon_AnimBlueprint_C:ExecuteUbergraph_Gideon_AnimBlueprint

[2022.08.11-12.21.52:816][106]LogNet: ReplicationDriverClass is null! Not using ReplicationDriver.
[2022.08.11-12.21.52:816][106]LogNetCore: DDoS detection status: detection enabled: 0 analytics enabled: 0
[2022.08.11-12.21.52:817][106]LogInit: WinSock: Socket queue. Rx: 131072 (config 131072) Tx: 131072 (config 131072)
[2022.08.11-12.21.52:817][106]LogNet: Created socket for bind address: 0.0.0.0 on port 17777
[2022.08.11-12.21.52:817][106]PacketHandlerLog: Loaded PacketHandler component: Engine.EngineHandlerComponentFactory (StatelessConnectHandlerComponent)
[2022.08.11-12.21.52:817][106]LogNet: GameNetDriver IpNetDriver_0 IpNetDriver listening on port 17777
[2022.08.11-12.21.52:820][106]PIE: 登陆的服务器
[2022.08.11-12.21.52:821][106]PIE: PIE总开始时间：0.145秒。
[2022.08.11-12.21.52:822][106]LogAudioMixer: Display: Audio Mixer Platform Settings:
[2022.08.11-12.21.52:823][106]LogAudioMixer: Display: 	Sample Rate:						  48000
[2022.08.11-12.21.52:823][106]LogAudioMixer: Display: 	Callback Buffer Frame Size Requested: 1024
[2022.08.11-12.21.52:823][106]LogAudioMixer: Display: 	Callback Buffer Frame Size To Use:	  1024
[2022.08.11-12.21.52:823][106]LogAudioMixer: Display: 	Number of buffers to queue:			  2
[2022.08.11-12.21.52:823][106]LogAudioMixer: Display: 	Max Channels (voices):				  32
[2022.08.11-12.21.52:823][106]LogAudioMixer: Display: 	Number of Async Source Workers:		  0
[2022.08.11-12.21.52:823][106]LogAudio: Display: AudioDevice MaxSources: 32
[2022.08.11-12.21.52:824][106]LogAudio: Display: Using built-in audio occlusion.
[2022.08.11-12.21.52:824][106]LogAudioMixer: Display: Initializing audio mixer.
[2022.08.11-12.21.52:830][106]LogAudioMixer: Display: 0: FrontLeft
[2022.08.11-12.21.52:830][106]LogAudioMixer: Display: 1: FrontRight
[2022.08.11-12.21.52:884][106]LogAudioMixer: Display: Using Audio Device 扬声器 (Realtek High Definition Audio)
[2022.08.11-12.21.52:884][106]LogAudioMixer: Display: Initializing Sound Submixes...
[2022.08.11-12.21.52:885][106]LogAudioMixer: Display: Creating Master Submix 'MasterSubmixDefault'
[2022.08.11-12.21.52:885][106]LogAudioMixer: Display: Creating Master Submix 'MasterReverbSubmixDefault'
[2022.08.11-12.21.52:885][106]LogAudioMixer: Display: Creating Master Submix 'MasterEQSubmixDefault'
[2022.08.11-12.21.52:896][106]LogInit: FAudioDevice initialized.
[2022.08.11-12.21.52:917][106]LogSlate: Updating window title bar state: overlay mode, drag disabled, window buttons hidden, title bar hidden
[2022.08.11-12.21.52:917][106]LogNet: Browse: 127.0.0.1:17777/Engine/Maps/Entry
[2022.08.11-12.21.52:918][106]LogInit: WinSock: Socket queue. Rx: 32768 (config 32768) Tx: 32768 (config 32768)
[2022.08.11-12.21.52:918][106]LogNet: Created socket for bind address: 0.0.0.0 on port 0
[2022.08.11-12.21.52:918][106]PacketHandlerLog: Loaded PacketHandler component: Engine.EngineHandlerComponentFactory (StatelessConnectHandlerComponent)
[2022.08.11-12.21.52:919][106]LogNet: Game client on port 17777, rate 10000
[2022.08.11-12.21.52:920][106]PIE: 已登陆客户端
[2022.08.11-12.21.52:921][106]PIE: PIE总开始时间：0.244秒。
[2022.08.11-12.21.52:928][106]LogTemp: Warning: Spawn bot EQS Query failed!
[2022.08.11-12.21.52:928][106]LogTemp: Warning: Spawn bot EQS Query failed!
[2022.08.11-12.21.52:928][106]LogTemp: Warning: Spawn bot EQS Query failed!
[2022.08.11-12.21.52:929][106]LogTemp: Warning: Spawn bot EQS Query failed!
[2022.08.11-12.21.52:929][106]LogTemp: Warning: Spawn bot EQS Query failed!
[2022.08.11-12.21.52:929][106]LogTemp: Warning: Spawn bot EQS Query failed!
[2022.08.11-12.21.52:929][106]LogTemp: Warning: Spawn bot EQS Query failed!
[2022.08.11-12.21.52:930][106]LogTemp: Warning: Spawn bot EQS Query failed!
[2022.08.11-12.21.52:930][106]LogTemp: Warning: Spawn bot EQS Query failed!
[2022.08.11-12.21.52:930][106]LogTemp: Warning: Spawn bot EQS Query failed!
[2022.08.11-12.21.52:977][106]LogRenderer: Reallocating scene render targets to support 1280x720 Format 10 NumSamples 1 (Frame:1).
[2022.08.11-12.21.53:943][148]LogNet: NotifyAcceptingConnection accepted from: 127.0.0.1:59615
[2022.08.11-12.21.53:943][148]LogHandshake: SendConnectChallenge. Timestamp: 1.296794, Cookie: 096250119103009009227202016223183132245148176222010236002059
[2022.08.11-12.21.53:945][148]LogHandshake: SendChallengeResponse. Timestamp: 1.296794, Cookie: 096250119103009009227202016223183132245148176222010236002059
[2022.08.11-12.21.53:961][149]LogNet: NotifyAcceptingConnection accepted from: 127.0.0.1:59615
[2022.08.11-12.21.53:961][149]LogHandshake: SendChallengeAck. InCookie: 096250119103009009227202016223183132245148176222010236002059
[2022.08.11-12.21.53:961][149]LogNet: Server accepting post-challenge connection from: 127.0.0.1:59615
[2022.08.11-12.21.53:962][149]PacketHandlerLog: Loaded PacketHandler component: Engine.EngineHandlerComponentFactory (StatelessConnectHandlerComponent)
[2022.08.11-12.21.53:962][149]LogNet: NotifyAcceptedConnection: Name: TestLevel, TimeStamp: 08/11/22 21:21:53, [UNetConnection] RemoteAddr: 127.0.0.1:59615, Name: IpConnection_1, Driver: GameNetDriver IpNetDriver_0, IsServer: YES, PC: NULL, Owner: NULL, UniqueId: INVALID
[2022.08.11-12.21.53:962][149]LogNet: AddClientConnection: Added client connection: [UNetConnection] RemoteAddr: 127.0.0.1:59615, Name: IpConnection_1, Driver: GameNetDriver IpNetDriver_0, IsServer: YES, PC: NULL, Owner: NULL, UniqueId: INVALID
[2022.08.11-12.21.53:963][149]LogNetVersion: ActionRoguelike 1.0.0.0, NetCL: 13144385, EngineNetVer: 14, GameNetVer: 0 (Checksum: 878756131)
[2022.08.11-12.21.53:963][149]LogNet: UPendingNetGame::SendInitialJoin: Sending hello. [UNetConnection] RemoteAddr: 127.0.0.1:17777, Name: IpConnection_0, Driver: PendingNetDriver IpNetDriver_1, IsServer: NO, PC: NULL, Owner: NULL, UniqueId: INVALID
[2022.08.11-12.21.53:977][150]LogNet: NotifyAcceptingChannel Control 0 server World /Game/ActionRoguelike/Maps/UEDPIE_0_TestLevel.TestLevel: Accepted
[2022.08.11-12.21.53:977][150]LogNet: Remote platform little endian=1
[2022.08.11-12.21.53:978][150]LogNet: This platform little endian=1
[2022.08.11-12.21.53:979][150]LogOnline: OSS: Creating online subsystem instance for: :Context_3
[2022.08.11-12.21.53:994][151]LogNet: Login request: ?Name=MSI-DD6EB3EC4EEB0BB8197121B97E0EF5BC userId: NULL:MSI-DD6EB3EC4EEB0BB8197121B97E0EF5BC platform: NULL
[2022.08.11-12.21.53:995][151]LogNet: Welcomed by server (Level: /Game/ActionRoguelike/Maps/UEDPIE_0_TestLevel, Game: /Game/ActionRoguelike/SGameModeBP.SGameModeBP_C)
[2022.08.11-12.21.53:995][151]LogLoad: LoadMap: 127.0.0.1:17777/Game/ActionRoguelike/Maps/UEDPIE_0_TestLevel?game=/Game/ActionRoguelike/SGameModeBP.SGameModeBP_C
[2022.08.11-12.21.53:996][151]LogWorld: BeginTearingDown for /Temp/Untitled_1
[2022.08.11-12.21.53:996][151]LogWorld: UWorld::CleanupWorld for Untitled, bSessionEnded=true, bCleanupResources=true
[2022.08.11-12.21.53:996][151]LogSlate: InvalidateAllWidgets triggered.  All widgets were invalidated
[2022.08.11-12.21.54:008][151]LogUObjectHash: Compacting FUObjectHashTables data took   0.68ms
[2022.08.11-12.21.54:014][151]LogAIModule: Creating AISystem for world TestLevel
[2022.08.11-12.21.54:014][151]LogAISub: UAISubsystem::UAISubsystem EnvQueryManager (0000013DF68A2200), frame # 151
[2022.08.11-12.21.54:015][151]LogAISub: UAISubsystem::UAISubsystem AIPerceptionSystem (0000013DD5D71D00), frame # 151
[2022.08.11-12.21.54:016][151]LogWorld: Bringing World /Game/ActionRoguelike/Maps/UEDPIE_1_TestLevel.TestLevel up for play (max tick rate 60) at 2022.08.11-21.21.54
[2022.08.11-12.21.54:016][151]LogWorld: Bringing up level for play took: 0.000898
[2022.08.11-12.21.54:017][151]LogEQS: Warning: Couldn't register delegate helper on non-game thread
[2022.08.11-12.21.54:018][151]LogNavigation: Warning: NavData RegistrationFailed_DataPendingKill.
[2022.08.11-12.21.54:018][151]LogLoad: Took 0.022582 seconds to LoadMap(/Game/ActionRoguelike/Maps/UEDPIE_0_TestLevel)
[2022.08.11-12.21.54:018][151]LogNavigation: Warning: NavData RegistrationFailed_DataPendingKill.
[2022.08.11-12.21.54:024][152]LogNet: Client netspeed is 10000
[2022.08.11-12.21.54:025][152]LogNet: Join request: /Engine/Maps/Entry?Name=MSI-DD6EB3EC4EEB0BB8197121B97E0EF5BC?SplitscreenCount=1
[2022.08.11-12.21.54:025][152]LogOnlineSession: Warning: OSS: No game present to join for session (GameSession)
[2022.08.11-12.21.54:026][152]LogScript: Warning: Script Msg: Divide by zero detected: 90.000114 / 0
Script call stack:
	Function /Game/ParagonGideon/Characters/Heroes/Gideon/Gideon_AnimBlueprint.Gideon_AnimBlueprint_C:BlueprintUpdateAnimation
	Function /Game/ParagonGideon/Characters/Heroes/Gideon/Gideon_AnimBlueprint.Gideon_AnimBlueprint_C:ExecuteUbergraph_Gideon_AnimBlueprint

[2022.08.11-12.21.54:029][152]LogNet: Join succeeded: MSI-DD6EB3EC4EEB0BB8
[2022.08.11-12.21.54:091][156]LogScript: Warning: Script Msg: Divide by zero detected: 89.999992 / 0
Script call stack:
	Function /Game/ParagonGideon/Characters/Heroes/Gideon/Gideon_AnimBlueprint.Gideon_AnimBlueprint_C:BlueprintUpdateAnimation
	Function /Game/ParagonGideon/Characters/Heroes/Gideon/Gideon_AnimBlueprint.Gideon_AnimBlueprint_C:ExecuteUbergraph_Gideon_AnimBlueprint

[2022.08.11-12.21.54:142][159]LogScript: Warning: Script Msg: Divide by zero detected: 89.999992 / 0
Script call stack:
	Function /Game/ParagonGideon/Characters/Heroes/Gideon/Gideon_AnimBlueprint.Gideon_AnimBlueprint_C:BlueprintUpdateAnimation
	Function /Game/ParagonGideon/Characters/Heroes/Gideon/Gideon_AnimBlueprint.Gideon_AnimBlueprint_C:ExecuteUbergraph_Gideon_AnimBlueprint

[2022.08.11-12.21.54:259][166]LogOnlineSession: Warning: OSS: No game present to join for session (GameSession)
[2022.08.11-12.21.54:291][168]LogOnlineSession: Warning: OSS: No game present to join for session (GameSession)
[2022.08.11-12.21.54:666][173]LogTemp: Found 0 alive bots
[2022.08.11-12.21.54:666][173]LogTemp: At maximum bot capacity. Skipping bot spawn
[2022.08.11-12.21.56:433][260]LogOutputDevice: Warning: 

Script Stack (3 frames):
Action_MultiplayerTest_C.ExecuteUbergraph_Action_MultiplayerTest
Action_MultiplayerTest_C.StopAction
SAction.OnRep_IsRunning

[2022.08.11-12.21.56:433][260]LogOutputDevice: Error: Ensure condition failed: bIsRunning [File:D:\Software\Git\Project\UEActionRoguelike\ActionRoguelike\Source\ActionRoguelike\Private\SAction.cpp] [Line: 48] 


[2022.08.11-12.21.56:434][260]LogStats:             FDebug::EnsureFailed -  0.000 s
[2022.08.11-12.22.08:158][260]LogNet: Warning: Took too long to receive packets. Time: 11.72 IpNetDriver_1
[2022.08.11-12.22.08:159][260]LogOutputDevice: Warning: 

Script Stack (3 frames):
Action_MultiplayerTest_C.ExecuteUbergraph_Action_MultiplayerTest
Action_MultiplayerTest_C.StopAction
Action_MultiplayerTest_C.ExecuteUbergraph_Action_MultiplayerTest

[2022.08.11-12.22.08:159][260]LogOutputDevice: Error: Ensure condition failed: bIsRunning [File:D:\Software\Git\Project\UEActionRoguelike\ActionRoguelike\Source\ActionRoguelike\Private\SAction.cpp] [Line: 48] 


[2022.08.11-12.22.08:159][260]LogStats:             FDebug::EnsureFailed -  0.000 s
[2022.08.11-12.22.08:853][261]LogNet: UNetDriver::TickDispatch: Very long time between ticks. DeltaTime: 12.41, Realtime: 12.42. IpNetDriver_0
[2022.08.11-12.22.08:854][261]LogTemp: Found 0 alive bots
[2022.08.11-12.22.08:854][261]LogTemp: At maximum bot capacity. Skipping bot spawn
[2022.08.11-12.22.08:855][261]LogNet: UNetDriver::TickDispatch: Very long time between ticks. DeltaTime: 12.41, Realtime: 12.42. IpNetDriver_1
[2022.08.11-12.22.10:871][267]LogTemp: Found 0 alive bots
[2022.08.11-12.22.10:871][267]LogTemp: At maximum bot capacity. Skipping bot spawn
[2022.08.11-12.22.12:888][273]LogTemp: Found 0 alive bots
[2022.08.11-12.22.12:888][273]LogTemp: At maximum bot capacity. Skipping bot spawn
[2022.08.11-12.22.14:893][279]LogTemp: Found 0 alive bots
[2022.08.11-12.22.14:893][279]LogTemp: At maximum bot capacity. Skipping bot spawn
[2022.08.11-12.22.16:904][285]LogTemp: Found 0 alive bots
[2022.08.11-12.22.16:904][285]LogTemp: At maximum bot capacity. Skipping bot spawn
[2022.08.11-12.22.18:914][291]LogTemp: Found 0 alive bots
[2022.08.11-12.22.18:915][291]LogTemp: At maximum bot capacity. Skipping bot spawn
[2022.08.11-12.22.20:920][297]LogTemp: Found 0 alive bots
[2022.08.11-12.22.20:921][297]LogTemp: At maximum bot capacity. Skipping bot spawn
[2022.08.11-12.22.22:931][303]LogTemp: Found 0 alive bots
[2022.08.11-12.22.22:931][303]LogTemp: At maximum bot capacity. Skipping bot spawn
[2022.08.11-12.22.24:938][309]LogTemp: Found 0 alive bots
[2022.08.11-12.22.24:938][309]LogTemp: At maximum bot capacity. Skipping bot spawn
[2022.08.11-12.22.26:944][315]LogTemp: Found 0 alive bots
[2022.08.11-12.22.26:944][315]LogTemp: At maximum bot capacity. Skipping bot spawn
[2022.08.11-12.22.28:954][321]LogTemp: Found 0 alive bots
[2022.08.11-12.22.28:955][321]LogTemp: At maximum bot capacity. Skipping bot spawn
